


 记录时间：2018-06-09 09:24:16,151 
日志级别：  DEBUG 
出错类：Himall.Web.WebApiConfig.Register  
错误描述：[OpenApi]RegRoute-DefaultOpenApi 




 记录时间：2018-06-09 09:25:27,046 
日志级别：  DEBUG 
出错类：Himall.Web.MvcApplication.Application_EndRequest  
错误描述：2018-06-09 09:25:27 036:[当前请求URL：http://localhost:62443/Installer/SaveConfiguration；请求的参数为：；页面加载的时间：7530.5177 毫秒] 




 记录时间：2018-06-09 09:25:28,601 
日志级别：  DEBUG 
出错类：Himall.Web.WebApiConfig.Register  
错误描述：[OpenApi]RegRoute-DefaultOpenApi 




 记录时间：2018-06-09 09:25:53,318 
日志级别：  DEBUG 
出错类：Himall.Web.MvcApplication.Application_EndRequest  
错误描述：2018-06-09 09:25:53 318:[当前请求URL：http://localhost:62443/Admin/Login；请求的参数为：；页面加载的时间：11883.7031 毫秒] 




 记录时间：2018-06-09 09:27:46,580 
日志级别：  DEBUG 
出错类：Himall.Web.WebApiConfig.Register  
错误描述：[OpenApi]RegRoute-DefaultOpenApi 




 记录时间：2018-06-09 09:36:59,318 
日志级别：  DEBUG 
出错类：Himall.Web.WebApiConfig.Register  
错误描述：[OpenApi]RegRoute-DefaultOpenApi 




 记录时间：2018-06-09 09:38:08,300 
日志级别：  DEBUG 
出错类：Himall.Web.WebApiConfig.Register  
错误描述：[OpenApi]RegRoute-DefaultOpenApi 




 记录时间：2018-06-09 09:38:14,900 
日志级别：  DEBUG 
出错类：Himall.Web.MvcApplication.Application_EndRequest  
错误描述：2018-06-09 09:38:14 900:[当前请求URL：http://localhost:62443/Admin/home/Console；请求的参数为：；页面加载的时间：5370.3769 毫秒] 




 记录时间：2018-06-09 09:41:51,860 
日志级别：  DEBUG 
出错类：Himall.Web.WebApiConfig.Register  
错误描述：[OpenApi]RegRoute-DefaultOpenApi 




 记录时间：2018-06-09 09:42:46,215 
日志级别：  DEBUG 
出错类：Himall.Web.WebApiConfig.Register  
错误描述：[OpenApi]RegRoute-DefaultOpenApi 




 记录时间：2018-06-09 09:42:47,365 
日志级别：  DEBUG 
出错类：Himall.Web.WebApiConfig.Register  
错误描述：[OpenApi]RegRoute-DefaultOpenApi 




 记录时间：2018-06-09 09:56:11,473 
日志级别：  DEBUG 
出错类：Himall.Web.WebApiConfig.Register  
错误描述：[OpenApi]RegRoute-DefaultOpenApi 




 记录时间：2018-06-09 09:56:23,771 
日志级别：  DEBUG 
出错类：Himall.Web.WebApiConfig.Register  
错误描述：[OpenApi]RegRoute-DefaultOpenApi 




 记录时间：2018-06-09 09:56:52,624 
日志级别：  DEBUG 
出错类：Himall.Web.MvcApplication.Application_EndRequest  
错误描述：2018-06-09 09:56:52 624:[当前请求URL：http://localhost:62443/Admin/AdminPublic/Top；请求的参数为：；页面加载的时间：26972.5074 毫秒] 




 记录时间：2018-06-09 09:57:16,577 
日志级别：  DEBUG 
出错类：Himall.Web.MvcApplication.Application_EndRequest  
错误描述：2018-06-09 09:57:16 577:[当前请求URL：http://localhost:62443/Admin/AdminPublic/Top；请求的参数为：；页面加载的时间：6421.8446 毫秒] 




 记录时间：2018-06-09 09:57:29,625 
日志级别：  DEBUG 
出错类：Himall.Web.MvcApplication.Application_EndRequest  
错误描述：2018-06-09 09:57:29 625:[当前请求URL：http://localhost:62443/Admin/AdminPublic/Top；请求的参数为：；页面加载的时间：11654.2113 毫秒] 




 记录时间：2018-06-09 09:57:56,544 
日志级别：  DEBUG 
出错类：Himall.Web.WebApiConfig.Register  
错误描述：[OpenApi]RegRoute-DefaultOpenApi 




 记录时间：2018-06-09 09:58:28,860 
日志级别：  DEBUG 
出错类：Himall.Web.MvcApplication.Application_EndRequest  
错误描述：2018-06-09 09:58:28 860:[当前请求URL：http://localhost:62443/Admin/home/Console；请求的参数为：；页面加载的时间：17969.815 毫秒] 




 记录时间：2018-06-09 09:59:19,004 
日志级别：  DEBUG 
出错类：Himall.Web.MvcApplication.Application_EndRequest  
错误描述：2018-06-09 09:59:19 004:[当前请求URL：http://localhost:62443/Admin/home/Console；请求的参数为：；页面加载的时间：49542.5986 毫秒] 




 记录时间：2018-06-09 09:59:56,221 
日志级别：  DEBUG 
出错类：Himall.Web.WebApiConfig.Register  
错误描述：[OpenApi]RegRoute-DefaultOpenApi 




 记录时间：2018-06-09 10:01:41,846 
日志级别：  DEBUG 
出错类：Himall.Web.MvcApplication.Application_EndRequest  
错误描述：2018-06-09 10:01:41 846:[当前请求URL：http://localhost:62443/Admin/home/Console；请求的参数为：；页面加载的时间：99904.4011 毫秒] 




 记录时间：2018-06-09 10:03:04,486 
日志级别：  DEBUG 
出错类：Himall.Web.WebApiConfig.Register  
错误描述：[OpenApi]RegRoute-DefaultOpenApi 




 记录时间：2018-06-09 10:04:06,088 
日志级别：  DEBUG 
出错类：Himall.Web.MvcApplication.Application_EndRequest  
错误描述：2018-06-09 10:04:06 088:[当前请求URL：http://localhost:62443/Admin/home/Console；请求的参数为：；页面加载的时间：56291.5504 毫秒] 




 记录时间：2018-06-09 10:04:17,267 
日志级别：  DEBUG 
出错类：Himall.Web.MvcApplication.Application_EndRequest  
错误描述：2018-06-09 10:04:17 267:[当前请求URL：http://localhost:62443/Admin/WXSmallProgram/ProductSetting；请求的参数为：；页面加载的时间：6698.342 毫秒] 




 记录时间：2018-06-09 10:08:01,820 
日志级别：  DEBUG 
出错类：Himall.Web.WebApiConfig.Register  
错误描述：[OpenApi]RegRoute-DefaultOpenApi 




 记录时间：2018-06-09 10:08:04,108 
日志级别：  DEBUG 
出错类：Himall.Web.WebApiConfig.Register  
错误描述：[OpenApi]RegRoute-DefaultOpenApi 




 记录时间：2018-06-09 10:08:34,403 
日志级别：  DEBUG 
出错类：Himall.Web.WebApiConfig.Register  
错误描述：[OpenApi]RegRoute-DefaultOpenApi 

