


 记录时间：2018-12-17 16:39:58,603 
日志级别：  DEBUG 
出错类：Himall.Web.WebApiConfig.Register  
错误描述：[OpenApi]RegRoute-DefaultOpenApi 




 记录时间：2018-12-17 16:40:23,637 
日志级别：  DEBUG 
出错类：Himall.Web.MvcApplication.Application_EndRequest  
错误描述：2018-12-17 04:40:23 626:[当前请求URL：http://localhost:62443/；请求的参数为：；页面加载的时间：8208.8926 毫秒] 




 记录时间：2018-12-17 16:41:35,232 
日志级别：  DEBUG 
出错类：Himall.Web.MvcApplication.Application_EndRequest  
错误描述：2018-12-17 04:41:35 231:[当前请求URL：http://localhost:62443/common/site/pay?area=mobile&platform=Wap&controller=order&action=submit&skuIds=807_0_0_0&counts=1&returnUrl=%2Fm-Wap%2FProduct%2FDetail%2F807%3FreturnUrl%3Dnull；请求的参数为：area=mobile&platform=Wap&controller=order&action=submit&skuIds=807_0_0_0&counts=1&returnUrl=%2fm-Wap%2fProduct%2fDetail%2f807%3freturnUrl%3dnull；页面加载的时间：15850.2944 毫秒] 




 记录时间：2018-12-17 16:42:58,809 
日志级别：  DEBUG 
出错类：Himall.Web.MvcApplication.Application_EndRequest  
错误描述：2018-12-17 04:42:58 809:[当前请求URL：http://localhost:62443/m-wap/Product/Details/807?nojumpfg=1；请求的参数为：nojumpfg=1；页面加载的时间：7445.1569 毫秒] 




 记录时间：2018-12-17 16:42:58,818 
日志级别：  DEBUG 
出错类：Himall.Web.MvcApplication.Application_EndRequest  
错误描述：2018-12-17 04:42:58 818:[当前请求URL：http://localhost:62443/m-Wap/product/detail/807；请求的参数为：；页面加载的时间：8332.8548 毫秒] 




 记录时间：2018-12-17 16:43:04,765 
日志级别：  DEBUG 
出错类：Himall.Web.MvcApplication.Application_EndRequest  
错误描述：2018-12-17 04:43:04 765:[当前请求URL：http://localhost:62443/m-Wap/product/GetNeedRefreshProductInfo；请求的参数为：；页面加载的时间：5367.0781 毫秒] 




 记录时间：2018-12-17 16:43:05,668 
日志级别：  DEBUG 
出错类：Himall.Web.MvcApplication.Application_EndRequest  
错误描述：2018-12-17 04:43:05 668:[当前请求URL：http://localhost:62443/m-Wap/product/GetProductActives；请求的参数为：；页面加载的时间：6273.6025 毫秒] 




 记录时间：2018-12-17 16:44:36,283 
日志级别：  DEBUG 
出错类：Himall.Web.MvcApplication.Application_EndRequest  
错误描述：2018-12-17 04:44:36 283:[当前请求URL：http://localhost:62443/m-Wap/vshop/detail/12；请求的参数为：；页面加载的时间：5383.133 毫秒] 




 记录时间：2018-12-17 16:44:55,805 
日志级别：  DEBUG 
出错类：Himall.Web.MvcApplication.Application_EndRequest  
错误描述：2018-12-17 04:44:55 805:[当前请求URL：http://localhost:62443/m-Wap/product/GetNeedRefreshProductInfo；请求的参数为：；页面加载的时间：5102.0364 毫秒] 




 记录时间：2018-12-17 16:45:04,222 
日志级别：  DEBUG 
出错类：Himall.Web.MvcApplication.Application_EndRequest  
错误描述：2018-12-17 04:45:04 222:[当前请求URL：http://localhost:62443/common/site/pay?area=mobile&platform=Wap&controller=order&action=submit&skuIds=789_0_0_0&counts=1&returnUrl=%2Fm-Wap%2FProduct%2FDetail%2F789%3FreturnUrl%3Dnull；请求的参数为：area=mobile&platform=Wap&controller=order&action=submit&skuIds=789_0_0_0&counts=1&returnUrl=%2fm-Wap%2fProduct%2fDetail%2f789%3freturnUrl%3dnull；页面加载的时间：5362.9393 毫秒] 




 记录时间：2018-12-17 16:45:17,912 
日志级别：  DEBUG 
出错类：Himall.Web.MvcApplication.Application_EndRequest  
错误描述：2018-12-17 04:45:17 912:[当前请求URL：http://localhost:62443/m-Wap/Order/SubmitOrder；请求的参数为：；页面加载的时间：10731.0191 毫秒] 




 记录时间：2018-12-17 16:45:18,238 
日志级别：  DEBUG 
出错类：Himall.Web.Areas.Mobile.Controllers.PaymentController.Get  
错误描述：Himall.Plugin.Payment.Alipay_WAP   支付宝手机支付   --url 




 记录时间：2018-12-17 16:45:28,232 
日志级别：  DEBUG 
出错类：Himall.Web.MvcApplication.Application_EndRequest  
错误描述：2018-12-17 04:45:28 232:[当前请求URL：http://localhost:62443/m-Wap/Payment/PayByCapitalIsOk；请求的参数为：；页面加载的时间：9983.0304 毫秒] 




 记录时间：2018-12-17 16:47:01,016 
日志级别：  DEBUG 
出错类：Himall.Web.Areas.Mobile.Controllers.PaymentController.Pay  
错误描述：Pay ids:2018121767710086 




 记录时间：2018-12-17 16:47:01,289 
日志级别：  DEBUG 
出错类：Himall.Web.Areas.Mobile.Controllers.PaymentController.Pay  
错误描述：openId1: 




 记录时间：2018-12-17 16:47:01,519 
日志级别：  DEBUG 
出错类：Himall.Web.Areas.Mobile.Controllers.PaymentController.Pay  
错误描述：openId111: 




 记录时间：2018-12-17 16:47:01,932 
日志级别：  DEBUG 
出错类：Himall.Web.Areas.Mobile.Controllers.PaymentController.Pay  
错误描述：Pay payid:181217471601121255 




 记录时间：2018-12-17 16:47:39,022 
日志级别：  DEBUG 
出错类：Himall.Web.MvcApplication.Application_EndRequest  
错误描述：2018-12-17 04:47:39 022:[当前请求URL：http://localhost:62443/m-Wap/payment/Pay/?pmtid=Himall.Plugin.Payment.Alipay_WAP&ids=2018121767710086；请求的参数为：pmtid=Himall.Plugin.Payment.Alipay_WAP&ids=2018121767710086；页面加载的时间：38102.0249 毫秒] 




 记录时间：2018-12-17 17:01:51,981 
日志级别：  DEBUG 
出错类：Himall.Web.WebApiConfig.Register  
错误描述：[OpenApi]RegRoute-DefaultOpenApi 




 记录时间：2018-12-17 17:02:05,698 
日志级别：  DEBUG 
出错类：Himall.Web.MvcApplication.Application_EndRequest  
错误描述：2018-12-17 05:02:05 697:[当前请求URL：http://localhost:62443/；请求的参数为：；页面加载的时间：5140.4702 毫秒] 




 记录时间：2018-12-17 17:02:05,703 
日志级别：  DEBUG 
出错类：Himall.Web.MvcApplication.Application_EndRequest  
错误描述：2018-12-17 05:02:05 703:[当前请求URL：http://localhost:62443/；请求的参数为：；页面加载的时间：5145.9741 毫秒] 




 记录时间：2018-12-17 17:02:40,708 
日志级别：  DEBUG 
出错类：Himall.Web.WebApiConfig.Register  
错误描述：[OpenApi]RegRoute-DefaultOpenApi 




 记录时间：2018-12-17 17:03:01,923 
日志级别：  DEBUG 
出错类：Himall.Web.MvcApplication.Application_EndRequest  
错误描述：2018-12-17 05:03:01 923:[当前请求URL：http://localhost:62443/；请求的参数为：；页面加载的时间：7734.496 毫秒] 




 记录时间：2018-12-17 17:03:03,242 
日志级别：  DEBUG 
出错类：Himall.Web.MvcApplication.Application_EndRequest  
错误描述：2018-12-17 05:03:03 241:[当前请求URL：http://localhost:62443/Login/GetOAuthList?_=1545037328134；请求的参数为：_=1545037328134；页面加载的时间：10326.2828 毫秒] 




 记录时间：2018-12-17 17:03:26,565 
日志级别：  DEBUG 
出错类：Himall.Web.MvcApplication.Application_EndRequest  
错误描述：2018-12-17 05:03:26 565:[当前请求URL：http://localhost:62443/common/site/pay?area=mobile&platform=Wap&controller=order&action=submit&skuIds=789_0_0_0&counts=1&returnUrl=%2Fm-Wap%2FProduct%2FDetail%2F789%3FreturnUrl%3Dnull；请求的参数为：area=mobile&platform=Wap&controller=order&action=submit&skuIds=789_0_0_0&counts=1&returnUrl=%2fm-Wap%2fProduct%2fDetail%2f789%3freturnUrl%3dnull；页面加载的时间：33489.2411 毫秒] 




 记录时间：2018-12-17 17:03:39,993 
日志级别：  DEBUG 
出错类：Himall.Web.MvcApplication.Application_EndRequest  
错误描述：2018-12-17 05:03:39 993:[当前请求URL：http://localhost:62443/m-Wap/Order/SubmitOrder；请求的参数为：；页面加载的时间：6473.3838 毫秒] 




 记录时间：2018-12-17 17:03:49,419 
日志级别：  DEBUG 
出错类：Himall.Web.Areas.Mobile.Controllers.PaymentController.Get  
错误描述：Himall.Plugin.Payment.Alipay_WAP   支付宝手机支付   --url 




 记录时间：2018-12-17 17:03:49,422 
日志级别：  DEBUG 
出错类：Himall.Web.MvcApplication.Application_EndRequest  
错误描述：2018-12-17 05:03:49 422:[当前请求URL：http://localhost:62443/m-Wap/payment/get；请求的参数为：；页面加载的时间：9413.0804 毫秒] 




 记录时间：2018-12-17 17:03:50,425 
日志级别：  DEBUG 
出错类：Himall.Web.MvcApplication.Application_EndRequest  
错误描述：2018-12-17 05:03:50 425:[当前请求URL：http://localhost:62443/Shop/PostCanUseShopCoupons/316；请求的参数为：；页面加载的时间：13950.5877 毫秒] 




 记录时间：2018-12-17 17:03:51,689 
日志级别：  DEBUG 
出错类：Himall.Web.MvcApplication.Application_EndRequest  
错误描述：2018-12-17 05:03:51 689:[当前请求URL：http://localhost:62443/Home/GetFootNew；请求的参数为：；页面加载的时间：22934.4708 毫秒] 




 记录时间：2018-12-17 17:03:56,690 
日志级别：  DEBUG 
出错类：Himall.Web.Areas.Mobile.Controllers.PaymentController.Pay  
错误描述：Pay ids:2018121731389120 




 记录时间：2018-12-17 17:03:57,044 
日志级别：  DEBUG 
出错类：Himall.Web.Areas.Mobile.Controllers.PaymentController.Pay  
错误描述：openId1: 




 记录时间：2018-12-17 17:03:57,304 
日志级别：  DEBUG 
出错类：Himall.Web.Areas.Mobile.Controllers.PaymentController.Pay  
错误描述：openId111: 




 记录时间：2018-12-17 17:03:57,734 
日志级别：  DEBUG 
出错类：Himall.Web.Areas.Mobile.Controllers.PaymentController.Pay  
错误描述：Pay payid:181217031757422145 




 记录时间：2018-12-17 17:04:29,674 
日志级别：  DEBUG 
出错类：Himall.Web.MvcApplication.Application_EndRequest  
错误描述：2018-12-17 05:04:29 674:[当前请求URL：http://localhost:62443/m-Wap/payment/Pay/?pmtid=Himall.Plugin.Payment.Alipay_WAP&ids=2018121731389120；请求的参数为：pmtid=Himall.Plugin.Payment.Alipay_WAP&ids=2018121731389120；页面加载的时间：33162.7548 毫秒] 




 记录时间：2018-12-17 17:07:02,736 
日志级别：  DEBUG 
出错类：Himall.Web.MvcApplication.Application_EndRequest  
错误描述：2018-12-17 05:07:02 736:[当前请求URL：http://localhost:62443/SellerAdmin/product/management；请求的参数为：；页面加载的时间：7353.7755 毫秒] 




 记录时间：2018-12-17 17:07:30,569 
日志级别：  DEBUG 
出错类：Himall.Web.MvcApplication.Application_EndRequest  
错误描述：2018-12-17 05:07:30 568:[当前请求URL：http://localhost:62443/SellerAdmin/order/list；请求的参数为：；页面加载的时间：8013.599 毫秒] 




 记录时间：2018-12-17 17:07:47,492 
日志级别：  DEBUG 
出错类：Himall.Web.MvcApplication.Application_EndRequest  
错误描述：2018-12-17 05:07:47 492:[当前请求URL：http://localhost:62443/Admin/Login；请求的参数为：；页面加载的时间：6734.8302 毫秒] 




 记录时间：2018-12-17 17:08:01,084 
日志级别：  DEBUG 
出错类：Himall.Web.MvcApplication.Application_EndRequest  
错误描述：2018-12-17 05:08:01 084:[当前请求URL：http://localhost:62443/Admin/home/Console；请求的参数为：；页面加载的时间：8325.6924 毫秒] 

