


 记录时间：2018-11-22 09:06:34,040 
日志级别：  DEBUG 
出错类：Himall.Web.WebApiConfig.Register  
错误描述：[OpenApi]RegRoute-DefaultOpenApi 




 记录时间：2018-11-22 09:06:59,611 
日志级别：  DEBUG 
出错类：Himall.Web.MvcApplication.Application_EndRequest  
错误描述：2018-11-22 09:06:59 608:[当前请求URL：http://localhost:62443/；请求的参数为：；页面加载的时间：10136.2035 毫秒] 




 记录时间：2018-11-22 09:07:53,722 
日志级别：  DEBUG 
出错类：Himall.Web.MvcApplication.Application_EndRequest  
错误描述：2018-11-22 09:07:53 722:[当前请求URL：http://localhost:62443/SellerAdmin/product/edit/803；请求的参数为：；页面加载的时间：15798.7436 毫秒] 




 记录时间：2018-11-22 09:10:43,493 
日志级别：  DEBUG 
出错类：Himall.Web.MvcApplication.Application_EndRequest  
错误描述：2018-11-22 09:10:43 493:[当前请求URL：http://localhost:62443/SellerAdmin/product/edit/804；请求的参数为：；页面加载的时间：13478.8633 毫秒] 




 记录时间：2018-11-22 09:11:22,215 
日志级别：  DEBUG 
出错类：Himall.Web.MvcApplication.Application_EndRequest  
错误描述：2018-11-22 09:11:22 214:[当前请求URL：http://localhost:62443/SellerAdmin/product/edit/undefined；请求的参数为：；页面加载的时间：14552.5646 毫秒] 




 记录时间：2018-11-22 09:13:30,417 
日志级别：  DEBUG 
出错类：Himall.Web.MvcApplication.Application_EndRequest  
错误描述：2018-11-22 09:13:30 416:[当前请求URL：http://localhost:62443/SellerAdmin/product/edit/undefined；请求的参数为：；页面加载的时间：78376.8335 毫秒] 




 记录时间：2018-11-22 09:14:58,605 
日志级别：  DEBUG 
出错类：Himall.Web.MvcApplication.Application_EndRequest  
错误描述：2018-11-22 09:14:58 605:[当前请求URL：http://localhost:62443/SellerAdmin/product/edit/undefined；请求的参数为：；页面加载的时间：86110.4091 毫秒] 




 记录时间：2018-11-22 09:15:46,425 
日志级别：  DEBUG 
出错类：Himall.Web.MvcApplication.Application_EndRequest  
错误描述：2018-11-22 09:15:46 425:[当前请求URL：http://localhost:62443/SellerAdmin/product/edit/undefined；请求的参数为：；页面加载的时间：45115.9589 毫秒] 




 记录时间：2018-11-22 09:16:02,562 
日志级别：  DEBUG 
出错类：Himall.Web.MvcApplication.Application_EndRequest  
错误描述：2018-11-22 09:16:02 562:[当前请求URL：http://localhost:62443/SellerAdmin/product/edit/undefined；请求的参数为：；页面加载的时间：7775.8206 毫秒] 




 记录时间：2018-11-22 09:17:02,918 
日志级别：  DEBUG 
出错类：Himall.Web.MvcApplication.Application_EndRequest  
错误描述：2018-11-22 09:17:02 918:[当前请求URL：http://localhost:62443/SellerAdmin/product/edit/805；请求的参数为：；页面加载的时间：15980.1557 毫秒] 




 记录时间：2018-11-22 09:18:17,702 
日志级别：  DEBUG 
出错类：Himall.Web.MvcApplication.Application_EndRequest  
错误描述：2018-11-22 09:18:17 702:[当前请求URL：http://localhost:62443/cart/GetCartProducts；请求的参数为：；页面加载的时间：5270.1715 毫秒] 




 记录时间：2018-11-22 09:18:54,552 
日志级别：  DEBUG 
出错类：Himall.Web.MvcApplication.Application_EndRequest  
错误描述：2018-11-22 09:18:54 552:[当前请求URL：http://localhost:62443/Product/Details/802；请求的参数为：；页面加载的时间：7800.8229 毫秒] 




 记录时间：2018-11-22 09:19:04,836 
日志级别：  DEBUG 
出错类：Himall.Web.MvcApplication.Application_EndRequest  
错误描述：2018-11-22 09:19:04 835:[当前请求URL：http://localhost:62443/m-wap/Product/Details/802?nojumpfg = 1；请求的参数为：nojumpfg+=+1；页面加载的时间：10274.5352 毫秒] 




 记录时间：2018-11-22 09:19:05,937 
日志级别：  DEBUG 
出错类：Himall.Web.MvcApplication.Application_EndRequest  
错误描述：2018-11-22 09:19:05 936:[当前请求URL：http://localhost:62443/SellerAdmin/product/edit/802；请求的参数为：；页面加载的时间：33498.786 毫秒] 




 记录时间：2018-11-22 09:23:39,748 
日志级别：  DEBUG 
出错类：Himall.Web.WebApiConfig.Register  
错误描述：[OpenApi]RegRoute-DefaultOpenApi 




 记录时间：2018-11-22 11:47:50,446 
日志级别：  DEBUG 
出错类：Himall.Web.WebApiConfig.Register  
错误描述：[OpenApi]RegRoute-DefaultOpenApi 




 记录时间：2018-11-22 11:48:14,330 
日志级别：  DEBUG 
出错类：Himall.Web.MvcApplication.Application_EndRequest  
错误描述：2018-11-22 11:48:14 330:[当前请求URL：http://localhost:62443/；请求的参数为：；页面加载的时间：16443.7172 毫秒] 




 记录时间：2018-11-22 11:48:36,891 
日志级别：  DEBUG 
出错类：Himall.Web.WebApiConfig.Register  
错误描述：[OpenApi]RegRoute-DefaultOpenApi 




 记录时间：2018-11-22 11:49:12,052 
日志级别：  DEBUG 
出错类：Himall.Web.MvcApplication.Application_EndRequest  
错误描述：2018-11-22 11:49:12 052:[当前请求URL：http://localhost:62443/；请求的参数为：；页面加载的时间：27045.5926 毫秒] 




 记录时间：2018-11-22 11:49:12,053 
日志级别：  DEBUG 
出错类：Himall.Web.MvcApplication.Application_EndRequest  
错误描述：2018-11-22 11:49:12 053:[当前请求URL：http://localhost:62443/；请求的参数为：；页面加载的时间：27046.5948 毫秒] 




 记录时间：2018-11-22 11:53:39,570 
日志级别：  DEBUG 
出错类：Himall.Web.WebApiConfig.Register  
错误描述：[OpenApi]RegRoute-DefaultOpenApi 




 记录时间：2018-11-22 12:19:08,842 
日志级别：  DEBUG 
出错类：Himall.Web.WebApiConfig.Register  
错误描述：[OpenApi]RegRoute-DefaultOpenApi 




 记录时间：2018-11-22 12:19:10,080 
日志级别：  DEBUG 
出错类：Himall.Web.MvcApplication.Application_EndRequest  
错误描述：2018-11-22 12:19:10 079:[当前请求URL：http://localhost:62443/；请求的参数为：；页面加载的时间：1524981.1004 毫秒] 




 记录时间：2018-11-22 12:42:55,309 
日志级别：  DEBUG 
出错类：Himall.Web.WebApiConfig.Register  
错误描述：[OpenApi]RegRoute-DefaultOpenApi 




 记录时间：2018-11-22 12:43:09,446 
日志级别：  DEBUG 
出错类：Himall.Web.MvcApplication.Application_EndRequest  
错误描述：2018-11-22 12:43:09 446:[当前请求URL：http://localhost:62443/；请求的参数为：；页面加载的时间：8966.3762 毫秒] 




 记录时间：2018-11-22 12:43:25,286 
日志级别：  DEBUG 
出错类：Himall.Web.WebApiConfig.Register  
错误描述：[OpenApi]RegRoute-DefaultOpenApi 




 记录时间：2018-11-22 13:12:03,658 
日志级别：  DEBUG 
出错类：Himall.Web.MvcApplication.Application_EndRequest  
错误描述：2018-11-22 01:12:03 658:[当前请求URL：http://localhost:62443/；请求的参数为：；页面加载的时间：1709578.723 毫秒] 




 记录时间：2018-11-22 13:12:03,658 
日志级别：  DEBUG 
出错类：Himall.Web.MvcApplication.Application_EndRequest  
错误描述：2018-11-22 01:12:03 658:[当前请求URL：http://localhost:62443/；请求的参数为：；页面加载的时间：1709597.2346 毫秒] 




 记录时间：2018-11-22 13:12:34,263 
日志级别：  DEBUG 
出错类：Himall.Web.WebApiConfig.Register  
错误描述：[OpenApi]RegRoute-DefaultOpenApi 




 记录时间：2018-11-22 13:12:47,316 
日志级别：  DEBUG 
出错类：Himall.Web.MvcApplication.Application_EndRequest  
错误描述：2018-11-22 01:12:47 316:[当前请求URL：http://localhost:62443/；请求的参数为：；页面加载的时间：9270.9363 毫秒] 




 记录时间：2018-11-22 13:13:04,814 
日志级别：  DEBUG 
出错类：Himall.Web.WebApiConfig.Register  
错误描述：[OpenApi]RegRoute-DefaultOpenApi 




 记录时间：2018-11-22 13:13:25,302 
日志级别：  DEBUG 
出错类：Himall.Web.MvcApplication.Application_EndRequest  
错误描述：2018-11-22 01:13:25 301:[当前请求URL：http://localhost:62443/；请求的参数为：；页面加载的时间：9453.5851 毫秒] 




 记录时间：2018-11-22 13:13:25,302 
日志级别：  DEBUG 
出错类：Himall.Web.MvcApplication.Application_EndRequest  
错误描述：2018-11-22 01:13:25 301:[当前请求URL：http://localhost:62443/；请求的参数为：；页面加载的时间：9409.5538 毫秒] 




 记录时间：2018-11-22 13:13:36,690 
日志级别：  DEBUG 
出错类：Himall.Web.MvcApplication.Application_EndRequest  
错误描述：2018-11-22 01:13:36 690:[当前请求URL：http://localhost:62443/product/UserCoupons；请求的参数为：；页面加载的时间：5572.9798 毫秒] 




 记录时间：2018-11-22 13:14:04,641 
日志级别：  DEBUG 
出错类：Himall.Web.MvcApplication.Application_EndRequest  
错误描述：2018-11-22 01:14:04 641:[当前请求URL：http://localhost:62443/SellerAdmin/product/management；请求的参数为：；页面加载的时间：12887.199 毫秒] 




 记录时间：2018-11-22 13:28:28,510 
日志级别：  DEBUG 
出错类：Himall.Web.MvcApplication.Application_EndRequest  
错误描述：2018-11-22 01:28:28 510:[当前请求URL：http://localhost:62443/Product/Details/806；请求的参数为：；页面加载的时间：7455.2864 毫秒] 




 记录时间：2018-11-22 13:28:35,614 
日志级别：  DEBUG 
出错类：Himall.Web.MvcApplication.Application_EndRequest  
错误描述：2018-11-22 01:28:35 614:[当前请求URL：http://localhost:62443/m-wap/Product/Details/806?nojumpfg = 1；请求的参数为：nojumpfg+=+1；页面加载的时间：7097.9737 毫秒] 




 记录时间：2018-11-22 13:28:35,997 
日志级别：  DEBUG 
出错类：Himall.Web.MvcApplication.Application_EndRequest  
错误描述：2018-11-22 01:28:35 996:[当前请求URL：http://localhost:62443/SellerAdmin/product/Create；请求的参数为：；页面加载的时间：31900.532 毫秒] 




 记录时间：2018-11-22 13:30:12,477 
日志级别：  DEBUG 
出错类：Himall.Web.MvcApplication.Application_EndRequest  
错误描述：2018-11-22 01:30:12 477:[当前请求URL：http://localhost:62443/Admin/Login；请求的参数为：；页面加载的时间：35702.6933 毫秒] 




 记录时间：2018-11-22 13:30:26,351 
日志级别：  DEBUG 
出错类：Himall.Web.MvcApplication.Application_EndRequest  
错误描述：2018-11-22 01:30:26 351:[当前请求URL：http://localhost:62443/Admin/home/Console；请求的参数为：；页面加载的时间：5194.2566 毫秒] 




 记录时间：2018-11-22 13:47:13,076 
日志级别：  DEBUG 
出错类：Himall.Web.WebApiConfig.Register  
错误描述：[OpenApi]RegRoute-DefaultOpenApi 




 记录时间：2018-11-22 13:47:32,386 
日志级别：  DEBUG 
出错类：Himall.Web.MvcApplication.Application_EndRequest  
错误描述：2018-11-22 01:47:32 386:[当前请求URL：http://localhost:62443/；请求的参数为：；页面加载的时间：5503.9109 毫秒] 




 记录时间：2018-11-22 13:47:33,806 
日志级别：  DEBUG 
出错类：Himall.Web.MvcApplication.Application_EndRequest  
错误描述：2018-11-22 01:47:33 805:[当前请求URL：http://localhost:62443/SellerAdmin/Product/Product；请求的参数为：；页面加载的时间：6883.8912 毫秒] 




 记录时间：2018-11-22 13:48:07,444 
日志级别：  DEBUG 
出错类：Himall.Web.WebApiConfig.Register  
错误描述：[OpenApi]RegRoute-DefaultOpenApi 




 记录时间：2018-11-22 13:48:20,218 
日志级别：  DEBUG 
出错类：Himall.Web.MvcApplication.Application_EndRequest  
错误描述：2018-11-22 01:48:20 218:[当前请求URL：http://localhost:62443/；请求的参数为：；页面加载的时间：7242.9989 毫秒] 




 记录时间：2018-11-22 13:48:38,852 
日志级别：  DEBUG 
出错类：Himall.Web.MvcApplication.Application_EndRequest  
错误描述：2018-11-22 01:48:38 852:[当前请求URL：http://localhost:62443/SellerAdmin/product/management；请求的参数为：；页面加载的时间：14088.9826 毫秒] 




 记录时间：2018-11-22 13:52:52,277 
日志级别：  DEBUG 
出错类：Himall.Web.MvcApplication.Application_EndRequest  
错误描述：2018-11-22 01:52:52 276:[当前请求URL：http://localhost:62443/Product/Details/806；请求的参数为：；页面加载的时间：9461.9516 毫秒] 




 记录时间：2018-11-22 13:53:01,723 
日志级别：  DEBUG 
出错类：Himall.Web.MvcApplication.Application_EndRequest  
错误描述：2018-11-22 01:53:01 723:[当前请求URL：http://localhost:62443/m-wap/Product/Details/806?nojumpfg = 1；请求的参数为：nojumpfg+=+1；页面加载的时间：9414.5001 毫秒] 




 记录时间：2018-11-22 13:53:02,757 
日志级别：  DEBUG 
出错类：Himall.Web.MvcApplication.Application_EndRequest  
错误描述：2018-11-22 01:53:02 757:[当前请求URL：http://localhost:62443/SellerAdmin/product/edit/806；请求的参数为：；页面加载的时间：21542.5336 毫秒] 




 记录时间：2018-11-22 13:53:10,889 
日志级别：  DEBUG 
出错类：Himall.Web.MvcApplication.Application_EndRequest  
错误描述：2018-11-22 01:53:10 889:[当前请求URL：http://localhost:62443/SellerAdmin/product/list；请求的参数为：；页面加载的时间：5400.1026 毫秒] 




 记录时间：2018-11-22 13:55:03,955 
日志级别：  DEBUG 
出错类：Himall.Web.MvcApplication.Application_EndRequest  
错误描述：2018-11-22 01:55:03 954:[当前请求URL：http://localhost:62443/Product/Details/806；请求的参数为：；页面加载的时间：37599.2882 毫秒] 




 记录时间：2018-11-22 13:55:24,349 
日志级别：  DEBUG 
出错类：Himall.Web.MvcApplication.Application_EndRequest  
错误描述：2018-11-22 01:55:24 348:[当前请求URL：http://localhost:62443/m-wap/Product/Details/806?nojumpfg = 1；请求的参数为：nojumpfg+=+1；页面加载的时间：20386.6259 毫秒] 




 记录时间：2018-11-22 13:55:25,388 
日志级别：  DEBUG 
出错类：Himall.Web.MvcApplication.Application_EndRequest  
错误描述：2018-11-22 01:55:25 388:[当前请求URL：http://localhost:62443/SellerAdmin/product/edit/806；请求的参数为：；页面加载的时间：62839.681 毫秒] 




 记录时间：2018-11-22 13:56:24,464 
日志级别：  DEBUG 
出错类：Himall.Web.MvcApplication.Application_EndRequest  
错误描述：2018-11-22 01:56:24 464:[当前请求URL：http://localhost:62443/Admin/home/Console；请求的参数为：；页面加载的时间：6554.139 毫秒] 




 记录时间：2018-11-22 13:57:54,315 
日志级别：  DEBUG 
出错类：Himall.Web.MvcApplication.Application_EndRequest  
错误描述：2018-11-22 01:57:54 315:[当前请求URL：http://localhost:62443/SellerAdmin/product/edit/806；请求的参数为：；页面加载的时间：7464.2958 毫秒] 




 记录时间：2018-11-22 13:58:23,136 
日志级别：  DEBUG 
出错类：Himall.Web.MvcApplication.Application_EndRequest  
错误描述：2018-11-22 01:58:23 135:[当前请求URL：http://localhost:62443/Product/Details/806；请求的参数为：；页面加载的时间：9357.4795 毫秒] 




 记录时间：2018-11-22 13:58:28,964 
日志级别：  DEBUG 
出错类：Himall.Web.MvcApplication.Application_EndRequest  
错误描述：2018-11-22 01:58:28 963:[当前请求URL：http://localhost:62443/m-wap/Product/Details/806?nojumpfg = 1；请求的参数为：nojumpfg+=+1；页面加载的时间：5821.1525 毫秒] 




 记录时间：2018-11-22 13:58:29,468 
日志级别：  DEBUG 
出错类：Himall.Web.MvcApplication.Application_EndRequest  
错误描述：2018-11-22 01:58:29 468:[当前请求URL：http://localhost:62443/SellerAdmin/product/edit/806；请求的参数为：；页面加载的时间：19112.158 毫秒] 




 记录时间：2018-11-22 14:05:37,468 
日志级别：  DEBUG 
出错类：Himall.Web.WebApiConfig.Register  
错误描述：[OpenApi]RegRoute-DefaultOpenApi 




 记录时间：2018-11-22 14:05:49,528 
日志级别：  DEBUG 
出错类：Himall.Web.MvcApplication.Application_EndRequest  
错误描述：2018-11-22 02:05:49 528:[当前请求URL：http://localhost:62443/；请求的参数为：；页面加载的时间：8198.0697 毫秒] 




 记录时间：2018-11-22 14:06:01,530 
日志级别：  DEBUG 
出错类：Himall.Web.WebApiConfig.Register  
错误描述：[OpenApi]RegRoute-DefaultOpenApi 




 记录时间：2018-11-22 14:06:18,616 
日志级别：  DEBUG 
出错类：Himall.Web.MvcApplication.Application_EndRequest  
错误描述：2018-11-22 02:06:18 615:[当前请求URL：http://localhost:62443/；请求的参数为：；页面加载的时间：7022.4439 毫秒] 




 记录时间：2018-11-22 14:06:18,616 
日志级别：  DEBUG 
出错类：Himall.Web.MvcApplication.Application_EndRequest  
错误描述：2018-11-22 02:06:18 615:[当前请求URL：http://localhost:62443/；请求的参数为：；页面加载的时间：7809.5697 毫秒] 




 记录时间：2018-11-22 14:07:20,307 
日志级别：  DEBUG 
出错类：Himall.Web.MvcApplication.Application_EndRequest  
错误描述：2018-11-22 02:07:20 307:[当前请求URL：http://localhost:62443/SellerAdmin/product/management；请求的参数为：；页面加载的时间：17866.4401 毫秒] 




 记录时间：2018-11-22 14:07:36,578 
日志级别：  DEBUG 
出错类：Himall.Web.MvcApplication.Application_EndRequest  
错误描述：2018-11-22 02:07:36 578:[当前请求URL：http://localhost:62443/SellerAdmin/product/list；请求的参数为：；页面加载的时间：14016.4753 毫秒] 




 记录时间：2018-11-22 14:07:46,262 
日志级别：  DEBUG 
出错类：Himall.Web.MvcApplication.Application_EndRequest  
错误描述：2018-11-22 02:07:46 262:[当前请求URL：http://localhost:62443/SellerAdmin/product/Create；请求的参数为：；页面加载的时间：5535.5058 毫秒] 




 记录时间：2018-11-22 14:09:51,009 
日志级别：  DEBUG 
出错类：Himall.Web.MvcApplication.Application_EndRequest  
错误描述：2018-11-22 02:09:51 009:[当前请求URL：http://localhost:62443/SellerAdmin/product/CategoryBrands?categoryId=19；请求的参数为：categoryId=19；页面加载的时间：5466.4439 毫秒] 




 记录时间：2018-11-22 14:09:53,127 
日志级别：  DEBUG 
出错类：Himall.Web.MvcApplication.Application_EndRequest  
错误描述：2018-11-22 02:09:53 127:[当前请求URL：http://localhost:62443/SellerAdmin/product/GetAttributes?isCategoryId=1&categoryId=19；请求的参数为：isCategoryId=1&categoryId=19；页面加载的时间：7592.2214 毫秒] 




 记录时间：2018-11-22 14:20:44,716 
日志级别：  DEBUG 
出错类：Himall.Web.MvcApplication.Application_EndRequest  
错误描述：2018-11-22 02:20:44 715:[当前请求URL：http://localhost:62443/SellerAdmin/product/Create；请求的参数为：；页面加载的时间：29641.4117 毫秒] 




 记录时间：2018-11-22 14:21:30,038 
日志级别：  DEBUG 
出错类：Himall.Web.MvcApplication.Application_EndRequest  
错误描述：2018-11-22 02:21:30 038:[当前请求URL：http://localhost:62443/Product/Details/807；请求的参数为：；页面加载的时间：21241.2565 毫秒] 




 记录时间：2018-11-22 14:21:46,284 
日志级别：  DEBUG 
出错类：Himall.Web.MvcApplication.Application_EndRequest  
错误描述：2018-11-22 02:21:46 284:[当前请求URL：http://localhost:62443/m-wap/Product/Details/807?nojumpfg = 1；请求的参数为：nojumpfg+=+1；页面加载的时间：16239.4912 毫秒] 




 记录时间：2018-11-22 14:21:46,858 
日志级别：  DEBUG 
出错类：Himall.Web.MvcApplication.Application_EndRequest  
错误描述：2018-11-22 02:21:46 858:[当前请求URL：http://localhost:62443/SellerAdmin/product/Create；请求的参数为：；页面加载的时间：57145.398 毫秒] 




 记录时间：2018-11-22 14:22:03,032 
日志级别：  DEBUG 
出错类：Himall.Web.MvcApplication.Application_EndRequest  
错误描述：2018-11-22 02:22:03 031:[当前请求URL：http://localhost:62443/Admin/Login；请求的参数为：；页面加载的时间：5198.7542 毫秒] 




 记录时间：2018-11-22 14:22:13,723 
日志级别：  DEBUG 
出错类：Himall.Web.MvcApplication.Application_EndRequest  
错误描述：2018-11-22 02:22:13 722:[当前请求URL：http://localhost:62443/Admin/home/Console；请求的参数为：；页面加载的时间：5982.2233 毫秒] 




 记录时间：2018-11-22 14:22:34,205 
日志级别：  DEBUG 
出错类：Himall.Web.MvcApplication.Application_EndRequest  
错误描述：2018-11-22 02:22:34 204:[当前请求URL：http://localhost:62443/Admin/product/list；请求的参数为：；页面加载的时间：10121.2685 毫秒] 




 记录时间：2018-11-22 14:22:55,014 
日志级别：  DEBUG 
出错类：Himall.Web.MvcApplication.Application_EndRequest  
错误描述：2018-11-22 02:22:55 014:[当前请求URL：http://localhost:62443/Admin/product/list；请求的参数为：；页面加载的时间：10119.4412 毫秒] 




 记录时间：2018-11-22 14:22:58,236 
日志级别：  DEBUG 
出错类：Himall.Web.MvcApplication.Application_EndRequest  
错误描述：2018-11-22 02:22:58 236:[当前请求URL：http://localhost:62443/SellerAdmin/product/management；请求的参数为：；页面加载的时间：11931.1897 毫秒] 




 记录时间：2018-11-22 14:23:22,247 
日志级别：  DEBUG 
出错类：Himall.Web.MvcApplication.Application_EndRequest  
错误描述：2018-11-22 02:23:22 247:[当前请求URL：http://localhost:62443/SellerAdmin/product/edit/807；请求的参数为：；页面加载的时间：5663.5098 毫秒] 




 记录时间：2018-11-22 14:23:27,769 
日志级别：  DEBUG 
出错类：Himall.Web.MvcApplication.Application_EndRequest  
错误描述：2018-11-22 02:23:27 768:[当前请求URL：http://localhost:62443/SellerAdmin/product/GetAttributes?isCategoryId=1&categoryId=19；请求的参数为：isCategoryId=1&categoryId=19；页面加载的时间：5133.3481 毫秒] 




 记录时间：2018-11-22 14:23:29,538 
日志级别：  DEBUG 
出错类：Himall.Web.MvcApplication.Application_EndRequest  
错误描述：2018-11-22 02:23:29 537:[当前请求URL：http://localhost:62443/SellerAdmin/product/CategoryBrands?categoryId=19；请求的参数为：categoryId=19；页面加载的时间：6900.1148 毫秒] 




 记录时间：2018-11-22 14:24:02,239 
日志级别：  DEBUG 
出错类：Himall.Web.MvcApplication.Application_EndRequest  
错误描述：2018-11-22 02:24:02 238:[当前请求URL：http://localhost:62443/SellerAdmin/product/edit/807；请求的参数为：；页面加载的时间：5114.6427 毫秒] 




 记录时间：2018-11-22 14:24:22,151 
日志级别：  DEBUG 
出错类：Himall.Web.MvcApplication.Application_EndRequest  
错误描述：2018-11-22 02:24:22 150:[当前请求URL：http://localhost:62443/Product/Details/807；请求的参数为：；页面加载的时间：11433.1263 毫秒] 




 记录时间：2018-11-22 14:24:31,432 
日志级别：  DEBUG 
出错类：Himall.Web.MvcApplication.Application_EndRequest  
错误描述：2018-11-22 02:24:31 432:[当前请求URL：http://localhost:62443/m-wap/Product/Details/807?nojumpfg = 1；请求的参数为：nojumpfg+=+1；页面加载的时间：9275.6412 毫秒] 




 记录时间：2018-11-22 14:24:33,247 
日志级别：  DEBUG 
出错类：Himall.Web.MvcApplication.Application_EndRequest  
错误描述：2018-11-22 02:24:33 247:[当前请求URL：http://localhost:62443/SellerAdmin/product/edit/807；请求的参数为：；页面加载的时间：31143.6824 毫秒] 




 记录时间：2018-11-22 14:25:25,524 
日志级别：  DEBUG 
出错类：Himall.Web.MvcApplication.Application_EndRequest  
错误描述：2018-11-22 02:25:25 523:[当前请求URL：http://localhost:62443/m-Wap/Product/LogProduct；请求的参数为：；页面加载的时间：5127.1147 毫秒] 




 记录时间：2018-11-22 14:25:26,484 
日志级别：  DEBUG 
出错类：Himall.Web.MvcApplication.Application_EndRequest  
错误描述：2018-11-22 02:25:26 484:[当前请求URL：http://localhost:62443/m-Wap/product/GetProductActives；请求的参数为：；页面加载的时间：6108.5564 毫秒] 




 记录时间：2018-11-22 14:25:27,136 
日志级别：  DEBUG 
出错类：Himall.Web.MvcApplication.Application_EndRequest  
错误描述：2018-11-22 02:25:27 136:[当前请求URL：http://localhost:62443/m-Wap/product/ProductCommentShow；请求的参数为：；页面加载的时间：6739.9198 毫秒] 




 记录时间：2018-11-22 14:25:28,876 
日志级别：  DEBUG 
出错类：Himall.Web.MvcApplication.Application_EndRequest  
错误描述：2018-11-22 02:25:28 876:[当前请求URL：http://localhost:62443/product/GetHotProduct?productId=807&categoryId=19；请求的参数为：productId=807&categoryId=19；页面加载的时间：8488.769 毫秒] 




 记录时间：2018-11-22 14:25:29,029 
日志级别：  DEBUG 
出错类：Himall.Web.MvcApplication.Application_EndRequest  
错误描述：2018-11-22 02:25:29 029:[当前请求URL：http://localhost:62443/m-Wap/VShop/GetPromotions；请求的参数为：；页面加载的时间：8654.4006 毫秒] 




 记录时间：2018-11-22 14:40:07,823 
日志级别：  DEBUG 
出错类：Himall.Web.MvcApplication.Application_EndRequest  
错误描述：2018-11-22 02:40:07 823:[当前请求URL：http://localhost:62443/SellerAdmin/product/edit/807；请求的参数为：；页面加载的时间：10108.6602 毫秒] 




 记录时间：2018-11-22 14:46:20,697 
日志级别：  DEBUG 
出错类：Himall.Web.WebApiConfig.Register  
错误描述：[OpenApi]RegRoute-DefaultOpenApi 




 记录时间：2018-11-22 14:46:33,677 
日志级别：  DEBUG 
出错类：Himall.Web.MvcApplication.Application_EndRequest  
错误描述：2018-11-22 02:46:33 676:[当前请求URL：http://localhost:62443/；请求的参数为：；页面加载的时间：6300.476 毫秒] 




 记录时间：2018-11-22 14:46:33,689 
日志级别：  DEBUG 
出错类：Himall.Web.MvcApplication.Application_EndRequest  
错误描述：2018-11-22 02:46:33 688:[当前请求URL：http://localhost:62443/；请求的参数为：；页面加载的时间：6407.0523 毫秒] 




 记录时间：2018-11-22 14:46:50,841 
日志级别：  DEBUG 
出错类：Himall.Web.WebApiConfig.Register  
错误描述：[OpenApi]RegRoute-DefaultOpenApi 




 记录时间：2018-11-22 14:47:07,698 
日志级别：  DEBUG 
出错类：Himall.Web.MvcApplication.Application_EndRequest  
错误描述：2018-11-22 02:47:07 698:[当前请求URL：http://localhost:62443/；请求的参数为：；页面加载的时间：9996.1458 毫秒] 




 记录时间：2018-11-22 14:47:08,730 
日志级别：  DEBUG 
出错类：Himall.Web.MvcApplication.Application_EndRequest  
错误描述：2018-11-22 02:47:08 729:[当前请求URL：http://localhost:62443/home/GetBrands；请求的参数为：；页面加载的时间：9701.3923 毫秒] 




 记录时间：2018-11-22 14:47:09,330 
日志级别：  DEBUG 
出错类：Himall.Web.MvcApplication.Application_EndRequest  
错误描述：2018-11-22 02:47:09 329:[当前请求URL：http://localhost:62443/Login/GetOAuthList?_=1542869197912；请求的参数为：_=1542869197912；页面加载的时间：11626.3031 毫秒] 




 记录时间：2018-11-22 14:47:09,842 
日志级别：  DEBUG 
出错类：Himall.Web.MvcApplication.Application_EndRequest  
错误描述：2018-11-22 02:47:09 842:[当前请求URL：http://localhost:62443/Home/GetNotice；请求的参数为：；页面加载的时间：10802.6762 毫秒] 




 记录时间：2018-11-22 14:49:11,123 
日志级别：  DEBUG 
出错类：Himall.Web.MvcApplication.Application_EndRequest  
错误描述：2018-11-22 02:49:11 123:[当前请求URL：http://localhost:62443/SellerAdmin/product/edit/807；请求的参数为：；页面加载的时间：13435.8835 毫秒] 




 记录时间：2018-11-22 14:50:31,346 
日志级别：  DEBUG 
出错类：Himall.Web.MvcApplication.Application_EndRequest  
错误描述：2018-11-22 02:50:31 345:[当前请求URL：http://localhost:62443/Product/Details/807；请求的参数为：；页面加载的时间：9007.9749 毫秒] 




 记录时间：2018-11-22 14:50:40,935 
日志级别：  DEBUG 
出错类：Himall.Web.MvcApplication.Application_EndRequest  
错误描述：2018-11-22 02:50:40 935:[当前请求URL：http://localhost:62443/m-wap/Product/Details/807?nojumpfg = 1；请求的参数为：nojumpfg+=+1；页面加载的时间：9567.143 毫秒] 




 记录时间：2018-11-22 14:50:42,889 
日志级别：  DEBUG 
出错类：Himall.Web.MvcApplication.Application_EndRequest  
错误描述：2018-11-22 02:50:42 888:[当前请求URL：http://localhost:62443/SellerAdmin/product/edit/807；请求的参数为：；页面加载的时间：67400.2163 毫秒] 




 记录时间：2018-11-22 14:52:27,987 
日志级别：  DEBUG 
出错类：Himall.Web.WebApiConfig.Register  
错误描述：[OpenApi]RegRoute-DefaultOpenApi 




 记录时间：2018-11-22 14:52:41,567 
日志级别：  DEBUG 
出错类：Himall.Web.MvcApplication.Application_EndRequest  
错误描述：2018-11-22 02:52:41 566:[当前请求URL：http://localhost:62443/；请求的参数为：；页面加载的时间：9175.5258 毫秒] 




 记录时间：2018-11-22 14:53:10,883 
日志级别：  DEBUG 
出错类：Himall.Web.WebApiConfig.Register  
错误描述：[OpenApi]RegRoute-DefaultOpenApi 




 记录时间：2018-11-22 14:53:29,219 
日志级别：  DEBUG 
出错类：Himall.Web.MvcApplication.Application_EndRequest  
错误描述：2018-11-22 02:53:29 219:[当前请求URL：http://localhost:62443/；请求的参数为：；页面加载的时间：7714.9819 毫秒] 




 记录时间：2018-11-22 14:53:29,223 
日志级别：  DEBUG 
出错类：Himall.Web.MvcApplication.Application_EndRequest  
错误描述：2018-11-22 02:53:29 222:[当前请求URL：http://localhost:62443/；请求的参数为：；页面加载的时间：7713.9806 毫秒] 




 记录时间：2018-11-22 14:53:49,503 
日志级别：  DEBUG 
出错类：Himall.Web.WebApiConfig.Register  
错误描述：[OpenApi]RegRoute-DefaultOpenApi 




 记录时间：2018-11-22 14:54:05,354 
日志级别：  DEBUG 
出错类：Himall.Web.MvcApplication.Application_EndRequest  
错误描述：2018-11-22 02:54:05 353:[当前请求URL：http://localhost:62443/；请求的参数为：；页面加载的时间：9126.2276 毫秒] 




 记录时间：2018-11-22 14:54:05,356 
日志级别：  DEBUG 
出错类：Himall.Web.MvcApplication.Application_EndRequest  
错误描述：2018-11-22 02:54:05 356:[当前请求URL：http://localhost:62443/；请求的参数为：；页面加载的时间：7825.2827 毫秒] 




 记录时间：2018-11-22 14:54:06,339 
日志级别：  DEBUG 
出错类：Himall.Web.MvcApplication.Application_EndRequest  
错误描述：2018-11-22 02:54:06 339:[当前请求URL：http://localhost:62443/Home/GetThemeSettingJson；请求的参数为：；页面加载的时间：10091.9148 毫秒] 




 记录时间：2018-11-22 14:54:06,419 
日志级别：  DEBUG 
出错类：Himall.Web.MvcApplication.Application_EndRequest  
错误描述：2018-11-22 02:54:06 419:[当前请求URL：http://localhost:62443/home/GetBrands；请求的参数为：；页面加载的时间：10200.9925 毫秒] 




 记录时间：2018-11-22 14:54:06,613 
日志级别：  DEBUG 
出错类：Himall.Web.MvcApplication.Application_EndRequest  
错误描述：2018-11-22 02:54:06 613:[当前请求URL：http://localhost:62443/Login/GetOAuthList?_=1542869616717；请求的参数为：_=1542869616717；页面加载的时间：10158.9626 毫秒] 




 记录时间：2018-11-22 14:54:06,793 
日志级别：  DEBUG 
出错类：Himall.Web.MvcApplication.Application_EndRequest  
错误描述：2018-11-22 02:54:06 793:[当前请求URL：http://localhost:62443/Home/GetNotice；请求的参数为：；页面加载的时间：10572.7562 毫秒] 




 记录时间：2018-11-22 14:54:35,880 
日志级别：  DEBUG 
出错类：Himall.Web.MvcApplication.Application_EndRequest  
错误描述：2018-11-22 02:54:35 879:[当前请求URL：http://localhost:62443/SellerAdmin/product/Create；请求的参数为：；页面加载的时间：16608.6097 毫秒] 




 记录时间：2018-11-22 14:55:08,356 
日志级别：  DEBUG 
出错类：Himall.Web.MvcApplication.Application_EndRequest  
错误描述：2018-11-22 02:55:08 356:[当前请求URL：http://localhost:62443/SellerAdmin/product/list；请求的参数为：；页面加载的时间：5220.9644 毫秒] 




 记录时间：2018-11-22 14:55:17,733 
日志级别：  DEBUG 
出错类：Himall.Web.MvcApplication.Application_EndRequest  
错误描述：2018-11-22 02:55:17 733:[当前请求URL：http://localhost:62443/Admin/Login；请求的参数为：；页面加载的时间：7410.8955 毫秒] 




 记录时间：2018-11-22 14:55:34,704 
日志级别：  DEBUG 
出错类：Himall.Web.MvcApplication.Application_EndRequest  
错误描述：2018-11-22 02:55:34 704:[当前请求URL：http://localhost:62443/Admin/home/Console；请求的参数为：；页面加载的时间：5709.7359 毫秒] 




 记录时间：2018-11-22 14:58:37,936 
日志级别：  DEBUG 
出错类：Himall.Web.MvcApplication.Application_EndRequest  
错误描述：2018-11-22 02:58:37 935:[当前请求URL：http://localhost:62443/SellerAdmin/product/GetAttributes?isCategoryId=1&categoryId=19；请求的参数为：isCategoryId=1&categoryId=19；页面加载的时间：6280.5743 毫秒] 




 记录时间：2018-11-22 14:58:38,785 
日志级别：  DEBUG 
出错类：Himall.Web.MvcApplication.Application_EndRequest  
错误描述：2018-11-22 02:58:38 785:[当前请求URL：http://localhost:62443/SellerAdmin/product/CategoryBrands?categoryId=19；请求的参数为：categoryId=19；页面加载的时间：7132.2322 毫秒] 




 记录时间：2018-11-22 14:59:01,119 
日志级别：  DEBUG 
出错类：Himall.Web.MvcApplication.Application_EndRequest  
错误描述：2018-11-22 02:59:01 118:[当前请求URL：http://localhost:62443/Product/Details/807；请求的参数为：；页面加载的时间：6723.0225 毫秒] 




 记录时间：2018-11-22 14:59:09,630 
日志级别：  DEBUG 
出错类：Himall.Web.MvcApplication.Application_EndRequest  
错误描述：2018-11-22 02:59:09 630:[当前请求URL：http://localhost:62443/m-wap/Product/Details/807?nojumpfg = 1；请求的参数为：nojumpfg+=+1；页面加载的时间：8506.3143 毫秒] 




 记录时间：2018-11-22 14:59:10,123 
日志级别：  DEBUG 
出错类：Himall.Web.MvcApplication.Application_EndRequest  
错误描述：2018-11-22 02:59:10 123:[当前请求URL：http://localhost:62443/SellerAdmin/product/edit/807；请求的参数为：；页面加载的时间：22802.6544 毫秒] 




 记录时间：2018-11-22 15:07:41,822 
日志级别：  DEBUG 
出错类：Himall.Web.WebApiConfig.Register  
错误描述：[OpenApi]RegRoute-DefaultOpenApi 




 记录时间：2018-11-22 15:07:59,399 
日志级别：  DEBUG 
出错类：Himall.Web.MvcApplication.Application_EndRequest  
错误描述：2018-11-22 03:07:59 399:[当前请求URL：http://localhost:62443/；请求的参数为：；页面加载的时间：8607.1305 毫秒] 




 记录时间：2018-11-22 15:07:59,403 
日志级别：  DEBUG 
出错类：Himall.Web.MvcApplication.Application_EndRequest  
错误描述：2018-11-22 03:07:59 403:[当前请求URL：http://localhost:62443/；请求的参数为：；页面加载的时间：8521.069 毫秒] 




 记录时间：2018-11-22 15:08:12,401 
日志级别：  DEBUG 
出错类：Himall.Web.WebApiConfig.Register  
错误描述：[OpenApi]RegRoute-DefaultOpenApi 




 记录时间：2018-11-22 15:08:24,403 
日志级别：  DEBUG 
出错类：Himall.Web.MvcApplication.Application_EndRequest  
错误描述：2018-11-22 03:08:24 401:[当前请求URL：http://localhost:62443/home/GetBrands；请求的参数为：；页面加载的时间：8614.7108 毫秒] 




 记录时间：2018-11-22 15:08:25,487 
日志级别：  DEBUG 
出错类：Himall.Web.MvcApplication.Application_EndRequest  
错误描述：2018-11-22 03:08:25 486:[当前请求URL：http://localhost:62443/Home/GetNotice；请求的参数为：；页面加载的时间：9690.4759 毫秒] 




 记录时间：2018-11-22 15:08:25,524 
日志级别：  DEBUG 
出错类：Himall.Web.MvcApplication.Application_EndRequest  
错误描述：2018-11-22 03:08:25 523:[当前请求URL：http://localhost:62443/Login/GetOAuthList?_=1542870480962；请求的参数为：_=1542870480962；页面加载的时间：10435.0061 毫秒] 




 记录时间：2018-11-22 15:08:31,790 
日志级别：  DEBUG 
出错类：Himall.Web.MvcApplication.Application_EndRequest  
错误描述：2018-11-22 03:08:31 789:[当前请求URL：http://localhost:62443/userinfo/GetCurrentUserInfo；请求的参数为：；页面加载的时间：7173.8203 毫秒] 




 记录时间：2018-11-22 15:08:32,501 
日志级别：  DEBUG 
出错类：Himall.Web.MvcApplication.Application_EndRequest  
错误描述：2018-11-22 03:08:32 501:[当前请求URL：http://localhost:62443/home/coupon；请求的参数为：；页面加载的时间：6818.6059 毫秒] 




 记录时间：2018-11-22 15:10:00,693 
日志级别：  DEBUG 
出错类：Himall.Web.MvcApplication.Application_EndRequest  
错误描述：2018-11-22 03:10:00 693:[当前请求URL：http://localhost:62443/Admin/Login；请求的参数为：；页面加载的时间：5320.0794 毫秒] 




 记录时间：2018-11-22 15:10:17,513 
日志级别：  DEBUG 
出错类：Himall.Web.MvcApplication.Application_EndRequest  
错误描述：2018-11-22 03:10:17 513:[当前请求URL：http://localhost:62443/Admin/home/Console；请求的参数为：；页面加载的时间：10578.6381 毫秒] 




 记录时间：2018-11-22 15:10:47,633 
日志级别：  DEBUG 
出错类：Himall.Web.MvcApplication.Application_EndRequest  
错误描述：2018-11-22 03:10:47 633:[当前请求URL：http://localhost:62443/Admin/product/list；请求的参数为：；页面加载的时间：24505.3638 毫秒] 




 记录时间：2018-11-22 15:11:15,688 
日志级别：  DEBUG 
出错类：Himall.Web.MvcApplication.Application_EndRequest  
错误描述：2018-11-22 03:11:15 687:[当前请求URL：http://localhost:62443/SellerAdmin/product/management；请求的参数为：；页面加载的时间：9160.8638 毫秒] 




 记录时间：2018-11-22 15:13:43,410 
日志级别：  DEBUG 
出错类：Himall.Web.MvcApplication.Application_EndRequest  
错误描述：2018-11-22 03:13:43 409:[当前请求URL：http://localhost:62443/Product/Details/807；请求的参数为：；页面加载的时间：16562.7596 毫秒] 




 记录时间：2018-11-22 15:13:55,413 
日志级别：  DEBUG 
出错类：Himall.Web.MvcApplication.Application_EndRequest  
错误描述：2018-11-22 03:13:55 413:[当前请求URL：http://localhost:62443/m-wap/Product/Details/807?nojumpfg = 1；请求的参数为：nojumpfg+=+1；页面加载的时间：11993.1919 毫秒] 




 记录时间：2018-11-22 15:13:57,270 
日志级别：  DEBUG 
出错类：Himall.Web.MvcApplication.Application_EndRequest  
错误描述：2018-11-22 03:13:57 270:[当前请求URL：http://localhost:62443/SellerAdmin/product/edit/807；请求的参数为：；页面加载的时间：109186.3244 毫秒] 




 记录时间：2018-11-22 15:19:02,245 
日志级别：  DEBUG 
出错类：Himall.Web.WebApiConfig.Register  
错误描述：[OpenApi]RegRoute-DefaultOpenApi 




 记录时间：2018-11-22 15:19:18,897 
日志级别：  DEBUG 
出错类：Himall.Web.MvcApplication.Application_EndRequest  
错误描述：2018-11-22 03:19:18 897:[当前请求URL：http://localhost:62443/；请求的参数为：；页面加载的时间：7691.4973 毫秒] 




 记录时间：2018-11-22 15:19:36,738 
日志级别：  DEBUG 
出错类：Himall.Web.WebApiConfig.Register  
错误描述：[OpenApi]RegRoute-DefaultOpenApi 




 记录时间：2018-11-22 15:19:57,003 
日志级别：  DEBUG 
出错类：Himall.Web.MvcApplication.Application_EndRequest  
错误描述：2018-11-22 03:19:57 002:[当前请求URL：http://localhost:62443/；请求的参数为：；页面加载的时间：10836.209 毫秒] 




 记录时间：2018-11-22 15:19:57,003 
日志级别：  DEBUG 
出错类：Himall.Web.MvcApplication.Application_EndRequest  
错误描述：2018-11-22 03:19:57 002:[当前请求URL：http://localhost:62443/；请求的参数为：；页面加载的时间：10748.6468 毫秒] 




 记录时间：2018-11-22 15:20:07,919 
日志级别：  DEBUG 
出错类：Himall.Web.MvcApplication.Application_EndRequest  
错误描述：2018-11-22 03:20:07 918:[当前请求URL：http://localhost:62443/userinfo/GetCurrentUserInfo；请求的参数为：；页面加载的时间：6797.3292 毫秒] 




 记录时间：2018-11-22 15:20:09,708 
日志级别：  DEBUG 
出错类：Himall.Web.MvcApplication.Application_EndRequest  
错误描述：2018-11-22 03:20:09 707:[当前请求URL：http://localhost:62443/home/coupon；请求的参数为：；页面加载的时间：8482.0274 毫秒] 




 记录时间：2018-11-22 15:20:35,914 
日志级别：  DEBUG 
出错类：Himall.Web.MvcApplication.Application_EndRequest  
错误描述：2018-11-22 03:20:35 912:[当前请求URL：http://localhost:62443/product/UserCoupons；请求的参数为：；页面加载的时间：7417.2704 毫秒] 




 记录时间：2018-11-22 15:20:43,243 
日志级别：  DEBUG 
出错类：Himall.Web.MvcApplication.Application_EndRequest  
错误描述：2018-11-22 03:20:43 243:[当前请求URL：http://localhost:62443/SellerAdmin/product/edit/807；请求的参数为：；页面加载的时间：33864.1418 毫秒] 




 记录时间：2018-11-22 15:23:26,721 
日志级别：  DEBUG 
出错类：Himall.Web.MvcApplication.Application_EndRequest  
错误描述：2018-11-22 03:23:26 721:[当前请求URL：http://localhost:62443/Product/Details/807；请求的参数为：；页面加载的时间：9377.6743 毫秒] 




 记录时间：2018-11-22 15:23:38,250 
日志级别：  DEBUG 
出错类：Himall.Web.MvcApplication.Application_EndRequest  
错误描述：2018-11-22 03:23:38 250:[当前请求URL：http://localhost:62443/m-wap/Product/Details/807?nojumpfg = 1；请求的参数为：nojumpfg+=+1；页面加载的时间：11521.3366 毫秒] 




 记录时间：2018-11-22 15:23:39,260 
日志级别：  DEBUG 
出错类：Himall.Web.MvcApplication.Application_EndRequest  
错误描述：2018-11-22 03:23:39 259:[当前请求URL：http://localhost:62443/SellerAdmin/product/edit/807；请求的参数为：；页面加载的时间：117988.6763 毫秒] 




 记录时间：2018-11-22 15:26:43,947 
日志级别：  DEBUG 
出错类：Himall.Web.MvcApplication.Application_EndRequest  
错误描述：2018-11-22 03:26:43 947:[当前请求URL：http://localhost:62443/Admin/Login；请求的参数为：；页面加载的时间：9569.1647 毫秒] 




 记录时间：2018-11-22 15:26:54,036 
日志级别：  DEBUG 
出错类：Himall.Web.MvcApplication.Application_EndRequest  
错误描述：2018-11-22 03:26:54 036:[当前请求URL：http://localhost:62443/Admin/home/Console；请求的参数为：；页面加载的时间：6394.9633 毫秒] 




 记录时间：2018-11-22 15:27:40,123 
日志级别：  DEBUG 
出错类：Himall.Web.MvcApplication.Application_EndRequest  
错误描述：2018-11-22 03:27:40 122:[当前请求URL：http://localhost:62443/product/GetHotProduct?productId=807&categoryId=19；请求的参数为：productId=807&categoryId=19；页面加载的时间：6026.6228 毫秒] 




 记录时间：2018-11-22 15:27:46,655 
日志级别：  DEBUG 
出错类：Himall.Web.MvcApplication.Application_EndRequest  
错误描述：2018-11-22 03:27:46 655:[当前请求URL：http://localhost:62443/Admin/product/list；请求的参数为：；页面加载的时间：5714.1222 毫秒] 




 记录时间：2018-11-22 15:33:47,193 
日志级别：  DEBUG 
出错类：Himall.Web.MvcApplication.Application_EndRequest  
错误描述：2018-11-22 03:33:47 192:[当前请求URL：http://localhost:62443/Product/Details/807；请求的参数为：；页面加载的时间：5243.8779 毫秒] 




 记录时间：2018-11-22 15:33:50,997 
日志级别：  DEBUG 
出错类：Himall.Web.MvcApplication.Application_EndRequest  
错误描述：2018-11-22 03:33:50 997:[当前请求URL：http://localhost:62443/SellerAdmin/product/edit/807；请求的参数为：；页面加载的时间：106384.2644 毫秒] 




 记录时间：2018-11-22 15:35:35,300 
日志级别：  DEBUG 
出错类：Himall.Web.MvcApplication.Application_EndRequest  
错误描述：2018-11-22 03:35:35 300:[当前请求URL：http://localhost:62443/SellerAdmin/product/edit/807；请求的参数为：；页面加载的时间：37569.6495 毫秒] 




 记录时间：2018-11-22 15:40:12,541 
日志级别：  DEBUG 
出错类：Himall.Web.WebApiConfig.Register  
错误描述：[OpenApi]RegRoute-DefaultOpenApi 




 记录时间：2018-11-22 15:40:27,494 
日志级别：  DEBUG 
出错类：Himall.Web.MvcApplication.Application_EndRequest  
错误描述：2018-11-22 03:40:27 494:[当前请求URL：http://localhost:62443/；请求的参数为：；页面加载的时间：11021.3325 毫秒] 




 记录时间：2018-11-22 15:41:07,121 
日志级别：  DEBUG 
出错类：Himall.Web.WebApiConfig.Register  
错误描述：[OpenApi]RegRoute-DefaultOpenApi 




 记录时间：2018-11-22 15:41:28,261 
日志级别：  DEBUG 
出错类：Himall.Web.MvcApplication.Application_EndRequest  
错误描述：2018-11-22 03:41:28 261:[当前请求URL：http://localhost:62443/；请求的参数为：；页面加载的时间：11155.9274 毫秒] 




 记录时间：2018-11-22 15:41:28,266 
日志级别：  DEBUG 
出错类：Himall.Web.MvcApplication.Application_EndRequest  
错误描述：2018-11-22 03:41:28 266:[当前请求URL：http://localhost:62443/；请求的参数为：；页面加载的时间：11263.5054 毫秒] 




 记录时间：2018-11-22 15:41:48,827 
日志级别：  DEBUG 
出错类：Himall.Web.MvcApplication.Application_EndRequest  
错误描述：2018-11-22 03:41:48 827:[当前请求URL：http://localhost:62443/product/UserCoupons；请求的参数为：；页面加载的时间：5186.191 毫秒] 




 记录时间：2018-11-22 15:44:12,682 
日志级别：  DEBUG 
出错类：Himall.Web.WebApiConfig.Register  
错误描述：[OpenApi]RegRoute-DefaultOpenApi 




 记录时间：2018-11-22 15:44:36,045 
日志级别：  DEBUG 
出错类：Himall.Web.MvcApplication.Application_EndRequest  
错误描述：2018-11-22 03:44:36 043:[当前请求URL：http://localhost:62443/；请求的参数为：；页面加载的时间：8499.5689 毫秒] 




 记录时间：2018-11-22 15:44:45,601 
日志级别：  DEBUG 
出错类：Himall.Web.MvcApplication.Application_EndRequest  
错误描述：2018-11-22 03:44:45 601:[当前请求URL：http://localhost:62443/userinfo/GetCurrentUserInfo；请求的参数为：；页面加载的时间：8144.5084 毫秒] 




 记录时间：2018-11-22 15:44:46,583 
日志级别：  DEBUG 
出错类：Himall.Web.MvcApplication.Application_EndRequest  
错误描述：2018-11-22 03:44:46 582:[当前请求URL：http://localhost:62443/home/coupon；请求的参数为：；页面加载的时间：8098.4749 毫秒] 




 记录时间：2018-11-22 15:44:49,269 
日志级别：  DEBUG 
出错类：Himall.Web.MvcApplication.Application_EndRequest  
错误描述：2018-11-22 03:44:49 269:[当前请求URL：http://localhost:62443/home/coupon；请求的参数为：；页面加载的时间：6418.2722 毫秒] 




 记录时间：2018-11-22 15:44:54,000 
日志级别：  DEBUG 
出错类：Himall.Web.MvcApplication.Application_EndRequest  
错误描述：2018-11-22 03:44:54 000:[当前请求URL：http://localhost:62443/product/UserCoupons；请求的参数为：；页面加载的时间：7069.5222 毫秒] 




 记录时间：2018-11-22 15:45:55,268 
日志级别：  DEBUG 
出错类：Himall.Web.MvcApplication.Application_EndRequest  
错误描述：2018-11-22 03:45:55 268:[当前请求URL：http://localhost:62443/SellerAdmin/product/management；请求的参数为：；页面加载的时间：20501.799 毫秒] 




 记录时间：2018-11-22 15:47:13,528 
日志级别：  DEBUG 
出错类：Himall.Web.MvcApplication.Application_EndRequest  
错误描述：2018-11-22 03:47:13 528:[当前请求URL：http://localhost:62443/Admin/Login；请求的参数为：；页面加载的时间：7379.9767 毫秒] 




 记录时间：2018-11-22 15:47:31,477 
日志级别：  DEBUG 
出错类：Himall.Web.MvcApplication.Application_EndRequest  
错误描述：2018-11-22 03:47:31 477:[当前请求URL：http://localhost:62443/Admin/home/Console；请求的参数为：；页面加载的时间：9921.1829 毫秒] 




 记录时间：2018-11-22 15:49:18,283 
日志级别：  DEBUG 
出错类：Himall.Web.MvcApplication.Application_EndRequest  
错误描述：2018-11-22 03:49:18 283:[当前请求URL：http://localhost:62443/Product/Details/807；请求的参数为：；页面加载的时间：7255.2419 毫秒] 




 记录时间：2018-11-22 15:49:30,928 
日志级别：  DEBUG 
出错类：Himall.Web.MvcApplication.Application_EndRequest  
错误描述：2018-11-22 03:49:30 927:[当前请求URL：http://localhost:62443/m-wap/Product/Details/807?nojumpfg = 1；请求的参数为：nojumpfg+=+1；页面加载的时间：12602.4695 毫秒] 




 记录时间：2018-11-22 15:49:31,743 
日志级别：  DEBUG 
出错类：Himall.Web.MvcApplication.Application_EndRequest  
错误描述：2018-11-22 03:49:31 743:[当前请求URL：http://localhost:62443/SellerAdmin/product/edit/807；请求的参数为：；页面加载的时间：73881.6907 毫秒] 




 记录时间：2018-11-22 15:53:40,779 
日志级别：  DEBUG 
出错类：Himall.Web.MvcApplication.Application_EndRequest  
错误描述：2018-11-22 03:53:40 779:[当前请求URL：http://localhost:62443/SellerAdmin/product/edit/807；请求的参数为：；页面加载的时间：18766.2355 毫秒] 




 记录时间：2018-11-22 15:54:30,904 
日志级别：  DEBUG 
出错类：Himall.Web.WebApiConfig.Register  
错误描述：[OpenApi]RegRoute-DefaultOpenApi 




 记录时间：2018-11-22 15:54:54,314 
日志级别：  DEBUG 
出错类：Himall.Web.MvcApplication.Application_EndRequest  
错误描述：2018-11-22 03:54:54 313:[当前请求URL：http://localhost:62443/；请求的参数为：；页面加载的时间：10814.6847 毫秒] 




 记录时间：2018-11-22 15:54:54,315 
日志级别：  DEBUG 
出错类：Himall.Web.MvcApplication.Application_EndRequest  
错误描述：2018-11-22 03:54:54 314:[当前请求URL：http://localhost:62443/；请求的参数为：；页面加载的时间：10787.1657 毫秒] 




 记录时间：2018-11-22 15:55:55,684 
日志级别：  DEBUG 
出错类：Himall.Web.MvcApplication.Application_EndRequest  
错误描述：2018-11-22 03:55:55 683:[当前请求URL：http://localhost:62443/SellerAdmin/product/edit/807；请求的参数为：；页面加载的时间：19624.9446 毫秒] 




 记录时间：2018-11-22 15:55:55,844 
日志级别：  DEBUG 
出错类：Himall.Web.MvcApplication.Application_EndRequest  
错误描述：2018-11-22 03:55:55 844:[当前请求URL：http://localhost:62443/Admin/category/getCategory；请求的参数为：；页面加载的时间：19305.7167 毫秒] 




 记录时间：2018-11-22 15:56:03,185 
日志级别：  DEBUG 
出错类：Himall.Web.MvcApplication.Application_EndRequest  
错误描述：2018-11-22 03:56:03 185:[当前请求URL：http://localhost:62443/SellerAdmin/product/Specifications?productId=807&categoryId=19；请求的参数为：productId=807&categoryId=19；页面加载的时间：6921.0549 毫秒] 




 记录时间：2018-11-22 15:56:03,430 
日志级别：  DEBUG 
出错类：Himall.Web.MvcApplication.Application_EndRequest  
错误描述：2018-11-22 03:56:03 430:[当前请求URL：http://localhost:62443/cart/GetCartProducts；请求的参数为：；页面加载的时间：7211.7616 毫秒] 




 记录时间：2018-11-22 15:57:00,181 
日志级别：  DEBUG 
出错类：Himall.Web.MvcApplication.Application_EndRequest  
错误描述：2018-11-22 03:57:00 181:[当前请求URL：http://localhost:62443/Product/Details/807；请求的参数为：；页面加载的时间：8878.6268 毫秒] 




 记录时间：2018-11-22 15:57:10,206 
日志级别：  DEBUG 
出错类：Himall.Web.MvcApplication.Application_EndRequest  
错误描述：2018-11-22 03:57:10 206:[当前请求URL：http://localhost:62443/m-wap/Product/Details/807?nojumpfg = 1；请求的参数为：nojumpfg+=+1；页面加载的时间：10018.8278 毫秒] 




 记录时间：2018-11-22 15:57:11,365 
日志级别：  DEBUG 
出错类：Himall.Web.MvcApplication.Application_EndRequest  
错误描述：2018-11-22 03:57:11 365:[当前请求URL：http://localhost:62443/SellerAdmin/product/edit/807；请求的参数为：；页面加载的时间：60355.8061 毫秒] 




 记录时间：2018-11-22 15:57:41,531 
日志级别：  DEBUG 
出错类：Himall.Web.MvcApplication.Application_EndRequest  
错误描述：2018-11-22 03:57:41 531:[当前请求URL：http://localhost:62443/Admin/Login；请求的参数为：；页面加载的时间：9305.2963 毫秒] 




 记录时间：2018-11-22 15:57:51,792 
日志级别：  DEBUG 
出错类：Himall.Web.MvcApplication.Application_EndRequest  
错误描述：2018-11-22 03:57:51 792:[当前请求URL：http://localhost:62443/Admin/home/Console；请求的参数为：；页面加载的时间：7563.3028 毫秒] 




 记录时间：2018-11-22 15:59:43,644 
日志级别：  DEBUG 
出错类：Himall.Web.MvcApplication.Application_EndRequest  
错误描述：2018-11-22 03:59:43 644:[当前请求URL：http://localhost:62443/SellerAdmin/product/edit/807；请求的参数为：；页面加载的时间：5146.1625 毫秒] 




 记录时间：2018-11-22 15:59:51,013 
日志级别：  DEBUG 
出错类：Himall.Web.MvcApplication.Application_EndRequest  
错误描述：2018-11-22 03:59:51 012:[当前请求URL：http://localhost:62443/SellerAdmin/product/GetAttributes?isCategoryId=1&categoryId=19；请求的参数为：isCategoryId=1&categoryId=19；页面加载的时间：5377.9231 毫秒] 




 记录时间：2018-11-22 15:59:51,355 
日志级别：  DEBUG 
出错类：Himall.Web.MvcApplication.Application_EndRequest  
错误描述：2018-11-22 03:59:51 355:[当前请求URL：http://localhost:62443/cart/GetCartProducts；请求的参数为：；页面加载的时间：5752.685 毫秒] 




 记录时间：2018-11-22 15:59:52,558 
日志级别：  DEBUG 
出错类：Himall.Web.MvcApplication.Application_EndRequest  
错误描述：2018-11-22 03:59:52 558:[当前请求URL：http://localhost:62443/SellerAdmin/product/Specifications?productId=807&categoryId=19；请求的参数为：productId=807&categoryId=19；页面加载的时间：6994.0709 毫秒] 




 记录时间：2018-11-22 16:00:33,265 
日志级别：  DEBUG 
出错类：Himall.Web.MvcApplication.Application_EndRequest  
错误描述：2018-11-22 04:00:33 264:[当前请求URL：http://localhost:62443/SellerAdmin/product/edit/807；请求的参数为：；页面加载的时间：5634.3577 毫秒] 




 记录时间：2018-11-22 16:01:53,663 
日志级别：  DEBUG 
出错类：Himall.Web.MvcApplication.Application_EndRequest  
错误描述：2018-11-22 04:01:53 662:[当前请求URL：http://localhost:62443/Product/Details/807；请求的参数为：；页面加载的时间：11115.1801 毫秒] 




 记录时间：2018-11-22 16:01:59,707 
日志级别：  DEBUG 
出错类：Himall.Web.MvcApplication.Application_EndRequest  
错误描述：2018-11-22 04:01:59 706:[当前请求URL：http://localhost:62443/m-wap/Product/Details/807?nojumpfg = 1；请求的参数为：nojumpfg+=+1；页面加载的时间：6032.8611 毫秒] 




 记录时间：2018-11-22 16:02:01,828 
日志级别：  DEBUG 
出错类：Himall.Web.MvcApplication.Application_EndRequest  
错误描述：2018-11-22 04:02:01 828:[当前请求URL：http://localhost:62443/SellerAdmin/product/edit/807；请求的参数为：；页面加载的时间：92642.5698 毫秒] 




 记录时间：2018-11-22 16:02:55,281 
日志级别：  DEBUG 
出错类：Himall.Web.WebApiConfig.Register  
错误描述：[OpenApi]RegRoute-DefaultOpenApi 




 记录时间：2018-11-22 16:03:06,978 
日志级别：  DEBUG 
出错类：Himall.Web.MvcApplication.Application_EndRequest  
错误描述：2018-11-22 04:03:06 975:[当前请求URL：http://localhost:62443/；请求的参数为：；页面加载的时间：5123.1403 毫秒] 




 记录时间：2018-11-22 16:03:06,981 
日志级别：  DEBUG 
出错类：Himall.Web.MvcApplication.Application_EndRequest  
错误描述：2018-11-22 04:03:06 981:[当前请求URL：http://localhost:62443/；请求的参数为：；页面加载的时间：5115.6338 毫秒] 




 记录时间：2018-11-22 16:03:58,233 
日志级别：  DEBUG 
出错类：Himall.Web.WebApiConfig.Register  
错误描述：[OpenApi]RegRoute-DefaultOpenApi 




 记录时间：2018-11-22 16:04:21,965 
日志级别：  DEBUG 
出错类：Himall.Web.MvcApplication.Application_EndRequest  
错误描述：2018-11-22 04:04:21 964:[当前请求URL：http://localhost:62443/；请求的参数为：；页面加载的时间：10017.1187 毫秒] 




 记录时间：2018-11-22 16:05:18,087 
日志级别：  DEBUG 
出错类：Himall.Web.MvcApplication.Application_EndRequest  
错误描述：2018-11-22 04:05:18 087:[当前请求URL：http://localhost:62443/SellerAdmin/product/edit/807；请求的参数为：；页面加载的时间：24205.8435 毫秒] 




 记录时间：2018-11-22 16:05:18,544 
日志级别：  DEBUG 
出错类：Himall.Web.MvcApplication.Application_EndRequest  
错误描述：2018-11-22 04:05:18 543:[当前请求URL：http://localhost:62443/Admin/Payment/Management；请求的参数为：；页面加载的时间：15011.1657 毫秒] 




 记录时间：2018-11-22 16:05:34,481 
日志级别：  DEBUG 
出错类：Himall.Web.MvcApplication.Application_EndRequest  
错误描述：2018-11-22 04:05:34 481:[当前请求URL：http://localhost:62443/Admin/Login；请求的参数为：；页面加载的时间：15887.1292 毫秒] 




 记录时间：2018-11-22 16:05:44,468 
日志级别：  DEBUG 
出错类：Himall.Web.MvcApplication.Application_EndRequest  
错误描述：2018-11-22 04:05:44 468:[当前请求URL：http://localhost:62443/Admin/home/Console；请求的参数为：；页面加载的时间：6796.348 毫秒] 




 记录时间：2018-11-22 16:05:44,700 
日志级别：  DEBUG 
出错类：Himall.Web.MvcApplication.Application_EndRequest  
错误描述：2018-11-22 04:05:44 700:[当前请求URL：http://localhost:62443/cart/GetCartProducts；请求的参数为：；页面加载的时间：10545.0125 毫秒] 




 记录时间：2018-11-22 16:05:46,114 
日志级别：  DEBUG 
出错类：Himall.Web.MvcApplication.Application_EndRequest  
错误描述：2018-11-22 04:05:46 114:[当前请求URL：http://localhost:62443/SellerAdmin/product/Specifications?productId=807&categoryId=19；请求的参数为：productId=807&categoryId=19；页面加载的时间：12009.0599 毫秒] 




 记录时间：2018-11-22 16:06:12,692 
日志级别：  DEBUG 
出错类：Himall.Web.MvcApplication.Application_EndRequest  
错误描述：2018-11-22 04:06:12 692:[当前请求URL：http://localhost:62443/Admin/product/list；请求的参数为：；页面加载的时间：5561.6874 毫秒] 




 记录时间：2018-11-22 16:06:13,656 
日志级别：  DEBUG 
出错类：Himall.Web.MvcApplication.Application_EndRequest  
错误描述：2018-11-22 04:06:13 656:[当前请求URL：http://localhost:62443/SellerAdmin/Category/getCategory；请求的参数为：；页面加载的时间：5665.7617 毫秒] 




 记录时间：2018-11-22 16:06:21,072 
日志级别：  DEBUG 
出错类：Himall.Web.MvcApplication.Application_EndRequest  
错误描述：2018-11-22 04:06:21 072:[当前请求URL：http://localhost:62443/Admin/product/BatchAudit；请求的参数为：；页面加载的时间：5608.6467 毫秒] 




 记录时间：2018-11-22 16:06:27,736 
日志级别：  DEBUG 
出错类：Himall.Web.MvcApplication.Application_EndRequest  
错误描述：2018-11-22 04:06:27 735:[当前请求URL：http://localhost:62443/Admin/product/list；请求的参数为：；页面加载的时间：6549.3372 毫秒] 




 记录时间：2018-11-22 16:06:28,336 
日志级别：  DEBUG 
出错类：Himall.Web.MvcApplication.Application_EndRequest  
错误描述：2018-11-22 04:06:28 336:[当前请求URL：http://localhost:62443/SellerAdmin/product/management；请求的参数为：；页面加载的时间：7075.2103 毫秒] 




 记录时间：2018-11-22 16:17:38,952 
日志级别：  DEBUG 
出错类：Himall.Web.MvcApplication.Application_EndRequest  
错误描述：2018-11-22 04:17:38 952:[当前请求URL：http://localhost:62443/Product/Details/807；请求的参数为：；页面加载的时间：9232.1358 毫秒] 




 记录时间：2018-11-22 16:17:50,248 
日志级别：  DEBUG 
出错类：Himall.Web.MvcApplication.Application_EndRequest  
错误描述：2018-11-22 04:17:50 247:[当前请求URL：http://localhost:62443/m-wap/Product/Details/807?nojumpfg = 1；请求的参数为：nojumpfg+=+1；页面加载的时间：11288.5131 毫秒] 




 记录时间：2018-11-22 16:17:51,276 
日志级别：  DEBUG 
出错类：Himall.Web.MvcApplication.Application_EndRequest  
错误描述：2018-11-22 04:17:51 276:[当前请求URL：http://localhost:62443/SellerAdmin/product/edit/807；请求的参数为：；页面加载的时间：655562.3758 毫秒] 




 记录时间：2018-11-22 16:21:30,167 
日志级别：  DEBUG 
出错类：Himall.Web.MvcApplication.Application_EndRequest  
错误描述：2018-11-22 04:21:30 166:[当前请求URL：http://localhost:62443/Product/Details/807；请求的参数为：；页面加载的时间：5010.1832 毫秒] 




 记录时间：2018-11-22 16:21:34,849 
日志级别：  DEBUG 
出错类：Himall.Web.MvcApplication.Application_EndRequest  
错误描述：2018-11-22 04:21:34 848:[当前请求URL：http://localhost:62443/SellerAdmin/product/edit/807；请求的参数为：；页面加载的时间：39148.6809 毫秒] 




 记录时间：2018-11-22 16:27:05,454 
日志级别：  DEBUG 
出错类：Himall.Web.MvcApplication.Application_EndRequest  
错误描述：2018-11-22 04:27:05 454:[当前请求URL：http://localhost:62443/SellerAdmin/product/edit/807；请求的参数为：；页面加载的时间：29349.223 毫秒] 




 记录时间：2018-11-22 16:32:37,138 
日志级别：  DEBUG 
出错类：Himall.Web.WebApiConfig.Register  
错误描述：[OpenApi]RegRoute-DefaultOpenApi 




 记录时间：2018-11-22 16:33:02,489 
日志级别：  DEBUG 
出错类：Himall.Web.WebApiConfig.Register  
错误描述：[OpenApi]RegRoute-DefaultOpenApi 




 记录时间：2018-11-22 16:33:17,120 
日志级别：  DEBUG 
出错类：Himall.Web.MvcApplication.Application_EndRequest  
错误描述：2018-11-22 04:33:17 120:[当前请求URL：http://localhost:62443/；请求的参数为：；页面加载的时间：6672.7468 毫秒] 




 记录时间：2018-11-22 16:33:17,123 
日志级别：  DEBUG 
出错类：Himall.Web.MvcApplication.Application_EndRequest  
错误描述：2018-11-22 04:33:17 123:[当前请求URL：http://localhost:62443/；请求的参数为：；页面加载的时间：6610.2018 毫秒] 




 记录时间：2018-11-22 16:33:30,006 
日志级别：  DEBUG 
出错类：Himall.Web.MvcApplication.Application_EndRequest  
错误描述：2018-11-22 04:33:30 006:[当前请求URL：http://localhost:62443/product/UserCoupons；请求的参数为：；页面加载的时间：6107.8395 毫秒] 




 记录时间：2018-11-22 16:33:46,623 
日志级别：  DEBUG 
出错类：Himall.Web.MvcApplication.Application_EndRequest  
错误描述：2018-11-22 04:33:46 623:[当前请求URL：http://localhost:62443/Admin/Login；请求的参数为：；页面加载的时间：14150.1896 毫秒] 




 记录时间：2018-11-22 16:34:11,256 
日志级别：  DEBUG 
出错类：Himall.Web.MvcApplication.Application_EndRequest  
错误描述：2018-11-22 04:34:11 256:[当前请求URL：http://localhost:62443/SellerAdmin/product/edit/807；请求的参数为：；页面加载的时间：31964.5968 毫秒] 




 记录时间：2018-11-22 16:34:11,508 
日志级别：  DEBUG 
出错类：Himall.Web.MvcApplication.Application_EndRequest  
错误描述：2018-11-22 04:34:11 508:[当前请求URL：http://localhost:62443/Admin/Login/login；请求的参数为：；页面加载的时间：21140.7375 毫秒] 




 记录时间：2018-11-22 16:34:26,490 
日志级别：  DEBUG 
出错类：Himall.Web.MvcApplication.Application_EndRequest  
错误描述：2018-11-22 04:34:26 490:[当前请求URL：http://localhost:62443/Admin/home/Console；请求的参数为：；页面加载的时间：14713.9617 毫秒] 




 记录时间：2018-11-22 16:34:26,567 
日志级别：  DEBUG 
出错类：Himall.Web.MvcApplication.Application_EndRequest  
错误描述：2018-11-22 04:34:26 567:[当前请求URL：http://localhost:62443/common/UEditor/Handle?action=config&&noCache=1542875654560；请求的参数为：action=config&&noCache=1542875654560；页面加载的时间：11924.4784 毫秒] 




 记录时间：2018-11-22 16:34:28,318 
日志级别：  DEBUG 
出错类：Himall.Web.MvcApplication.Application_EndRequest  
错误描述：2018-11-22 04:34:28 317:[当前请求URL：http://localhost:62443/cart/GetCartProducts；请求的参数为：；页面加载的时间：13735.2663 毫秒] 




 记录时间：2018-11-22 16:34:30,137 
日志级别：  DEBUG 
出错类：Himall.Web.MvcApplication.Application_EndRequest  
错误描述：2018-11-22 04:34:30 137:[当前请求URL：http://localhost:62443/SellerAdmin/product/GetAttributes?isCategoryId=1&categoryId=19；请求的参数为：isCategoryId=1&categoryId=19；页面加载的时间：15555.5607 毫秒] 




 记录时间：2018-11-22 16:34:31,169 
日志级别：  DEBUG 
出错类：Himall.Web.MvcApplication.Application_EndRequest  
错误描述：2018-11-22 04:34:31 169:[当前请求URL：http://localhost:62443/SellerAdmin/product/Specifications?productId=807&categoryId=19；请求的参数为：productId=807&categoryId=19；页面加载的时间：16630.8237 毫秒] 




 记录时间：2018-11-22 16:34:33,263 
日志级别：  DEBUG 
出错类：Himall.Web.MvcApplication.Application_EndRequest  
错误描述：2018-11-22 04:34:33 262:[当前请求URL：http://localhost:62443/SellerAdmin/product/CategoryBrands?categoryId=19；请求的参数为：categoryId=19；页面加载的时间：18724.3194 毫秒] 




 记录时间：2018-11-22 16:34:40,687 
日志级别：  DEBUG 
出错类：Himall.Web.MvcApplication.Application_EndRequest  
错误描述：2018-11-22 04:34:40 687:[当前请求URL：http://localhost:62443/Admin/product/management；请求的参数为：；页面加载的时间：5432.3593 毫秒] 




 记录时间：2018-11-22 16:35:04,369 
日志级别：  DEBUG 
出错类：Himall.Web.MvcApplication.Application_EndRequest  
错误描述：2018-11-22 04:35:04 368:[当前请求URL：http://localhost:62443/Product/Details/807；请求的参数为：；页面加载的时间：12499.4811 毫秒] 




 记录时间：2018-11-22 16:35:21,243 
日志级别：  DEBUG 
出错类：Himall.Web.MvcApplication.Application_EndRequest  
错误描述：2018-11-22 04:35:21 242:[当前请求URL：http://localhost:62443/m-wap/Product/Details/807?nojumpfg = 1；请求的参数为：nojumpfg+=+1；页面加载的时间：16837.5535 毫秒] 




 记录时间：2018-11-22 16:35:22,651 
日志级别：  DEBUG 
出错类：Himall.Web.MvcApplication.Application_EndRequest  
错误描述：2018-11-22 04:35:22 650:[当前请求URL：http://localhost:62443/SellerAdmin/product/edit/807；请求的参数为：；页面加载的时间：33550.029 毫秒] 




 记录时间：2018-11-22 16:35:24,426 
日志级别：  DEBUG 
出错类：Himall.Web.MvcApplication.Application_EndRequest  
错误描述：2018-11-22 04:35:24 426:[当前请求URL：http://localhost:62443/SellerAdmin/product/edit/807；请求的参数为：；页面加载的时间：36378.1083 毫秒] 




 记录时间：2018-11-22 16:35:51,743 
日志级别：  DEBUG 
出错类：Himall.Web.MvcApplication.Application_EndRequest  
错误描述：2018-11-22 04:35:51 743:[当前请求URL：http://localhost:62443/Admin/product/list；请求的参数为：；页面加载的时间：8483.7341 毫秒] 




 记录时间：2018-11-22 16:36:30,128 
日志级别：  DEBUG 
出错类：Himall.Web.MvcApplication.Application_EndRequest  
错误描述：2018-11-22 04:36:30 127:[当前请求URL：http://localhost:62443/SellerAdmin/product/edit/807；请求的参数为：；页面加载的时间：10155.6778 毫秒] 




 记录时间：2018-11-22 16:37:13,854 
日志级别：  DEBUG 
出错类：Himall.Web.MvcApplication.Application_EndRequest  
错误描述：2018-11-22 04:37:13 854:[当前请求URL：http://localhost:62443/cart/GetCartProducts；请求的参数为：；页面加载的时间：6081.7044 毫秒] 




 记录时间：2018-11-22 16:37:16,220 
日志级别：  DEBUG 
出错类：Himall.Web.MvcApplication.Application_EndRequest  
错误描述：2018-11-22 04:37:16 220:[当前请求URL：http://localhost:62443/SellerAdmin/product/CategoryBrands?categoryId=19；请求的参数为：categoryId=19；页面加载的时间：8468.4009 毫秒] 




 记录时间：2018-11-22 16:38:03,601 
日志级别：  DEBUG 
出错类：Himall.Web.MvcApplication.Application_EndRequest  
错误描述：2018-11-22 04:38:03 600:[当前请求URL：http://localhost:62443/SellerAdmin/product/edit/807；请求的参数为：；页面加载的时间：21010.3499 毫秒] 




 记录时间：2018-11-22 16:40:11,984 
日志级别：  DEBUG 
出错类：Himall.Web.WebApiConfig.Register  
错误描述：[OpenApi]RegRoute-DefaultOpenApi 




 记录时间：2018-11-22 16:41:06,461 
日志级别：  DEBUG 
出错类：Himall.Web.WebApiConfig.Register  
错误描述：[OpenApi]RegRoute-DefaultOpenApi 




 记录时间：2018-11-22 16:41:23,061 
日志级别：  DEBUG 
出错类：Himall.Web.MvcApplication.Application_EndRequest  
错误描述：2018-11-22 04:41:23 061:[当前请求URL：http://localhost:62443/；请求的参数为：；页面加载的时间：8599.6137 毫秒] 




 记录时间：2018-11-22 16:41:23,064 
日志级别：  DEBUG 
出错类：Himall.Web.MvcApplication.Application_EndRequest  
错误描述：2018-11-22 04:41:23 064:[当前请求URL：http://localhost:62443/；请求的参数为：；页面加载的时间：8680.6679 毫秒] 




 记录时间：2018-11-22 16:41:35,243 
日志级别：  DEBUG 
出错类：Himall.Web.MvcApplication.Application_EndRequest  
错误描述：2018-11-22 04:41:35 243:[当前请求URL：http://localhost:62443/product/UserCoupons；请求的参数为：；页面加载的时间：5551.4449 毫秒] 




 记录时间：2018-11-22 16:42:02,620 
日志级别：  DEBUG 
出错类：Himall.Web.MvcApplication.Application_EndRequest  
错误描述：2018-11-22 04:42:02 619:[当前请求URL：http://localhost:62443/SellerAdmin/product/management；请求的参数为：；页面加载的时间：20112.2989 毫秒] 




 记录时间：2018-11-22 16:42:02,869 
日志级别：  DEBUG 
出错类：Himall.Web.MvcApplication.Application_EndRequest  
错误描述：2018-11-22 04:42:02 869:[当前请求URL：http://localhost:62443/Admin/product/management；请求的参数为：；页面加载的时间：12884.1638 毫秒] 




 记录时间：2018-11-22 16:42:19,075 
日志级别：  DEBUG 
出错类：Himall.Web.MvcApplication.Application_EndRequest  
错误描述：2018-11-22 04:42:19 075:[当前请求URL：http://localhost:62443/Admin/Login；请求的参数为：；页面加载的时间：16160.4828 毫秒] 




 记录时间：2018-11-22 16:42:42,206 
日志级别：  DEBUG 
出错类：Himall.Web.MvcApplication.Application_EndRequest  
错误描述：2018-11-22 04:42:42 205:[当前请求URL：http://localhost:62443/Admin/home/Console；请求的参数为：；页面加载的时间：10222.263 毫秒] 




 记录时间：2018-11-22 16:42:42,905 
日志级别：  DEBUG 
出错类：Himall.Web.MvcApplication.Application_EndRequest  
错误描述：2018-11-22 04:42:42 905:[当前请求URL：http://localhost:62443/SellerAdmin/product/management；请求的参数为：；页面加载的时间：7033.4974 毫秒] 




 记录时间：2018-11-22 16:45:19,688 
日志级别：  DEBUG 
出错类：Himall.Web.MvcApplication.Application_EndRequest  
错误描述：2018-11-22 04:45:19 687:[当前请求URL：http://localhost:62443/Product/Details/807；请求的参数为：；页面加载的时间：8764.4776 毫秒] 




 记录时间：2018-11-22 16:45:27,904 
日志级别：  DEBUG 
出错类：Himall.Web.MvcApplication.Application_EndRequest  
错误描述：2018-11-22 04:45:27 904:[当前请求URL：http://localhost:62443/m-wap/Product/Details/807?nojumpfg = 1；请求的参数为：nojumpfg+=+1；页面加载的时间：8202.6334 毫秒] 




 记录时间：2018-11-22 16:45:28,323 
日志级别：  DEBUG 
出错类：Himall.Web.MvcApplication.Application_EndRequest  
错误描述：2018-11-22 04:45:28 323:[当前请求URL：http://localhost:62443/SellerAdmin/product/edit/807；请求的参数为：；页面加载的时间：20979.8018 毫秒] 




 记录时间：2018-11-22 16:47:39,925 
日志级别：  DEBUG 
出错类：Himall.Web.WebApiConfig.Register  
错误描述：[OpenApi]RegRoute-DefaultOpenApi 




 记录时间：2018-11-22 16:47:53,502 
日志级别：  DEBUG 
出错类：Himall.Web.MvcApplication.Application_EndRequest  
错误描述：2018-11-22 04:47:53 501:[当前请求URL：http://localhost:62443/；请求的参数为：；页面加载的时间：8109.2621 毫秒] 




 记录时间：2018-11-22 16:48:28,031 
日志级别：  DEBUG 
出错类：Himall.Web.WebApiConfig.Register  
错误描述：[OpenApi]RegRoute-DefaultOpenApi 




 记录时间：2018-11-22 16:48:38,117 
日志级别：  DEBUG 
出错类：Himall.Web.MvcApplication.Application_EndRequest  
错误描述：2018-11-22 04:48:38 116:[当前请求URL：http://localhost:62443/；请求的参数为：；页面加载的时间：6475.6007 毫秒] 




 记录时间：2018-11-22 16:49:30,037 
日志级别：  DEBUG 
出错类：Himall.Web.WebApiConfig.Register  
错误描述：[OpenApi]RegRoute-DefaultOpenApi 




 记录时间：2018-11-22 16:49:42,614 
日志级别：  DEBUG 
出错类：Himall.Web.MvcApplication.Application_EndRequest  
错误描述：2018-11-22 04:49:42 613:[当前请求URL：http://localhost:62443/；请求的参数为：；页面加载的时间：5851.6574 毫秒] 




 记录时间：2018-11-22 16:50:15,408 
日志级别：  DEBUG 
出错类：Himall.Web.WebApiConfig.Register  
错误描述：[OpenApi]RegRoute-DefaultOpenApi 




 记录时间：2018-11-22 16:50:25,319 
日志级别：  DEBUG 
出错类：Himall.Web.MvcApplication.Application_EndRequest  
错误描述：2018-11-22 04:50:25 319:[当前请求URL：http://localhost:62443/；请求的参数为：；页面加载的时间：5842.0276 毫秒] 

