


 记录时间：2019-01-10 09:45:05,786 
日志级别：  DEBUG 
出错类：Himall.Web.WebApiConfig.Register  
错误描述：[OpenApi]RegRoute-DefaultOpenApi 




 记录时间：2019-01-10 09:45:48,302 
日志级别：  DEBUG 
出错类：Himall.Web.WebApiConfig.Register  
错误描述：[OpenApi]RegRoute-DefaultOpenApi 




 记录时间：2019-01-10 09:46:01,888 
日志级别：  DEBUG 
出错类：Himall.Web.WebApiConfig.Register  
错误描述：[OpenApi]RegRoute-DefaultOpenApi 




 记录时间：2019-01-10 09:46:15,050 
日志级别：  DEBUG 
出错类：Himall.Web.WebApiConfig.Register  
错误描述：[OpenApi]RegRoute-DefaultOpenApi 




 记录时间：2019-01-10 09:46:28,090 
日志级别：  DEBUG 
出错类：Himall.Web.WebApiConfig.Register  
错误描述：[OpenApi]RegRoute-DefaultOpenApi 




 记录时间：2019-01-10 09:46:41,063 
日志级别：  DEBUG 
出错类：Himall.Web.WebApiConfig.Register  
错误描述：[OpenApi]RegRoute-DefaultOpenApi 




 记录时间：2019-01-10 09:46:57,358 
日志级别：  DEBUG 
出错类：Himall.Web.WebApiConfig.Register  
错误描述：[OpenApi]RegRoute-DefaultOpenApi 




 记录时间：2019-01-10 09:47:12,310 
日志级别：  DEBUG 
出错类：Himall.Web.WebApiConfig.Register  
错误描述：[OpenApi]RegRoute-DefaultOpenApi 




 记录时间：2019-01-10 09:47:25,693 
日志级别：  DEBUG 
出错类：Himall.Web.WebApiConfig.Register  
错误描述：[OpenApi]RegRoute-DefaultOpenApi 




 记录时间：2019-01-10 09:47:38,727 
日志级别：  DEBUG 
出错类：Himall.Web.WebApiConfig.Register  
错误描述：[OpenApi]RegRoute-DefaultOpenApi 




 记录时间：2019-01-10 09:47:53,048 
日志级别：  DEBUG 
出错类：Himall.Web.WebApiConfig.Register  
错误描述：[OpenApi]RegRoute-DefaultOpenApi 




 记录时间：2019-01-10 09:48:06,747 
日志级别：  DEBUG 
出错类：Himall.Web.WebApiConfig.Register  
错误描述：[OpenApi]RegRoute-DefaultOpenApi 




 记录时间：2019-01-10 09:48:19,846 
日志级别：  DEBUG 
出错类：Himall.Web.WebApiConfig.Register  
错误描述：[OpenApi]RegRoute-DefaultOpenApi 




 记录时间：2019-01-10 09:48:32,835 
日志级别：  DEBUG 
出错类：Himall.Web.WebApiConfig.Register  
错误描述：[OpenApi]RegRoute-DefaultOpenApi 




 记录时间：2019-01-10 09:48:46,371 
日志级别：  DEBUG 
出错类：Himall.Web.WebApiConfig.Register  
错误描述：[OpenApi]RegRoute-DefaultOpenApi 




 记录时间：2019-01-10 09:48:59,057 
日志级别：  DEBUG 
出错类：Himall.Web.WebApiConfig.Register  
错误描述：[OpenApi]RegRoute-DefaultOpenApi 




 记录时间：2019-01-10 09:49:13,424 
日志级别：  DEBUG 
出错类：Himall.Web.WebApiConfig.Register  
错误描述：[OpenApi]RegRoute-DefaultOpenApi 




 记录时间：2019-01-10 09:49:27,941 
日志级别：  DEBUG 
出错类：Himall.Web.WebApiConfig.Register  
错误描述：[OpenApi]RegRoute-DefaultOpenApi 




 记录时间：2019-01-10 09:49:42,120 
日志级别：  DEBUG 
出错类：Himall.Web.WebApiConfig.Register  
错误描述：[OpenApi]RegRoute-DefaultOpenApi 




 记录时间：2019-01-10 09:49:54,815 
日志级别：  DEBUG 
出错类：Himall.Web.MvcApplication.Application_EndRequest  
错误描述：2019-01-10 09:49:54 811:[当前请求URL：http://localhost:62443/；请求的参数为：；页面加载的时间：9302.7382 毫秒] 




 记录时间：2019-01-10 09:50:21,714 
日志级别：  DEBUG 
出错类：Himall.Web.WebApiConfig.Register  
错误描述：[OpenApi]RegRoute-DefaultOpenApi 




 记录时间：2019-01-10 09:50:32,311 
日志级别：  DEBUG 
出错类：Himall.Web.MvcApplication.Application_EndRequest  
错误描述：2019-01-10 09:50:32 310:[当前请求URL：http://localhost:62443/；请求的参数为：；页面加载的时间：5139.7178 毫秒] 




 记录时间：2019-01-10 09:50:32,312 
日志级别：  DEBUG 
出错类：Himall.Web.MvcApplication.Application_EndRequest  
错误描述：2019-01-10 09:50:32 311:[当前请求URL：http://localhost:62443/；请求的参数为：；页面加载的时间：5183.749 毫秒] 




 记录时间：2019-01-10 09:51:01,280 
日志级别：  DEBUG 
出错类：Himall.Web.MvcApplication.Application_EndRequest  
错误描述：2019-01-10 09:51:01 279:[当前请求URL：http://localhost:62443/SellerAdmin/orderrefund/management?showtype=2；请求的参数为：showtype=2；页面加载的时间：9670.3627 毫秒] 




 记录时间：2019-01-10 09:51:20,688 
日志级别：  DEBUG 
出错类：Himall.Web.MvcApplication.Application_EndRequest  
错误描述：2019-01-10 09:51:20 688:[当前请求URL：http://localhost:62443/m-wap/Member/Orders?orderStatus=2；请求的参数为：orderStatus=2；页面加载的时间：5499.2869 毫秒] 




 记录时间：2019-01-10 09:53:01,140 
日志级别：  DEBUG 
出错类：Himall.Web.MvcApplication.Application_EndRequest  
错误描述：2019-01-10 09:53:01 139:[当前请求URL：http://localhost:62443/m-Wap/OrderRefund/List；请求的参数为：；页面加载的时间：5827.8518 毫秒] 




 记录时间：2019-01-10 09:54:38,761 
日志级别：  DEBUG 
出错类：Himall.Web.MvcApplication.Application_EndRequest  
错误描述：2019-01-10 09:54:38 761:[当前请求URL：http://localhost:62443/SellerAdmin/orderrefund/list?showtype=2；请求的参数为：showtype=2；页面加载的时间：5684.9893 毫秒] 




 记录时间：2019-01-10 09:59:26,381 
日志级别：  DEBUG 
出错类：Himall.Web.Framework.BaseController.OnException  
错误描述：You have an error in your SQL syntax; check the manual that corresponds to your MySQL server version for the right syntax to use near 'where of.Id=260' at line 1 




 记录时间：2019-01-10 09:59:26,440 
日志级别：  DEBUG 
出错类：Himall.Web.MvcApplication.Application_EndRequest  
错误描述：2019-01-10 09:59:26 439:[当前请求URL：http://localhost:62443/SellerAdmin/orderrefund/Getrefunds；请求的参数为：；页面加载的时间：259541.7539 毫秒] 




 记录时间：2019-01-10 09:59:30,757 
日志级别：  DEBUG 
出错类：Himall.Web.MvcApplication.Application_EndRequest  
错误描述：2019-01-10 09:59:30 756:[当前请求URL：http://localhost:62443/SellerAdmin/orderrefund/list?showtype=2；请求的参数为：showtype=2；页面加载的时间：263845.0287 毫秒] 




 记录时间：2019-01-10 10:00:29,817 
日志级别：  DEBUG 
出错类：Himall.Web.WebApiConfig.Register  
错误描述：[OpenApi]RegRoute-DefaultOpenApi 




 记录时间：2019-01-10 10:00:54,171 
日志级别：  DEBUG 
出错类：Himall.Web.MvcApplication.Application_EndRequest  
错误描述：2019-01-10 10:00:54 171:[当前请求URL：http://localhost:62443/；请求的参数为：；页面加载的时间：20081.2684 毫秒] 




 记录时间：2019-01-10 10:01:15,270 
日志级别：  DEBUG 
出错类：Himall.Web.WebApiConfig.Register  
错误描述：[OpenApi]RegRoute-DefaultOpenApi 




 记录时间：2019-01-10 10:01:56,212 
日志级别：  DEBUG 
出错类：Himall.Web.MvcApplication.Application_EndRequest  
错误描述：2019-01-10 10:01:56 211:[当前请求URL：http://localhost:62443/SellerAdmin/orderrefund/management?showtype=2；请求的参数为：showtype=2；页面加载的时间：8957.5169 毫秒] 




 记录时间：2019-01-10 10:02:02,466 
日志级别：  DEBUG 
出错类：Himall.Web.MvcApplication.Application_EndRequest  
错误描述：2019-01-10 10:02:02 465:[当前请求URL：http://localhost:62443/SellerAdmin/orderrefund/list?showtype=2；请求的参数为：showtype=2；页面加载的时间：5383.1103 毫秒] 




 记录时间：2019-01-10 10:03:09,471 
日志级别：  DEBUG 
出错类：Himall.Web.Framework.BaseController.OnException  
错误描述：The cast to value type 'System.Int32' failed because the materialized value is null. Either the result type's generic parameter or the query must use a nullable type. 




 记录时间：2019-01-10 10:03:09,649 
日志级别：  DEBUG 
出错类：Himall.Web.MvcApplication.Application_EndRequest  
错误描述：2019-01-10 10:03:09 649:[当前请求URL：http://localhost:62443/SellerAdmin/orderrefund/Getrefunds?refundId=260；请求的参数为：refundId=260；页面加载的时间：34441.9448 毫秒] 




 记录时间：2019-01-10 10:04:05,251 
日志级别：  DEBUG 
出错类：Himall.Web.WebApiConfig.Register  
错误描述：[OpenApi]RegRoute-DefaultOpenApi 




 记录时间：2019-01-10 10:04:25,952 
日志级别：  DEBUG 
出错类：Himall.Web.MvcApplication.Application_EndRequest  
错误描述：2019-01-10 10:04:25 951:[当前请求URL：http://localhost:62443/；请求的参数为：；页面加载的时间：14378.4679 毫秒] 




 记录时间：2019-01-10 10:04:46,006 
日志级别：  DEBUG 
出错类：Himall.Web.WebApiConfig.Register  
错误描述：[OpenApi]RegRoute-DefaultOpenApi 




 记录时间：2019-01-10 10:04:56,721 
日志级别：  DEBUG 
出错类：Himall.Web.MvcApplication.Application_EndRequest  
错误描述：2019-01-10 10:04:56 720:[当前请求URL：http://localhost:62443/；请求的参数为：；页面加载的时间：5995.1092 毫秒] 




 记录时间：2019-01-10 10:04:56,756 
日志级别：  DEBUG 
出错类：Himall.Web.MvcApplication.Application_EndRequest  
错误描述：2019-01-10 10:04:56 755:[当前请求URL：http://localhost:62443/；请求的参数为：；页面加载的时间：6080.1685 毫秒] 




 记录时间：2019-01-10 10:05:20,688 
日志级别：  DEBUG 
出错类：Himall.Web.MvcApplication.Application_EndRequest  
错误描述：2019-01-10 10:05:20 688:[当前请求URL：http://localhost:62443/SellerAdmin/orderrefund/management?showtype=2；请求的参数为：showtype=2；页面加载的时间：10951.3238 毫秒] 




 记录时间：2019-01-10 10:07:03,461 
日志级别：  DEBUG 
出错类：Himall.Web.Framework.BaseController.OnException  
错误描述：The cast to value type 'System.Int32' failed because the materialized value is null. Either the result type's generic parameter or the query must use a nullable type. 




 记录时间：2019-01-10 10:07:03,532 
日志级别：  DEBUG 
出错类：Himall.Web.MvcApplication.Application_EndRequest  
错误描述：2019-01-10 10:07:03 532:[当前请求URL：http://localhost:62443/SellerAdmin/orderrefund/Getrefunds?refundId=260；请求的参数为：refundId=260；页面加载的时间：24679.0602 毫秒] 




 记录时间：2019-01-10 10:09:09,975 
日志级别：  DEBUG 
出错类：Himall.Web.WebApiConfig.Register  
错误描述：[OpenApi]RegRoute-DefaultOpenApi 




 记录时间：2019-01-10 10:09:28,238 
日志级别：  DEBUG 
出错类：Himall.Web.MvcApplication.Application_EndRequest  
错误描述：2019-01-10 10:09:28 238:[当前请求URL：http://localhost:62443/；请求的参数为：；页面加载的时间：14818.7126 毫秒] 




 记录时间：2019-01-10 10:10:29,490 
日志级别：  DEBUG 
出错类：Himall.Web.WebApiConfig.Register  
错误描述：[OpenApi]RegRoute-DefaultOpenApi 




 记录时间：2019-01-10 10:11:36,585 
日志级别：  DEBUG 
出错类：Himall.Web.MvcApplication.Application_EndRequest  
错误描述：2019-01-10 10:11:36 583:[当前请求URL：http://localhost:62443/SellerAdmin/orderrefund/Getrefunds?refundId=260；请求的参数为：refundId=260；页面加载的时间：10566.6853 毫秒] 




 记录时间：2019-01-10 10:17:54,377 
日志级别：  DEBUG 
出错类：Himall.Web.WebApiConfig.Register  
错误描述：[OpenApi]RegRoute-DefaultOpenApi 




 记录时间：2019-01-10 10:18:14,975 
日志级别：  DEBUG 
出错类：Himall.Web.MvcApplication.Application_EndRequest  
错误描述：2019-01-10 10:18:14 975:[当前请求URL：http://localhost:62443/；请求的参数为：；页面加载的时间：14502.7494 毫秒] 




 记录时间：2019-01-10 10:18:40,308 
日志级别：  DEBUG 
出错类：Himall.Web.WebApiConfig.Register  
错误描述：[OpenApi]RegRoute-DefaultOpenApi 




 记录时间：2019-01-10 10:18:54,651 
日志级别：  DEBUG 
出错类：Himall.Web.MvcApplication.Application_EndRequest  
错误描述：2019-01-10 10:18:54 651:[当前请求URL：http://localhost:62443/；请求的参数为：；页面加载的时间：8596.1019 毫秒] 




 记录时间：2019-01-10 10:18:54,659 
日志级别：  DEBUG 
出错类：Himall.Web.MvcApplication.Application_EndRequest  
错误描述：2019-01-10 10:18:54 659:[当前请求URL：http://localhost:62443/；请求的参数为：；页面加载的时间：8686.1668 毫秒] 




 记录时间：2019-01-10 10:40:27,350 
日志级别：  DEBUG 
出错类：Himall.Web.WebApiConfig.Register  
错误描述：[OpenApi]RegRoute-DefaultOpenApi 




 记录时间：2019-01-10 10:40:48,667 
日志级别：  DEBUG 
出错类：Himall.Web.MvcApplication.Application_EndRequest  
错误描述：2019-01-10 10:40:48 667:[当前请求URL：http://localhost:62443/；请求的参数为：；页面加载的时间：15819.7324 毫秒] 




 记录时间：2019-01-10 10:41:18,156 
日志级别：  DEBUG 
出错类：Himall.Web.WebApiConfig.Register  
错误描述：[OpenApi]RegRoute-DefaultOpenApi 




 记录时间：2019-01-10 10:41:37,808 
日志级别：  DEBUG 
出错类：Himall.Web.MvcApplication.Application_EndRequest  
错误描述：2019-01-10 10:41:37 808:[当前请求URL：http://localhost:62443/；请求的参数为：；页面加载的时间：11875.5239 毫秒] 




 记录时间：2019-01-10 10:41:37,808 
日志级别：  DEBUG 
出错类：Himall.Web.MvcApplication.Application_EndRequest  
错误描述：2019-01-10 10:41:37 808:[当前请求URL：http://localhost:62443/；请求的参数为：；页面加载的时间：11792.4646 毫秒] 




 记录时间：2019-01-10 10:42:57,817 
日志级别：  DEBUG 
出错类：Himall.Web.Framework.BaseController.OnException  
错误描述：Timeout in IO operation 




 记录时间：2019-01-10 10:42:57,891 
日志级别：  DEBUG 
出错类：Himall.Web.MvcApplication.Application_EndRequest  
错误描述：2019-01-10 10:42:57 890:[当前请求URL：http://localhost:62443/home/GetBrands；请求的参数为：；页面加载的时间：74324.3252 毫秒] 




 记录时间：2019-01-10 10:42:58,028 
日志级别：  DEBUG 
出错类：Himall.Web.MvcApplication.Application_EndRequest  
错误描述：2019-01-10 10:42:58 028:[当前请求URL：http://localhost:62443/Home/GetThemeSettingJson；请求的参数为：；页面加载的时间：74478.9447 毫秒] 




 记录时间：2019-01-10 10:42:59,897 
日志级别：  DEBUG 
出错类：Himall.Web.MvcApplication.Application_EndRequest  
错误描述：2019-01-10 10:42:59 897:[当前请求URL：http://localhost:62443/SellerAdmin/orderrefund/Getrefunds?refundId=260；请求的参数为：refundId=260；页面加载的时间：93955.5549 毫秒] 




 记录时间：2019-01-10 10:43:00,081 
日志级别：  DEBUG 
出错类：Himall.Web.MvcApplication.Application_EndRequest  
错误描述：2019-01-10 10:43:00 081:[当前请求URL：http://localhost:62443/Login/GetOAuthList?_=1547088106006；请求的参数为：_=1547088106006；页面加载的时间：13740.9835 毫秒] 




 记录时间：2019-01-10 10:43:00,088 
日志级别：  DEBUG 
出错类：Himall.Web.MvcApplication.Application_EndRequest  
错误描述：2019-01-10 10:43:00 088:[当前请求URL：http://localhost:62443/Home/GetNotice；请求的参数为：；页面加载的时间：76534.0837 毫秒] 




 记录时间：2019-01-10 10:43:00,489 
日志级别：  DEBUG 
出错类：Himall.Web.MvcApplication.Application_EndRequest  
错误描述：2019-01-10 10:43:00 489:[当前请求URL：http://localhost:62443/；请求的参数为：；页面加载的时间：14084.7252 毫秒] 




 记录时间：2019-01-10 10:43:46,067 
日志级别：  DEBUG 
出错类：Himall.Web.MvcApplication.Application_EndRequest  
错误描述：2019-01-10 10:43:46 067:[当前请求URL：http://localhost:62443/SellerAdmin/orderrefund/Getrefunds?refundId=260；请求的参数为：refundId=260；页面加载的时间：5548.0308 毫秒] 




 记录时间：2019-01-10 10:47:28,766 
日志级别：  DEBUG 
出错类：Himall.Web.MvcApplication.Application_EndRequest  
错误描述：2019-01-10 10:47:28 765:[当前请求URL：http://localhost:62443/SellerAdmin/orderrefund/management?showtype=2；请求的参数为：showtype=2；页面加载的时间：9479.1701 毫秒] 




 记录时间：2019-01-10 10:47:36,871 
日志级别：  DEBUG 
出错类：Himall.Web.MvcApplication.Application_EndRequest  
错误描述：2019-01-10 10:47:36 870:[当前请求URL：http://localhost:62443/SellerAdmin/orderrefund/list?showtype=2；请求的参数为：showtype=2；页面加载的时间：6776.6876 毫秒] 




 记录时间：2019-01-10 10:48:22,774 
日志级别：  DEBUG 
出错类：Himall.Web.MvcApplication.Application_EndRequest  
错误描述：2019-01-10 10:48:22 773:[当前请求URL：http://localhost:62443/m-wap/Member/Orders?orderStatus=2；请求的参数为：orderStatus=2；页面加载的时间：10757.0027 毫秒] 




 记录时间：2019-01-10 10:48:54,783 
日志级别：  DEBUG 
出错类：Himall.Web.MvcApplication.Application_EndRequest  
错误描述：2019-01-10 10:48:54 783:[当前请求URL：http://localhost:62443/m-Wap/OrderRefund/RefundApply/?orderid=2019010727544579；请求的参数为：orderid=2019010727544579；页面加载的时间：5375.2524 毫秒] 




 记录时间：2019-01-10 10:49:13,655 
日志级别：  DEBUG 
出错类：Himall.Web.MvcApplication.Application_EndRequest  
错误描述：2019-01-10 10:49:13 654:[当前请求URL：http://localhost:62443/m-Wap/OrderRefund/List；请求的参数为：；页面加载的时间：7454.648 毫秒] 




 记录时间：2019-01-10 10:55:30,607 
日志级别：  DEBUG 
出错类：Himall.Web.MvcApplication.Application_EndRequest  
错误描述：2019-01-10 10:55:30 606:[当前请求URL：http://localhost:62443/Admin/Login；请求的参数为：；页面加载的时间：7671.1432 毫秒] 




 记录时间：2019-01-10 10:57:03,635 
日志级别：  DEBUG 
出错类：Himall.Web.MvcApplication.Application_EndRequest  
错误描述：2019-01-10 10:57:03 634:[当前请求URL：http://localhost:62443/Admin/home/Console；请求的参数为：；页面加载的时间：9383.374 毫秒] 




 记录时间：2019-01-10 10:57:38,000 
日志级别：  DEBUG 
出错类：Himall.Web.MvcApplication.Application_EndRequest  
错误描述：2019-01-10 10:57:38 000:[当前请求URL：http://localhost:62443/Admin/OrderRefund/CheckRefund；请求的参数为：；页面加载的时间：8525.3333 毫秒] 




 记录时间：2019-01-10 11:00:07,678 
日志级别：  DEBUG 
出错类：Himall.Web.MvcApplication.Application_EndRequest  
错误描述：2019-01-10 11:00:07 678:[当前请求URL：http://localhost:62443/Admin/OrderRefund/CheckRefund；请求的参数为：；页面加载的时间：11656.8326 毫秒] 




 记录时间：2019-01-10 11:03:40,324 
日志级别：  DEBUG 
出错类：Himall.Web.WebApiConfig.Register  
错误描述：[OpenApi]RegRoute-DefaultOpenApi 




 记录时间：2019-01-10 11:04:04,361 
日志级别：  DEBUG 
出错类：Himall.Web.MvcApplication.Application_EndRequest  
错误描述：2019-01-10 11:04:04 360:[当前请求URL：http://localhost:62443/；请求的参数为：；页面加载的时间：16960.0652 毫秒] 




 记录时间：2019-01-10 11:04:34,856 
日志级别：  DEBUG 
出错类：Himall.Web.WebApiConfig.Register  
错误描述：[OpenApi]RegRoute-DefaultOpenApi 




 记录时间：2019-01-10 11:04:49,659 
日志级别：  DEBUG 
出错类：Himall.Web.MvcApplication.Application_EndRequest  
错误描述：2019-01-10 11:04:49 659:[当前请求URL：http://localhost:62443/；请求的参数为：；页面加载的时间：7988.2916 毫秒] 




 记录时间：2019-01-10 11:04:49,659 
日志级别：  DEBUG 
出错类：Himall.Web.MvcApplication.Application_EndRequest  
错误描述：2019-01-10 11:04:49 659:[当前请求URL：http://localhost:62443/；请求的参数为：；页面加载的时间：8075.8537 毫秒] 




 记录时间：2019-01-10 11:04:57,600 
日志级别：  DEBUG 
出错类：Himall.Web.MvcApplication.Application_EndRequest  
错误描述：2019-01-10 11:04:57 600:[当前请求URL：http://localhost:62443/userinfo/GetCurrentUserInfo；请求的参数为：；页面加载的时间：6117.5006 毫秒] 




 记录时间：2019-01-10 11:04:58,387 
日志级别：  DEBUG 
出错类：Himall.Web.MvcApplication.Application_EndRequest  
错误描述：2019-01-10 11:04:58 386:[当前请求URL：http://localhost:62443/home/coupon；请求的参数为：；页面加载的时间：5711.7127 毫秒] 




 记录时间：2019-01-10 11:05:04,232 
日志级别：  DEBUG 
出错类：Himall.Web.MvcApplication.Application_EndRequest  
错误描述：2019-01-10 11:05:04 231:[当前请求URL：http://localhost:62443/cart/GetCartProducts；请求的参数为：；页面加载的时间：5828.932 毫秒] 




 记录时间：2019-01-10 11:08:32,640 
日志级别：  DEBUG 
出错类：Himall.Web.MvcApplication.Application_EndRequest  
错误描述：2019-01-10 11:08:32 640:[当前请求URL：http://localhost:62443/Admin/Login；请求的参数为：；页面加载的时间：7967.2395 毫秒] 




 记录时间：2019-01-10 11:08:53,907 
日志级别：  DEBUG 
出错类：Himall.Web.MvcApplication.Application_EndRequest  
错误描述：2019-01-10 11:08:53 907:[当前请求URL：http://localhost:62443/Admin/home/Console；请求的参数为：；页面加载的时间：14461.6614 毫秒] 




 记录时间：2019-01-10 11:09:26,322 
日志级别：  DEBUG 
出错类：Himall.Service.RefundService.ConfirmRefund  
错误描述：BackOut 




 记录时间：2019-01-10 11:09:28,874 
日志级别：  DEBUG 
出错类：Himall.Service.RefundService.RefundBackOut  
错误描述：notifyurlhttp://localhost/Pay/RefundNotify/{0} 




 记录时间：2019-01-10 11:09:28,876 
日志级别：  DEBUG 
出错类：Himall.Service.RefundService.RefundBackOut  
错误描述：payWayHimall.Plugin.Payment.WeiXinPay 




 记录时间：2019-01-10 11:09:32,084 
日志级别：  DEBUG 
出错类：Himall.Service.RefundService.RefundBackOut  
错误描述：1 




 记录时间：2019-01-10 11:09:32,881 
日志级别：  DEBUG 
出错类：Himall.Service.RefundService.RefundBackOut  
错误描述：OrderPayInfo.PayId190107261038343462 




 记录时间：2019-01-10 11:09:32,965 
日志级别：  DEBUG 
出错类：Himall.Service.RefundService.RefundBackOut  
错误描述：orderIdsSystem.Collections.Generic.List`1[System.Int64] 




 记录时间：2019-01-10 11:09:33,144 
日志级别：  DEBUG 
出错类：Himall.Service.RefundService.RefundBackOut  
错误描述：firstOrderid2019010784468285 




 记录时间：2019-01-10 11:09:33,337 
日志级别：  DEBUG 
出错类：Himall.Service.RefundService.RefundBackOut  
错误描述：orderHimall.Plugin.Payment.WeiXinPay 




 记录时间：2019-01-10 11:09:33,443 
日志级别：  DEBUG 
出错类：Himall.Service.RefundService.RefundBackOut  
错误描述：para.out_refund_no2019011033895352 




 记录时间：2019-01-10 11:09:33,444 
日志级别：  DEBUG 
出错类：Himall.Service.RefundService.RefundBackOut  
错误描述：para.out_trade_no190107261038343462 




 记录时间：2019-01-10 11:09:33,445 
日志级别：  DEBUG 
出错类：Himall.Service.RefundService.RefundBackOut  
错误描述：para.pay_trade_noHimall.Plugin.Payment.WeiXinPay 




 记录时间：2019-01-10 11:09:33,446 
日志级别：  DEBUG 
出错类：Himall.Service.RefundService.RefundBackOut  
错误描述：para.refund_fee121.00 




 记录时间：2019-01-10 11:09:33,448 
日志级别：  DEBUG 
出错类：Himall.Service.RefundService.RefundBackOut  
错误描述：para.total_fee121.00 




 记录时间：2019-01-10 11:09:48,702 
日志级别：  DEBUG 
出错类：Himall.Web.Framework.BaseController.OnException  
错误描述：原路返回退款时,接口返回异常:订单不存在 




 记录时间：2019-01-10 11:09:48,728 
日志级别：  DEBUG 
出错类：Himall.Web.MvcApplication.Application_EndRequest  
错误描述：2019-01-10 11:09:48 728:[当前请求URL：http://localhost:62443/Admin/OrderRefund/ConfirmRefund?refundId=260&&managerRemark=null；请求的参数为：refundId=260&&managerRemark=null；页面加载的时间：41671.0952 毫秒] 




 记录时间：2019-01-10 11:12:16,257 
日志级别：  DEBUG 
出错类：Himall.Web.Framework.BaseController.OnException  
错误描述：The specified cast from a materialized 'System.Int64' type to the 'System.Int32' type is not valid. 




 记录时间：2019-01-10 11:12:21,166 
日志级别：  DEBUG 
出错类：Himall.Web.MvcApplication.Application_EndRequest  
错误描述：2019-01-10 11:12:21 165:[当前请求URL：http://localhost:62443/SellerAdmin/orderrefund/Getrefunds?refundId=260；请求的参数为：refundId=260；页面加载的时间：16025.2098 毫秒] 




 记录时间：2019-01-10 11:14:25,135 
日志级别：  DEBUG 
出错类：Himall.Web.WebApiConfig.Register  
错误描述：[OpenApi]RegRoute-DefaultOpenApi 




 记录时间：2019-01-10 11:14:47,823 
日志级别：  DEBUG 
出错类：Himall.Web.MvcApplication.Application_EndRequest  
错误描述：2019-01-10 11:14:47 821:[当前请求URL：http://localhost:62443/；请求的参数为：；页面加载的时间：17666.1661 毫秒] 




 记录时间：2019-01-10 11:15:25,489 
日志级别：  DEBUG 
出错类：Himall.Web.WebApiConfig.Register  
错误描述：[OpenApi]RegRoute-DefaultOpenApi 




 记录时间：2019-01-10 11:15:44,573 
日志级别：  DEBUG 
出错类：Himall.Web.MvcApplication.Application_EndRequest  
错误描述：2019-01-10 11:15:44 572:[当前请求URL：http://localhost:62443/；请求的参数为：；页面加载的时间：10529.107 毫秒] 




 记录时间：2019-01-10 11:15:44,580 
日志级别：  DEBUG 
出错类：Himall.Web.MvcApplication.Application_EndRequest  
错误描述：2019-01-10 11:15:44 579:[当前请求URL：http://localhost:62443/；请求的参数为：；页面加载的时间：10519.6024 毫秒] 




 记录时间：2019-01-10 11:16:45,274 
日志级别：  DEBUG 
出错类：Himall.Web.MvcApplication.Application_EndRequest  
错误描述：2019-01-10 11:16:45 274:[当前请求URL：http://localhost:62443/SellerAdmin/orderrefund/Getrefunds?refundId=260；请求的参数为：refundId=260；页面加载的时间：71309.0233 毫秒] 




 记录时间：2019-01-10 11:16:46,052 
日志级别：  DEBUG 
出错类：Himall.Web.MvcApplication.Application_EndRequest  
错误描述：2019-01-10 11:16:46 052:[当前请求URL：http://localhost:62443/home/coupon；请求的参数为：；页面加载的时间：6459.6271 毫秒] 




 记录时间：2019-01-10 11:19:05,410 
日志级别：  DEBUG 
出错类：Himall.Web.WebApiConfig.Register  
错误描述：[OpenApi]RegRoute-DefaultOpenApi 




 记录时间：2019-01-10 11:19:31,785 
日志级别：  DEBUG 
出错类：Himall.Web.MvcApplication.Application_EndRequest  
错误描述：2019-01-10 11:19:31 785:[当前请求URL：http://localhost:62443/；请求的参数为：；页面加载的时间：20940.5387 毫秒] 




 记录时间：2019-01-10 11:19:51,406 
日志级别：  DEBUG 
出错类：Himall.Web.WebApiConfig.Register  
错误描述：[OpenApi]RegRoute-DefaultOpenApi 




 记录时间：2019-01-10 11:20:04,093 
日志级别：  DEBUG 
出错类：Himall.Web.MvcApplication.Application_EndRequest  
错误描述：2019-01-10 11:20:04 092:[当前请求URL：http://localhost:62443/；请求的参数为：；页面加载的时间：6985.4949 毫秒] 




 记录时间：2019-01-10 11:20:04,095 
日志级别：  DEBUG 
出错类：Himall.Web.MvcApplication.Application_EndRequest  
错误描述：2019-01-10 11:20:04 094:[当前请求URL：http://localhost:62443/；请求的参数为：；页面加载的时间：7091.069 毫秒] 




 记录时间：2019-01-10 11:21:01,944 
日志级别：  DEBUG 
出错类：Himall.Web.MvcApplication.Application_EndRequest  
错误描述：2019-01-10 11:21:01 944:[当前请求URL：http://localhost:62443/SellerAdmin/orderrefund/Getrefunds?refundId=260；请求的参数为：refundId=260；页面加载的时间：53485.5372 毫秒] 




 记录时间：2019-01-10 11:21:02,789 
日志级别：  DEBUG 
出错类：Himall.Web.MvcApplication.Application_EndRequest  
错误描述：2019-01-10 11:21:02 788:[当前请求URL：http://localhost:62443/home/coupon；请求的参数为：；页面加载的时间：49641.4646 毫秒] 




 记录时间：2019-01-10 11:21:12,260 
日志级别：  DEBUG 
出错类：Himall.Web.MvcApplication.Application_EndRequest  
错误描述：2019-01-10 11:21:12 260:[当前请求URL：http://localhost:62443/cart/GetCartProducts；请求的参数为：；页面加载的时间：9458.7157 毫秒] 




 记录时间：2019-01-10 11:22:30,392 
日志级别：  DEBUG 
出错类：Himall.Web.WebApiConfig.Register  
错误描述：[OpenApi]RegRoute-DefaultOpenApi 




 记录时间：2019-01-10 11:22:50,794 
日志级别：  DEBUG 
出错类：Himall.Web.MvcApplication.Application_EndRequest  
错误描述：2019-01-10 11:22:50 794:[当前请求URL：http://localhost:62443/；请求的参数为：；页面加载的时间：10824.7136 毫秒] 




 记录时间：2019-01-10 11:22:58,632 
日志级别：  DEBUG 
出错类：Himall.Web.WebApiConfig.Register  
错误描述：[OpenApi]RegRoute-DefaultOpenApi 




 记录时间：2019-01-10 11:23:13,803 
日志级别：  DEBUG 
出错类：Himall.Web.MvcApplication.Application_EndRequest  
错误描述：2019-01-10 11:23:13 802:[当前请求URL：http://localhost:62443/；请求的参数为：；页面加载的时间：9774.2252 毫秒] 




 记录时间：2019-01-10 11:23:21,263 
日志级别：  DEBUG 
出错类：Himall.Web.MvcApplication.Application_EndRequest  
错误描述：2019-01-10 11:23:21 263:[当前请求URL：http://localhost:62443/userinfo/GetCurrentUserInfo；请求的参数为：；页面加载的时间：5441.9387 毫秒] 




 记录时间：2019-01-10 11:23:22,935 
日志级别：  DEBUG 
出错类：Himall.Web.MvcApplication.Application_EndRequest  
错误描述：2019-01-10 11:23:22 934:[当前请求URL：http://localhost:62443/home/coupon；请求的参数为：；页面加载的时间：5772.512 毫秒] 




 记录时间：2019-01-10 11:23:29,587 
日志级别：  DEBUG 
出错类：Himall.Web.MvcApplication.Application_EndRequest  
错误描述：2019-01-10 11:23:29 587:[当前请求URL：http://localhost:62443/product/UserCoupons；请求的参数为：；页面加载的时间：6625.2069 毫秒] 




 记录时间：2019-01-10 11:23:38,078 
日志级别：  DEBUG 
出错类：Himall.Web.MvcApplication.Application_EndRequest  
错误描述：2019-01-10 11:23:38 078:[当前请求URL：http://localhost:62443/cart/GetCartProducts；请求的参数为：；页面加载的时间：15129.2619 毫秒] 




 记录时间：2019-01-10 11:23:43,092 
日志级别：  DEBUG 
出错类：Himall.Web.MvcApplication.Application_EndRequest  
错误描述：2019-01-10 11:23:43 092:[当前请求URL：http://localhost:62443/SellerAdmin/orderrefund/Getrefunds?refundId=260；请求的参数为：refundId=260；页面加载的时间：14031.9821 毫秒] 




 记录时间：2019-01-10 15:31:11,090 
日志级别：  DEBUG 
出错类：Himall.Web.WebApiConfig.Register  
错误描述：[OpenApi]RegRoute-DefaultOpenApi 




 记录时间：2019-01-10 15:31:22,147 
日志级别：  DEBUG 
出错类：Himall.Web.MvcApplication.Application_EndRequest  
错误描述：2019-01-10 03:31:22 147:[当前请求URL：http://localhost:62443/；请求的参数为：；页面加载的时间：6388.5394 毫秒] 




 记录时间：2019-01-10 15:33:14,607 
日志级别：  DEBUG 
出错类：Himall.Web.Framework.BaseController.OnException  
错误描述：Timeout in IO operation 




 记录时间：2019-01-10 15:33:14,680 
日志级别：  DEBUG 
出错类：Himall.Web.Framework.BaseController.OnException  
错误描述：输入字符串的格式不正确。 




 记录时间：2019-01-10 15:33:14,717 
日志级别：  DEBUG 
出错类：Himall.Web.MvcApplication.Application_EndRequest  
错误描述：2019-01-10 03:33:14 716:[当前请求URL：http://localhost:62443/home/coupon；请求的参数为：；页面加载的时间：102196.2202 毫秒] 




 记录时间：2019-01-10 15:33:20,378 
日志级别：  DEBUG 
出错类：Himall.Web.MvcApplication.Application_EndRequest  
错误描述：2019-01-10 03:33:20 377:[当前请求URL：http://localhost:62443/m-wap/member/center；请求的参数为：；页面加载的时间：110571.1401 毫秒] 




 记录时间：2019-01-10 15:43:49,849 
日志级别：  DEBUG 
出错类：Himall.Web.WebApiConfig.Register  
错误描述：[OpenApi]RegRoute-DefaultOpenApi 




 记录时间：2019-01-10 15:44:14,799 
日志级别：  DEBUG 
出错类：Himall.Web.MvcApplication.Application_EndRequest  
错误描述：2019-01-10 03:44:14 799:[当前请求URL：http://localhost:62443/；请求的参数为：；页面加载的时间：7581.8862 毫秒] 




 记录时间：2019-01-10 15:45:26,325 
日志级别：  DEBUG 
出错类：Himall.Web.MvcApplication.Application_EndRequest  
错误描述：2019-01-10 03:45:26 325:[当前请求URL：http://localhost:62443/product/UserCoupons；请求的参数为：；页面加载的时间：53075.0047 毫秒] 




 记录时间：2019-01-10 15:45:34,901 
日志级别：  DEBUG 
出错类：Himall.Web.MvcApplication.Application_EndRequest  
错误描述：2019-01-10 03:45:34 900:[当前请求URL：http://localhost:62443/Admin/Login；请求的参数为：；页面加载的时间：56507.9453 毫秒] 




 记录时间：2019-01-10 15:46:31,123 
日志级别：  DEBUG 
出错类：Himall.Web.MvcApplication.Application_EndRequest  
错误描述：2019-01-10 03:46:31 122:[当前请求URL：http://localhost:62443/Admin/home/Console；请求的参数为：；页面加载的时间：19223.7676 毫秒] 




 记录时间：2019-01-10 15:47:13,561 
日志级别：  DEBUG 
出错类：Himall.Web.Framework.BaseController.OnException  
错误描述：输入字符串的格式不正确。 




 记录时间：2019-01-10 15:47:20,576 
日志级别：  DEBUG 
出错类：Himall.Web.MvcApplication.Application_EndRequest  
错误描述：2019-01-10 03:47:20 576:[当前请求URL：http://localhost:62443/m-wap/member/center；请求的参数为：；页面加载的时间：51305.188 毫秒] 




 记录时间：2019-01-10 15:48:30,522 
日志级别：  DEBUG 
出错类：Himall.Web.WebApiConfig.Register  
错误描述：[OpenApi]RegRoute-DefaultOpenApi 




 记录时间：2019-01-10 15:48:44,391 
日志级别：  DEBUG 
出错类：Himall.Web.MvcApplication.Application_EndRequest  
错误描述：2019-01-10 03:48:44 390:[当前请求URL：http://localhost:62443/；请求的参数为：；页面加载的时间：7091.0617 毫秒] 




 记录时间：2019-01-10 15:48:44,394 
日志级别：  DEBUG 
出错类：Himall.Web.MvcApplication.Application_EndRequest  
错误描述：2019-01-10 03:48:44 393:[当前请求URL：http://localhost:62443/；请求的参数为：；页面加载的时间：7061.0473 毫秒] 




 记录时间：2019-01-10 15:48:58,056 
日志级别：  DEBUG 
出错类：Himall.Web.MvcApplication.Application_EndRequest  
错误描述：2019-01-10 03:48:58 056:[当前请求URL：http://localhost:62443/product/UserCoupons；请求的参数为：；页面加载的时间：5300.649 毫秒] 




 记录时间：2019-01-10 15:49:41,171 
日志级别：  DEBUG 
出错类：Himall.Web.MvcApplication.Application_EndRequest  
错误描述：2019-01-10 03:49:41 171:[当前请求URL：http://localhost:62443/m-wap/member/center；请求的参数为：；页面加载的时间：26408.3476 毫秒] 




 记录时间：2019-01-10 16:04:32,749 
日志级别：  DEBUG 
出错类：Himall.Web.WebApiConfig.Register  
错误描述：[OpenApi]RegRoute-DefaultOpenApi 




 记录时间：2019-01-10 16:06:03,254 
日志级别：  DEBUG 
出错类：Himall.Web.MvcApplication.Application_EndRequest  
错误描述：2019-01-10 04:06:03 254:[当前请求URL：http://localhost:62443/SellerAdmin/orderrefund/management?showtype=2；请求的参数为：showtype=2；页面加载的时间：12450.6115 毫秒] 




 记录时间：2019-01-10 16:06:09,571 
日志级别：  DEBUG 
出错类：Himall.Web.MvcApplication.Application_EndRequest  
错误描述：2019-01-10 04:06:09 571:[当前请求URL：http://localhost:62443/SellerAdmin/orderrefund/list?showtype=2；请求的参数为：showtype=2；页面加载的时间：5336.4368 毫秒] 




 记录时间：2019-01-10 16:06:34,491 
日志级别：  DEBUG 
出错类：Himall.Web.MvcApplication.Application_EndRequest  
错误描述：2019-01-10 04:06:34 490:[当前请求URL：http://localhost:62443/SellerAdmin/orderrefund/Getrefunds；请求的参数为：；页面加载的时间：7788.6038 毫秒] 




 记录时间：2019-01-10 16:06:37,485 
日志级别：  DEBUG 
出错类：Himall.Web.MvcApplication.Application_EndRequest  
错误描述：2019-01-10 04:06:37 485:[当前请求URL：http://localhost:62443/SellerAdmin/orderrefund/list?showtype=2；请求的参数为：showtype=2；页面加载的时间：10768.9677 毫秒] 




 记录时间：2019-01-10 16:09:04,242 
日志级别：  DEBUG 
出错类：Himall.Web.MvcApplication.Application_EndRequest  
错误描述：2019-01-10 04:09:04 242:[当前请求URL：http://localhost:62443/SellerAdmin/orderrefund/management?showtype=2；请求的参数为：showtype=2；页面加载的时间：38727.8957 毫秒] 




 记录时间：2019-01-10 16:09:57,183 
日志级别：  DEBUG 
出错类：Himall.Web.MvcApplication.Application_EndRequest  
错误描述：2019-01-10 04:09:57 183:[当前请求URL：http://localhost:62443/m-wap/Member/Orders?orderStatus=2；请求的参数为：orderStatus=2；页面加载的时间：9762.5098 毫秒] 




 记录时间：2019-01-10 16:10:12,746 
日志级别：  DEBUG 
出错类：Himall.Web.MvcApplication.Application_EndRequest  
错误描述：2019-01-10 04:10:12 746:[当前请求URL：http://localhost:62443/m-Wap/vshop/Search?vshopid=20；请求的参数为：vshopid=20；页面加载的时间：7879.0632 毫秒] 




 记录时间：2019-01-10 16:10:46,733 
日志级别：  DEBUG 
出错类：Himall.Web.MvcApplication.Application_EndRequest  
错误描述：2019-01-10 04:10:46 733:[当前请求URL：http://localhost:62443/m-wap/Product/Details/772?nojumpfg=1；请求的参数为：nojumpfg=1；页面加载的时间：7394.772 毫秒] 




 记录时间：2019-01-10 16:10:46,746 
日志级别：  DEBUG 
出错类：Himall.Web.MvcApplication.Application_EndRequest  
错误描述：2019-01-10 04:10:46 746:[当前请求URL：http://localhost:62443/m-Wap/product/detail/772；请求的参数为：；页面加载的时间：7898.6348 毫秒] 




 记录时间：2019-01-10 16:10:53,000 
日志级别：  DEBUG 
出错类：Himall.Web.MvcApplication.Application_EndRequest  
错误描述：2019-01-10 04:10:53 000:[当前请求URL：http://localhost:62443/m-Wap/product/getShopInfo?shopId=316；请求的参数为：shopId=316；页面加载的时间：5649.3307 毫秒] 




 记录时间：2019-01-10 16:10:54,054 
日志级别：  DEBUG 
出错类：Himall.Web.MvcApplication.Application_EndRequest  
错误描述：2019-01-10 04:10:54 054:[当前请求URL：http://localhost:62443/m-Wap/Product/LogProduct；请求的参数为：；页面加载的时间：6712.0884 毫秒] 




 记录时间：2019-01-10 16:10:54,697 
日志级别：  DEBUG 
出错类：Himall.Web.MvcApplication.Application_EndRequest  
错误描述：2019-01-10 04:10:54 697:[当前请求URL：http://localhost:62443/m-Wap/product/ProductCommentShow；请求的参数为：；页面加载的时间：7377.0597 毫秒] 




 记录时间：2019-01-10 16:10:55,213 
日志级别：  DEBUG 
出错类：Himall.Web.MvcApplication.Application_EndRequest  
错误描述：2019-01-10 04:10:55 213:[当前请求URL：http://localhost:62443/m-Wap/VShop/GetPromotions；请求的参数为：；页面加载的时间：7893.4274 毫秒] 




 记录时间：2019-01-10 16:10:56,137 
日志级别：  DEBUG 
出错类：Himall.Web.MvcApplication.Application_EndRequest  
错误描述：2019-01-10 04:10:56 137:[当前请求URL：http://localhost:62443/m-Wap/product/GetProductActives；请求的参数为：；页面加载的时间：8842.6004 毫秒] 




 记录时间：2019-01-10 16:11:08,594 
日志级别：  DEBUG 
出错类：Himall.Web.MvcApplication.Application_EndRequest  
错误描述：2019-01-10 04:11:08 594:[当前请求URL：http://localhost:62443/m-Wap/Order/Submit?skuIds=772_0_0_0&counts=1；请求的参数为：skuIds=772_0_0_0&counts=1；页面加载的时间：6342.4829 毫秒] 




 记录时间：2019-01-10 16:12:10,492 
日志级别：  DEBUG 
出错类：Himall.Web.MvcApplication.Application_EndRequest  
错误描述：2019-01-10 04:12:10 492:[当前请求URL：http://localhost:62443/m-Wap/Order/SubmitOrder；请求的参数为：；页面加载的时间：8122.7674 毫秒] 




 记录时间：2019-01-10 16:12:11,191 
日志级别：  DEBUG 
出错类：Himall.Web.Areas.Mobile.Controllers.PaymentController.Get  
错误描述：Himall.Plugin.Payment.WeiXinPay   微信支付   --url 




 记录时间：2019-01-10 16:12:11,193 
日志级别：  DEBUG 
出错类：Himall.Web.Areas.Mobile.Controllers.PaymentController.Get  
错误描述：Himall.Plugin.Payment.Alipay_WAP   支付宝手机支付   --url 




 记录时间：2019-01-10 16:12:31,786 
日志级别：  DEBUG 
出错类：Himall.Web.Areas.Mobile.Controllers.PaymentController.PayByCapitals  
错误描述：ids2019011014246523 




 记录时间：2019-01-10 16:12:31,831 
日志级别：  DEBUG 
出错类：Himall.Application.OrderApplication.PayByCapital  
错误描述：userid641 




 记录时间：2019-01-10 16:12:31,833 
日志级别：  DEBUG 
出错类：Himall.Application.OrderApplication.PayByCapital  
错误描述：hostUrllocalhost 




 记录时间：2019-01-10 16:12:31,835 
日志级别：  DEBUG 
出错类：Himall.Application.OrderApplication.PayByCapital  
错误描述：orderIds2019011014246523 




 记录时间：2019-01-10 16:12:31,902 
日志级别：  DEBUG 
出错类：Himall.Service.OrderService.SaveOrderPayInfo  
错误描述：payid190110121631787266 




 记录时间：2019-01-10 16:12:31,993 
日志级别：  DEBUG 
出错类：Himall.Service.OrderService.SaveOrderPayInfo  
错误描述：orderPayInfo 




 记录时间：2019-01-10 16:12:32,169 
日志级别：  DEBUG 
出错类：Himall.Application.OrderApplication.PayByCapital  
错误描述：payid=========190110121631787266 




 记录时间：2019-01-10 16:12:32,179 
日志级别：  DEBUG 
出错类：Himall.Service.OrderService.PaySucceed  
错误描述：orderIdsSystem.Linq.Enumerable+WhereSelectArrayIterator`2[System.String,System.Int64] 




 记录时间：2019-01-10 16:12:32,180 
日志级别：  DEBUG 
出错类：Himall.Service.OrderService.PaySucceed  
错误描述：payTime2019-01-10 16:12:32 




 记录时间：2019-01-10 16:12:32,336 
日志级别：  DEBUG 
出错类：Himall.Service.OrderService.PaySucceed  
错误描述：PaymentTypeNameHimall.Plugin.Payment.WeiXinPay 




 记录时间：2019-01-10 16:12:32,342 
日志级别：  DEBUG 
出错类：Himall.Service.OrderService.PaySucceed  
错误描述：PaymentTypeName微信支付 




 记录时间：2019-01-10 16:12:34,794 
日志级别：  DEBUG 
出错类：Himall.Service.OrderService.PaySucceed  
错误描述：isSendMsgTrue 




 记录时间：2019-01-10 16:12:35,188 
日志级别：  DEBUG 
出错类：Himall.Service.OrderService.PaySucceed  
错误描述：orderMessage.MsgOrderType0 




 记录时间：2019-01-10 16:12:35,189 
日志级别：  DEBUG 
出错类：Himall.Application.OrderApplication.PayByCapital  
错误描述：payid190110121631787266 




 记录时间：2019-01-10 16:12:35,438 
日志级别：  DEBUG 
出错类：Himall.Service.WXMsgTemplateService.GetWeiXinMsgTemplate  
错误描述：msgtype2 




 记录时间：2019-01-10 16:12:35,550 
日志级别：  DEBUG 
出错类：Himall.Service.WXMsgTemplateService.GetWeiXinMsgTemplate  
错误描述：resultHimall.Model.WeiXinMsgTemplateInfo 




 记录时间：2019-01-10 16:12:35,552 
日志级别：  DEBUG 
出错类：Himall.Service.WXMsgTemplateService.GetWeiXinMsgTemplate  
错误描述：resultTrue 




 记录时间：2019-01-10 16:12:40,806 
日志级别：  DEBUG 
出错类：Himall.Service.Weixin.WXHelper.GetResponseResult  
错误描述：urlhttps://api.weixin.qq.com/cgi-bin/token?grant_type=client_credential&appid=wx8b2369d7a650c5eb&secret=727336d57bd539781ac341124192afa7 




 记录时间：2019-01-10 16:12:41,078 
日志级别：  DEBUG 
出错类：Himall.Service.Weixin.WXHelper.GetResponseResult  
错误描述：result{"access_token":"17_vZ48ddCk-HrO33_o-2cvGg0m0uqoeSOMfsedc5b0DWKheySFTss-zS3W9VFwWp1wcXHxeHwsvKzvCxuYLzhqwapef2Z7tCL3aPT31CgmvQ1dM40XdOYcF1gSdkSKya9_FI6oDvHsAZAjRyLxEUAaAIAVLR","expires_in":7200} 




 记录时间：2019-01-10 16:12:41,083 
日志级别：  DEBUG 
出错类：Himall.Service.WXMsgTemplateService.SendMessageByTemplate  
错误描述：[模板消息]取到Token17_vZ48ddCk-HrO33_o-2cvGg0m0uqoeSOMfsedc5b0DWKheySFTss-zS3W9VFwWp1wcXHxeHwsvKzvCxuYLzhqwapef2Z7tCL3aPT31CgmvQ1dM40XdOYcF1gSdkSKya9_FI6oDvHsAZAjRyLxEUAaAIAVLR 




 记录时间：2019-01-10 16:12:41,085 
日志级别：  DEBUG 
出错类：Himall.Service.WXMsgTemplateService.SendMessageByTemplate  
错误描述：[模板消息]取到openIdoXdftwQe8wJz4-aMGDUfoVfGuKOY 




 记录时间：2019-01-10 16:12:41,086 
日志级别：  DEBUG 
出错类：Himall.Service.WXMsgTemplateService.SendMessageByTemplate  
错误描述：[模板消息]取到templateIdrSdQS5aaY2GSO4eBm5SzzGEOEu5EwcSV_MNDMfvGiP0 




 记录时间：2019-01-10 16:12:41,113 
日志级别：  DEBUG 
出错类：Himall.Service.WXMsgTemplateService.SendMessageByTemplate  
错误描述：[模板消息]取到accessToken17_vZ48ddCk-HrO33_o-2cvGg0m0uqoeSOMfsedc5b0DWKheySFTss-zS3W9VFwWp1wcXHxeHwsvKzvCxuYLzhqwapef2Z7tCL3aPT31CgmvQ1dM40XdOYcF1gSdkSKya9_FI6oDvHsAZAjRyLxEUAaAIAVLR 




 记录时间：2019-01-10 16:12:41,114 
日志级别：  DEBUG 
出错类：Himall.Service.WXMsgTemplateService.SendMessageByTemplate  
错误描述：[模板消息]取到appsecret727336d57bd539781ac341124192afa7 




 记录时间：2019-01-10 16:12:41,115 
日志级别：  DEBUG 
出错类：Himall.Service.WXMsgTemplateService.SendMessageByTemplate  
错误描述：urlhttp://vshop.css751.com/m-WeiXin/Order/Detail/2019011014246523 




 记录时间：2019-01-10 16:12:47,200 
日志级别：  DEBUG 
出错类：Himall.Web.MvcApplication.Application_EndRequest  
错误描述：2019-01-10 04:12:47 200:[当前请求URL：http://localhost:62443/m-Wap/vshop/detail/20；请求的参数为：；页面加载的时间：11746.8552 毫秒] 




 记录时间：2019-01-10 16:14:30,270 
日志级别：  DEBUG 
出错类：Himall.Web.MvcApplication.Application_EndRequest  
错误描述：2019-01-10 04:14:30 270:[当前请求URL：http://localhost:62443/m-wap/member/center；请求的参数为：；页面加载的时间：40815.6528 毫秒] 




 记录时间：2019-01-10 16:15:29,868 
日志级别：  DEBUG 
出错类：Himall.Web.MvcApplication.Application_EndRequest  
错误描述：2019-01-10 04:15:29 868:[当前请求URL：http://localhost:62443/m-Wap/OrderRefund/List；请求的参数为：；页面加载的时间：6094.9389 毫秒] 




 记录时间：2019-01-10 16:15:50,540 
日志级别：  DEBUG 
出错类：Himall.Web.MvcApplication.Application_EndRequest  
错误描述：2019-01-10 04:15:50 539:[当前请求URL：http://localhost:62443/SellerAdmin/orderrefund/Getrefunds；请求的参数为：；页面加载的时间：9693.4606 毫秒] 




 记录时间：2019-01-10 16:17:09,964 
日志级别：  DEBUG 
出错类：Himall.Application.OrderApplication.GetWaitOrders  
错误描述：orders0 




 记录时间：2019-01-10 17:05:09,804 
日志级别：  DEBUG 
出错类：Himall.Web.MvcApplication.Application_EndRequest  
错误描述：2019-01-10 05:05:09 804:[当前请求URL：http://localhost:62443/m-Wap/product/GetNeedRefreshProductInfo；请求的参数为：；页面加载的时间：5675.1665 毫秒] 




 记录时间：2019-01-10 17:05:19,084 
日志级别：  DEBUG 
出错类：Himall.Web.Areas.Mobile.Controllers.PaymentController.Get  
错误描述：Himall.Plugin.Payment.WeiXinPay   微信支付   --url 




 记录时间：2019-01-10 17:05:19,085 
日志级别：  DEBUG 
出错类：Himall.Web.Areas.Mobile.Controllers.PaymentController.Get  
错误描述：Himall.Plugin.Payment.Alipay_WAP   支付宝手机支付   --url 




 记录时间：2019-01-10 17:05:20,152 
日志级别：  DEBUG 
出错类：Himall.Web.Areas.Mobile.Controllers.PaymentController.PayByCapitals  
错误描述：ids2019011074566356 




 记录时间：2019-01-10 17:05:20,206 
日志级别：  DEBUG 
出错类：Himall.Application.OrderApplication.PayByCapital  
错误描述：userid641 




 记录时间：2019-01-10 17:05:20,207 
日志级别：  DEBUG 
出错类：Himall.Application.OrderApplication.PayByCapital  
错误描述：hostUrllocalhost 




 记录时间：2019-01-10 17:05:20,208 
日志级别：  DEBUG 
出错类：Himall.Application.OrderApplication.PayByCapital  
错误描述：orderIds2019011074566356 




 记录时间：2019-01-10 17:05:20,737 
日志级别：  DEBUG 
出错类：Himall.Service.OrderService.SaveOrderPayInfo  
错误描述：payid190110051720710643 




 记录时间：2019-01-10 17:05:20,827 
日志级别：  DEBUG 
出错类：Himall.Service.OrderService.SaveOrderPayInfo  
错误描述：orderPayInfo 




 记录时间：2019-01-10 17:05:20,960 
日志级别：  DEBUG 
出错类：Himall.Application.OrderApplication.PayByCapital  
错误描述：payid=========190110051720710643 




 记录时间：2019-01-10 17:05:20,962 
日志级别：  DEBUG 
出错类：Himall.Service.OrderService.PaySucceed  
错误描述：orderIdsSystem.Linq.Enumerable+WhereSelectArrayIterator`2[System.String,System.Int64] 




 记录时间：2019-01-10 17:05:20,963 
日志级别：  DEBUG 
出错类：Himall.Service.OrderService.PaySucceed  
错误描述：payTime2019-01-10 17:05:20 




 记录时间：2019-01-10 17:05:21,029 
日志级别：  DEBUG 
出错类：Himall.Service.OrderService.PaySucceed  
错误描述：PaymentTypeNameHimall.Plugin.Payment.WeiXinPay 




 记录时间：2019-01-10 17:05:21,030 
日志级别：  DEBUG 
出错类：Himall.Service.OrderService.PaySucceed  
错误描述：PaymentTypeName微信支付 




 记录时间：2019-01-10 17:05:22,501 
日志级别：  DEBUG 
出错类：Himall.Service.OrderService.PaySucceed  
错误描述：isSendMsgTrue 




 记录时间：2019-01-10 17:05:22,585 
日志级别：  DEBUG 
出错类：Himall.Service.OrderService.PaySucceed  
错误描述：orderMessage.MsgOrderType0 




 记录时间：2019-01-10 17:05:22,586 
日志级别：  DEBUG 
出错类：Himall.Application.OrderApplication.PayByCapital  
错误描述：payid190110051720710643 




 记录时间：2019-01-10 17:05:22,890 
日志级别：  DEBUG 
出错类：Himall.Service.WXMsgTemplateService.GetWeiXinMsgTemplate  
错误描述：msgtype2 




 记录时间：2019-01-10 17:05:22,919 
日志级别：  DEBUG 
出错类：Himall.Service.WXMsgTemplateService.GetWeiXinMsgTemplate  
错误描述：resultHimall.Model.WeiXinMsgTemplateInfo 




 记录时间：2019-01-10 17:05:22,921 
日志级别：  DEBUG 
出错类：Himall.Service.WXMsgTemplateService.GetWeiXinMsgTemplate  
错误描述：resultTrue 




 记录时间：2019-01-10 17:05:22,926 
日志级别：  DEBUG 
出错类：Himall.Service.Weixin.WXHelper.GetResponseResult  
错误描述：urlhttps://api.weixin.qq.com/cgi-bin/token?grant_type=client_credential&appid=wx8b2369d7a650c5eb&secret=727336d57bd539781ac341124192afa7 




 记录时间：2019-01-10 17:05:23,124 
日志级别：  DEBUG 
出错类：Himall.Service.Weixin.WXHelper.GetResponseResult  
错误描述：result{"access_token":"17_y9TAxBK5UBFsXfc_YcssN4qaw3Bv7aXwQ9rMZGmBUQ-pYwG6Ds2LMOUqS6aajPkT0ABt7v3Cu-EMb1VVS-qAr8Rsv6iLbJyuir7pmZt9PS7PRcBjbvS8ib7-8okPRrxtEsDH3hasnnQtz5M5IVZdAGAZMQ","expires_in":7200} 




 记录时间：2019-01-10 17:05:23,125 
日志级别：  DEBUG 
出错类：Himall.Service.WXMsgTemplateService.SendMessageByTemplate  
错误描述：[模板消息]取到Token17_y9TAxBK5UBFsXfc_YcssN4qaw3Bv7aXwQ9rMZGmBUQ-pYwG6Ds2LMOUqS6aajPkT0ABt7v3Cu-EMb1VVS-qAr8Rsv6iLbJyuir7pmZt9PS7PRcBjbvS8ib7-8okPRrxtEsDH3hasnnQtz5M5IVZdAGAZMQ 




 记录时间：2019-01-10 17:05:23,126 
日志级别：  DEBUG 
出错类：Himall.Service.WXMsgTemplateService.SendMessageByTemplate  
错误描述：[模板消息]取到openIdoXdftwQe8wJz4-aMGDUfoVfGuKOY 




 记录时间：2019-01-10 17:05:23,128 
日志级别：  DEBUG 
出错类：Himall.Service.WXMsgTemplateService.SendMessageByTemplate  
错误描述：[模板消息]取到templateIdrSdQS5aaY2GSO4eBm5SzzGEOEu5EwcSV_MNDMfvGiP0 




 记录时间：2019-01-10 17:05:23,128 
日志级别：  DEBUG 
出错类：Himall.Service.WXMsgTemplateService.SendMessageByTemplate  
错误描述：[模板消息]取到accessToken17_y9TAxBK5UBFsXfc_YcssN4qaw3Bv7aXwQ9rMZGmBUQ-pYwG6Ds2LMOUqS6aajPkT0ABt7v3Cu-EMb1VVS-qAr8Rsv6iLbJyuir7pmZt9PS7PRcBjbvS8ib7-8okPRrxtEsDH3hasnnQtz5M5IVZdAGAZMQ 




 记录时间：2019-01-10 17:05:23,130 
日志级别：  DEBUG 
出错类：Himall.Service.WXMsgTemplateService.SendMessageByTemplate  
错误描述：[模板消息]取到appsecret727336d57bd539781ac341124192afa7 




 记录时间：2019-01-10 17:05:23,131 
日志级别：  DEBUG 
出错类：Himall.Service.WXMsgTemplateService.SendMessageByTemplate  
错误描述：urlhttp://vshop.css751.com/m-WeiXin/Order/Detail/2019011074566356 




 记录时间：2019-01-10 17:05:28,675 
日志级别：  DEBUG 
出错类：Himall.Web.MvcApplication.Application_EndRequest  
错误描述：2019-01-10 05:05:28 675:[当前请求URL：http://localhost:62443/m-Wap/vshop/detail/20；请求的参数为：；页面加载的时间：5793.1129 毫秒] 




 记录时间：2019-01-10 17:05:38,526 
日志级别：  DEBUG 
出错类：Himall.Web.MvcApplication.Application_EndRequest  
错误描述：2019-01-10 05:05:38 525:[当前请求URL：http://localhost:62443/m-wap/member/center；请求的参数为：；页面加载的时间：6725.9841 毫秒] 




 记录时间：2019-01-10 17:06:24,979 
日志级别：  DEBUG 
出错类：Himall.Web.MvcApplication.Application_EndRequest  
错误描述：2019-01-10 05:06:24 979:[当前请求URL：http://localhost:62443/m-Wap/OrderRefund/RefundApply；请求的参数为：；页面加载的时间：12970.0916 毫秒] 

