


 记录时间：2019-01-04 09:09:32,698 
日志级别：  DEBUG 
出错类：Himall.Web.WebApiConfig.Register  
错误描述：[OpenApi]RegRoute-DefaultOpenApi 




 记录时间：2019-01-04 09:18:51,936 
日志级别：  DEBUG 
出错类：Himall.Web.MvcApplication.Application_EndRequest  
错误描述：2019-01-04 09:18:51 935:[当前请求URL：http://localhost:62443/m-Wap/GetMember/getMemberByOpenID?openid=oXdftwapmefHJ9zeyOk1n83MF84Y；请求的参数为：openid=oXdftwapmefHJ9zeyOk1n83MF84Y；页面加载的时间：473507.2733 毫秒] 




 记录时间：2019-01-04 09:20:33,004 
日志级别：  DEBUG 
出错类：Himall.Web.WebApiConfig.Register  
错误描述：[OpenApi]RegRoute-DefaultOpenApi 




 记录时间：2019-01-04 09:20:43,064 
日志级别：  DEBUG 
出错类：Himall.Web.MvcApplication.Application_EndRequest  
错误描述：2019-01-04 09:20:43 064:[当前请求URL：http://localhost:62443/；请求的参数为：；页面加载的时间：6274.4585 毫秒] 




 记录时间：2019-01-04 09:21:26,402 
日志级别：  DEBUG 
出错类：Himall.Web.WebApiConfig.Register  
错误描述：[OpenApi]RegRoute-DefaultOpenApi 




 记录时间：2019-01-04 09:32:48,103 
日志级别：  DEBUG 
出错类：Himall.Web.MvcApplication.Application_EndRequest  
错误描述：2019-01-04 09:32:48 103:[当前请求URL：http://localhost:62443/m-Wap/GetMember/getMemberByOpenID?openid=oXdftwapmefHJ9zeyOk1n83MF84Y；请求的参数为：openid=oXdftwapmefHJ9zeyOk1n83MF84Y；页面加载的时间：14717.219 毫秒] 




 记录时间：2019-01-04 09:43:47,863 
日志级别：  DEBUG 
出错类：Himall.Web.WebApiConfig.Register  
错误描述：[OpenApi]RegRoute-DefaultOpenApi 




 记录时间：2019-01-04 09:44:11,087 
日志级别：  DEBUG 
出错类：Himall.Web.MvcApplication.Application_EndRequest  
错误描述：2019-01-04 09:44:11 087:[当前请求URL：http://localhost:62443/；请求的参数为：；页面加载的时间：16943.0393 毫秒] 




 记录时间：2019-01-04 09:44:28,371 
日志级别：  DEBUG 
出错类：Himall.Web.WebApiConfig.Register  
错误描述：[OpenApi]RegRoute-DefaultOpenApi 




 记录时间：2019-01-04 09:44:38,476 
日志级别：  DEBUG 
出错类：Himall.Web.MvcApplication.Application_EndRequest  
错误描述：2019-01-04 09:44:38 475:[当前请求URL：http://localhost:62443/；请求的参数为：；页面加载的时间：6066.3093 毫秒] 




 记录时间：2019-01-04 09:44:38,476 
日志级别：  DEBUG 
出错类：Himall.Web.MvcApplication.Application_EndRequest  
错误描述：2019-01-04 09:44:38 475:[当前请求URL：http://localhost:62443/；请求的参数为：；页面加载的时间：6031.2838 毫秒] 




 记录时间：2019-01-04 09:45:07,938 
日志级别：  DEBUG 
出错类：Himall.Web.MvcApplication.Application_EndRequest  
错误描述：2019-01-04 09:45:07 938:[当前请求URL：http://localhost:62443/m-Wap/GetMember/getMemberByOpenID?openid=oXdftwapmefHJ9zeyOk1n83MF84Y；请求的参数为：openid=oXdftwapmefHJ9zeyOk1n83MF84Y；页面加载的时间：14298.5732 毫秒] 




 记录时间：2019-01-04 10:00:41,669 
日志级别：  DEBUG 
出错类：Himall.Web.WebApiConfig.Register  
错误描述：[OpenApi]RegRoute-DefaultOpenApi 




 记录时间：2019-01-04 10:01:01,580 
日志级别：  DEBUG 
出错类：Himall.Web.MvcApplication.Application_EndRequest  
错误描述：2019-01-04 10:01:01 580:[当前请求URL：http://localhost:62443/；请求的参数为：；页面加载的时间：16105.4439 毫秒] 




 记录时间：2019-01-04 10:01:14,310 
日志级别：  DEBUG 
出错类：Himall.Web.WebApiConfig.Register  
错误描述：[OpenApi]RegRoute-DefaultOpenApi 




 记录时间：2019-01-04 10:01:24,018 
日志级别：  DEBUG 
出错类：Himall.Web.MvcApplication.Application_EndRequest  
错误描述：2019-01-04 10:01:24 018:[当前请求URL：http://localhost:62443/；请求的参数为：；页面加载的时间：5318.0172 毫秒] 




 记录时间：2019-01-04 10:01:24,018 
日志级别：  DEBUG 
出错类：Himall.Web.MvcApplication.Application_EndRequest  
错误描述：2019-01-04 10:01:24 018:[当前请求URL：http://localhost:62443/；请求的参数为：；页面加载的时间：5221.9477 毫秒] 




 记录时间：2019-01-04 10:02:54,893 
日志级别：  DEBUG 
出错类：Himall.Web.MvcApplication.Application_EndRequest  
错误描述：2019-01-04 10:02:54 893:[当前请求URL：http://localhost:62443/m-Wap/GetMember/getMemberByOpenID?openid=oXdftwapmefHJ9zeyOk1n83MF84Y；请求的参数为：openid=oXdftwapmefHJ9zeyOk1n83MF84Y；页面加载的时间：60629.4889 毫秒] 




 记录时间：2019-01-04 10:04:11,440 
日志级别：  DEBUG 
出错类：Himall.Web.WebApiConfig.Register  
错误描述：[OpenApi]RegRoute-DefaultOpenApi 




 记录时间：2019-01-04 10:04:34,666 
日志级别：  DEBUG 
出错类：Himall.Web.MvcApplication.Application_EndRequest  
错误描述：2019-01-04 10:04:34 666:[当前请求URL：http://localhost:62443/；请求的参数为：；页面加载的时间：10631.5544 毫秒] 




 记录时间：2019-01-04 10:04:44,629 
日志级别：  DEBUG 
出错类：Himall.Web.WebApiConfig.Register  
错误描述：[OpenApi]RegRoute-DefaultOpenApi 




 记录时间：2019-01-04 10:05:56,688 
日志级别：  DEBUG 
出错类：Himall.Web.MvcApplication.Application_EndRequest  
错误描述：2019-01-04 10:05:56 688:[当前请求URL：http://localhost:62443/m-Wap/GetMember/getMemberByOpenID?openid=oXdftwapmefHJ9zeyOk1n83MF84Y；请求的参数为：openid=oXdftwapmefHJ9zeyOk1n83MF84Y；页面加载的时间：27421.6346 毫秒] 




 记录时间：2019-01-04 10:06:29,278 
日志级别：  DEBUG 
出错类：Himall.Web.WebApiConfig.Register  
错误描述：[OpenApi]RegRoute-DefaultOpenApi 




 记录时间：2019-01-04 10:06:54,311 
日志级别：  DEBUG 
出错类：Himall.Web.MvcApplication.Application_EndRequest  
错误描述：2019-01-04 10:06:54 311:[当前请求URL：http://localhost:62443/；请求的参数为：；页面加载的时间：12341.7707 毫秒] 




 记录时间：2019-01-04 10:07:01,317 
日志级别：  DEBUG 
出错类：Himall.Web.WebApiConfig.Register  
错误描述：[OpenApi]RegRoute-DefaultOpenApi 




 记录时间：2019-01-04 10:07:53,930 
日志级别：  DEBUG 
出错类：Himall.Web.MvcApplication.Application_EndRequest  
错误描述：2019-01-04 10:07:53 930:[当前请求URL：http://localhost:62443/m-Wap/GetMember/getMemberByOpenID?openid=oXdftwapmefHJ9zeyOk1n83MF84Y；请求的参数为：openid=oXdftwapmefHJ9zeyOk1n83MF84Y；页面加载的时间：32096.8084 毫秒] 




 记录时间：2019-01-04 10:10:03,396 
日志级别：  DEBUG 
出错类：Himall.Web.WebApiConfig.Register  
错误描述：[OpenApi]RegRoute-DefaultOpenApi 




 记录时间：2019-01-04 10:10:21,453 
日志级别：  DEBUG 
出错类：Himall.Web.MvcApplication.Application_EndRequest  
错误描述：2019-01-04 10:10:21 453:[当前请求URL：http://localhost:62443/；请求的参数为：；页面加载的时间：14049.9834 毫秒] 




 记录时间：2019-01-04 10:10:39,265 
日志级别：  DEBUG 
出错类：Himall.Web.WebApiConfig.Register  
错误描述：[OpenApi]RegRoute-DefaultOpenApi 




 记录时间：2019-01-04 10:12:29,127 
日志级别：  DEBUG 
出错类：Himall.Web.MvcApplication.Application_EndRequest  
错误描述：2019-01-04 10:12:29 126:[当前请求URL：http://localhost:62443/m-Wap/GetMember/getMemberByOpenID?openid=oXdftwapmefHJ9zeyOk1n83MF84Y；请求的参数为：openid=oXdftwapmefHJ9zeyOk1n83MF84Y；页面加载的时间：104777.4509 毫秒] 




 记录时间：2019-01-04 10:12:31,478 
日志级别：  DEBUG 
出错类：Himall.Web.MvcApplication.Application_EndRequest  
错误描述：2019-01-04 10:12:31 478:[当前请求URL：http://localhost:62443/；请求的参数为：；页面加载的时间：107098.1005 毫秒] 




 记录时间：2019-01-04 10:12:31,489 
日志级别：  DEBUG 
出错类：Himall.Web.MvcApplication.Application_EndRequest  
错误描述：2019-01-04 10:12:31 488:[当前请求URL：http://localhost:62443/；请求的参数为：；页面加载的时间：107204.1767 毫秒] 




 记录时间：2019-01-04 10:14:50,993 
日志级别：  DEBUG 
出错类：Himall.Web.WebApiConfig.Register  
错误描述：[OpenApi]RegRoute-DefaultOpenApi 




 记录时间：2019-01-04 10:15:13,774 
日志级别：  DEBUG 
出错类：Himall.Web.MvcApplication.Application_EndRequest  
错误描述：2019-01-04 10:15:13 773:[当前请求URL：http://localhost:62443/；请求的参数为：；页面加载的时间：10519.6004 毫秒] 




 记录时间：2019-01-04 10:15:28,607 
日志级别：  DEBUG 
出错类：Himall.Web.WebApiConfig.Register  
错误描述：[OpenApi]RegRoute-DefaultOpenApi 




 记录时间：2019-01-04 10:15:39,718 
日志级别：  DEBUG 
出错类：Himall.Web.MvcApplication.Application_EndRequest  
错误描述：2019-01-04 10:15:39 718:[当前请求URL：http://localhost:62443/；请求的参数为：；页面加载的时间：5687.2457 毫秒] 




 记录时间：2019-01-04 10:15:39,718 
日志级别：  DEBUG 
出错类：Himall.Web.MvcApplication.Application_EndRequest  
错误描述：2019-01-04 10:15:39 718:[当前请求URL：http://localhost:62443/；请求的参数为：；页面加载的时间：5764.3006 毫秒] 




 记录时间：2019-01-04 10:15:56,943 
日志级别：  DEBUG 
出错类：Himall.Web.MvcApplication.Application_EndRequest  
错误描述：2019-01-04 10:15:56 943:[当前请求URL：http://localhost:62443/cart/GetCartProducts；请求的参数为：；页面加载的时间：10640.2978 毫秒] 




 记录时间：2019-01-04 10:15:57,000 
日志级别：  DEBUG 
出错类：Himall.Web.MvcApplication.Application_EndRequest  
错误描述：2019-01-04 10:15:57 000:[当前请求URL：http://localhost:62443/product/UserCoupons；请求的参数为：；页面加载的时间：10672.3193 毫秒] 




 记录时间：2019-01-04 10:16:48,270 
日志级别：  DEBUG 
出错类：Himall.Web.MvcApplication.Application_EndRequest  
错误描述：2019-01-04 10:16:48 270:[当前请求URL：http://localhost:62443/m-Wap/GetMember/getMemberByOpenID?openid=oXdftwapmefHJ9zeyOk1n83MF84Y；请求的参数为：openid=oXdftwapmefHJ9zeyOk1n83MF84Y；页面加载的时间：59001.4099 毫秒] 




 记录时间：2019-01-04 10:16:48,503 
日志级别：  DEBUG 
出错类：Himall.Web.Framework.BaseController.OnException  
错误描述：Timeout in IO operation 




 记录时间：2019-01-04 10:16:48,529 
日志级别：  DEBUG 
出错类：Himall.Web.MvcApplication.Application_EndRequest  
错误描述：2019-01-04 10:16:48 529:[当前请求URL：http://localhost:62443/Shop/PostCanUseShopCoupons/316；请求的参数为：；页面加载的时间：51492.8376 毫秒] 




 记录时间：2019-01-04 10:26:03,812 
日志级别：  DEBUG 
出错类：Himall.Web.WebApiConfig.Register  
错误描述：[OpenApi]RegRoute-DefaultOpenApi 




 记录时间：2019-01-04 10:26:24,637 
日志级别：  DEBUG 
出错类：Himall.Web.MvcApplication.Application_EndRequest  
错误描述：2019-01-04 10:26:24 635:[当前请求URL：http://localhost:62443/；请求的参数为：；页面加载的时间：15477.5032 毫秒] 




 记录时间：2019-01-04 10:40:44,243 
日志级别：  DEBUG 
出错类：Himall.Web.WebApiConfig.Register  
错误描述：[OpenApi]RegRoute-DefaultOpenApi 




 记录时间：2019-01-04 10:41:02,038 
日志级别：  DEBUG 
出错类：Himall.Web.MvcApplication.Application_EndRequest  
错误描述：2019-01-04 10:41:02 038:[当前请求URL：http://localhost:62443/；请求的参数为：；页面加载的时间：12611.0085 毫秒] 




 记录时间：2019-01-04 10:41:30,945 
日志级别：  DEBUG 
出错类：Himall.Web.WebApiConfig.Register  
错误描述：[OpenApi]RegRoute-DefaultOpenApi 




 记录时间：2019-01-04 10:44:22,438 
日志级别：  DEBUG 
出错类：Himall.Web.WebApiConfig.Register  
错误描述：[OpenApi]RegRoute-DefaultOpenApi 




 记录时间：2019-01-04 10:44:44,569 
日志级别：  DEBUG 
出错类：Himall.Web.MvcApplication.Application_EndRequest  
错误描述：2019-01-04 10:44:44 568:[当前请求URL：http://localhost:62443/；请求的参数为：；页面加载的时间：15745.6888 毫秒] 




 记录时间：2019-01-04 10:45:07,324 
日志级别：  DEBUG 
出错类：Himall.Web.WebApiConfig.Register  
错误描述：[OpenApi]RegRoute-DefaultOpenApi 




 记录时间：2019-01-04 10:45:17,599 
日志级别：  DEBUG 
出错类：Himall.Web.MvcApplication.Application_EndRequest  
错误描述：2019-01-04 10:45:17 598:[当前请求URL：http://localhost:62443/；请求的参数为：；页面加载的时间：5386.9445 毫秒] 




 记录时间：2019-01-04 10:45:17,599 
日志级别：  DEBUG 
出错类：Himall.Web.MvcApplication.Application_EndRequest  
错误描述：2019-01-04 10:45:17 598:[当前请求URL：http://localhost:62443/；请求的参数为：；页面加载的时间：5450.99 毫秒] 




 记录时间：2019-01-04 10:50:54,833 
日志级别：  DEBUG 
出错类：Himall.Web.MvcApplication.Application_EndRequest  
错误描述：2019-01-04 10:50:54 833:[当前请求URL：http://localhost:62443/m-Wap/GetMember/getMemberByOpenID?openid=oXdftwapmefHJ9zeyOk1n83MF84Y；请求的参数为：openid=oXdftwapmefHJ9zeyOk1n83MF84Y；页面加载的时间：24333.2509 毫秒] 




 记录时间：2019-01-04 10:56:00,630 
日志级别：  DEBUG 
出错类：Himall.Web.WebApiConfig.Register  
错误描述：[OpenApi]RegRoute-DefaultOpenApi 




 记录时间：2019-01-04 10:56:10,478 
日志级别：  DEBUG 
出错类：Himall.Web.MvcApplication.Application_EndRequest  
错误描述：2019-01-04 10:56:10 477:[当前请求URL：http://localhost:62443/；请求的参数为：；页面加载的时间：5571.6283 毫秒] 




 记录时间：2019-01-04 10:56:10,479 
日志级别：  DEBUG 
出错类：Himall.Web.MvcApplication.Application_EndRequest  
错误描述：2019-01-04 10:56:10 477:[当前请求URL：http://localhost:62443/；请求的参数为：；页面加载的时间：5611.6563 毫秒] 




 记录时间：2019-01-04 10:59:27,201 
日志级别：  DEBUG 
出错类：Himall.Web.WebApiConfig.Register  
错误描述：[OpenApi]RegRoute-DefaultOpenApi 




 记录时间：2019-01-04 11:00:30,821 
日志级别：  DEBUG 
出错类：Himall.Web.MvcApplication.Application_EndRequest  
错误描述：2019-01-04 11:00:30 820:[当前请求URL：http://localhost:62443/；请求的参数为：；页面加载的时间：56794.2714 毫秒] 




 记录时间：2019-01-04 11:00:30,842 
日志级别：  DEBUG 
出错类：Himall.Web.MvcApplication.Application_EndRequest  
错误描述：2019-01-04 11:00:30 842:[当前请求URL：http://localhost:62443/；请求的参数为：；页面加载的时间：56813.7885 毫秒] 




 记录时间：2019-01-04 11:00:31,273 
日志级别：  DEBUG 
出错类：Himall.Web.MvcApplication.Application_EndRequest  
错误描述：2019-01-04 11:00:31 273:[当前请求URL：http://localhost:62443/m-Wap/GetMember/getByOpenId?openid=oXdftwapmefHJ9zeyOk1n83MF84Y；请求的参数为：openid=oXdftwapmefHJ9zeyOk1n83MF84Y；页面加载的时间：57218.5763 毫秒] 




 记录时间：2019-01-04 11:01:48,847 
日志级别：  DEBUG 
出错类：Himall.Web.WebApiConfig.Register  
错误描述：[OpenApi]RegRoute-DefaultOpenApi 




 记录时间：2019-01-04 11:01:58,664 
日志级别：  DEBUG 
出错类：Himall.Web.MvcApplication.Application_EndRequest  
错误描述：2019-01-04 11:01:58 663:[当前请求URL：http://localhost:62443/；请求的参数为：；页面加载的时间：5824.8031 毫秒] 




 记录时间：2019-01-04 11:01:58,664 
日志级别：  DEBUG 
出错类：Himall.Web.MvcApplication.Application_EndRequest  
错误描述：2019-01-04 11:01:58 663:[当前请求URL：http://localhost:62443/；请求的参数为：；页面加载的时间：5771.757 毫秒] 




 记录时间：2019-01-04 11:02:06,341 
日志级别：  DEBUG 
出错类：Himall.Web.MvcApplication.Application_EndRequest  
错误描述：2019-01-04 11:02:06 341:[当前请求URL：http://localhost:62443/userinfo/GetCurrentUserInfo；请求的参数为：；页面加载的时间：5351.2658 毫秒] 




 记录时间：2019-01-04 11:02:07,838 
日志级别：  DEBUG 
出错类：Himall.Web.MvcApplication.Application_EndRequest  
错误描述：2019-01-04 11:02:07 837:[当前请求URL：http://localhost:62443/home/coupon；请求的参数为：；页面加载的时间：6184.9634 毫秒] 




 记录时间：2019-01-04 11:02:18,300 
日志级别：  DEBUG 
出错类：Himall.Web.MvcApplication.Application_EndRequest  
错误描述：2019-01-04 11:02:18 299:[当前请求URL：http://localhost:62443/product/UserCoupons；请求的参数为：；页面加载的时间：10299.6254 毫秒] 




 记录时间：2019-01-04 11:02:23,964 
日志级别：  DEBUG 
出错类：Himall.Web.MvcApplication.Application_EndRequest  
错误描述：2019-01-04 11:02:23 963:[当前请求URL：http://localhost:62443/Shop/PostCanUseShopCoupons/316；请求的参数为：；页面加载的时间：5643.1351 毫秒] 




 记录时间：2019-01-04 11:02:23,964 
日志级别：  DEBUG 
出错类：Himall.Web.MvcApplication.Application_EndRequest  
错误描述：2019-01-04 11:02:23 964:[当前请求URL：http://localhost:62443/m-Wap/GetMember/getMemberByOpenID?openid=oXdftwapmefHJ9zeyOk1n83MF84Y；请求的参数为：openid=oXdftwapmefHJ9zeyOk1n83MF84Y；页面加载的时间：13143.6869 毫秒] 




 记录时间：2019-01-04 11:02:25,752 
日志级别：  DEBUG 
出错类：Himall.Web.MvcApplication.Application_EndRequest  
错误描述：2019-01-04 11:02:25 751:[当前请求URL：http://localhost:62443/cart/GetCartProducts；请求的参数为：；页面加载的时间：17897.2488 毫秒] 




 记录时间：2019-01-04 11:03:40,005 
日志级别：  DEBUG 
出错类：Himall.Web.MvcApplication.Application_EndRequest  
错误描述：2019-01-04 11:03:40 005:[当前请求URL：http://localhost:62443/m-Wap/Login/getMemberByOpenID?openid=oXdftwapmefHJ9zeyOk1n83MF84Y；请求的参数为：openid=oXdftwapmefHJ9zeyOk1n83MF84Y；页面加载的时间：16340.7886 毫秒] 




 记录时间：2019-01-04 11:08:00,350 
日志级别：  DEBUG 
出错类：Himall.Web.WebApiConfig.Register  
错误描述：[OpenApi]RegRoute-DefaultOpenApi 




 记录时间：2019-01-04 11:08:23,335 
日志级别：  DEBUG 
出错类：Himall.Web.MvcApplication.Application_EndRequest  
错误描述：2019-01-04 11:08:23 335:[当前请求URL：http://localhost:62443/；请求的参数为：；页面加载的时间：15663.0312 毫秒] 




 记录时间：2019-01-04 11:08:40,703 
日志级别：  DEBUG 
出错类：Himall.Web.WebApiConfig.Register  
错误描述：[OpenApi]RegRoute-DefaultOpenApi 




 记录时间：2019-01-04 11:08:52,218 
日志级别：  DEBUG 
出错类：Himall.Web.MvcApplication.Application_EndRequest  
错误描述：2019-01-04 11:08:52 218:[当前请求URL：http://localhost:62443/；请求的参数为：；页面加载的时间：6144.2243 毫秒] 




 记录时间：2019-01-04 11:08:52,218 
日志级别：  DEBUG 
出错类：Himall.Web.MvcApplication.Application_EndRequest  
错误描述：2019-01-04 11:08:52 218:[当前请求URL：http://localhost:62443/；请求的参数为：；页面加载的时间：6179.2486 毫秒] 




 记录时间：2019-01-04 11:09:00,415 
日志级别：  DEBUG 
出错类：Himall.Web.MvcApplication.Application_EndRequest  
错误描述：2019-01-04 11:09:00 415:[当前请求URL：http://localhost:62443/userinfo/GetCurrentUserInfo；请求的参数为：；页面加载的时间：6555.6359 毫秒] 




 记录时间：2019-01-04 11:09:01,239 
日志级别：  DEBUG 
出错类：Himall.Web.MvcApplication.Application_EndRequest  
错误描述：2019-01-04 11:09:01 239:[当前请求URL：http://localhost:62443/home/coupon；请求的参数为：；页面加载的时间：5950.8788 毫秒] 




 记录时间：2019-01-04 11:09:06,417 
日志级别：  DEBUG 
出错类：Himall.Web.MvcApplication.Application_EndRequest  
错误描述：2019-01-04 11:09:06 416:[当前请求URL：http://localhost:62443/cart/GetCartProducts；请求的参数为：；页面加载的时间：5160.7037 毫秒] 




 记录时间：2019-01-04 11:09:32,187 
日志级别：  DEBUG 
出错类：Himall.Web.Framework.BaseController.OnException  
错误描述：序列化类型为“System.Data.Entity.DynamicProxies.MemberOpenIdInfo_C99BE1E320740A3936FE23246A2F2F94B103BA8C9B0A948C42F2591231423ED0”的对象时检测到循环引用。 




 记录时间：2019-01-04 11:09:34,744 
日志级别：  DEBUG 
出错类：Himall.Web.MvcApplication.Application_EndRequest  
错误描述：2019-01-04 11:09:34 744:[当前请求URL：http://localhost:62443/m-Wap/Login/getByOpenId?openid=oXdftwapmefHJ9zeyOk1n83MF84Y；请求的参数为：openid=oXdftwapmefHJ9zeyOk1n83MF84Y；页面加载的时间：12547.8121 毫秒] 




 记录时间：2019-01-04 11:18:52,389 
日志级别：  DEBUG 
出错类：Himall.Web.WebApiConfig.Register  
错误描述：[OpenApi]RegRoute-DefaultOpenApi 




 记录时间：2019-01-04 11:19:13,644 
日志级别：  DEBUG 
出错类：Himall.Web.MvcApplication.Application_EndRequest  
错误描述：2019-01-04 11:19:13 644:[当前请求URL：http://localhost:62443/；请求的参数为：；页面加载的时间：9353.3399 毫秒] 




 记录时间：2019-01-04 11:19:36,263 
日志级别：  DEBUG 
出错类：Himall.Web.WebApiConfig.Register  
错误描述：[OpenApi]RegRoute-DefaultOpenApi 




 记录时间：2019-01-04 11:19:49,993 
日志级别：  DEBUG 
出错类：Himall.Web.MvcApplication.Application_EndRequest  
错误描述：2019-01-04 11:19:49 992:[当前请求URL：http://localhost:62443/；请求的参数为：；页面加载的时间：7400.7742 毫秒] 




 记录时间：2019-01-04 11:19:49,993 
日志级别：  DEBUG 
出错类：Himall.Web.MvcApplication.Application_EndRequest  
错误描述：2019-01-04 11:19:49 992:[当前请求URL：http://localhost:62443/；请求的参数为：；页面加载的时间：7517.8572 毫秒] 




 记录时间：2019-01-04 11:19:56,993 
日志级别：  DEBUG 
出错类：Himall.Web.Framework.BaseController.OnException  
错误描述：The requested service 'Himall.IServices.IManagerService' has not been registered. To avoid this exception, either register a component to provide the service, check for service registration using IsRegistered(), or use the ResolveOptional() method to resolve an optional dependency. 




 记录时间：2019-01-04 11:19:57,096 
日志级别：  DEBUG 
出错类：Himall.Web.MvcApplication.Application_EndRequest  
错误描述：2019-01-04 11:19:57 095:[当前请求URL：http://localhost:62443/Home/GetThemeSettingJson；请求的参数为：；页面加载的时间：5779.5874 毫秒] 




 记录时间：2019-01-04 11:19:57,097 
日志级别：  DEBUG 
出错类：Himall.Web.MvcApplication.Application_EndRequest  
错误描述：2019-01-04 11:19:57 097:[当前请求URL：http://localhost:62443/home/GetBrands；请求的参数为：；页面加载的时间：5746.5646 毫秒] 




 记录时间：2019-01-04 11:19:57,498 
日志级别：  DEBUG 
出错类：Himall.Web.MvcApplication.Application_EndRequest  
错误描述：2019-01-04 11:19:57 498:[当前请求URL：http://localhost:62443/Home/GetNotice；请求的参数为：；页面加载的时间：6160.8589 毫秒] 




 记录时间：2019-01-04 11:20:00,716 
日志级别：  DEBUG 
出错类：Himall.Web.MvcApplication.Application_EndRequest  
错误描述：2019-01-04 11:20:00 716:[当前请求URL：http://localhost:62443/userinfo/GetCurrentUserInfo；请求的参数为：；页面加载的时间：8557.0498 毫秒] 




 记录时间：2019-01-04 11:21:51,794 
日志级别：  DEBUG 
出错类：Himall.Web.WebApiConfig.Register  
错误描述：[OpenApi]RegRoute-DefaultOpenApi 




 记录时间：2019-01-04 11:22:19,692 
日志级别：  DEBUG 
出错类：Himall.Web.MvcApplication.Application_EndRequest  
错误描述：2019-01-04 11:22:19 692:[当前请求URL：http://localhost:62443/；请求的参数为：；页面加载的时间：12923.5432 毫秒] 




 记录时间：2019-01-04 11:22:34,296 
日志级别：  DEBUG 
出错类：Himall.Web.WebApiConfig.Register  
错误描述：[OpenApi]RegRoute-DefaultOpenApi 




 记录时间：2019-01-04 11:23:41,827 
日志级别：  DEBUG 
出错类：Himall.Web.MvcApplication.Application_EndRequest  
错误描述：2019-01-04 11:23:41 827:[当前请求URL：http://localhost:62443/；请求的参数为：；页面加载的时间：61968.4465 毫秒] 




 记录时间：2019-01-04 11:23:41,831 
日志级别：  DEBUG 
出错类：Himall.Web.MvcApplication.Application_EndRequest  
错误描述：2019-01-04 11:23:41 830:[当前请求URL：http://localhost:62443/；请求的参数为：；页面加载的时间：62048.5059 毫秒] 




 记录时间：2019-01-04 11:24:36,656 
日志级别：  DEBUG 
出错类：Himall.Web.MvcApplication.Application_EndRequest  
错误描述：2019-01-04 11:24:36 656:[当前请求URL：http://localhost:62443/m-Wap/Login/getByOpenId?openid=oXdftwapmefHJ9zeyOk1n83MF84Y；请求的参数为：openid=oXdftwapmefHJ9zeyOk1n83MF84Y；页面加载的时间：116764.1065 毫秒] 




 记录时间：2019-01-04 11:24:36,789 
日志级别：  DEBUG 
出错类：Himall.Web.MvcApplication.Application_EndRequest  
错误描述：2019-01-04 11:24:36 787:[当前请求URL：http://localhost:62443/Home/GetThemeSettingJson；请求的参数为：；页面加载的时间：7167.5357 毫秒] 




 记录时间：2019-01-04 11:24:37,448 
日志级别：  DEBUG 
出错类：Himall.Web.MvcApplication.Application_EndRequest  
错误描述：2019-01-04 11:24:37 448:[当前请求URL：http://localhost:62443/Home/GetNotice；请求的参数为：；页面加载的时间：6860.8607 毫秒] 




 记录时间：2019-01-04 11:25:25,566 
日志级别：  DEBUG 
出错类：Himall.Web.MvcApplication.Application_EndRequest  
错误描述：2019-01-04 11:25:25 566:[当前请求URL：http://localhost:62443/m-Wap/Login/getMemberByOpenID?openid=oXdftwapmefHJ9zeyOk1n83MF84Y；请求的参数为：openid=oXdftwapmefHJ9zeyOk1n83MF84Y；页面加载的时间：12466.5112 毫秒] 




 记录时间：2019-01-04 11:26:15,401 
日志级别：  DEBUG 
出错类：Himall.Web.MvcApplication.Application_EndRequest  
错误描述：2019-01-04 11:26:15 401:[当前请求URL：http://localhost:62443/m-Wap/Login/getOrderByUserIdAndOrderStatus?userid=756；请求的参数为：userid=756；页面加载的时间：24435.801 毫秒] 




 记录时间：2019-01-04 11:28:20,135 
日志级别：  DEBUG 
出错类：Himall.Web.WebApiConfig.Register  
错误描述：[OpenApi]RegRoute-DefaultOpenApi 




 记录时间：2019-01-04 11:28:37,669 
日志级别：  DEBUG 
出错类：Himall.Web.MvcApplication.Application_EndRequest  
错误描述：2019-01-04 11:28:37 668:[当前请求URL：http://localhost:62443/；请求的参数为：；页面加载的时间：8320.8926 毫秒] 




 记录时间：2019-01-04 11:29:07,124 
日志级别：  DEBUG 
出错类：Himall.Web.WebApiConfig.Register  
错误描述：[OpenApi]RegRoute-DefaultOpenApi 




 记录时间：2019-01-04 11:29:14,780 
日志级别：  DEBUG 
出错类：Himall.Web.MvcApplication.Application_EndRequest  
错误描述：2019-01-04 11:29:14 779:[当前请求URL：http://localhost:62443/；请求的参数为：；页面加载的时间：5067.0646 毫秒] 




 记录时间：2019-01-04 11:32:33,333 
日志级别：  DEBUG 
出错类：Himall.Web.MvcApplication.Application_EndRequest  
错误描述：2019-01-04 11:32:33 332:[当前请求URL：http://localhost:62443/userinfo/GetCurrentUserInfo；请求的参数为：；页面加载的时间：7072.1395 毫秒] 




 记录时间：2019-01-04 11:32:34,366 
日志级别：  DEBUG 
出错类：Himall.Web.MvcApplication.Application_EndRequest  
错误描述：2019-01-04 11:32:34 366:[当前请求URL：http://localhost:62443/home/coupon；请求的参数为：；页面加载的时间：7375.6351 毫秒] 




 记录时间：2019-01-04 13:16:31,335 
日志级别：  DEBUG 
出错类：Himall.Web.WebApiConfig.Register  
错误描述：[OpenApi]RegRoute-DefaultOpenApi 




 记录时间：2019-01-04 13:16:57,313 
日志级别：  DEBUG 
出错类：Himall.Web.MvcApplication.Application_EndRequest  
错误描述：2019-01-04 01:16:57 312:[当前请求URL：http://localhost:62443/；请求的参数为：；页面加载的时间：19519.529 毫秒] 




 记录时间：2019-01-04 13:17:17,504 
日志级别：  DEBUG 
出错类：Himall.Web.WebApiConfig.Register  
错误描述：[OpenApi]RegRoute-DefaultOpenApi 




 记录时间：2019-01-04 13:17:31,298 
日志级别：  DEBUG 
出错类：Himall.Web.MvcApplication.Application_EndRequest  
错误描述：2019-01-04 01:17:31 298:[当前请求URL：http://localhost:62443/；请求的参数为：；页面加载的时间：7217.3385 毫秒] 




 记录时间：2019-01-04 13:17:33,196 
日志级别：  DEBUG 
出错类：Himall.Web.MvcApplication.Application_EndRequest  
错误描述：2019-01-04 01:17:33 196:[当前请求URL：http://localhost:62443/；请求的参数为：；页面加载的时间：9168.7912 毫秒] 




 记录时间：2019-01-04 13:24:38,123 
日志级别：  DEBUG 
出错类：Himall.Web.WebApiConfig.Register  
错误描述：[OpenApi]RegRoute-DefaultOpenApi 




 记录时间：2019-01-04 13:24:47,176 
日志级别：  DEBUG 
出错类：Himall.Web.MvcApplication.Application_EndRequest  
错误描述：2019-01-04 01:24:47 175:[当前请求URL：http://localhost:62443/；请求的参数为：；页面加载的时间：6209.4202 毫秒] 




 记录时间：2019-01-04 13:58:21,682 
日志级别：  DEBUG 
出错类：Himall.Web.WebApiConfig.Register  
错误描述：[OpenApi]RegRoute-DefaultOpenApi 




 记录时间：2019-01-04 13:58:45,995 
日志级别：  DEBUG 
出错类：Himall.Web.MvcApplication.Application_EndRequest  
错误描述：2019-01-04 01:58:45 995:[当前请求URL：http://localhost:62443/；请求的参数为：；页面加载的时间：19364.5692 毫秒] 




 记录时间：2019-01-04 13:59:01,445 
日志级别：  DEBUG 
出错类：Himall.Web.WebApiConfig.Register  
错误描述：[OpenApi]RegRoute-DefaultOpenApi 




 记录时间：2019-01-04 13:59:11,922 
日志级别：  DEBUG 
出错类：Himall.Web.MvcApplication.Application_EndRequest  
错误描述：2019-01-04 01:59:11 922:[当前请求URL：http://localhost:62443/；请求的参数为：；页面加载的时间：5485.072 毫秒] 




 记录时间：2019-01-04 13:59:11,922 
日志级别：  DEBUG 
出错类：Himall.Web.MvcApplication.Application_EndRequest  
错误描述：2019-01-04 01:59:11 922:[当前请求URL：http://localhost:62443/；请求的参数为：；页面加载的时间：5403.4809 毫秒] 




 记录时间：2019-01-04 14:01:47,968 
日志级别：  DEBUG 
出错类：Himall.Web.WebApiConfig.Register  
错误描述：[OpenApi]RegRoute-DefaultOpenApi 




 记录时间：2019-01-04 14:02:07,665 
日志级别：  DEBUG 
出错类：Himall.Web.MvcApplication.Application_EndRequest  
错误描述：2019-01-04 02:02:07 664:[当前请求URL：http://localhost:62443/；请求的参数为：；页面加载的时间：6650.6289 毫秒] 




 记录时间：2019-01-04 14:02:07,665 
日志级别：  DEBUG 
出错类：Himall.Web.MvcApplication.Application_EndRequest  
错误描述：2019-01-04 02:02:07 664:[当前请求URL：http://localhost:62443/；请求的参数为：；页面加载的时间：6595.09 毫秒] 




 记录时间：2019-01-04 14:02:22,638 
日志级别：  DEBUG 
出错类：Himall.Web.WebApiConfig.Register  
错误描述：[OpenApi]RegRoute-DefaultOpenApi 




 记录时间：2019-01-04 14:02:36,237 
日志级别：  DEBUG 
出错类：Himall.Web.MvcApplication.Application_EndRequest  
错误描述：2019-01-04 02:02:36 235:[当前请求URL：http://localhost:62443/；请求的参数为：；页面加载的时间：6777.5104 毫秒] 




 记录时间：2019-01-04 14:02:38,258 
日志级别：  DEBUG 
出错类：Himall.Web.MvcApplication.Application_EndRequest  
错误描述：2019-01-04 02:02:38 257:[当前请求URL：http://localhost:62443/Home/GetThemeSettingJson；请求的参数为：；页面加载的时间：12391.9996 毫秒] 




 记录时间：2019-01-04 14:02:39,267 
日志级别：  DEBUG 
出错类：Himall.Web.MvcApplication.Application_EndRequest  
错误描述：2019-01-04 02:02:39 258:[当前请求URL：http://localhost:62443/Login/GetOAuthList?_=1546581729990；请求的参数为：_=1546581729990；页面加载的时间：13796.9979 毫秒] 




 记录时间：2019-01-04 14:02:39,368 
日志级别：  DEBUG 
出错类：Himall.Web.MvcApplication.Application_EndRequest  
错误描述：2019-01-04 02:02:39 368:[当前请求URL：http://localhost:62443/home/GetBrands；请求的参数为：；页面加载的时间：13695.9272 毫秒] 




 记录时间：2019-01-04 14:02:39,667 
日志级别：  DEBUG 
出错类：Himall.Web.MvcApplication.Application_EndRequest  
错误描述：2019-01-04 02:02:39 666:[当前请求URL：http://localhost:62443/Home/GetNotice；请求的参数为：；页面加载的时间：13815.012 毫秒] 




 记录时间：2019-01-04 14:02:43,315 
日志级别：  DEBUG 
出错类：Himall.Web.MvcApplication.Application_EndRequest  
错误描述：2019-01-04 02:02:43 315:[当前请求URL：http://localhost:62443/userinfo/GetCurrentUserInfo；请求的参数为：；页面加载的时间：12150.2064 毫秒] 




 记录时间：2019-01-04 14:02:45,829 
日志级别：  DEBUG 
出错类：Himall.Web.MvcApplication.Application_EndRequest  
错误描述：2019-01-04 02:02:45 829:[当前请求URL：http://localhost:62443/home/coupon；请求的参数为：；页面加载的时间：5591.8511 毫秒] 




 记录时间：2019-01-04 14:03:21,210 
日志级别：  DEBUG 
出错类：Himall.Web.MvcApplication.Application_EndRequest  
错误描述：2019-01-04 02:03:21 209:[当前请求URL：http://localhost:62443/m-Wap/Login/getMemberByUserid?userid=756；请求的参数为：userid=756；页面加载的时间：7345.7829 毫秒] 




 记录时间：2019-01-04 14:04:32,782 
日志级别：  DEBUG 
出错类：Himall.Web.MvcApplication.Application_EndRequest  
错误描述：2019-01-04 02:04:32 782:[当前请求URL：http://localhost:62443/SellerAdmin/product/management；请求的参数为：；页面加载的时间：19294.4817 毫秒] 




 记录时间：2019-01-04 14:04:33,213 
日志级别：  DEBUG 
出错类：Himall.Web.MvcApplication.Application_EndRequest  
错误描述：2019-01-04 02:04:33 210:[当前请求URL：http://localhost:62443/temp/201712081644476313600.jpg；请求的参数为：；页面加载的时间：9336.156 毫秒] 




 记录时间：2019-01-04 14:04:52,890 
日志级别：  DEBUG 
出错类：Himall.Web.MvcApplication.Application_EndRequest  
错误描述：2019-01-04 02:04:52 890:[当前请求URL：http://localhost:62443/SellerAdmin/product/list；请求的参数为：；页面加载的时间：17722.5578 毫秒] 




 记录时间：2019-01-04 14:04:59,162 
日志级别：  DEBUG 
出错类：Himall.Web.MvcApplication.Application_EndRequest  
错误描述：2019-01-04 02:04:59 162:[当前请求URL：http://localhost:62443/SellerAdmin/product/management；请求的参数为：；页面加载的时间：15595.0546 毫秒] 




 记录时间：2019-01-04 14:05:11,489 
日志级别：  DEBUG 
出错类：Himall.Web.MvcApplication.Application_EndRequest  
错误描述：2019-01-04 02:05:11 489:[当前请求URL：http://localhost:62443/SellerAdmin/order/management；请求的参数为：；页面加载的时间：8741.7935 毫秒] 




 记录时间：2019-01-04 14:05:15,439 
日志级别：  DEBUG 
出错类：Himall.Web.MvcApplication.Application_EndRequest  
错误描述：2019-01-04 02:05:15 438:[当前请求URL：http://localhost:62443/SellerAdmin/order/management；请求的参数为：；页面加载的时间：13758.7566 毫秒] 




 记录时间：2019-01-04 14:05:27,429 
日志级别：  DEBUG 
出错类：Himall.Web.MvcApplication.Application_EndRequest  
错误描述：2019-01-04 02:05:27 429:[当前请求URL：http://localhost:62443/SellerAdmin/order/list；请求的参数为：；页面加载的时间：15009.1959 毫秒] 




 记录时间：2019-01-04 14:05:31,411 
日志级别：  DEBUG 
出错类：Himall.Web.MvcApplication.Application_EndRequest  
错误描述：2019-01-04 02:05:31 411:[当前请求URL：http://localhost:62443/SellerAdmin/product/list；请求的参数为：；页面加载的时间：29731.3677 毫秒] 




 记录时间：2019-01-04 14:05:34,169 
日志级别：  DEBUG 
出错类：Himall.Web.MvcApplication.Application_EndRequest  
错误描述：2019-01-04 02:05:34 169:[当前请求URL：http://localhost:62443/cart/GetCartProducts；请求的参数为：；页面加载的时间：21778.5343 毫秒] 




 记录时间：2019-01-04 14:06:49,425 
日志级别：  DEBUG 
出错类：Himall.Web.MvcApplication.Application_EndRequest  
错误描述：2019-01-04 02:06:49 424:[当前请求URL：http://localhost:62443/SellerAdmin/orderrefund/management?showtype=2；请求的参数为：showtype=2；页面加载的时间：73308.7178 毫秒] 




 记录时间：2019-01-04 14:09:37,358 
日志级别：  DEBUG 
出错类：Himall.Web.WebApiConfig.Register  
错误描述：[OpenApi]RegRoute-DefaultOpenApi 




 记录时间：2019-01-04 14:09:50,436 
日志级别：  DEBUG 
出错类：Himall.Web.MvcApplication.Application_EndRequest  
错误描述：2019-01-04 02:09:50 435:[当前请求URL：http://localhost:62443/；请求的参数为：；页面加载的时间：6208.411 毫秒] 




 记录时间：2019-01-04 14:13:32,902 
日志级别：  DEBUG 
出错类：Himall.Web.Framework.BaseController.OnException  
错误描述：未将对象引用设置到对象的实例。 




 记录时间：2019-01-04 14:13:42,273 
日志级别：  DEBUG 
出错类：Himall.Web.MvcApplication.Application_EndRequest  
错误描述：2019-01-04 02:13:42 273:[当前请求URL：http://localhost:62443/m-Wap/Order/Detail?id=2018121950817285；请求的参数为：id=2018121950817285；页面加载的时间：26797.5419 毫秒] 




 记录时间：2019-01-04 14:13:44,241 
日志级别：  DEBUG 
出错类：Himall.Web.MvcApplication.Application_EndRequest  
错误描述：2019-01-04 02:13:44 241:[当前请求URL：http://localhost:62443/cart/GetCartProducts；请求的参数为：；页面加载的时间：5154.6625 毫秒] 




 记录时间：2019-01-04 14:13:47,971 
日志级别：  DEBUG 
出错类：Himall.Web.MvcApplication.Application_EndRequest  
错误描述：2019-01-04 02:13:47 970:[当前请求URL：http://localhost:62443/product/UserCoupons；请求的参数为：；页面加载的时间：5682.0374 毫秒] 




 记录时间：2019-01-04 14:14:00,426 
日志级别：  DEBUG 
出错类：Himall.Web.MvcApplication.Application_EndRequest  
错误描述：2019-01-04 02:14:00 426:[当前请求URL：http://localhost:62443/m-wap/Member/Orders?orderStatus=3；请求的参数为：orderStatus=3；页面加载的时间：38670.9789 毫秒] 




 记录时间：2019-01-04 14:14:01,203 
日志级别：  DEBUG 
出错类：Himall.Web.MvcApplication.Application_EndRequest  
错误描述：2019-01-04 02:14:01 202:[当前请求URL：http://localhost:62443/common/site/pay?area=mobile&platform=Wap&controller=order&action=submit&skuIds=767_0_0_0&counts=1&returnUrl=%2Fm-Wap%2FProduct%2FDetail%2F767%3FreturnUrl%3Dnull；请求的参数为：area=mobile&platform=Wap&controller=order&action=submit&skuIds=767_0_0_0&counts=1&returnUrl=%2fm-Wap%2fProduct%2fDetail%2f767%3freturnUrl%3dnull；页面加载的时间：14389.2238 毫秒] 




 记录时间：2019-01-04 14:14:19,274 
日志级别：  DEBUG 
出错类：Himall.Web.MvcApplication.Application_EndRequest  
错误描述：2019-01-04 02:14:19 273:[当前请求URL：http://localhost:62443/common/site/pay?area=mobile&platform=Wap&controller=order&action=submit&skuIds=767_0_0_0&counts=1&returnUrl=%2Fm-Wap%2FProduct%2FDetail%2F767%3FreturnUrl%3Dnull；请求的参数为：area=mobile&platform=Wap&controller=order&action=submit&skuIds=767_0_0_0&counts=1&returnUrl=%2fm-Wap%2fProduct%2fDetail%2f767%3freturnUrl%3dnull；页面加载的时间：6217.9259 毫秒] 




 记录时间：2019-01-04 14:14:28,692 
日志级别：  DEBUG 
出错类：Himall.Web.MvcApplication.Application_EndRequest  
错误描述：2019-01-04 02:14:28 692:[当前请求URL：http://localhost:62443/m-Wap/Order/SubmitOrder；请求的参数为：；页面加载的时间：6041.141 毫秒] 




 记录时间：2019-01-04 14:14:29,279 
日志级别：  DEBUG 
出错类：Himall.Web.Areas.Mobile.Controllers.PaymentController.Get  
错误描述：Himall.Plugin.Payment.Alipay_WAP   支付宝手机支付   --url 




 记录时间：2019-01-04 14:14:31,383 
日志级别：  DEBUG 
出错类：Himall.Web.Areas.Mobile.Controllers.PaymentController.PayByCapitals  
错误描述：ids2019010441876416 




 记录时间：2019-01-04 14:14:31,773 
日志级别：  DEBUG 
出错类：Himall.Application.OrderApplication.PayByCapital  
错误描述：userid641 




 记录时间：2019-01-04 14:14:31,775 
日志级别：  DEBUG 
出错类：Himall.Application.OrderApplication.PayByCapital  
错误描述：hostUrllocalhost 




 记录时间：2019-01-04 14:14:31,776 
日志级别：  DEBUG 
出错类：Himall.Application.OrderApplication.PayByCapital  
错误描述：orderIds2019010441876416 




 记录时间：2019-01-04 14:14:39,919 
日志级别：  DEBUG 
出错类：Himall.Service.OrderService.SaveOrderPayInfo  
错误描述：payid190104141439251673 




 记录时间：2019-01-04 14:14:41,931 
日志级别：  DEBUG 
出错类：Himall.Service.OrderService.SaveOrderPayInfo  
错误描述：orderPayInfo 




 记录时间：2019-01-04 14:14:46,333 
日志级别：  DEBUG 
出错类：Himall.Application.OrderApplication.PayByCapital  
错误描述：payid=========190104141439251673 




 记录时间：2019-01-04 14:14:46,956 
日志级别：  DEBUG 
出错类：Himall.Service.OrderService.PaySucceed  
错误描述：orderIdsSystem.Linq.Enumerable+WhereSelectArrayIterator`2[System.String,System.Int64] 




 记录时间：2019-01-04 14:14:46,958 
日志级别：  DEBUG 
出错类：Himall.Service.OrderService.PaySucceed  
错误描述：payTime2019-01-04 14:14:46 




 记录时间：2019-01-04 14:14:47,049 
日志级别：  DEBUG 
出错类：Himall.Service.OrderService.PaySucceed  
错误描述：PaymentTypeNameHimall.Plugin.Payment.Alipay_WAP 




 记录时间：2019-01-04 14:14:47,055 
日志级别：  DEBUG 
出错类：Himall.Service.OrderService.PaySucceed  
错误描述：PaymentTypeName支付宝手机支付 




 记录时间：2019-01-04 14:14:51,367 
日志级别：  DEBUG 
出错类：Himall.Service.OrderService.PaySucceed  
错误描述：isSendMsgTrue 




 记录时间：2019-01-04 14:14:51,567 
日志级别：  DEBUG 
出错类：Himall.Service.OrderService.PaySucceed  
错误描述：orderMessage.MsgOrderType0 




 记录时间：2019-01-04 14:14:54,241 
日志级别：  DEBUG 
出错类：Himall.Application.OrderApplication.PayByCapital  
错误描述：payid190104141439251673 




 记录时间：2019-01-04 14:14:56,788 
日志级别：  DEBUG 
出错类：Himall.Web.MvcApplication.Application_EndRequest  
错误描述：2019-01-04 02:14:56 788:[当前请求URL：http://localhost:62443/m-Wap/Payment/PayByCapitals；请求的参数为：；页面加载的时间：25518.9784 毫秒] 




 记录时间：2019-01-04 14:14:56,834 
日志级别：  DEBUG 
出错类：Himall.Service.WXMsgTemplateService.GetWeiXinMsgTemplate  
错误描述：msgtype2 




 记录时间：2019-01-04 14:14:56,907 
日志级别：  DEBUG 
出错类：Himall.Service.WXMsgTemplateService.GetWeiXinMsgTemplate  
错误描述：resultHimall.Model.WeiXinMsgTemplateInfo 




 记录时间：2019-01-04 14:14:56,909 
日志级别：  DEBUG 
出错类：Himall.Service.WXMsgTemplateService.GetWeiXinMsgTemplate  
错误描述：resultTrue 




 记录时间：2019-01-04 14:15:06,123 
日志级别：  DEBUG 
出错类：Himall.Service.WXMsgTemplateService.SendMessageByTemplate  
错误描述：[模板消息]取到Token17_IFAeY07ZH1LI11o1kgZecrHacSFKN17MuNnHWcGEYiZTtIgzx1CnnvKCWpDjBZdo7VTu6RO3rTe3QN0gtw49HHTAHoCh18H_pQnKkorHi3ejmNr6AkYJ2Fk7YFca1vnx2A0y_brUBHct5z2cEMMfACAVDD 




 记录时间：2019-01-04 14:15:06,124 
日志级别：  DEBUG 
出错类：Himall.Service.WXMsgTemplateService.SendMessageByTemplate  
错误描述：[模板消息]取到openIdoXdftwcoJyBxYqq_S7_pCRvIUYg8 




 记录时间：2019-01-04 14:15:06,126 
日志级别：  DEBUG 
出错类：Himall.Service.WXMsgTemplateService.SendMessageByTemplate  
错误描述：[模板消息]取到templateIdrSdQS5aaY2GSO4eBm5SzzGEOEu5EwcSV_MNDMfvGiP0 




 记录时间：2019-01-04 14:15:06,127 
日志级别：  DEBUG 
出错类：Himall.Service.WXMsgTemplateService.SendMessageByTemplate  
错误描述：urlhttp://vshop.css751.com/m-WeiXin/Order/Detail/2019010441876416 




 记录时间：2019-01-04 14:15:27,174 
日志级别：  DEBUG 
出错类：Himall.Web.MvcApplication.Application_EndRequest  
错误描述：2019-01-04 02:15:27 174:[当前请求URL：http://localhost:62443/m-Wap/vshop/detail/20；请求的参数为：；页面加载的时间：30361.1133 毫秒] 




 记录时间：2019-01-04 14:15:48,975 
日志级别：  DEBUG 
出错类：Himall.Web.MvcApplication.Application_EndRequest  
错误描述：2019-01-04 02:15:48 975:[当前请求URL：http://localhost:62443/m-wap/member/center；请求的参数为：；页面加载的时间：8987.8863 毫秒] 




 记录时间：2019-01-04 14:16:32,674 
日志级别：  DEBUG 
出错类：Himall.Web.MvcApplication.Application_EndRequest  
错误描述：2019-01-04 02:16:32 674:[当前请求URL：http://localhost:62443/m-Wap/OrderRefund/RefundApply/?orderid=2019010441876416；请求的参数为：orderid=2019010441876416；页面加载的时间：17618.3651 毫秒] 




 记录时间：2019-01-04 14:16:55,540 
日志级别：  DEBUG 
出错类：Himall.Web.MvcApplication.Application_EndRequest  
错误描述：2019-01-04 02:16:55 540:[当前请求URL：http://localhost:62443/m-Wap/OrderRefund/RefundApply；请求的参数为：；页面加载的时间：14491.6245 毫秒] 




 记录时间：2019-01-04 14:18:18,948 
日志级别：  DEBUG 
出错类：Himall.Web.MvcApplication.Application_EndRequest  
错误描述：2019-01-04 02:18:18 948:[当前请求URL：http://localhost:62443/SellerAdmin/product/list；请求的参数为：；页面加载的时间：11371.7431 毫秒] 




 记录时间：2019-01-04 14:18:36,410 
日志级别：  DEBUG 
出错类：Himall.Web.MvcApplication.Application_EndRequest  
错误描述：2019-01-04 02:18:36 409:[当前请求URL：http://localhost:62443/SellerAdmin/orderrefund/management?showtype=2；请求的参数为：showtype=2；页面加载的时间：24657.9207 毫秒] 




 记录时间：2019-01-04 14:26:00,012 
日志级别：  DEBUG 
出错类：Himall.Web.MvcApplication.Application_EndRequest  
错误描述：2019-01-04 02:26:00 011:[当前请求URL：http://localhost:62443/SellerAdmin/orderrefund/management?showtype=2；请求的参数为：showtype=2；页面加载的时间：68886.4527 毫秒] 




 记录时间：2019-01-04 14:26:09,159 
日志级别：  DEBUG 
出错类：Himall.Web.MvcApplication.Application_EndRequest  
错误描述：2019-01-04 02:26:09 158:[当前请求URL：http://localhost:62443/SellerAdmin/orderrefund/list?showtype=2；请求的参数为：showtype=2；页面加载的时间：8335.3537 毫秒] 




 记录时间：2019-01-04 14:30:50,229 
日志级别：  DEBUG 
出错类：Himall.Web.MvcApplication.Application_EndRequest  
错误描述：2019-01-04 02:30:50 228:[当前请求URL：http://localhost:62443/SellerAdmin/orderrefund/management?showtype=2；请求的参数为：showtype=2；页面加载的时间：202499.0652 毫秒] 




 记录时间：2019-01-04 14:42:35,671 
日志级别：  DEBUG 
出错类：Himall.Web.MvcApplication.Application_EndRequest  
错误描述：2019-01-04 02:42:35 671:[当前请求URL：http://localhost:62443/SellerAdmin/orderrefund/management?showtype=2；请求的参数为：showtype=2；页面加载的时间：624587.1467 毫秒] 




 记录时间：2019-01-04 14:42:42,555 
日志级别：  DEBUG 
出错类：Himall.Web.MvcApplication.Application_EndRequest  
错误描述：2019-01-04 02:42:42 555:[当前请求URL：http://localhost:62443/SellerAdmin/orderrefund/list?showtype=2；请求的参数为：showtype=2；页面加载的时间：6376.1528 毫秒] 




 记录时间：2019-01-04 14:56:51,641 
日志级别：  DEBUG 
出错类：Himall.Web.WebApiConfig.Register  
错误描述：[OpenApi]RegRoute-DefaultOpenApi 




 记录时间：2019-01-04 14:57:13,080 
日志级别：  DEBUG 
出错类：Himall.Web.MvcApplication.Application_EndRequest  
错误描述：2019-01-04 02:57:13 079:[当前请求URL：http://localhost:62443/；请求的参数为：；页面加载的时间：15322.7947 毫秒] 




 记录时间：2019-01-04 14:57:44,273 
日志级别：  DEBUG 
出错类：Himall.Web.WebApiConfig.Register  
错误描述：[OpenApi]RegRoute-DefaultOpenApi 




 记录时间：2019-01-04 14:58:02,974 
日志级别：  DEBUG 
出错类：Himall.Web.MvcApplication.Application_EndRequest  
错误描述：2019-01-04 02:58:02 974:[当前请求URL：http://localhost:62443/；请求的参数为：；页面加载的时间：11062.1114 毫秒] 




 记录时间：2019-01-04 14:58:02,978 
日志级别：  DEBUG 
出错类：Himall.Web.MvcApplication.Application_EndRequest  
错误描述：2019-01-04 02:58:02 978:[当前请求URL：http://localhost:62443/；请求的参数为：；页面加载的时间：11146.1699 毫秒] 




 记录时间：2019-01-04 14:58:58,579 
日志级别：  DEBUG 
出错类：Himall.Web.Framework.BaseController.OnException  
错误描述：The requested service 'Himall.IServices.IManagerService' has not been registered. To avoid this exception, either register a component to provide the service, check for service registration using IsRegistered(), or use the ResolveOptional() method to resolve an optional dependency. 




 记录时间：2019-01-04 14:58:58,670 
日志级别：  DEBUG 
出错类：Himall.Web.MvcApplication.Application_EndRequest  
错误描述：2019-01-04 02:58:58 669:[当前请求URL：http://localhost:62443/home/coupon；请求的参数为：；页面加载的时间：45743.8229 毫秒] 




 记录时间：2019-01-04 14:59:01,576 
日志级别：  DEBUG 
出错类：Himall.Web.MvcApplication.Application_EndRequest  
错误描述：2019-01-04 02:59:01 575:[当前请求URL：http://localhost:62443/userinfo/GetCurrentUserInfo；请求的参数为：；页面加载的时间：49335.3341 毫秒] 




 记录时间：2019-01-04 15:01:14,022 
日志级别：  DEBUG 
出错类：Himall.Web.WebApiConfig.Register  
错误描述：[OpenApi]RegRoute-DefaultOpenApi 




 记录时间：2019-01-04 15:01:58,726 
日志级别：  DEBUG 
出错类：Himall.Web.Framework.BaseController.OnException  
错误描述：尝试读取超出流末尾的内容。 




 记录时间：2019-01-04 15:02:06,833 
日志级别：  DEBUG 
出错类：Himall.Web.MvcApplication.Application_EndRequest  
错误描述：2019-01-04 03:02:06 833:[当前请求URL：http://localhost:62443/；请求的参数为：；页面加载的时间：46427.6553 毫秒] 




 记录时间：2019-01-04 15:02:16,116 
日志级别：  DEBUG 
出错类：Himall.Web.WebApiConfig.Register  
错误描述：[OpenApi]RegRoute-DefaultOpenApi 




 记录时间：2019-01-04 15:02:26,945 
日志级别：  DEBUG 
出错类：Himall.Web.MvcApplication.Application_EndRequest  
错误描述：2019-01-04 03:02:26 945:[当前请求URL：http://localhost:62443/；请求的参数为：；页面加载的时间：6203.4069 毫秒] 




 记录时间：2019-01-04 15:02:26,946 
日志级别：  DEBUG 
出错类：Himall.Web.MvcApplication.Application_EndRequest  
错误描述：2019-01-04 03:02:26 945:[当前请求URL：http://localhost:62443/；请求的参数为：；页面加载的时间：6280.4615 毫秒] 




 记录时间：2019-01-04 15:05:24,503 
日志级别：  DEBUG 
出错类：Himall.Web.WebApiConfig.Register  
错误描述：[OpenApi]RegRoute-DefaultOpenApi 




 记录时间：2019-01-04 15:05:46,861 
日志级别：  DEBUG 
出错类：Himall.Web.MvcApplication.Application_EndRequest  
错误描述：2019-01-04 03:05:46 861:[当前请求URL：http://localhost:62443/；请求的参数为：；页面加载的时间：15622.1011 毫秒] 




 记录时间：2019-01-04 15:06:15,552 
日志级别：  DEBUG 
出错类：Himall.Web.WebApiConfig.Register  
错误描述：[OpenApi]RegRoute-DefaultOpenApi 




 记录时间：2019-01-04 15:06:31,203 
日志级别：  DEBUG 
出错类：Himall.Web.MvcApplication.Application_EndRequest  
错误描述：2019-01-04 03:06:31 202:[当前请求URL：http://localhost:62443/；请求的参数为：；页面加载的时间：8091.8827 毫秒] 




 记录时间：2019-01-04 15:06:31,203 
日志级别：  DEBUG 
出错类：Himall.Web.MvcApplication.Application_EndRequest  
错误描述：2019-01-04 03:06:31 203:[当前请求URL：http://localhost:62443/；请求的参数为：；页面加载的时间：8071.8694 毫秒] 




 记录时间：2019-01-04 15:08:15,374 
日志级别：  DEBUG 
出错类：Himall.Web.Framework.BaseController.OnException  
错误描述：未将对象引用设置到对象的实例。 




 记录时间：2019-01-04 15:08:18,515 
日志级别：  DEBUG 
出错类：Himall.Web.MvcApplication.Application_EndRequest  
错误描述：2019-01-04 03:08:18 514:[当前请求URL：http://localhost:62443/m-Wap/Login/getOpenIdByUserId?userid=765；请求的参数为：userid=765；页面加载的时间：17672.6277 毫秒] 




 记录时间：2019-01-04 15:08:39,268 
日志级别：  DEBUG 
出错类：Himall.Web.Framework.BaseController.OnException  
错误描述：未将对象引用设置到对象的实例。 




 记录时间：2019-01-04 15:08:39,278 
日志级别：  DEBUG 
出错类：Himall.Web.MvcApplication.Application_EndRequest  
错误描述：2019-01-04 03:08:39 278:[当前请求URL：http://localhost:62443/m-Wap/Login/getOpenIdByUserId?userid=765；请求的参数为：userid=765；页面加载的时间：19638.0459 毫秒] 




 记录时间：2019-01-04 15:08:59,823 
日志级别：  DEBUG 
出错类：Himall.Web.MvcApplication.Application_EndRequest  
错误描述：2019-01-04 03:08:59 821:[当前请求URL：http://localhost:62443/m-Wap/Login/getOpenIdByUserId?userid=756；请求的参数为：userid=756；页面加载的时间：12270.1271 毫秒] 




 记录时间：2019-01-04 15:09:41,682 
日志级别：  DEBUG 
出错类：Himall.Web.WebApiConfig.Register  
错误描述：[OpenApi]RegRoute-DefaultOpenApi 




 记录时间：2019-01-04 15:09:53,074 
日志级别：  DEBUG 
出错类：Himall.Web.MvcApplication.Application_EndRequest  
错误描述：2019-01-04 03:09:53 073:[当前请求URL：http://localhost:62443/；请求的参数为：；页面加载的时间：6930.452 毫秒] 




 记录时间：2019-01-04 15:11:04,319 
日志级别：  DEBUG 
出错类：Himall.Web.MvcApplication.Application_EndRequest  
错误描述：2019-01-04 03:11:04 319:[当前请求URL：http://localhost:62443/userinfo/GetCurrentUserInfo；请求的参数为：；页面加载的时间：5136.1496 毫秒] 




 记录时间：2019-01-04 15:11:05,346 
日志级别：  DEBUG 
出错类：Himall.Web.MvcApplication.Application_EndRequest  
错误描述：2019-01-04 03:11:05 346:[当前请求URL：http://localhost:62443/home/coupon；请求的参数为：；页面加载的时间：5200.1964 毫秒] 




 记录时间：2019-01-04 15:12:02,397 
日志级别：  DEBUG 
出错类：Himall.Web.MvcApplication.Application_EndRequest  
错误描述：2019-01-04 03:12:02 396:[当前请求URL：http://localhost:62443/SellerAdmin/orderrefund/management?showtype=2；请求的参数为：showtype=2；页面加载的时间：36255.1232 毫秒] 




 记录时间：2019-01-04 15:12:10,082 
日志级别：  DEBUG 
出错类：Himall.Web.MvcApplication.Application_EndRequest  
错误描述：2019-01-04 03:12:10 082:[当前请求URL：http://localhost:62443/SellerAdmin/orderrefund/list?showtype=2；请求的参数为：showtype=2；页面加载的时间：5543.1844 毫秒] 




 记录时间：2019-01-04 15:12:28,958 
日志级别：  DEBUG 
出错类：Himall.Web.MvcApplication.Application_EndRequest  
错误描述：2019-01-04 03:12:28 958:[当前请求URL：http://localhost:62443/SellerAdmin/orderrefund/management?showtype=2；请求的参数为：showtype=2；页面加载的时间：10714.307 毫秒] 




 记录时间：2019-01-04 15:13:18,709 
日志级别：  DEBUG 
出错类：Himall.Web.MvcApplication.Application_EndRequest  
错误描述：2019-01-04 03:13:18 709:[当前请求URL：http://localhost:62443/SellerAdmin/orderrefund/list?showtype=2；请求的参数为：showtype=2；页面加载的时间：49421.1296 毫秒] 




 记录时间：2019-01-04 15:16:09,329 
日志级别：  DEBUG 
出错类：Himall.Web.MvcApplication.Application_EndRequest  
错误描述：2019-01-04 03:16:09 328:[当前请求URL：http://localhost:62443/SellerAdmin/orderrefund/management?showtype=2；请求的参数为：showtype=2；页面加载的时间：10105.1316 毫秒] 




 记录时间：2019-01-04 15:17:16,895 
日志级别：  DEBUG 
出错类：Himall.Web.MvcApplication.Application_EndRequest  
错误描述：2019-01-04 03:17:16 895:[当前请求URL：http://localhost:62443/SellerAdmin/orderrefund/list?showtype=2；请求的参数为：showtype=2；页面加载的时间：67224.8235 毫秒] 




 记录时间：2019-01-04 15:20:27,141 
日志级别：  DEBUG 
出错类：Himall.Web.MvcApplication.Application_EndRequest  
错误描述：2019-01-04 03:20:27 141:[当前请求URL：http://localhost:62443/SellerAdmin/orderrefund/management?showtype=2；请求的参数为：showtype=2；页面加载的时间：5925.2208 毫秒] 




 记录时间：2019-01-04 15:22:24,430 
日志级别：  DEBUG 
出错类：Himall.Web.MvcApplication.Application_EndRequest  
错误描述：2019-01-04 03:22:24 430:[当前请求URL：http://localhost:62443/SellerAdmin/orderrefund/management?showtype=2；请求的参数为：showtype=2；页面加载的时间：5211.3731 毫秒] 




 记录时间：2019-01-04 15:22:46,346 
日志级别：  DEBUG 
出错类：Himall.Web.MvcApplication.Application_EndRequest  
错误描述：2019-01-04 03:22:46 346:[当前请求URL：http://localhost:62443/SellerAdmin/orderrefund/list?showtype=2；请求的参数为：showtype=2；页面加载的时间：21171.8312 毫秒] 




 记录时间：2019-01-04 15:23:55,319 
日志级别：  DEBUG 
出错类：Himall.Web.MvcApplication.Application_EndRequest  
错误描述：2019-01-04 03:23:55 319:[当前请求URL：http://localhost:62443/SellerAdmin/orderrefund/management?showtype=2；请求的参数为：showtype=2；页面加载的时间：5583.0017 毫秒] 




 记录时间：2019-01-04 15:24:13,438 
日志级别：  DEBUG 
出错类：Himall.Web.MvcApplication.Application_EndRequest  
错误描述：2019-01-04 03:24:13 438:[当前请求URL：http://localhost:62443/SellerAdmin/orderrefund/list?showtype=2；请求的参数为：showtype=2；页面加载的时间：9700.2683 毫秒] 




 记录时间：2019-01-04 15:31:06,478 
日志级别：  DEBUG 
出错类：Himall.Web.MvcApplication.Application_EndRequest  
错误描述：2019-01-04 03:31:06 478:[当前请求URL：http://localhost:62443/SellerAdmin/orderrefund/management?showtype=2；请求的参数为：showtype=2；页面加载的时间：6714.9084 毫秒] 




 记录时间：2019-01-04 15:35:16,819 
日志级别：  DEBUG 
出错类：Himall.Web.MvcApplication.Application_EndRequest  
错误描述：2019-01-04 03:35:16 818:[当前请求URL：http://localhost:62443/SellerAdmin/orderrefund/list?showtype=2；请求的参数为：showtype=2；页面加载的时间：249517.9212 毫秒] 




 记录时间：2019-01-04 16:36:06,116 
日志级别：  DEBUG 
出错类：Himall.Web.MvcApplication.Application_EndRequest  
错误描述：2019-01-04 04:36:06 116:[当前请求URL：http://localhost:62443/common/site/pay?area=mobile&platform=Wap&controller=order&action=submit&skuIds=767_0_0_0&counts=1&returnUrl=%2Fm-Wap%2FProduct%2FDetail%2F767%3FreturnUrl%3Dnull；请求的参数为：area=mobile&platform=Wap&controller=order&action=submit&skuIds=767_0_0_0&counts=1&returnUrl=%2fm-Wap%2fProduct%2fDetail%2f767%3freturnUrl%3dnull；页面加载的时间：16452.4174 毫秒] 




 记录时间：2019-01-04 16:37:09,180 
日志级别：  DEBUG 
出错类：Himall.Web.MvcApplication.Application_EndRequest  
错误描述：2019-01-04 04:37:09 180:[当前请求URL：http://localhost:62443/m-Wap/Order/SubmitOrder；请求的参数为：；页面加载的时间：31267.8736 毫秒] 




 记录时间：2019-01-04 16:37:09,649 
日志级别：  DEBUG 
出错类：Himall.Web.Areas.Mobile.Controllers.PaymentController.Get  
错误描述：Himall.Plugin.Payment.Alipay_WAP   支付宝手机支付   --url 




 记录时间：2019-01-04 16:37:12,161 
日志级别：  DEBUG 
出错类：Himall.Web.Areas.Mobile.Controllers.PaymentController.PayByCapitals  
错误描述：ids2019010446603766 




 记录时间：2019-01-04 16:37:12,277 
日志级别：  DEBUG 
出错类：Himall.Application.OrderApplication.PayByCapital  
错误描述：userid641 




 记录时间：2019-01-04 16:37:12,278 
日志级别：  DEBUG 
出错类：Himall.Application.OrderApplication.PayByCapital  
错误描述：hostUrllocalhost 




 记录时间：2019-01-04 16:37:12,279 
日志级别：  DEBUG 
出错类：Himall.Application.OrderApplication.PayByCapital  
错误描述：orderIds2019010446603766 




 记录时间：2019-01-04 16:37:12,540 
日志级别：  DEBUG 
出错类：Himall.Service.OrderService.SaveOrderPayInfo  
错误描述：payid190104371612518997 




 记录时间：2019-01-04 16:37:12,689 
日志级别：  DEBUG 
出错类：Himall.Service.OrderService.SaveOrderPayInfo  
错误描述：orderPayInfo 




 记录时间：2019-01-04 16:37:13,087 
日志级别：  DEBUG 
出错类：Himall.Application.OrderApplication.PayByCapital  
错误描述：payid=========190104371612518997 




 记录时间：2019-01-04 16:37:13,096 
日志级别：  DEBUG 
出错类：Himall.Service.OrderService.PaySucceed  
错误描述：orderIdsSystem.Linq.Enumerable+WhereSelectArrayIterator`2[System.String,System.Int64] 




 记录时间：2019-01-04 16:37:13,097 
日志级别：  DEBUG 
出错类：Himall.Service.OrderService.PaySucceed  
错误描述：payTime2019-01-04 16:37:13 




 记录时间：2019-01-04 16:37:13,270 
日志级别：  DEBUG 
出错类：Himall.Service.OrderService.PaySucceed  
错误描述：PaymentTypeNameHimall.Plugin.Payment.Alipay_WAP 




 记录时间：2019-01-04 16:37:13,276 
日志级别：  DEBUG 
出错类：Himall.Service.OrderService.PaySucceed  
错误描述：PaymentTypeName支付宝手机支付 




 记录时间：2019-01-04 16:37:17,930 
日志级别：  DEBUG 
出错类：Himall.Service.OrderService.PaySucceed  
错误描述：isSendMsgTrue 




 记录时间：2019-01-04 16:37:18,368 
日志级别：  DEBUG 
出错类：Himall.Service.OrderService.PaySucceed  
错误描述：orderMessage.MsgOrderType0 




 记录时间：2019-01-04 16:37:18,369 
日志级别：  DEBUG 
出错类：Himall.Application.OrderApplication.PayByCapital  
错误描述：payid190104371612518997 




 记录时间：2019-01-04 16:37:28,560 
日志级别：  DEBUG 
出错类：Himall.Web.MvcApplication.Application_EndRequest  
错误描述：2019-01-04 04:37:28 537:[当前请求URL：http://localhost:62443/m-Wap/Payment/PayByCapitals；请求的参数为：；页面加载的时间：16501.5966 毫秒] 




 记录时间：2019-01-04 16:38:08,428 
日志级别：  DEBUG 
出错类：Himall.Service.WXMsgTemplateService.GetWeiXinMsgTemplate  
错误描述：msgtype2 




 记录时间：2019-01-04 16:38:08,677 
日志级别：  DEBUG 
出错类：Himall.Service.WXMsgTemplateService.GetWeiXinMsgTemplate  
错误描述：resultHimall.Model.WeiXinMsgTemplateInfo 




 记录时间：2019-01-04 16:38:08,678 
日志级别：  DEBUG 
出错类：Himall.Service.WXMsgTemplateService.GetWeiXinMsgTemplate  
错误描述：resultTrue 




 记录时间：2019-01-04 16:38:49,151 
日志级别：  DEBUG 
出错类：Himall.Service.WXMsgTemplateService.SendMessageByTemplate  
错误描述：[模板消息]取到Token17_vSj6rQN8ykfkd1oo1JBEUnLvPagG6dV8wga51bzZ6D7ep0mgtbaVJygrKVnWDBHuZC13R0Sx_PGBJwqD2nZMUDNXAyeefiZnyPUeTdjT0e8BxMqrjhDnM1oy2DUAKBcAHAGQH 




 记录时间：2019-01-04 16:38:50,016 
日志级别：  DEBUG 
出错类：Himall.Service.WXMsgTemplateService.SendMessageByTemplate  
错误描述：[模板消息]取到openIdoXdftwcoJyBxYqq_S7_pCRvIUYg8 




 记录时间：2019-01-04 16:38:50,682 
日志级别：  DEBUG 
出错类：Himall.Service.WXMsgTemplateService.SendMessageByTemplate  
错误描述：[模板消息]取到templateIdrSdQS5aaY2GSO4eBm5SzzGEOEu5EwcSV_MNDMfvGiP0 




 记录时间：2019-01-04 16:38:52,662 
日志级别：  DEBUG 
出错类：Himall.Service.WXMsgTemplateService.SendMessageByTemplate  
错误描述：urlhttp://vshop.css751.com/m-WeiXin/Order/Detail/2019010446603766 




 记录时间：2019-01-04 17:00:04,095 
日志级别：  DEBUG 
出错类：Himall.Web.Framework.BaseController.OnException  
错误描述：Timeout in IO operation 




 记录时间：2019-01-04 17:00:04,256 
日志级别：  DEBUG 
出错类：Himall.Web.MvcApplication.Application_EndRequest  
错误描述：2019-01-04 05:00:04 256:[当前请求URL：http://localhost:62443/m-Wap/vshop/detail/20；请求的参数为：；页面加载的时间：1355511.4551 毫秒] 




 记录时间：2019-01-04 21:38:45,308 
日志级别：  DEBUG 
出错类：Himall.Web.WebApiConfig.Register  
错误描述：[OpenApi]RegRoute-DefaultOpenApi 




 记录时间：2019-01-04 21:38:59,407 
日志级别：  DEBUG 
出错类：Himall.Web.MvcApplication.Application_EndRequest  
错误描述：2019-01-04 09:38:59 403:[当前请求URL：http://localhost:62443/；请求的参数为：；页面加载的时间：7052.8202 毫秒] 




 记录时间：2019-01-04 21:39:45,184 
日志级别：  DEBUG 
出错类：Himall.Web.MvcApplication.Application_EndRequest  
错误描述：2019-01-04 09:39:45 184:[当前请求URL：http://localhost:62443/m-Wap/Login/Entrance?returnUrl=http:%2f%2flocalhost:62443%2fm-wap%2fvshop%2fdetail%2f20；请求的参数为：returnUrl=http%3a%2f%2flocalhost%3a62443%2fm-wap%2fvshop%2fdetail%2f20；页面加载的时间：15755.072 毫秒] 




 记录时间：2019-01-04 21:40:38,009 
日志级别：  DEBUG 
出错类：Himall.Web.MvcApplication.Application_EndRequest  
错误描述：2019-01-04 09:40:38 008:[当前请求URL：http://localhost:62443/Login；请求的参数为：；页面加载的时间：11126.9123 毫秒] 




 记录时间：2019-01-04 21:40:38,228 
日志级别：  DEBUG 
出错类：Himall.Web.MvcApplication.Application_EndRequest  
错误描述：2019-01-04 09:40:38 228:[当前请求URL：http://localhost:62443/temp/201712051720599465590.jpg；请求的参数为：；页面加载的时间：12834.0991 毫秒] 




 记录时间：2019-01-04 21:40:38,731 
日志级别：  DEBUG 
出错类：Himall.Web.MvcApplication.Application_EndRequest  
错误描述：2019-01-04 09:40:38 731:[当前请求URL：http://localhost:62443/temp/201712051536297107890.jpg；请求的参数为：；页面加载的时间：13336.2828 毫秒] 




 记录时间：2019-01-04 21:41:20,919 
日志级别：  DEBUG 
出错类：Himall.Web.MvcApplication.Application_EndRequest  
错误描述：2019-01-04 09:41:20 919:[当前请求URL：http://localhost:62443/Shop/PostCanUseShopCoupons/316；请求的参数为：；页面加载的时间：27221.8131 毫秒] 




 记录时间：2019-01-04 21:41:22,205 
日志级别：  DEBUG 
出错类：Himall.Web.MvcApplication.Application_EndRequest  
错误描述：2019-01-04 09:41:22 205:[当前请求URL：http://localhost:62443/product/GetLoginUserInfo；请求的参数为：；页面加载的时间：32327.0639 毫秒] 




 记录时间：2019-01-04 21:41:23,329 
日志级别：  DEBUG 
出错类：Himall.Web.MvcApplication.Application_EndRequest  
错误描述：2019-01-04 09:41:23 329:[当前请求URL：http://localhost:62443/cart/GetCartProducts；请求的参数为：；页面加载的时间：33455.0409 毫秒] 




 记录时间：2019-01-04 21:41:23,452 
日志级别：  DEBUG 
出错类：Himall.Web.MvcApplication.Application_EndRequest  
错误描述：2019-01-04 09:41:23 452:[当前请求URL：http://localhost:62443/home/GetBrands；请求的参数为：；页面加载的时间：35875.8696 毫秒] 




 记录时间：2019-01-04 21:41:23,985 
日志级别：  DEBUG 
出错类：Himall.Web.MvcApplication.Application_EndRequest  
错误描述：2019-01-04 09:41:23 984:[当前请求URL：http://localhost:62443/Home/GetNotice；请求的参数为：；页面加载的时间：36409.7313 毫秒] 




 记录时间：2019-01-04 21:42:18,892 
日志级别：  DEBUG 
出错类：Himall.Web.MvcApplication.Application_EndRequest  
错误描述：2019-01-04 09:42:18 891:[当前请求URL：http://localhost:62443/m-Wap/vshop/Search?vshopid=20；请求的参数为：vshopid=20；页面加载的时间：5581.1737 毫秒] 




 记录时间：2019-01-04 21:43:18,829 
日志级别：  DEBUG 
出错类：Himall.Web.MvcApplication.Application_EndRequest  
错误描述：2019-01-04 09:43:18 828:[当前请求URL：http://localhost:62443/m-wap/Product/Details/772?nojumpfg=1；请求的参数为：nojumpfg=1；页面加载的时间：8396.9951 毫秒] 




 记录时间：2019-01-04 21:43:18,845 
日志级别：  DEBUG 
出错类：Himall.Web.MvcApplication.Application_EndRequest  
错误描述：2019-01-04 09:43:18 845:[当前请求URL：http://localhost:62443/m-Wap/product/detail/772；请求的参数为：；页面加载的时间：8730.1278 毫秒] 




 记录时间：2019-01-04 21:43:24,241 
日志级别：  DEBUG 
出错类：Himall.Web.MvcApplication.Application_EndRequest  
错误描述：2019-01-04 09:43:24 241:[当前请求URL：http://localhost:62443/m-Wap/product/GetNeedRefreshProductInfo；请求的参数为：；页面加载的时间：5057.7333 毫秒] 




 记录时间：2019-01-04 21:43:55,685 
日志级别：  DEBUG 
出错类：Himall.Web.MvcApplication.Application_EndRequest  
错误描述：2019-01-04 09:43:55 685:[当前请求URL：http://localhost:62443/common/site/pay?area=mobile&platform=Wap&controller=order&action=submit&skuIds=772_0_0_0&counts=1&returnUrl=%2Fm-Wap%2FProduct%2FDetail%2F772%3FreturnUrl%3Dnull；请求的参数为：area=mobile&platform=Wap&controller=order&action=submit&skuIds=772_0_0_0&counts=1&returnUrl=%2fm-Wap%2fProduct%2fDetail%2f772%3freturnUrl%3dnull；页面加载的时间：5700.4396 毫秒] 




 记录时间：2019-01-04 21:47:37,267 
日志级别：  DEBUG 
出错类：Himall.Web.MvcApplication.Application_EndRequest  
错误描述：2019-01-04 09:47:37 267:[当前请求URL：http://localhost:62443/m-Wap/Order/SubmitOrder；请求的参数为：；页面加载的时间：217576.9673 毫秒] 




 记录时间：2019-01-04 21:47:37,484 
日志级别：  DEBUG 
出错类：Himall.Web.Areas.Mobile.Controllers.PaymentController.Get  
错误描述：Himall.Plugin.Payment.WeiXinPay   微信支付   --url 




 记录时间：2019-01-04 21:47:37,486 
日志级别：  DEBUG 
出错类：Himall.Web.Areas.Mobile.Controllers.PaymentController.Get  
错误描述：Himall.Plugin.Payment.Alipay_WAP   支付宝手机支付   --url 

