


 记录时间：2019-01-05 14:49:02,174 
日志级别：  DEBUG 
出错类：Himall.Web.WebApiConfig.Register  
错误描述：[OpenApi]RegRoute-DefaultOpenApi 




 记录时间：2019-01-05 14:49:16,828 
日志级别：  DEBUG 
出错类：Himall.Web.MvcApplication.Application_EndRequest  
错误描述：2019-01-05 02:49:16 828:[当前请求URL：http://localhost:62443/cart/GetCartProducts；请求的参数为：；页面加载的时间：7573.8991 毫秒] 




 记录时间：2019-01-05 14:49:16,853 
日志级别：  DEBUG 
出错类：Himall.Web.MvcApplication.Application_EndRequest  
错误描述：2019-01-05 02:49:16 853:[当前请求URL：http://localhost:62443/Shop/PostCanUseShopCoupons/316；请求的参数为：；页面加载的时间：6254.7097 毫秒] 




 记录时间：2019-01-05 14:49:52,107 
日志级别：  DEBUG 
出错类：Himall.Web.MvcApplication.Application_EndRequest  
错误描述：2019-01-05 02:49:52 107:[当前请求URL：http://localhost:62443/common/site/pay?area=mobile&platform=Wap&controller=order&action=submit&skuIds=772_0_0_0&counts=1&returnUrl=%2Fm-Wap%2FProduct%2FDetail%2F772%3FreturnUrl%3Dnull；请求的参数为：area=mobile&platform=Wap&controller=order&action=submit&skuIds=772_0_0_0&counts=1&returnUrl=%2fm-Wap%2fProduct%2fDetail%2f772%3freturnUrl%3dnull；页面加载的时间：5716.3508 毫秒] 




 记录时间：2019-01-05 14:50:15,174 
日志级别：  DEBUG 
出错类：Himall.Web.MvcApplication.Application_EndRequest  
错误描述：2019-01-05 02:50:15 174:[当前请求URL：http://localhost:62443/m-Wap/Order/SubmitOrder；请求的参数为：；页面加载的时间：9449.2288 毫秒] 




 记录时间：2019-01-05 14:50:15,334 
日志级别：  DEBUG 
出错类：Himall.Web.Areas.Mobile.Controllers.PaymentController.Get  
错误描述：Himall.Plugin.Payment.WeiXinPay   微信支付   --url 




 记录时间：2019-01-05 14:50:15,335 
日志级别：  DEBUG 
出错类：Himall.Web.Areas.Mobile.Controllers.PaymentController.Get  
错误描述：Himall.Plugin.Payment.Alipay_WAP   支付宝手机支付   --url 




 记录时间：2019-01-05 14:51:36,767 
日志级别：  DEBUG 
出错类：Himall.Web.MvcApplication.Application_EndRequest  
错误描述：2019-01-05 02:51:36 767:[当前请求URL：http://localhost:62443/m-Wap/Order/SubmitOrder；请求的参数为：；页面加载的时间：6718.3102 毫秒] 




 记录时间：2019-01-05 14:51:36,839 
日志级别：  DEBUG 
出错类：Himall.Web.Areas.Mobile.Controllers.PaymentController.Get  
错误描述：Himall.Plugin.Payment.WeiXinPay   微信支付   --url 




 记录时间：2019-01-05 14:51:36,840 
日志级别：  DEBUG 
出错类：Himall.Web.Areas.Mobile.Controllers.PaymentController.Get  
错误描述：Himall.Plugin.Payment.Alipay_WAP   支付宝手机支付   --url 




 记录时间：2019-01-05 14:52:43,732 
日志级别：  DEBUG 
出错类：Himall.Web.WebApiConfig.Register  
错误描述：[OpenApi]RegRoute-DefaultOpenApi 




 记录时间：2019-01-05 14:52:57,124 
日志级别：  DEBUG 
出错类：Himall.Web.WebApiConfig.Register  
错误描述：[OpenApi]RegRoute-DefaultOpenApi 




 记录时间：2019-01-05 14:53:25,483 
日志级别：  DEBUG 
出错类：Himall.Web.MvcApplication.Application_EndRequest  
错误描述：2019-01-05 02:53:25 482:[当前请求URL：http://localhost:62443/Shop/PostCanUseShopCoupons/316；请求的参数为：；页面加载的时间：21000.4261 毫秒] 




 记录时间：2019-01-05 14:53:37,488 
日志级别：  DEBUG 
出错类：Himall.Web.MvcApplication.Application_EndRequest  
错误描述：2019-01-05 02:53:37 487:[当前请求URL：http://localhost:62443/common/site/pay?area=mobile&platform=Wap&controller=order&action=submit&skuIds=772_0_0_0&counts=1&returnUrl=%2Fm-Wap%2FProduct%2FDetail%2F772%3FreturnUrl%3Dnull；请求的参数为：area=mobile&platform=Wap&controller=order&action=submit&skuIds=772_0_0_0&counts=1&returnUrl=%2fm-Wap%2fProduct%2fDetail%2f772%3freturnUrl%3dnull；页面加载的时间：5740.3678 毫秒] 




 记录时间：2019-01-05 14:53:54,300 
日志级别：  DEBUG 
出错类：Himall.Web.MvcApplication.Application_EndRequest  
错误描述：2019-01-05 02:53:54 300:[当前请求URL：http://localhost:62443/m-Wap/Order/SubmitOrder；请求的参数为：；页面加载的时间：5945.7392 毫秒] 




 记录时间：2019-01-05 14:53:54,468 
日志级别：  DEBUG 
出错类：Himall.Web.Areas.Mobile.Controllers.PaymentController.Get  
错误描述：Himall.Plugin.Payment.WeiXinPay   微信支付   --url 




 记录时间：2019-01-05 14:53:54,469 
日志级别：  DEBUG 
出错类：Himall.Web.Areas.Mobile.Controllers.PaymentController.Get  
错误描述：Himall.Plugin.Payment.Alipay_WAP   支付宝手机支付   --url 




 记录时间：2019-01-05 14:54:54,538 
日志级别：  DEBUG 
出错类：Himall.Service.WXMsgTemplateService.GetWeiXinMsgTemplate  
错误描述：msgtype1 




 记录时间：2019-01-05 14:54:54,586 
日志级别：  DEBUG 
出错类：Himall.Service.WXMsgTemplateService.GetWeiXinMsgTemplate  
错误描述：resultHimall.Model.WeiXinMsgTemplateInfo 




 记录时间：2019-01-05 14:54:54,587 
日志级别：  DEBUG 
出错类：Himall.Service.WXMsgTemplateService.GetWeiXinMsgTemplate  
错误描述：resultTrue 




 记录时间：2019-01-05 14:55:12,091 
日志级别：  DEBUG 
出错类：Himall.Service.WXMsgTemplateService.SendMessageByTemplate  
错误描述：[模板消息]取到Token 




 记录时间：2019-01-05 14:55:12,539 
日志级别：  DEBUG 
出错类：Himall.Service.WXMsgTemplateService.SendMessageByTemplate  
错误描述：[模板消息]取到openIdoXdftwQe8wJz4-aMGDUfoVfGuKOY 




 记录时间：2019-01-05 14:55:12,812 
日志级别：  DEBUG 
出错类：Himall.Service.WXMsgTemplateService.SendMessageByTemplate  
错误描述：[模板消息]取到templateId	14JiDJoGrSRREbD2v9Od_tNRD8yQlE9MwXzuvw6gnMo 




 记录时间：2019-01-05 14:55:13,103 
日志级别：  DEBUG 
出错类：Himall.Service.WXMsgTemplateService.SendMessageByTemplate  
错误描述：urlhttp://vshop.css751.com/m-WeiXin/Order/Detail?id=2019010594335874 




 记录时间：2019-01-05 14:59:09,558 
日志级别：  DEBUG 
出错类：Himall.Web.MvcApplication.Application_EndRequest  
错误描述：2019-01-05 02:59:09 558:[当前请求URL：http://localhost:62443/m-Wap/Order/SubmitOrder；请求的参数为：；页面加载的时间：6329.1963 毫秒] 




 记录时间：2019-01-05 14:59:09,681 
日志级别：  DEBUG 
出错类：Himall.Web.Areas.Mobile.Controllers.PaymentController.Get  
错误描述：Himall.Plugin.Payment.WeiXinPay   微信支付   --url 




 记录时间：2019-01-05 14:59:09,683 
日志级别：  DEBUG 
出错类：Himall.Web.Areas.Mobile.Controllers.PaymentController.Get  
错误描述：Himall.Plugin.Payment.Alipay_WAP   支付宝手机支付   --url 




 记录时间：2019-01-05 14:59:32,590 
日志级别：  DEBUG 
出错类：Himall.Service.WXMsgTemplateService.GetWeiXinMsgTemplate  
错误描述：msgtype1 




 记录时间：2019-01-05 14:59:32,649 
日志级别：  DEBUG 
出错类：Himall.Service.WXMsgTemplateService.GetWeiXinMsgTemplate  
错误描述：resultHimall.Model.WeiXinMsgTemplateInfo 




 记录时间：2019-01-05 14:59:32,651 
日志级别：  DEBUG 
出错类：Himall.Service.WXMsgTemplateService.GetWeiXinMsgTemplate  
错误描述：resultTrue 




 记录时间：2019-01-05 15:01:35,713 
日志级别：  DEBUG 
出错类：Himall.Service.WXMsgTemplateService.SendMessageByTemplate  
错误描述：[模板消息]取到Token 




 记录时间：2019-01-05 15:01:35,714 
日志级别：  DEBUG 
出错类：Himall.Service.WXMsgTemplateService.SendMessageByTemplate  
错误描述：[模板消息]取到openIdoXdftwQe8wJz4-aMGDUfoVfGuKOY 




 记录时间：2019-01-05 15:01:35,715 
日志级别：  DEBUG 
出错类：Himall.Service.WXMsgTemplateService.SendMessageByTemplate  
错误描述：[模板消息]取到templateId	14JiDJoGrSRREbD2v9Od_tNRD8yQlE9MwXzuvw6gnMo 




 记录时间：2019-01-05 15:01:35,716 
日志级别：  DEBUG 
出错类：Himall.Service.WXMsgTemplateService.SendMessageByTemplate  
错误描述：urlhttp://vshop.css751.com/m-WeiXin/Order/Detail?id=2019010597486671 




 记录时间：2019-01-05 15:09:27,279 
日志级别：  DEBUG 
出错类：Himall.Web.MvcApplication.Application_EndRequest  
错误描述：2019-01-05 03:09:27 279:[当前请求URL：http://localhost:62443/Shop/PostCanUseShopCoupons/316；请求的参数为：；页面加载的时间：22873.7799 毫秒] 




 记录时间：2019-01-05 15:09:27,694 
日志级别：  DEBUG 
出错类：Himall.Web.MvcApplication.Application_EndRequest  
错误描述：2019-01-05 03:09:27 694:[当前请求URL：http://localhost:62443/temp/201712051720599465590.jpg；请求的参数为：；页面加载的时间：24803.2986 毫秒] 




 记录时间：2019-01-05 15:09:28,472 
日志级别：  DEBUG 
出错类：Himall.Web.MvcApplication.Application_EndRequest  
错误描述：2019-01-05 03:09:28 472:[当前请求URL：http://localhost:62443/product/GetLoginUserInfo；请求的参数为：；页面加载的时间：24288.5601 毫秒] 




 记录时间：2019-01-05 15:09:28,797 
日志级别：  DEBUG 
出错类：Himall.Web.MvcApplication.Application_EndRequest  
错误描述：2019-01-05 03:09:28 797:[当前请求URL：http://localhost:62443/Home/GetNotice；请求的参数为：；页面加载的时间：25913.8782 毫秒] 




 记录时间：2019-01-05 15:09:29,197 
日志级别：  DEBUG 
出错类：Himall.Web.MvcApplication.Application_EndRequest  
错误描述：2019-01-05 03:09:29 196:[当前请求URL：http://localhost:62443/temp/201712081644476313600.jpg；请求的参数为：；页面加载的时间：26272.4606 毫秒] 




 记录时间：2019-01-05 15:09:30,152 
日志级别：  DEBUG 
出错类：Himall.Web.MvcApplication.Application_EndRequest  
错误描述：2019-01-05 03:09:30 152:[当前请求URL：http://localhost:62443/cart/GetCartProducts；请求的参数为：；页面加载的时间：25969.1583 毫秒] 




 记录时间：2019-01-05 15:09:30,297 
日志级别：  DEBUG 
出错类：Himall.Web.MvcApplication.Application_EndRequest  
错误描述：2019-01-05 03:09:30 296:[当前请求URL：http://localhost:62443/home/GetBrands；请求的参数为：；页面加载的时间：27410.812 毫秒] 




 记录时间：2019-01-05 15:10:24,064 
日志级别：  DEBUG 
出错类：Himall.Web.MvcApplication.Application_EndRequest  
错误描述：2019-01-05 03:10:24 063:[当前请求URL：http://localhost:62443/m-Wap/Order/SubmitOrder；请求的参数为：；页面加载的时间：5510.3065 毫秒] 




 记录时间：2019-01-05 15:10:24,138 
日志级别：  DEBUG 
出错类：Himall.Web.Areas.Mobile.Controllers.PaymentController.Get  
错误描述：Himall.Plugin.Payment.WeiXinPay   微信支付   --url 




 记录时间：2019-01-05 15:10:24,139 
日志级别：  DEBUG 
出错类：Himall.Web.Areas.Mobile.Controllers.PaymentController.Get  
错误描述：Himall.Plugin.Payment.Alipay_WAP   支付宝手机支付   --url 




 记录时间：2019-01-05 15:10:44,006 
日志级别：  DEBUG 
出错类：Himall.Service.WXMsgTemplateService.GetWeiXinMsgTemplate  
错误描述：msgtype1 




 记录时间：2019-01-05 15:10:44,038 
日志级别：  DEBUG 
出错类：Himall.Service.WXMsgTemplateService.GetWeiXinMsgTemplate  
错误描述：resultHimall.Model.WeiXinMsgTemplateInfo 




 记录时间：2019-01-05 15:10:44,039 
日志级别：  DEBUG 
出错类：Himall.Service.WXMsgTemplateService.GetWeiXinMsgTemplate  
错误描述：resultTrue 




 记录时间：2019-01-05 15:10:48,441 
日志级别：  DEBUG 
出错类：Himall.Service.WXMsgTemplateService.SendMessageByTemplate  
错误描述：[模板消息]取到Token17_7DIfFYe2rRPxo2wBS35yP_IYJuye3-S4FoQjxG_NaNFu8R0N9WzWHO0uTejCMPTzbyfW1zasS0uHnoPGGPp9EBPUXjp-ridWaEMh0L9FBT5T7NLHHpF-k9ICvzRgeZPBkUL3ivO7gk4tJIKUSGDaAEAOCZ 




 记录时间：2019-01-05 15:10:48,442 
日志级别：  DEBUG 
出错类：Himall.Service.WXMsgTemplateService.SendMessageByTemplate  
错误描述：[模板消息]取到openIdoXdftwQe8wJz4-aMGDUfoVfGuKOY 




 记录时间：2019-01-05 15:10:48,443 
日志级别：  DEBUG 
出错类：Himall.Service.WXMsgTemplateService.SendMessageByTemplate  
错误描述：[模板消息]取到templateId	14JiDJoGrSRREbD2v9Od_tNRD8yQlE9MwXzuvw6gnMo 




 记录时间：2019-01-05 15:10:48,444 
日志级别：  DEBUG 
出错类：Himall.Service.WXMsgTemplateService.SendMessageByTemplate  
错误描述：urlhttp://vshop.css751.com/m-WeiXin/Order/Detail?id=2019010554641854 




 记录时间：2019-01-05 15:18:03,986 
日志级别：  DEBUG 
出错类：Himall.Web.Areas.Mobile.Controllers.PaymentController.Get  
错误描述：Himall.Plugin.Payment.WeiXinPay   微信支付   --url 




 记录时间：2019-01-05 15:18:03,987 
日志级别：  DEBUG 
出错类：Himall.Web.Areas.Mobile.Controllers.PaymentController.Get  
错误描述：Himall.Plugin.Payment.Alipay_WAP   支付宝手机支付   --url 




 记录时间：2019-01-05 15:18:22,564 
日志级别：  DEBUG 
出错类：Himall.Service.WXMsgTemplateService.GetWeiXinMsgTemplate  
错误描述：msgtype1 




 记录时间：2019-01-05 15:18:22,590 
日志级别：  DEBUG 
出错类：Himall.Service.WXMsgTemplateService.GetWeiXinMsgTemplate  
错误描述：resultHimall.Model.WeiXinMsgTemplateInfo 




 记录时间：2019-01-05 15:18:22,591 
日志级别：  DEBUG 
出错类：Himall.Service.WXMsgTemplateService.GetWeiXinMsgTemplate  
错误描述：resultTrue 




 记录时间：2019-01-05 15:18:30,790 
日志级别：  DEBUG 
出错类：Himall.Service.WXMsgTemplateService.SendMessageByTemplate  
错误描述：[模板消息]取到Token17_7DIfFYe2rRPxo2wBS35yP_IYJuye3-S4FoQjxG_NaNFu8R0N9WzWHO0uTejCMPTzbyfW1zasS0uHnoPGGPp9EBPUXjp-ridWaEMh0L9FBT5T7NLHHpF-k9ICvzRgeZPBkUL3ivO7gk4tJIKUSGDaAEAOCZ 




 记录时间：2019-01-05 15:18:33,508 
日志级别：  DEBUG 
出错类：Himall.Service.WXMsgTemplateService.SendMessageByTemplate  
错误描述：[模板消息]取到openIdoXdftwQe8wJz4-aMGDUfoVfGuKOY 




 记录时间：2019-01-05 15:18:33,526 
日志级别：  DEBUG 
出错类：Himall.Service.WXMsgTemplateService.SendMessageByTemplate  
错误描述：[模板消息]取到templateId	14JiDJoGrSRREbD2v9Od_tNRD8yQlE9MwXzuvw6gnMo 




 记录时间：2019-01-05 15:18:33,527 
日志级别：  DEBUG 
出错类：Himall.Service.WXMsgTemplateService.SendMessageByTemplate  
错误描述：urlhttp://vshop.css751.com/m-WeiXin/Order/Detail?id=2019010525464589 




 记录时间：2019-01-05 15:21:06,737 
日志级别：  DEBUG 
出错类：Himall.Web.MvcApplication.Application_EndRequest  
错误描述：2019-01-05 03:21:06 737:[当前请求URL：http://localhost:62443/m-Wap/Order/SubmitOrder；请求的参数为：；页面加载的时间：10002.0262 毫秒] 




 记录时间：2019-01-05 15:21:06,814 
日志级别：  DEBUG 
出错类：Himall.Web.Areas.Mobile.Controllers.PaymentController.Get  
错误描述：Himall.Plugin.Payment.WeiXinPay   微信支付   --url 




 记录时间：2019-01-05 15:21:06,815 
日志级别：  DEBUG 
出错类：Himall.Web.Areas.Mobile.Controllers.PaymentController.Get  
错误描述：Himall.Plugin.Payment.Alipay_WAP   支付宝手机支付   --url 




 记录时间：2019-01-05 15:21:25,984 
日志级别：  DEBUG 
出错类：Himall.Service.WXMsgTemplateService.GetWeiXinMsgTemplate  
错误描述：msgtype1 




 记录时间：2019-01-05 15:21:26,010 
日志级别：  DEBUG 
出错类：Himall.Service.WXMsgTemplateService.GetWeiXinMsgTemplate  
错误描述：resultHimall.Model.WeiXinMsgTemplateInfo 




 记录时间：2019-01-05 15:21:26,011 
日志级别：  DEBUG 
出错类：Himall.Service.WXMsgTemplateService.GetWeiXinMsgTemplate  
错误描述：resultTrue 




 记录时间：2019-01-05 15:21:30,929 
日志级别：  DEBUG 
出错类：Himall.Service.WXMsgTemplateService.SendMessageByTemplate  
错误描述：[模板消息]取到Token17_7DIfFYe2rRPxo2wBS35yP_IYJuye3-S4FoQjxG_NaNFu8R0N9WzWHO0uTejCMPTzbyfW1zasS0uHnoPGGPp9EBPUXjp-ridWaEMh0L9FBT5T7NLHHpF-k9ICvzRgeZPBkUL3ivO7gk4tJIKUSGDaAEAOCZ 




 记录时间：2019-01-05 15:21:31,637 
日志级别：  DEBUG 
出错类：Himall.Service.WXMsgTemplateService.SendMessageByTemplate  
错误描述：[模板消息]取到openIdoXdftwQe8wJz4-aMGDUfoVfGuKOY 




 记录时间：2019-01-05 15:21:32,190 
日志级别：  DEBUG 
出错类：Himall.Service.WXMsgTemplateService.SendMessageByTemplate  
错误描述：[模板消息]取到templateId	14JiDJoGrSRREbD2v9Od_tNRD8yQlE9MwXzuvw6gnMo 




 记录时间：2019-01-05 15:21:32,726 
日志级别：  DEBUG 
出错类：Himall.Service.WXMsgTemplateService.SendMessageByTemplate  
错误描述：urlhttp://vshop.css751.com/m-WeiXin/Order/Detail?id=2019010582458006 




 记录时间：2019-01-05 15:24:42,451 
日志级别：  DEBUG 
出错类：Himall.Web.MvcApplication.Application_EndRequest  
错误描述：2019-01-05 03:24:42 451:[当前请求URL：http://localhost:62443/m-Wap/Order/SubmitOrder；请求的参数为：；页面加载的时间：14344.3305 毫秒] 




 记录时间：2019-01-05 15:24:42,531 
日志级别：  DEBUG 
出错类：Himall.Web.Areas.Mobile.Controllers.PaymentController.Get  
错误描述：Himall.Plugin.Payment.WeiXinPay   微信支付   --url 




 记录时间：2019-01-05 15:24:42,532 
日志级别：  DEBUG 
出错类：Himall.Web.Areas.Mobile.Controllers.PaymentController.Get  
错误描述：Himall.Plugin.Payment.Alipay_WAP   支付宝手机支付   --url 




 记录时间：2019-01-05 15:25:02,893 
日志级别：  DEBUG 
出错类：Himall.Service.WXMsgTemplateService.GetWeiXinMsgTemplate  
错误描述：msgtype1 




 记录时间：2019-01-05 15:25:02,920 
日志级别：  DEBUG 
出错类：Himall.Service.WXMsgTemplateService.GetWeiXinMsgTemplate  
错误描述：resultHimall.Model.WeiXinMsgTemplateInfo 




 记录时间：2019-01-05 15:25:02,921 
日志级别：  DEBUG 
出错类：Himall.Service.WXMsgTemplateService.GetWeiXinMsgTemplate  
错误描述：resultTrue 




 记录时间：2019-01-05 15:25:06,411 
日志级别：  DEBUG 
出错类：Himall.Service.WXMsgTemplateService.SendMessageByTemplate  
错误描述：[模板消息]取到Token17_7DIfFYe2rRPxo2wBS35yP_IYJuye3-S4FoQjxG_NaNFu8R0N9WzWHO0uTejCMPTzbyfW1zasS0uHnoPGGPp9EBPUXjp-ridWaEMh0L9FBT5T7NLHHpF-k9ICvzRgeZPBkUL3ivO7gk4tJIKUSGDaAEAOCZ 




 记录时间：2019-01-05 15:25:06,837 
日志级别：  DEBUG 
出错类：Himall.Service.WXMsgTemplateService.SendMessageByTemplate  
错误描述：[模板消息]取到openIdoXdftwQe8wJz4-aMGDUfoVfGuKOY 




 记录时间：2019-01-05 15:25:07,366 
日志级别：  DEBUG 
出错类：Himall.Service.WXMsgTemplateService.SendMessageByTemplate  
错误描述：[模板消息]取到templateIdH9OtX7imPErjIE7POJPXzIAsYQeZt5eWMYQJlm6huQ4 




 记录时间：2019-01-05 15:25:07,854 
日志级别：  DEBUG 
出错类：Himall.Service.WXMsgTemplateService.SendMessageByTemplate  
错误描述：urlhttp://vshop.css751.com/m-WeiXin/Order/Detail?id=2019010516802497 




 记录时间：2019-01-05 15:42:47,711 
日志级别：  DEBUG 
出错类：Himall.Web.WebApiConfig.Register  
错误描述：[OpenApi]RegRoute-DefaultOpenApi 




 记录时间：2019-01-05 16:16:55,334 
日志级别：  DEBUG 
出错类：Himall.Web.WebApiConfig.Register  
错误描述：[OpenApi]RegRoute-DefaultOpenApi 




 记录时间：2019-01-05 16:17:31,840 
日志级别：  DEBUG 
出错类：Himall.Web.WebApiConfig.Register  
错误描述：[OpenApi]RegRoute-DefaultOpenApi 

