


 记录时间：2019-01-24 11:32:47,622 
日志级别：  DEBUG 
出错类：Himall.Web.WebApiConfig.Register  
错误描述：[OpenApi]RegRoute-DefaultOpenApi 




 记录时间：2019-01-24 12:33:08,946 
日志级别：  DEBUG 
出错类：Himall.Web.Framework.BaseController.OnException  
错误描述：未将对象引用设置到对象的实例。 




 记录时间：2019-01-24 12:33:12,698 
日志级别：  DEBUG 
出错类：Himall.Web.MvcApplication.Application_EndRequest  
错误描述：2019-01-24 12:33:12 698:[当前请求URL：http://localhost:62443/m-Wap/OrderRefund/RefundApply/?orderid=2019012316396582；请求的参数为：orderid=2019012316396582；页面加载的时间：27770.9091 毫秒] 




 记录时间：2019-01-24 12:33:30,979 
日志级别：  DEBUG 
出错类：Himall.Web.MvcApplication.Application_EndRequest  
错误描述：2019-01-24 12:33:30 979:[当前请求URL：http://localhost:62443/m-Wap/Login/Entrance?returnUrl=http:%2f%2flocalhost:62443%2fm-wap%2fmember%2fcenter；请求的参数为：returnUrl=http%3a%2f%2flocalhost%3a62443%2fm-wap%2fmember%2fcenter；页面加载的时间：11735.2627 毫秒] 




 记录时间：2019-01-24 12:34:44,163 
日志级别：  DEBUG 
出错类：Himall.Web.MvcApplication.Application_EndRequest  
错误描述：2019-01-24 12:34:44 163:[当前请求URL：http://localhost:62443/Login；请求的参数为：；页面加载的时间：49411.8047 毫秒] 




 记录时间：2019-01-24 12:35:06,689 
日志级别：  DEBUG 
出错类：Himall.Web.MvcApplication.Application_EndRequest  
错误描述：2019-01-24 12:35:06 689:[当前请求URL：http://localhost:62443/Login/Login；请求的参数为：；页面加载的时间：5444.4269 毫秒] 




 记录时间：2019-01-24 12:35:14,150 
日志级别：  DEBUG 
出错类：Himall.Web.MvcApplication.Application_EndRequest  
错误描述：2019-01-24 12:35:14 150:[当前请求URL：http://localhost:62443/home/GetBrands；请求的参数为：；页面加载的时间：6512.92 毫秒] 




 记录时间：2019-01-24 12:35:14,212 
日志级别：  DEBUG 
出错类：Himall.Web.MvcApplication.Application_EndRequest  
错误描述：2019-01-24 12:35:14 212:[当前请求URL：http://localhost:62443/temp/201712051536297107890.jpg；请求的参数为：；页面加载的时间：6556.4586 毫秒] 




 记录时间：2019-01-24 12:35:14,254 
日志级别：  DEBUG 
出错类：Himall.Web.MvcApplication.Application_EndRequest  
错误描述：2019-01-24 12:35:14 253:[当前请求URL：http://localhost:62443/temp/201712051720599465590.jpg；请求的参数为：；页面加载的时间：6582.4763 毫秒] 




 记录时间：2019-01-24 12:35:15,741 
日志级别：  DEBUG 
出错类：Himall.Web.MvcApplication.Application_EndRequest  
错误描述：2019-01-24 12:35:15 741:[当前请求URL：http://localhost:62443/Home/GetNotice；请求的参数为：；页面加载的时间：8113.6591 毫秒] 




 记录时间：2019-01-24 12:35:15,889 
日志级别：  DEBUG 
出错类：Himall.Web.MvcApplication.Application_EndRequest  
错误描述：2019-01-24 12:35:15 889:[当前请求URL：http://localhost:62443/Login/GetOAuthList?_=1548304507742；请求的参数为：_=1548304507742；页面加载的时间：8133.0362 毫秒] 




 记录时间：2019-01-24 12:35:23,710 
日志级别：  DEBUG 
出错类：Himall.Web.MvcApplication.Application_EndRequest  
错误描述：2019-01-24 12:35:23 710:[当前请求URL：http://localhost:62443/；请求的参数为：；页面加载的时间：15968.6567 毫秒] 




 记录时间：2019-01-24 12:35:28,714 
日志级别：  DEBUG 
出错类：Himall.Web.MvcApplication.Application_EndRequest  
错误描述：2019-01-24 12:35:28 714:[当前请求URL：http://localhost:62443/cart/GetCartProducts；请求的参数为：；页面加载的时间：9826.4488 毫秒] 




 记录时间：2019-01-24 12:35:30,672 
日志级别：  DEBUG 
出错类：Himall.Web.MvcApplication.Application_EndRequest  
错误描述：2019-01-24 12:35:30 672:[当前请求URL：http://localhost:62443/Home/GetFootNew；请求的参数为：；页面加载的时间：11793.2921 毫秒] 




 记录时间：2019-01-24 12:35:33,529 
日志级别：  DEBUG 
出错类：Himall.Web.MvcApplication.Application_EndRequest  
错误描述：2019-01-24 12:35:33 529:[当前请求URL：http://localhost:62443/product/UserCoupons；请求的参数为：；页面加载的时间：14624.3038 毫秒] 




 记录时间：2019-01-24 12:36:38,311 
日志级别：  DEBUG 
出错类：Himall.Web.MvcApplication.Application_EndRequest  
错误描述：2019-01-24 12:36:38 311:[当前请求URL：http://localhost:62443/m-wap/Member/Orders?orderStatus=2；请求的参数为：orderStatus=2；页面加载的时间：6520.7376 毫秒] 




 记录时间：2019-01-24 12:36:45,191 
日志级别：  DEBUG 
出错类：Himall.Web.MvcApplication.Application_EndRequest  
错误描述：2019-01-24 12:36:45 191:[当前请求URL：http://localhost:62443/m-Wap/Member/GetUserOrders?orderStatus=2；请求的参数为：orderStatus=2；页面加载的时间：6552.2115 毫秒] 




 记录时间：2019-01-24 12:38:11,853 
日志级别：  DEBUG 
出错类：Himall.Web.Areas.Mobile.Controllers.OrderRefundController.RefundApply  
错误描述：orderid2019012395730640 




 记录时间：2019-01-24 12:38:11,866 
日志级别：  DEBUG 
出错类：Himall.Web.Areas.Mobile.Controllers.OrderRefundController.RefundApply  
错误描述：item.Quantity===1item.ReturnQuantity0 




 记录时间：2019-01-24 12:44:56,923 
日志级别：  DEBUG 
出错类：Himall.Web.Areas.Mobile.Controllers.OrderRefundController.RefundApply  
错误描述：info.OrderId====2019012395730640CurrentUser.Id===641 




 记录时间：2019-01-24 12:45:22,846 
日志级别：  DEBUG 
出错类：Himall.Web.Areas.Mobile.Controllers.OrderRefundController.RefundApply  
错误描述：info.RefundModeOrderItemRefund 




 记录时间：2019-01-24 12:45:58,670 
日志级别：  DEBUG 
出错类：Himall.Web.Areas.Mobile.Controllers.OrderRefundController.RefundApply  
错误描述：info.ReturnQuantity1 




 记录时间：2019-01-24 12:46:01,354 
日志级别：  DEBUG 
出错类：Himall.Web.MvcApplication.Application_EndRequest  
错误描述：2019-01-24 12:46:01 354:[当前请求URL：http://localhost:62443/m-Wap/OrderRefund/RefundApply；请求的参数为：；页面加载的时间：352665.9375 毫秒] 




 记录时间：2019-01-24 12:47:29,793 
日志级别：  DEBUG 
出错类：Himall.Web.WebApiConfig.Register  
错误描述：[OpenApi]RegRoute-DefaultOpenApi 




 记录时间：2019-01-24 12:47:42,448 
日志级别：  DEBUG 
出错类：Himall.Web.MvcApplication.Application_EndRequest  
错误描述：2019-01-24 12:47:42 448:[当前请求URL：http://localhost:62443/；请求的参数为：；页面加载的时间：6537.9392 毫秒] 




 记录时间：2019-01-24 12:47:42,450 
日志级别：  DEBUG 
出错类：Himall.Web.MvcApplication.Application_EndRequest  
错误描述：2019-01-24 12:47:42 450:[当前请求URL：http://localhost:62443/；请求的参数为：；页面加载的时间：6523.4276 毫秒] 




 记录时间：2019-01-24 12:47:51,954 
日志级别：  DEBUG 
出错类：Himall.Web.MvcApplication.Application_EndRequest  
错误描述：2019-01-24 12:47:51 954:[当前请求URL：http://localhost:62443/home/coupon；请求的参数为：；页面加载的时间：6291.5157 毫秒] 




 记录时间：2019-01-24 12:47:57,192 
日志级别：  DEBUG 
出错类：Himall.Web.MvcApplication.Application_EndRequest  
错误描述：2019-01-24 12:47:57 191:[当前请求URL：http://localhost:62443/cart/GetCartProducts；请求的参数为：；页面加载的时间：5124.7275 毫秒] 




 记录时间：2019-01-24 12:48:16,095 
日志级别：  DEBUG 
出错类：Himall.Web.MvcApplication.Application_EndRequest  
错误描述：2019-01-24 12:48:16 095:[当前请求URL：http://localhost:62443/m-wap/Member/Orders?orderStatus=2；请求的参数为：orderStatus=2；页面加载的时间：12110.4125 毫秒] 




 记录时间：2019-01-24 12:48:24,032 
日志级别：  DEBUG 
出错类：Himall.Web.MvcApplication.Application_EndRequest  
错误描述：2019-01-24 12:48:24 032:[当前请求URL：http://localhost:62443/m-Wap/Member/GetUserOrders?orderStatus=2；请求的参数为：orderStatus=2；页面加载的时间：7551.0582 毫秒] 




 记录时间：2019-01-24 12:48:31,398 
日志级别：  DEBUG 
出错类：Himall.Web.Areas.Mobile.Controllers.OrderRefundController.RefundApply  
错误描述：orderid2019012305481582 




 记录时间：2019-01-24 12:48:31,400 
日志级别：  DEBUG 
出错类：Himall.Web.Areas.Mobile.Controllers.OrderRefundController.RefundApply  
错误描述：item.Quantity===1item.ReturnQuantity0 




 记录时间：2019-01-24 12:48:33,914 
日志级别：  DEBUG 
出错类：Himall.Web.MvcApplication.Application_EndRequest  
错误描述：2019-01-24 12:48:33 914:[当前请求URL：http://localhost:62443/m-Wap/OrderRefund/RefundApply/?orderid=2019012305481582；请求的参数为：orderid=2019012305481582；页面加载的时间：5004.8449 毫秒] 




 记录时间：2019-01-24 12:49:02,847 
日志级别：  DEBUG 
出错类：Himall.Web.Areas.Mobile.Controllers.OrderRefundController.RefundApply  
错误描述：info.OrderId====2019012305481582CurrentUser.Id===641 




 记录时间：2019-01-24 12:49:03,683 
日志级别：  DEBUG 
出错类：Himall.Web.Areas.Mobile.Controllers.OrderRefundController.RefundApply  
错误描述：info.RefundModeOrderItemRefund 




 记录时间：2019-01-24 12:49:06,740 
日志级别：  DEBUG 
出错类：Himall.Web.Areas.Mobile.Controllers.OrderRefundController.RefundApply  
错误描述：info.ReturnQuantity1 




 记录时间：2019-01-24 12:49:37,387 
日志级别：  DEBUG 
出错类：Himall.Web.MvcApplication.Application_EndRequest  
错误描述：2019-01-24 12:49:37 387:[当前请求URL：http://localhost:62443/m-Wap/OrderRefund/RefundApply；请求的参数为：；页面加载的时间：38574.0051 毫秒] 




 记录时间：2019-01-24 12:50:16,736 
日志级别：  DEBUG 
出错类：Himall.Web.MvcApplication.Application_EndRequest  
错误描述：2019-01-24 12:50:16 735:[当前请求URL：http://localhost:62443/SellerAdmin/product/management；请求的参数为：；页面加载的时间：15586.3129 毫秒] 




 记录时间：2019-01-24 12:50:39,724 
日志级别：  DEBUG 
出错类：Himall.Web.MvcApplication.Application_EndRequest  
错误描述：2019-01-24 12:50:39 724:[当前请求URL：http://localhost:62443/SellerAdmin/product/list；请求的参数为：；页面加载的时间：20122.4194 毫秒] 




 记录时间：2019-01-24 12:50:50,001 
日志级别：  DEBUG 
出错类：Himall.Web.MvcApplication.Application_EndRequest  
错误描述：2019-01-24 12:50:50 001:[当前请求URL：http://localhost:62443/SellerAdmin/orderrefund/management?showtype=2；请求的参数为：showtype=2；页面加载的时间：5440.6392 毫秒] 




 记录时间：2019-01-24 12:50:56,226 
日志级别：  DEBUG 
出错类：Himall.Service.RefundService.AutoAuditRefund  
错误描述：RefundJob : AutoAuditRefund Number=5 




 记录时间：2019-01-24 12:51:12,868 
日志级别：  DEBUG 
出错类：Himall.Service.RefundService.SellerDealRefund  
错误描述：refund.RefundModeOrderRefund 




 记录时间：2019-01-24 12:54:27,245 
日志级别：  DEBUG 
出错类：Himall.Web.WebApiConfig.Register  
错误描述：[OpenApi]RegRoute-DefaultOpenApi 




 记录时间：2019-01-24 12:54:52,582 
日志级别：  DEBUG 
出错类：Himall.Web.MvcApplication.Application_EndRequest  
错误描述：2019-01-24 12:54:52 581:[当前请求URL：http://localhost:62443/userinfo/GetCurrentUserInfo；请求的参数为：；页面加载的时间：9265.3961 毫秒] 




 记录时间：2019-01-24 12:54:53,281 
日志级别：  DEBUG 
出错类：Himall.Web.MvcApplication.Application_EndRequest  
错误描述：2019-01-24 12:54:53 281:[当前请求URL：http://localhost:62443/home/coupon；请求的参数为：；页面加载的时间：9336.1456 毫秒] 




 记录时间：2019-01-24 12:54:59,051 
日志级别：  DEBUG 
出错类：Himall.Web.MvcApplication.Application_EndRequest  
错误描述：2019-01-24 12:54:59 051:[当前请求URL：http://localhost:62443/product/GetLoginUserInfo；请求的参数为：；页面加载的时间：5721.1534 毫秒] 




 记录时间：2019-01-24 12:54:59,877 
日志级别：  DEBUG 
出错类：Himall.Web.MvcApplication.Application_EndRequest  
错误描述：2019-01-24 12:54:59 877:[当前请求URL：http://localhost:62443/product/UserCoupons；请求的参数为：；页面加载的时间：6545.2392 毫秒] 




 记录时间：2019-01-24 12:55:03,356 
日志级别：  DEBUG 
出错类：Himall.Web.MvcApplication.Application_EndRequest  
错误描述：2019-01-24 12:55:03 356:[当前请求URL：http://localhost:62443/cart/GetCartProducts；请求的参数为：；页面加载的时间：10003.9199 毫秒] 




 记录时间：2019-01-24 12:55:18,352 
日志级别：  DEBUG 
出错类：Himall.Web.MvcApplication.Application_EndRequest  
错误描述：2019-01-24 12:55:18 352:[当前请求URL：http://localhost:62443/SellerAdmin/orderrefund/management?showtype=2；请求的参数为：showtype=2；页面加载的时间：14924.0617 毫秒] 




 记录时间：2019-01-24 12:55:23,503 
日志级别：  DEBUG 
出错类：Himall.Service.RefundService.AutoAuditRefund  
错误描述：RefundJob : AutoAuditRefund Number=5 




 记录时间：2019-01-24 12:55:51,708 
日志级别：  DEBUG 
出错类：Himall.Service.RefundService.SellerDealRefund  
错误描述：refund.RefundModeOrderRefund 




 记录时间：2019-01-24 12:55:51,877 
日志级别：  DEBUG 
出错类：Himall.Service.RefundService.AutoAuditRefund  
错误描述：RefundJob : AutoAuditRefund [有错误]编号：244 

Himall.Core.HimallException: 只可以关闭待发货订单！
   在 Himall.Service.OrderService.AgreeToRefundBySeller(Int64 orderId) 位置 E:\合作项目\长生树\mall\Himall3.0\src\Himall.Service\Order\OrderService.cs:行号 2029
   在 Himall.Service.RefundService.SellerDealRefund(Int64 id, OrderRefundAuditStatus auditStatus, String sellerRemark, String sellerName) 位置 E:\合作项目\长生树\mall\Himall3.0\src\Himall.Service\Order\RefundService.cs:行号 1058
   在 Himall.Service.RefundService.AutoAuditRefund() 位置 E:\合作项目\长生树\mall\Himall3.0\src\Himall.Service\Order\RefundService.cs:行号 1860



 记录时间：2019-01-24 12:55:53,684 
日志级别：  DEBUG 
出错类：Himall.Service.RefundService.SellerDealRefund  
错误描述：refund.RefundModeOrderRefund 




 记录时间：2019-01-24 12:55:54,307 
日志级别：  DEBUG 
出错类：Himall.Service.RefundService.AutoAuditRefund  
错误描述：RefundJob : AutoAuditRefund [有错误]编号：245 

Himall.Core.HimallException: 只可以关闭待发货订单！
   在 Himall.Service.OrderService.AgreeToRefundBySeller(Int64 orderId) 位置 E:\合作项目\长生树\mall\Himall3.0\src\Himall.Service\Order\OrderService.cs:行号 2029
   在 Himall.Service.RefundService.SellerDealRefund(Int64 id, OrderRefundAuditStatus auditStatus, String sellerRemark, String sellerName) 位置 E:\合作项目\长生树\mall\Himall3.0\src\Himall.Service\Order\RefundService.cs:行号 1058
   在 Himall.Service.RefundService.AutoAuditRefund() 位置 E:\合作项目\长生树\mall\Himall3.0\src\Himall.Service\Order\RefundService.cs:行号 1860



 记录时间：2019-01-24 12:55:55,284 
日志级别：  DEBUG 
出错类：Himall.Service.RefundService.SellerDealRefund  
错误描述：refund.RefundModeOrderRefund 




 记录时间：2019-01-24 12:55:55,505 
日志级别：  DEBUG 
出错类：Himall.Service.RefundService.AutoAuditRefund  
错误描述：RefundJob : AutoAuditRefund [有错误]编号：246 

Himall.Core.HimallException: 只可以关闭待发货订单！
   在 Himall.Service.OrderService.AgreeToRefundBySeller(Int64 orderId) 位置 E:\合作项目\长生树\mall\Himall3.0\src\Himall.Service\Order\OrderService.cs:行号 2029
   在 Himall.Service.RefundService.SellerDealRefund(Int64 id, OrderRefundAuditStatus auditStatus, String sellerRemark, String sellerName) 位置 E:\合作项目\长生树\mall\Himall3.0\src\Himall.Service\Order\RefundService.cs:行号 1058
   在 Himall.Service.RefundService.AutoAuditRefund() 位置 E:\合作项目\长生树\mall\Himall3.0\src\Himall.Service\Order\RefundService.cs:行号 1860



 记录时间：2019-01-24 12:55:56,664 
日志级别：  DEBUG 
出错类：Himall.Service.RefundService.SellerDealRefund  
错误描述：refund.RefundModeOrderRefund 




 记录时间：2019-01-24 12:55:56,786 
日志级别：  DEBUG 
出错类：Himall.Service.RefundService.AutoAuditRefund  
错误描述：RefundJob : AutoAuditRefund [有错误]编号：247 

Himall.Core.HimallException: 只可以关闭待发货订单！
   在 Himall.Service.OrderService.AgreeToRefundBySeller(Int64 orderId) 位置 E:\合作项目\长生树\mall\Himall3.0\src\Himall.Service\Order\OrderService.cs:行号 2029
   在 Himall.Service.RefundService.SellerDealRefund(Int64 id, OrderRefundAuditStatus auditStatus, String sellerRemark, String sellerName) 位置 E:\合作项目\长生树\mall\Himall3.0\src\Himall.Service\Order\RefundService.cs:行号 1058
   在 Himall.Service.RefundService.AutoAuditRefund() 位置 E:\合作项目\长生树\mall\Himall3.0\src\Himall.Service\Order\RefundService.cs:行号 1860



 记录时间：2019-01-24 12:55:57,649 
日志级别：  DEBUG 
出错类：Himall.Service.RefundService.SellerDealRefund  
错误描述：refund.RefundModeOrderRefund 




 记录时间：2019-01-24 12:55:57,915 
日志级别：  DEBUG 
出错类：Himall.Service.RefundService.AutoAuditRefund  
错误描述：RefundJob : AutoAuditRefund [有错误]编号：248 

Himall.Core.HimallException: 只可以关闭待发货订单！
   在 Himall.Service.OrderService.AgreeToRefundBySeller(Int64 orderId) 位置 E:\合作项目\长生树\mall\Himall3.0\src\Himall.Service\Order\OrderService.cs:行号 2029
   在 Himall.Service.RefundService.SellerDealRefund(Int64 id, OrderRefundAuditStatus auditStatus, String sellerRemark, String sellerName) 位置 E:\合作项目\长生树\mall\Himall3.0\src\Himall.Service\Order\RefundService.cs:行号 1058
   在 Himall.Service.RefundService.AutoAuditRefund() 位置 E:\合作项目\长生树\mall\Himall3.0\src\Himall.Service\Order\RefundService.cs:行号 1860



 记录时间：2019-01-24 12:56:07,772 
日志级别：  DEBUG 
出错类：Himall.Web.MvcApplication.Application_EndRequest  
错误描述：2019-01-24 12:56:07 772:[当前请求URL：http://localhost:62443/SellerAdmin/orderrefund/list?showtype=2；请求的参数为：showtype=2；页面加载的时间：48210.3613 毫秒] 




 记录时间：2019-01-24 12:56:30,834 
日志级别：  DEBUG 
出错类：Himall.Service.RefundService.SellerDealRefund  
错误描述：refund.RefundModeOrderItemRefund 




 记录时间：2019-01-24 12:56:36,338 
日志级别：  DEBUG 
出错类：Himall.Service.RefundService.Orderrefunddetail  
错误描述：id276 




 记录时间：2019-01-24 12:56:36,488 
日志级别：  DEBUG 
出错类：Himall.Web.Areas.SellerAdmin.Controllers.OrderRefundController.GetResponseResult  
错误描述：urlhttp://zxk.mhybms.cn:10000/system/refund/operate_1/saveRefundBySeller?refundJson={"RefundId":276,"OrderId":2019012305481582,"ApplyDate":"2019-01-24 12:49:35","UserName":"admin","ContactPerson":"111","ContactCellPhone":"11111111111","Amount":"111.00","ProductName":"1111111111","Reason":"????","ReasonDetail":null,"ShipOrderNumber":null,"ProductId":772,"SellerAuditStatus":5,"RefundMode":2,"RefundPayStatus":null} 




 记录时间：2019-01-24 12:56:38,973 
日志级别：  DEBUG 
出错类：Himall.Web.Framework.BaseController.OnException  
错误描述：服务器提交了协议冲突. Section=ResponseStatusLine 




 记录时间：2019-01-24 12:56:39,000 
日志级别：  DEBUG 
出错类：Himall.Web.MvcApplication.Application_EndRequest  
错误描述：2019-01-24 12:56:38 999:[当前请求URL：http://localhost:62443/SellerAdmin/orderrefund/DealRefund；请求的参数为：；页面加载的时间：21867.8514 毫秒] 




 记录时间：2019-01-24 12:56:46,012 
日志级别：  DEBUG 
出错类：Himall.Web.MvcApplication.Application_EndRequest  
错误描述：2019-01-24 12:56:46 012:[当前请求URL：http://localhost:62443/Selleradmin/ShopShipper/Management；请求的参数为：；页面加载的时间：5473.9639 毫秒] 




 记录时间：2019-01-24 12:57:22,734 
日志级别：  DEBUG 
出错类：Himall.Service.RefundService.AutoAuditRefund  
错误描述：RefundJob : AutoAuditRefund Number=5 




 记录时间：2019-01-24 12:57:22,961 
日志级别：  DEBUG 
出错类：Himall.Service.RefundService.SellerDealRefund  
错误描述：refund.RefundModeOrderRefund 




 记录时间：2019-01-24 12:57:23,053 
日志级别：  DEBUG 
出错类：Himall.Service.RefundService.AutoAuditRefund  
错误描述：RefundJob : AutoAuditRefund [有错误]编号：244 

Himall.Core.HimallException: 只可以关闭待发货订单！
   在 Himall.Service.OrderService.AgreeToRefundBySeller(Int64 orderId) 位置 E:\合作项目\长生树\mall\Himall3.0\src\Himall.Service\Order\OrderService.cs:行号 2029
   在 Himall.Service.RefundService.SellerDealRefund(Int64 id, OrderRefundAuditStatus auditStatus, String sellerRemark, String sellerName) 位置 E:\合作项目\长生树\mall\Himall3.0\src\Himall.Service\Order\RefundService.cs:行号 1058
   在 Himall.Service.RefundService.AutoAuditRefund() 位置 E:\合作项目\长生树\mall\Himall3.0\src\Himall.Service\Order\RefundService.cs:行号 1860



 记录时间：2019-01-24 12:57:23,165 
日志级别：  DEBUG 
出错类：Himall.Service.RefundService.SellerDealRefund  
错误描述：refund.RefundModeOrderRefund 




 记录时间：2019-01-24 12:57:23,242 
日志级别：  DEBUG 
出错类：Himall.Service.RefundService.AutoAuditRefund  
错误描述：RefundJob : AutoAuditRefund [有错误]编号：245 

Himall.Core.HimallException: 只可以关闭待发货订单！
   在 Himall.Service.OrderService.AgreeToRefundBySeller(Int64 orderId) 位置 E:\合作项目\长生树\mall\Himall3.0\src\Himall.Service\Order\OrderService.cs:行号 2029
   在 Himall.Service.RefundService.SellerDealRefund(Int64 id, OrderRefundAuditStatus auditStatus, String sellerRemark, String sellerName) 位置 E:\合作项目\长生树\mall\Himall3.0\src\Himall.Service\Order\RefundService.cs:行号 1058
   在 Himall.Service.RefundService.AutoAuditRefund() 位置 E:\合作项目\长生树\mall\Himall3.0\src\Himall.Service\Order\RefundService.cs:行号 1860



 记录时间：2019-01-24 12:57:23,401 
日志级别：  DEBUG 
出错类：Himall.Service.RefundService.SellerDealRefund  
错误描述：refund.RefundModeOrderRefund 




 记录时间：2019-01-24 12:57:23,601 
日志级别：  DEBUG 
出错类：Himall.Service.RefundService.AutoAuditRefund  
错误描述：RefundJob : AutoAuditRefund [有错误]编号：246 

Himall.Core.HimallException: 只可以关闭待发货订单！
   在 Himall.Service.OrderService.AgreeToRefundBySeller(Int64 orderId) 位置 E:\合作项目\长生树\mall\Himall3.0\src\Himall.Service\Order\OrderService.cs:行号 2029
   在 Himall.Service.RefundService.SellerDealRefund(Int64 id, OrderRefundAuditStatus auditStatus, String sellerRemark, String sellerName) 位置 E:\合作项目\长生树\mall\Himall3.0\src\Himall.Service\Order\RefundService.cs:行号 1058
   在 Himall.Service.RefundService.AutoAuditRefund() 位置 E:\合作项目\长生树\mall\Himall3.0\src\Himall.Service\Order\RefundService.cs:行号 1860



 记录时间：2019-01-24 12:57:23,763 
日志级别：  DEBUG 
出错类：Himall.Service.RefundService.SellerDealRefund  
错误描述：refund.RefundModeOrderRefund 




 记录时间：2019-01-24 12:57:23,920 
日志级别：  DEBUG 
出错类：Himall.Service.RefundService.AutoAuditRefund  
错误描述：RefundJob : AutoAuditRefund [有错误]编号：247 

Himall.Core.HimallException: 只可以关闭待发货订单！
   在 Himall.Service.OrderService.AgreeToRefundBySeller(Int64 orderId) 位置 E:\合作项目\长生树\mall\Himall3.0\src\Himall.Service\Order\OrderService.cs:行号 2029
   在 Himall.Service.RefundService.SellerDealRefund(Int64 id, OrderRefundAuditStatus auditStatus, String sellerRemark, String sellerName) 位置 E:\合作项目\长生树\mall\Himall3.0\src\Himall.Service\Order\RefundService.cs:行号 1058
   在 Himall.Service.RefundService.AutoAuditRefund() 位置 E:\合作项目\长生树\mall\Himall3.0\src\Himall.Service\Order\RefundService.cs:行号 1860



 记录时间：2019-01-24 12:57:24,011 
日志级别：  DEBUG 
出错类：Himall.Service.RefundService.SellerDealRefund  
错误描述：refund.RefundModeOrderRefund 




 记录时间：2019-01-24 12:57:24,332 
日志级别：  DEBUG 
出错类：Himall.Service.RefundService.AutoAuditRefund  
错误描述：RefundJob : AutoAuditRefund [有错误]编号：248 

Himall.Core.HimallException: 只可以关闭待发货订单！
   在 Himall.Service.OrderService.AgreeToRefundBySeller(Int64 orderId) 位置 E:\合作项目\长生树\mall\Himall3.0\src\Himall.Service\Order\OrderService.cs:行号 2029
   在 Himall.Service.RefundService.SellerDealRefund(Int64 id, OrderRefundAuditStatus auditStatus, String sellerRemark, String sellerName) 位置 E:\合作项目\长生树\mall\Himall3.0\src\Himall.Service\Order\RefundService.cs:行号 1058
   在 Himall.Service.RefundService.AutoAuditRefund() 位置 E:\合作项目\长生树\mall\Himall3.0\src\Himall.Service\Order\RefundService.cs:行号 1860



 记录时间：2019-01-24 12:57:35,690 
日志级别：  DEBUG 
出错类：Himall.Web.MvcApplication.Application_EndRequest  
错误描述：2019-01-24 12:57:35 690:[当前请求URL：http://localhost:62443/SellerAdmin/orderrefund/list?showtype=2；请求的参数为：showtype=2；页面加载的时间：16752.1884 毫秒] 




 记录时间：2019-01-24 12:58:06,358 
日志级别：  DEBUG 
出错类：Himall.Service.RefundService.SellerDealRefund  
错误描述：refund.RefundModeOrderItemRefund 




 记录时间：2019-01-24 12:58:08,857 
日志级别：  DEBUG 
出错类：Himall.Service.RefundService.Orderrefunddetail  
错误描述：id275 




 记录时间：2019-01-24 12:58:09,229 
日志级别：  DEBUG 
出错类：Himall.Web.Areas.SellerAdmin.Controllers.OrderRefundController.GetResponseResult  
错误描述：urlhttp://zxk.mhybms.cn:10000/system/refund/operate_1/saveRefundBySeller?refundJson={"RefundId":275,"OrderId":2019012395730640,"ApplyDate":"2019-01-24 12:45:59","UserName":"admin","ContactPerson":"111","ContactCellPhone":"11111111111","Amount":"111.00","ProductName":"1111111111","Reason":"????","ReasonDetail":null,"ShipOrderNumber":null,"ProductId":772,"SellerAuditStatus":5,"RefundMode":2,"RefundPayStatus":null} 




 记录时间：2019-01-24 12:58:18,992 
日志级别：  DEBUG 
出错类：Himall.Web.Framework.BaseController.OnException  
错误描述：服务器提交了协议冲突. Section=ResponseStatusLine 




 记录时间：2019-01-24 12:58:18,998 
日志级别：  DEBUG 
出错类：Himall.Web.MvcApplication.Application_EndRequest  
错误描述：2019-01-24 12:58:18 998:[当前请求URL：http://localhost:62443/SellerAdmin/orderrefund/DealRefund；请求的参数为：；页面加载的时间：23328.8584 毫秒] 




 记录时间：2019-01-24 12:58:28,417 
日志级别：  DEBUG 
出错类：Himall.Web.MvcApplication.Application_EndRequest  
错误描述：2019-01-24 12:58:28 416:[当前请求URL：http://localhost:62443/Selleradmin/ShopShipper/List；请求的参数为：；页面加载的时间：5681.5023 毫秒] 




 记录时间：2019-01-24 12:58:58,052 
日志级别：  DEBUG 
出错类：Himall.Service.RefundService.AutoAuditRefund  
错误描述：RefundJob : AutoAuditRefund Number=5 




 记录时间：2019-01-24 12:58:58,480 
日志级别：  DEBUG 
出错类：Himall.Service.RefundService.SellerDealRefund  
错误描述：refund.RefundModeOrderRefund 




 记录时间：2019-01-24 12:58:58,595 
日志级别：  DEBUG 
出错类：Himall.Service.RefundService.AutoAuditRefund  
错误描述：RefundJob : AutoAuditRefund [有错误]编号：244 

Himall.Core.HimallException: 只可以关闭待发货订单！
   在 Himall.Service.OrderService.AgreeToRefundBySeller(Int64 orderId) 位置 E:\合作项目\长生树\mall\Himall3.0\src\Himall.Service\Order\OrderService.cs:行号 2029
   在 Himall.Service.RefundService.SellerDealRefund(Int64 id, OrderRefundAuditStatus auditStatus, String sellerRemark, String sellerName) 位置 E:\合作项目\长生树\mall\Himall3.0\src\Himall.Service\Order\RefundService.cs:行号 1058
   在 Himall.Service.RefundService.AutoAuditRefund() 位置 E:\合作项目\长生树\mall\Himall3.0\src\Himall.Service\Order\RefundService.cs:行号 1860



 记录时间：2019-01-24 12:58:58,685 
日志级别：  DEBUG 
出错类：Himall.Service.RefundService.SellerDealRefund  
错误描述：refund.RefundModeOrderRefund 




 记录时间：2019-01-24 12:58:59,021 
日志级别：  DEBUG 
出错类：Himall.Service.RefundService.AutoAuditRefund  
错误描述：RefundJob : AutoAuditRefund [有错误]编号：245 

Himall.Core.HimallException: 只可以关闭待发货订单！
   在 Himall.Service.OrderService.AgreeToRefundBySeller(Int64 orderId) 位置 E:\合作项目\长生树\mall\Himall3.0\src\Himall.Service\Order\OrderService.cs:行号 2029
   在 Himall.Service.RefundService.SellerDealRefund(Int64 id, OrderRefundAuditStatus auditStatus, String sellerRemark, String sellerName) 位置 E:\合作项目\长生树\mall\Himall3.0\src\Himall.Service\Order\RefundService.cs:行号 1058
   在 Himall.Service.RefundService.AutoAuditRefund() 位置 E:\合作项目\长生树\mall\Himall3.0\src\Himall.Service\Order\RefundService.cs:行号 1860



 记录时间：2019-01-24 12:58:59,127 
日志级别：  DEBUG 
出错类：Himall.Service.RefundService.SellerDealRefund  
错误描述：refund.RefundModeOrderRefund 




 记录时间：2019-01-24 12:58:59,198 
日志级别：  DEBUG 
出错类：Himall.Service.RefundService.AutoAuditRefund  
错误描述：RefundJob : AutoAuditRefund [有错误]编号：246 

Himall.Core.HimallException: 只可以关闭待发货订单！
   在 Himall.Service.OrderService.AgreeToRefundBySeller(Int64 orderId) 位置 E:\合作项目\长生树\mall\Himall3.0\src\Himall.Service\Order\OrderService.cs:行号 2029
   在 Himall.Service.RefundService.SellerDealRefund(Int64 id, OrderRefundAuditStatus auditStatus, String sellerRemark, String sellerName) 位置 E:\合作项目\长生树\mall\Himall3.0\src\Himall.Service\Order\RefundService.cs:行号 1058
   在 Himall.Service.RefundService.AutoAuditRefund() 位置 E:\合作项目\长生树\mall\Himall3.0\src\Himall.Service\Order\RefundService.cs:行号 1860



 记录时间：2019-01-24 12:58:59,292 
日志级别：  DEBUG 
出错类：Himall.Service.RefundService.SellerDealRefund  
错误描述：refund.RefundModeOrderRefund 




 记录时间：2019-01-24 12:58:59,492 
日志级别：  DEBUG 
出错类：Himall.Service.RefundService.AutoAuditRefund  
错误描述：RefundJob : AutoAuditRefund [有错误]编号：247 

Himall.Core.HimallException: 只可以关闭待发货订单！
   在 Himall.Service.OrderService.AgreeToRefundBySeller(Int64 orderId) 位置 E:\合作项目\长生树\mall\Himall3.0\src\Himall.Service\Order\OrderService.cs:行号 2029
   在 Himall.Service.RefundService.SellerDealRefund(Int64 id, OrderRefundAuditStatus auditStatus, String sellerRemark, String sellerName) 位置 E:\合作项目\长生树\mall\Himall3.0\src\Himall.Service\Order\RefundService.cs:行号 1058
   在 Himall.Service.RefundService.AutoAuditRefund() 位置 E:\合作项目\长生树\mall\Himall3.0\src\Himall.Service\Order\RefundService.cs:行号 1860



 记录时间：2019-01-24 12:58:59,655 
日志级别：  DEBUG 
出错类：Himall.Service.RefundService.SellerDealRefund  
错误描述：refund.RefundModeOrderRefund 




 记录时间：2019-01-24 12:58:59,758 
日志级别：  DEBUG 
出错类：Himall.Service.RefundService.AutoAuditRefund  
错误描述：RefundJob : AutoAuditRefund [有错误]编号：248 

Himall.Core.HimallException: 只可以关闭待发货订单！
   在 Himall.Service.OrderService.AgreeToRefundBySeller(Int64 orderId) 位置 E:\合作项目\长生树\mall\Himall3.0\src\Himall.Service\Order\OrderService.cs:行号 2029
   在 Himall.Service.RefundService.SellerDealRefund(Int64 id, OrderRefundAuditStatus auditStatus, String sellerRemark, String sellerName) 位置 E:\合作项目\长生树\mall\Himall3.0\src\Himall.Service\Order\RefundService.cs:行号 1058
   在 Himall.Service.RefundService.AutoAuditRefund() 位置 E:\合作项目\长生树\mall\Himall3.0\src\Himall.Service\Order\RefundService.cs:行号 1860



 记录时间：2019-01-24 12:59:11,285 
日志级别：  DEBUG 
出错类：Himall.Web.MvcApplication.Application_EndRequest  
错误描述：2019-01-24 12:59:11 285:[当前请求URL：http://localhost:62443/SellerAdmin/orderrefund/list?showtype=2；请求的参数为：showtype=2；页面加载的时间：17250.3488 毫秒] 




 记录时间：2019-01-24 13:00:04,516 
日志级别：  DEBUG 
出错类：Himall.Web.WebApiConfig.Register  
错误描述：[OpenApi]RegRoute-DefaultOpenApi 




 记录时间：2019-01-24 13:00:21,308 
日志级别：  DEBUG 
出错类：Himall.Web.MvcApplication.Application_EndRequest  
错误描述：2019-01-24 01:00:21 307:[当前请求URL：http://localhost:62443/；请求的参数为：；页面加载的时间：8788.251 毫秒] 




 记录时间：2019-01-24 14:20:12,625 
日志级别：  DEBUG 
出错类：Himall.Web.WebApiConfig.Register  
错误描述：[OpenApi]RegRoute-DefaultOpenApi 




 记录时间：2019-01-24 14:20:33,199 
日志级别：  DEBUG 
出错类：Himall.Web.MvcApplication.Application_EndRequest  
错误描述：2019-01-24 02:20:33 199:[当前请求URL：http://localhost:62443/；请求的参数为：；页面加载的时间：13144.3587 毫秒] 




 记录时间：2019-01-24 14:21:01,144 
日志级别：  DEBUG 
出错类：Himall.Web.WebApiConfig.Register  
错误描述：[OpenApi]RegRoute-DefaultOpenApi 




 记录时间：2019-01-24 14:21:11,188 
日志级别：  DEBUG 
出错类：Himall.Web.MvcApplication.Application_EndRequest  
错误描述：2019-01-24 02:21:11 188:[当前请求URL：http://localhost:62443/；请求的参数为：；页面加载的时间：6582.2525 毫秒] 




 记录时间：2019-01-24 16:14:17,316 
日志级别：  DEBUG 
出错类：Himall.Web.MvcApplication.Application_EndRequest  
错误描述：2019-01-24 04:14:17 316:[当前请求URL：http://localhost:62443/userinfo/GetCurrentUserInfo；请求的参数为：；页面加载的时间：7848.8833 毫秒] 




 记录时间：2019-01-24 16:14:18,570 
日志级别：  DEBUG 
出错类：Himall.Web.MvcApplication.Application_EndRequest  
错误描述：2019-01-24 04:14:18 569:[当前请求URL：http://localhost:62443/home/coupon；请求的参数为：；页面加载的时间：9512.2536 毫秒] 




 记录时间：2019-01-24 16:14:24,263 
日志级别：  DEBUG 
出错类：Himall.Web.MvcApplication.Application_EndRequest  
错误描述：2019-01-24 04:14:24 263:[当前请求URL：http://localhost:62443/product/UserCoupons；请求的参数为：；页面加载的时间：5676.6726 毫秒] 




 记录时间：2019-01-24 16:14:25,770 
日志级别：  DEBUG 
出错类：Himall.Web.MvcApplication.Application_EndRequest  
错误描述：2019-01-24 04:14:25 770:[当前请求URL：http://localhost:62443/cart/GetCartProducts；请求的参数为：；页面加载的时间：7183.7053 毫秒] 




 记录时间：2019-01-24 16:16:14,594 
日志级别：  DEBUG 
出错类：Himall.Web.MvcApplication.Application_EndRequest  
错误描述：2019-01-24 04:16:14 593:[当前请求URL：http://localhost:62443/SellerAdmin/order/management；请求的参数为：；页面加载的时间：57859.3962 毫秒] 




 记录时间：2019-01-24 16:18:24,934 
日志级别：  DEBUG 
出错类：Himall.Service.RefundService.AutoAuditRefund  
错误描述：RefundJob : AutoAuditRefund Number=6 




 记录时间：2019-01-24 16:18:25,377 
日志级别：  DEBUG 
出错类：Himall.Service.RefundService.SellerDealRefund  
错误描述：refund.RefundModeOrderRefund 




 记录时间：2019-01-24 16:18:25,851 
日志级别：  DEBUG 
出错类：Himall.Service.RefundService.AutoAuditRefund  
错误描述：RefundJob : AutoAuditRefund [有错误]编号：244 

Himall.Core.HimallException: 只可以关闭待发货订单！
   在 Himall.Service.OrderService.AgreeToRefundBySeller(Int64 orderId) 位置 E:\合作项目\长生树\mall\Himall3.0\src\Himall.Service\Order\OrderService.cs:行号 2029
   在 Himall.Service.RefundService.SellerDealRefund(Int64 id, OrderRefundAuditStatus auditStatus, String sellerRemark, String sellerName) 位置 E:\合作项目\长生树\mall\Himall3.0\src\Himall.Service\Order\RefundService.cs:行号 1066
   在 Himall.Service.RefundService.AutoAuditRefund() 位置 E:\合作项目\长生树\mall\Himall3.0\src\Himall.Service\Order\RefundService.cs:行号 1868



 记录时间：2019-01-24 16:18:25,915 
日志级别：  DEBUG 
出错类：Himall.Service.RefundService.SellerDealRefund  
错误描述：refund.RefundModeOrderRefund 




 记录时间：2019-01-24 16:18:26,168 
日志级别：  DEBUG 
出错类：Himall.Service.RefundService.AutoAuditRefund  
错误描述：RefundJob : AutoAuditRefund [有错误]编号：245 

Himall.Core.HimallException: 只可以关闭待发货订单！
   在 Himall.Service.OrderService.AgreeToRefundBySeller(Int64 orderId) 位置 E:\合作项目\长生树\mall\Himall3.0\src\Himall.Service\Order\OrderService.cs:行号 2029
   在 Himall.Service.RefundService.SellerDealRefund(Int64 id, OrderRefundAuditStatus auditStatus, String sellerRemark, String sellerName) 位置 E:\合作项目\长生树\mall\Himall3.0\src\Himall.Service\Order\RefundService.cs:行号 1066
   在 Himall.Service.RefundService.AutoAuditRefund() 位置 E:\合作项目\长生树\mall\Himall3.0\src\Himall.Service\Order\RefundService.cs:行号 1868



 记录时间：2019-01-24 16:18:26,326 
日志级别：  DEBUG 
出错类：Himall.Service.RefundService.SellerDealRefund  
错误描述：refund.RefundModeOrderRefund 




 记录时间：2019-01-24 16:18:26,447 
日志级别：  DEBUG 
出错类：Himall.Service.RefundService.AutoAuditRefund  
错误描述：RefundJob : AutoAuditRefund [有错误]编号：246 

Himall.Core.HimallException: 只可以关闭待发货订单！
   在 Himall.Service.OrderService.AgreeToRefundBySeller(Int64 orderId) 位置 E:\合作项目\长生树\mall\Himall3.0\src\Himall.Service\Order\OrderService.cs:行号 2029
   在 Himall.Service.RefundService.SellerDealRefund(Int64 id, OrderRefundAuditStatus auditStatus, String sellerRemark, String sellerName) 位置 E:\合作项目\长生树\mall\Himall3.0\src\Himall.Service\Order\RefundService.cs:行号 1066
   在 Himall.Service.RefundService.AutoAuditRefund() 位置 E:\合作项目\长生树\mall\Himall3.0\src\Himall.Service\Order\RefundService.cs:行号 1868



 记录时间：2019-01-24 16:18:26,503 
日志级别：  DEBUG 
出错类：Himall.Service.RefundService.SellerDealRefund  
错误描述：refund.RefundModeOrderRefund 




 记录时间：2019-01-24 16:18:26,590 
日志级别：  DEBUG 
出错类：Himall.Service.RefundService.AutoAuditRefund  
错误描述：RefundJob : AutoAuditRefund [有错误]编号：247 

Himall.Core.HimallException: 只可以关闭待发货订单！
   在 Himall.Service.OrderService.AgreeToRefundBySeller(Int64 orderId) 位置 E:\合作项目\长生树\mall\Himall3.0\src\Himall.Service\Order\OrderService.cs:行号 2029
   在 Himall.Service.RefundService.SellerDealRefund(Int64 id, OrderRefundAuditStatus auditStatus, String sellerRemark, String sellerName) 位置 E:\合作项目\长生树\mall\Himall3.0\src\Himall.Service\Order\RefundService.cs:行号 1066
   在 Himall.Service.RefundService.AutoAuditRefund() 位置 E:\合作项目\长生树\mall\Himall3.0\src\Himall.Service\Order\RefundService.cs:行号 1868



 记录时间：2019-01-24 16:18:26,734 
日志级别：  DEBUG 
出错类：Himall.Service.RefundService.SellerDealRefund  
错误描述：refund.RefundModeOrderRefund 




 记录时间：2019-01-24 16:18:26,828 
日志级别：  DEBUG 
出错类：Himall.Service.RefundService.AutoAuditRefund  
错误描述：RefundJob : AutoAuditRefund [有错误]编号：248 

Himall.Core.HimallException: 只可以关闭待发货订单！
   在 Himall.Service.OrderService.AgreeToRefundBySeller(Int64 orderId) 位置 E:\合作项目\长生树\mall\Himall3.0\src\Himall.Service\Order\OrderService.cs:行号 2029
   在 Himall.Service.RefundService.SellerDealRefund(Int64 id, OrderRefundAuditStatus auditStatus, String sellerRemark, String sellerName) 位置 E:\合作项目\长生树\mall\Himall3.0\src\Himall.Service\Order\RefundService.cs:行号 1066
   在 Himall.Service.RefundService.AutoAuditRefund() 位置 E:\合作项目\长生树\mall\Himall3.0\src\Himall.Service\Order\RefundService.cs:行号 1868



 记录时间：2019-01-24 16:18:27,249 
日志级别：  DEBUG 
出错类：Himall.Service.RefundService.SellerDealRefund  
错误描述：refund.RefundModeOrderRefund 




 记录时间：2019-01-24 16:18:53,337 
日志级别：  DEBUG 
出错类：Himall.Web.MvcApplication.Application_EndRequest  
错误描述：2019-01-24 04:18:53 336:[当前请求URL：http://localhost:62443/SellerAdmin/order/list；请求的参数为：；页面加载的时间：156803.9631 毫秒] 




 记录时间：2019-01-24 16:20:32,097 
日志级别：  DEBUG 
出错类：Himall.Web.MvcApplication.Application_EndRequest  
错误描述：2019-01-24 04:20:32 096:[当前请求URL：http://localhost:62443/SellerAdmin/order/management；请求的参数为：；页面加载的时间：37878.9695 毫秒] 




 记录时间：2019-01-24 16:20:35,363 
日志级别：  DEBUG 
出错类：Himall.Service.RefundService.AutoAuditRefund  
错误描述：RefundJob : AutoAuditRefund Number=5 




 记录时间：2019-01-24 16:20:35,502 
日志级别：  DEBUG 
出错类：Himall.Service.RefundService.SellerDealRefund  
错误描述：refund.RefundModeOrderRefund 




 记录时间：2019-01-24 16:20:35,588 
日志级别：  DEBUG 
出错类：Himall.Service.RefundService.AutoAuditRefund  
错误描述：RefundJob : AutoAuditRefund [有错误]编号：244 

Himall.Core.HimallException: 只可以关闭待发货订单！
   在 Himall.Service.OrderService.AgreeToRefundBySeller(Int64 orderId) 位置 E:\合作项目\长生树\mall\Himall3.0\src\Himall.Service\Order\OrderService.cs:行号 2029
   在 Himall.Service.RefundService.SellerDealRefund(Int64 id, OrderRefundAuditStatus auditStatus, String sellerRemark, String sellerName) 位置 E:\合作项目\长生树\mall\Himall3.0\src\Himall.Service\Order\RefundService.cs:行号 1066
   在 Himall.Service.RefundService.AutoAuditRefund() 位置 E:\合作项目\长生树\mall\Himall3.0\src\Himall.Service\Order\RefundService.cs:行号 1868



 记录时间：2019-01-24 16:20:35,642 
日志级别：  DEBUG 
出错类：Himall.Service.RefundService.SellerDealRefund  
错误描述：refund.RefundModeOrderRefund 




 记录时间：2019-01-24 16:20:36,003 
日志级别：  DEBUG 
出错类：Himall.Service.RefundService.AutoAuditRefund  
错误描述：RefundJob : AutoAuditRefund [有错误]编号：245 

Himall.Core.HimallException: 只可以关闭待发货订单！
   在 Himall.Service.OrderService.AgreeToRefundBySeller(Int64 orderId) 位置 E:\合作项目\长生树\mall\Himall3.0\src\Himall.Service\Order\OrderService.cs:行号 2029
   在 Himall.Service.RefundService.SellerDealRefund(Int64 id, OrderRefundAuditStatus auditStatus, String sellerRemark, String sellerName) 位置 E:\合作项目\长生树\mall\Himall3.0\src\Himall.Service\Order\RefundService.cs:行号 1066
   在 Himall.Service.RefundService.AutoAuditRefund() 位置 E:\合作项目\长生树\mall\Himall3.0\src\Himall.Service\Order\RefundService.cs:行号 1868



 记录时间：2019-01-24 16:20:36,314 
日志级别：  DEBUG 
出错类：Himall.Service.RefundService.SellerDealRefund  
错误描述：refund.RefundModeOrderRefund 




 记录时间：2019-01-24 16:20:36,511 
日志级别：  DEBUG 
出错类：Himall.Service.RefundService.AutoAuditRefund  
错误描述：RefundJob : AutoAuditRefund [有错误]编号：246 

Himall.Core.HimallException: 只可以关闭待发货订单！
   在 Himall.Service.OrderService.AgreeToRefundBySeller(Int64 orderId) 位置 E:\合作项目\长生树\mall\Himall3.0\src\Himall.Service\Order\OrderService.cs:行号 2029
   在 Himall.Service.RefundService.SellerDealRefund(Int64 id, OrderRefundAuditStatus auditStatus, String sellerRemark, String sellerName) 位置 E:\合作项目\长生树\mall\Himall3.0\src\Himall.Service\Order\RefundService.cs:行号 1066
   在 Himall.Service.RefundService.AutoAuditRefund() 位置 E:\合作项目\长生树\mall\Himall3.0\src\Himall.Service\Order\RefundService.cs:行号 1868



 记录时间：2019-01-24 16:20:36,662 
日志级别：  DEBUG 
出错类：Himall.Service.RefundService.SellerDealRefund  
错误描述：refund.RefundModeOrderRefund 




 记录时间：2019-01-24 16:20:36,779 
日志级别：  DEBUG 
出错类：Himall.Service.RefundService.AutoAuditRefund  
错误描述：RefundJob : AutoAuditRefund [有错误]编号：247 

Himall.Core.HimallException: 只可以关闭待发货订单！
   在 Himall.Service.OrderService.AgreeToRefundBySeller(Int64 orderId) 位置 E:\合作项目\长生树\mall\Himall3.0\src\Himall.Service\Order\OrderService.cs:行号 2029
   在 Himall.Service.RefundService.SellerDealRefund(Int64 id, OrderRefundAuditStatus auditStatus, String sellerRemark, String sellerName) 位置 E:\合作项目\长生树\mall\Himall3.0\src\Himall.Service\Order\RefundService.cs:行号 1066
   在 Himall.Service.RefundService.AutoAuditRefund() 位置 E:\合作项目\长生树\mall\Himall3.0\src\Himall.Service\Order\RefundService.cs:行号 1868



 记录时间：2019-01-24 16:20:36,936 
日志级别：  DEBUG 
出错类：Himall.Service.RefundService.SellerDealRefund  
错误描述：refund.RefundModeOrderRefund 




 记录时间：2019-01-24 16:20:37,098 
日志级别：  DEBUG 
出错类：Himall.Service.RefundService.AutoAuditRefund  
错误描述：RefundJob : AutoAuditRefund [有错误]编号：248 

Himall.Core.HimallException: 只可以关闭待发货订单！
   在 Himall.Service.OrderService.AgreeToRefundBySeller(Int64 orderId) 位置 E:\合作项目\长生树\mall\Himall3.0\src\Himall.Service\Order\OrderService.cs:行号 2029
   在 Himall.Service.RefundService.SellerDealRefund(Int64 id, OrderRefundAuditStatus auditStatus, String sellerRemark, String sellerName) 位置 E:\合作项目\长生树\mall\Himall3.0\src\Himall.Service\Order\RefundService.cs:行号 1066
   在 Himall.Service.RefundService.AutoAuditRefund() 位置 E:\合作项目\长生树\mall\Himall3.0\src\Himall.Service\Order\RefundService.cs:行号 1868



 记录时间：2019-01-24 16:24:51,996 
日志级别：  DEBUG 
出错类：Himall.Web.MvcApplication.Application_EndRequest  
错误描述：2019-01-24 04:24:51 996:[当前请求URL：http://localhost:62443/SellerAdmin/order/list；请求的参数为：；页面加载的时间：258889.1354 毫秒] 




 记录时间：2019-01-24 16:29:13,108 
日志级别：  DEBUG 
出错类：Himall.Web.WebApiConfig.Register  
错误描述：[OpenApi]RegRoute-DefaultOpenApi 




 记录时间：2019-01-24 16:29:34,765 
日志级别：  DEBUG 
出错类：Himall.Web.MvcApplication.Application_EndRequest  
错误描述：2019-01-24 04:29:34 764:[当前请求URL：http://localhost:62443/；请求的参数为：；页面加载的时间：11088.3048 毫秒] 




 记录时间：2019-01-24 16:30:10,146 
日志级别：  DEBUG 
出错类：Himall.Web.WebApiConfig.Register  
错误描述：[OpenApi]RegRoute-DefaultOpenApi 




 记录时间：2019-01-24 16:30:24,170 
日志级别：  DEBUG 
出错类：Himall.Web.MvcApplication.Application_EndRequest  
错误描述：2019-01-24 04:30:24 170:[当前请求URL：http://localhost:62443/；请求的参数为：；页面加载的时间：8695.3069 毫秒] 




 记录时间：2019-01-24 16:48:06,228 
日志级别：  DEBUG 
出错类：Himall.Web.MvcApplication.Application_EndRequest  
错误描述：2019-01-24 04:48:06 228:[当前请求URL：http://localhost:62443/userinfo/GetCurrentUserInfo；请求的参数为：；页面加载的时间：6018.4587 毫秒] 




 记录时间：2019-01-24 16:48:07,559 
日志级别：  DEBUG 
出错类：Himall.Web.MvcApplication.Application_EndRequest  
错误描述：2019-01-24 04:48:07 559:[当前请求URL：http://localhost:62443/home/coupon；请求的参数为：；页面加载的时间：7048.0916 毫秒] 




 记录时间：2019-01-24 16:48:13,017 
日志级别：  DEBUG 
出错类：Himall.Service.RefundService.AutoAuditRefund  
错误描述：RefundJob : AutoAuditRefund Number=6 




 记录时间：2019-01-24 16:48:13,327 
日志级别：  DEBUG 
出错类：Himall.Web.MvcApplication.Application_EndRequest  
错误描述：2019-01-24 04:48:13 327:[当前请求URL：http://localhost:62443/product/UserCoupons；请求的参数为：；页面加载的时间：5712.0635 毫秒] 




 记录时间：2019-01-24 16:48:13,383 
日志级别：  DEBUG 
出错类：Himall.Service.RefundService.SellerDealRefund  
错误描述：refund.RefundModeOrderRefund 




 记录时间：2019-01-24 16:48:13,646 
日志级别：  DEBUG 
出错类：Himall.Service.RefundService.AutoAuditRefund  
错误描述：RefundJob : AutoAuditRefund [有错误]编号：244 

Himall.Core.HimallException: 只可以关闭待发货订单！
   在 Himall.Service.OrderService.AgreeToRefundBySeller(Int64 orderId) 位置 E:\合作项目\长生树\mall\Himall3.0\src\Himall.Service\Order\OrderService.cs:行号 2029
   在 Himall.Service.RefundService.SellerDealRefund(Int64 id, OrderRefundAuditStatus auditStatus, String sellerRemark, String sellerName) 位置 E:\合作项目\长生树\mall\Himall3.0\src\Himall.Service\Order\RefundService.cs:行号 1066
   在 Himall.Service.RefundService.AutoAuditRefund() 位置 E:\合作项目\长生树\mall\Himall3.0\src\Himall.Service\Order\RefundService.cs:行号 1868



 记录时间：2019-01-24 16:48:13,850 
日志级别：  DEBUG 
出错类：Himall.Service.RefundService.SellerDealRefund  
错误描述：refund.RefundModeOrderRefund 




 记录时间：2019-01-24 16:48:14,066 
日志级别：  DEBUG 
出错类：Himall.Service.RefundService.AutoAuditRefund  
错误描述：RefundJob : AutoAuditRefund [有错误]编号：245 

Himall.Core.HimallException: 只可以关闭待发货订单！
   在 Himall.Service.OrderService.AgreeToRefundBySeller(Int64 orderId) 位置 E:\合作项目\长生树\mall\Himall3.0\src\Himall.Service\Order\OrderService.cs:行号 2029
   在 Himall.Service.RefundService.SellerDealRefund(Int64 id, OrderRefundAuditStatus auditStatus, String sellerRemark, String sellerName) 位置 E:\合作项目\长生树\mall\Himall3.0\src\Himall.Service\Order\RefundService.cs:行号 1066
   在 Himall.Service.RefundService.AutoAuditRefund() 位置 E:\合作项目\长生树\mall\Himall3.0\src\Himall.Service\Order\RefundService.cs:行号 1868



 记录时间：2019-01-24 16:48:14,357 
日志级别：  DEBUG 
出错类：Himall.Service.RefundService.SellerDealRefund  
错误描述：refund.RefundModeOrderRefund 




 记录时间：2019-01-24 16:48:14,394 
日志级别：  DEBUG 
出错类：Himall.Web.MvcApplication.Application_EndRequest  
错误描述：2019-01-24 04:48:14 394:[当前请求URL：http://localhost:62443/cart/GetCartProducts；请求的参数为：；页面加载的时间：6788.8488 毫秒] 




 记录时间：2019-01-24 16:48:14,481 
日志级别：  DEBUG 
出错类：Himall.Service.RefundService.AutoAuditRefund  
错误描述：RefundJob : AutoAuditRefund [有错误]编号：246 

Himall.Core.HimallException: 只可以关闭待发货订单！
   在 Himall.Service.OrderService.AgreeToRefundBySeller(Int64 orderId) 位置 E:\合作项目\长生树\mall\Himall3.0\src\Himall.Service\Order\OrderService.cs:行号 2029
   在 Himall.Service.RefundService.SellerDealRefund(Int64 id, OrderRefundAuditStatus auditStatus, String sellerRemark, String sellerName) 位置 E:\合作项目\长生树\mall\Himall3.0\src\Himall.Service\Order\RefundService.cs:行号 1066
   在 Himall.Service.RefundService.AutoAuditRefund() 位置 E:\合作项目\长生树\mall\Himall3.0\src\Himall.Service\Order\RefundService.cs:行号 1868



 记录时间：2019-01-24 16:48:14,676 
日志级别：  DEBUG 
出错类：Himall.Service.RefundService.SellerDealRefund  
错误描述：refund.RefundModeOrderRefund 




 记录时间：2019-01-24 16:48:14,752 
日志级别：  DEBUG 
出错类：Himall.Service.RefundService.AutoAuditRefund  
错误描述：RefundJob : AutoAuditRefund [有错误]编号：247 

Himall.Core.HimallException: 只可以关闭待发货订单！
   在 Himall.Service.OrderService.AgreeToRefundBySeller(Int64 orderId) 位置 E:\合作项目\长生树\mall\Himall3.0\src\Himall.Service\Order\OrderService.cs:行号 2029
   在 Himall.Service.RefundService.SellerDealRefund(Int64 id, OrderRefundAuditStatus auditStatus, String sellerRemark, String sellerName) 位置 E:\合作项目\长生树\mall\Himall3.0\src\Himall.Service\Order\RefundService.cs:行号 1066
   在 Himall.Service.RefundService.AutoAuditRefund() 位置 E:\合作项目\长生树\mall\Himall3.0\src\Himall.Service\Order\RefundService.cs:行号 1868



 记录时间：2019-01-24 16:48:14,803 
日志级别：  DEBUG 
出错类：Himall.Service.RefundService.SellerDealRefund  
错误描述：refund.RefundModeOrderRefund 




 记录时间：2019-01-24 16:48:15,012 
日志级别：  DEBUG 
出错类：Himall.Service.RefundService.AutoAuditRefund  
错误描述：RefundJob : AutoAuditRefund [有错误]编号：248 

Himall.Core.HimallException: 只可以关闭待发货订单！
   在 Himall.Service.OrderService.AgreeToRefundBySeller(Int64 orderId) 位置 E:\合作项目\长生树\mall\Himall3.0\src\Himall.Service\Order\OrderService.cs:行号 2029
   在 Himall.Service.RefundService.SellerDealRefund(Int64 id, OrderRefundAuditStatus auditStatus, String sellerRemark, String sellerName) 位置 E:\合作项目\长生树\mall\Himall3.0\src\Himall.Service\Order\RefundService.cs:行号 1066
   在 Himall.Service.RefundService.AutoAuditRefund() 位置 E:\合作项目\长生树\mall\Himall3.0\src\Himall.Service\Order\RefundService.cs:行号 1868



 记录时间：2019-01-24 16:48:15,180 
日志级别：  DEBUG 
出错类：Himall.Service.RefundService.SellerDealRefund  
错误描述：refund.RefundModeReturnGoodsRefund 




 记录时间：2019-01-24 16:48:23,680 
日志级别：  DEBUG 
出错类：Himall.Service.WXMsgTemplateService.GetWeiXinMsgTemplate  
错误描述：msgtype5 




 记录时间：2019-01-24 16:48:23,887 
日志级别：  DEBUG 
出错类：Himall.Service.WXMsgTemplateService.GetWeiXinMsgTemplate  
错误描述：resultHimall.Model.WeiXinMsgTemplateInfo 




 记录时间：2019-01-24 16:48:23,889 
日志级别：  DEBUG 
出错类：Himall.Service.WXMsgTemplateService.GetWeiXinMsgTemplate  
错误描述：resultTrue 




 记录时间：2019-01-24 16:48:23,942 
日志级别：  DEBUG 
出错类：Himall.Service.Weixin.WXHelper.GetResponseResult  
错误描述：urlhttps://api.weixin.qq.com/cgi-bin/token?grant_type=client_credential&appid=wx8b2369d7a650c5eb&secret=727336d57bd539781ac341124192afa7 




 记录时间：2019-01-24 16:48:24,685 
日志级别：  DEBUG 
出错类：Himall.Service.Weixin.WXHelper.GetResponseResult  
错误描述：result{"access_token":"17_soPbYPBRTl4SnTFOiGCBzL9QKJFBqpYagqpribaPVhhoPnwb0dv4CrdFKeYKAU2qHS6syvpM-6H40yP9juqdKBFIVs3R9prhhpU87rp8p7SJVbyZ8wzyQf14TNM70uVdK8mReAaMnLGTW1XxPLZiADABXL","expires_in":7200} 




 记录时间：2019-01-24 16:48:24,714 
日志级别：  DEBUG 
出错类：Himall.Service.WXMsgTemplateService.SendMessageByTemplate  
错误描述：[模板消息]取到Token17_soPbYPBRTl4SnTFOiGCBzL9QKJFBqpYagqpribaPVhhoPnwb0dv4CrdFKeYKAU2qHS6syvpM-6H40yP9juqdKBFIVs3R9prhhpU87rp8p7SJVbyZ8wzyQf14TNM70uVdK8mReAaMnLGTW1XxPLZiADABXL 




 记录时间：2019-01-24 16:48:24,715 
日志级别：  DEBUG 
出错类：Himall.Service.WXMsgTemplateService.SendMessageByTemplate  
错误描述：[模板消息]取到openIdoXdftwQe8wJz4-aMGDUfoVfGuKOY 




 记录时间：2019-01-24 16:48:24,716 
日志级别：  DEBUG 
出错类：Himall.Service.WXMsgTemplateService.SendMessageByTemplate  
错误描述：[模板消息]取到templateId0LeEtXHORdYq9IDbWO9gAzP-KU-4RcTjM8_2sVtDXVg 




 记录时间：2019-01-24 16:48:24,717 
日志级别：  DEBUG 
出错类：Himall.Service.WXMsgTemplateService.SendMessageByTemplate  
错误描述：[模板消息]取到accessToken17_soPbYPBRTl4SnTFOiGCBzL9QKJFBqpYagqpribaPVhhoPnwb0dv4CrdFKeYKAU2qHS6syvpM-6H40yP9juqdKBFIVs3R9prhhpU87rp8p7SJVbyZ8wzyQf14TNM70uVdK8mReAaMnLGTW1XxPLZiADABXL 




 记录时间：2019-01-24 16:48:24,718 
日志级别：  DEBUG 
出错类：Himall.Service.WXMsgTemplateService.SendMessageByTemplate  
错误描述：[模板消息]取到appsecret727336d57bd539781ac341124192afa7 




 记录时间：2019-01-24 16:48:24,719 
日志级别：  DEBUG 
出错类：Himall.Service.WXMsgTemplateService.SendMessageByTemplate  
错误描述：url 




 记录时间：2019-01-24 16:49:14,806 
日志级别：  DEBUG 
出错类：Himall.Web.MvcApplication.Application_EndRequest  
错误描述：2019-01-24 04:49:14 806:[当前请求URL：http://localhost:62443/SellerAdmin/order/list；请求的参数为：；页面加载的时间：64391.8324 毫秒] 




 记录时间：2019-01-24 16:49:18,106 
日志级别：  DEBUG 
出错类：Himall.Web.MvcApplication.Application_EndRequest  
错误描述：2019-01-24 04:49:18 105:[当前请求URL：http://localhost:62443/cart/GetCartProducts；请求的参数为：；页面加载的时间：67690.1418 毫秒] 




 记录时间：2019-01-24 16:49:55,904 
日志级别：  DEBUG 
出错类：Himall.Web.MvcApplication.Application_EndRequest  
错误描述：2019-01-24 04:49:55 904:[当前请求URL：http://localhost:62443/SellerAdmin/order/management；请求的参数为：；页面加载的时间：23371.8732 毫秒] 




 记录时间：2019-01-24 16:51:04,293 
日志级别：  DEBUG 
出错类：Himall.Web.MvcApplication.Application_EndRequest  
错误描述：2019-01-24 04:51:04 293:[当前请求URL：http://localhost:62443/SellerAdmin/order/management；请求的参数为：；页面加载的时间：10220.4362 毫秒] 




 记录时间：2019-01-24 16:51:08,331 
日志级别：  DEBUG 
出错类：Himall.Service.RefundService.AutoAuditRefund  
错误描述：RefundJob : AutoAuditRefund Number=5 




 记录时间：2019-01-24 16:51:08,630 
日志级别：  DEBUG 
出错类：Himall.Service.RefundService.SellerDealRefund  
错误描述：refund.RefundModeOrderRefund 




 记录时间：2019-01-24 16:51:08,887 
日志级别：  DEBUG 
出错类：Himall.Service.RefundService.AutoAuditRefund  
错误描述：RefundJob : AutoAuditRefund [有错误]编号：244 

Himall.Core.HimallException: 只可以关闭待发货订单！
   在 Himall.Service.OrderService.AgreeToRefundBySeller(Int64 orderId) 位置 E:\合作项目\长生树\mall\Himall3.0\src\Himall.Service\Order\OrderService.cs:行号 2029
   在 Himall.Service.RefundService.SellerDealRefund(Int64 id, OrderRefundAuditStatus auditStatus, String sellerRemark, String sellerName) 位置 E:\合作项目\长生树\mall\Himall3.0\src\Himall.Service\Order\RefundService.cs:行号 1066
   在 Himall.Service.RefundService.AutoAuditRefund() 位置 E:\合作项目\长生树\mall\Himall3.0\src\Himall.Service\Order\RefundService.cs:行号 1868



 记录时间：2019-01-24 16:51:09,188 
日志级别：  DEBUG 
出错类：Himall.Service.RefundService.SellerDealRefund  
错误描述：refund.RefundModeOrderRefund 




 记录时间：2019-01-24 16:51:09,447 
日志级别：  DEBUG 
出错类：Himall.Service.RefundService.AutoAuditRefund  
错误描述：RefundJob : AutoAuditRefund [有错误]编号：245 

Himall.Core.HimallException: 只可以关闭待发货订单！
   在 Himall.Service.OrderService.AgreeToRefundBySeller(Int64 orderId) 位置 E:\合作项目\长生树\mall\Himall3.0\src\Himall.Service\Order\OrderService.cs:行号 2029
   在 Himall.Service.RefundService.SellerDealRefund(Int64 id, OrderRefundAuditStatus auditStatus, String sellerRemark, String sellerName) 位置 E:\合作项目\长生树\mall\Himall3.0\src\Himall.Service\Order\RefundService.cs:行号 1066
   在 Himall.Service.RefundService.AutoAuditRefund() 位置 E:\合作项目\长生树\mall\Himall3.0\src\Himall.Service\Order\RefundService.cs:行号 1868



 记录时间：2019-01-24 16:51:09,848 
日志级别：  DEBUG 
出错类：Himall.Service.RefundService.SellerDealRefund  
错误描述：refund.RefundModeOrderRefund 




 记录时间：2019-01-24 16:51:10,211 
日志级别：  DEBUG 
出错类：Himall.Service.RefundService.AutoAuditRefund  
错误描述：RefundJob : AutoAuditRefund [有错误]编号：246 

Himall.Core.HimallException: 只可以关闭待发货订单！
   在 Himall.Service.OrderService.AgreeToRefundBySeller(Int64 orderId) 位置 E:\合作项目\长生树\mall\Himall3.0\src\Himall.Service\Order\OrderService.cs:行号 2029
   在 Himall.Service.RefundService.SellerDealRefund(Int64 id, OrderRefundAuditStatus auditStatus, String sellerRemark, String sellerName) 位置 E:\合作项目\长生树\mall\Himall3.0\src\Himall.Service\Order\RefundService.cs:行号 1066
   在 Himall.Service.RefundService.AutoAuditRefund() 位置 E:\合作项目\长生树\mall\Himall3.0\src\Himall.Service\Order\RefundService.cs:行号 1868



 记录时间：2019-01-24 16:51:10,442 
日志级别：  DEBUG 
出错类：Himall.Service.RefundService.SellerDealRefund  
错误描述：refund.RefundModeOrderRefund 




 记录时间：2019-01-24 16:51:10,718 
日志级别：  DEBUG 
出错类：Himall.Service.RefundService.AutoAuditRefund  
错误描述：RefundJob : AutoAuditRefund [有错误]编号：247 

Himall.Core.HimallException: 只可以关闭待发货订单！
   在 Himall.Service.OrderService.AgreeToRefundBySeller(Int64 orderId) 位置 E:\合作项目\长生树\mall\Himall3.0\src\Himall.Service\Order\OrderService.cs:行号 2029
   在 Himall.Service.RefundService.SellerDealRefund(Int64 id, OrderRefundAuditStatus auditStatus, String sellerRemark, String sellerName) 位置 E:\合作项目\长生树\mall\Himall3.0\src\Himall.Service\Order\RefundService.cs:行号 1066
   在 Himall.Service.RefundService.AutoAuditRefund() 位置 E:\合作项目\长生树\mall\Himall3.0\src\Himall.Service\Order\RefundService.cs:行号 1868



 记录时间：2019-01-24 16:51:11,304 
日志级别：  DEBUG 
出错类：Himall.Service.RefundService.SellerDealRefund  
错误描述：refund.RefundModeOrderRefund 




 记录时间：2019-01-24 16:51:12,171 
日志级别：  DEBUG 
出错类：Himall.Service.RefundService.AutoAuditRefund  
错误描述：RefundJob : AutoAuditRefund [有错误]编号：248 

Himall.Core.HimallException: 只可以关闭待发货订单！
   在 Himall.Service.OrderService.AgreeToRefundBySeller(Int64 orderId) 位置 E:\合作项目\长生树\mall\Himall3.0\src\Himall.Service\Order\OrderService.cs:行号 2029
   在 Himall.Service.RefundService.SellerDealRefund(Int64 id, OrderRefundAuditStatus auditStatus, String sellerRemark, String sellerName) 位置 E:\合作项目\长生树\mall\Himall3.0\src\Himall.Service\Order\RefundService.cs:行号 1066
   在 Himall.Service.RefundService.AutoAuditRefund() 位置 E:\合作项目\长生树\mall\Himall3.0\src\Himall.Service\Order\RefundService.cs:行号 1868



 记录时间：2019-01-24 16:52:56,426 
日志级别：  DEBUG 
出错类：Himall.Web.MvcApplication.Application_EndRequest  
错误描述：2019-01-24 04:52:56 426:[当前请求URL：http://localhost:62443/SellerAdmin/order/list；请求的参数为：；页面加载的时间：110502.8541 毫秒] 




 记录时间：2019-01-24 16:53:36,158 
日志级别：  DEBUG 
出错类：Himall.Service.RefundService.AutoAuditRefund  
错误描述：RefundJob : AutoAuditRefund Number=5 




 记录时间：2019-01-24 16:53:36,327 
日志级别：  DEBUG 
出错类：Himall.Service.RefundService.SellerDealRefund  
错误描述：refund.RefundModeOrderRefund 




 记录时间：2019-01-24 16:53:36,661 
日志级别：  DEBUG 
出错类：Himall.Service.RefundService.AutoAuditRefund  
错误描述：RefundJob : AutoAuditRefund [有错误]编号：244 

Himall.Core.HimallException: 只可以关闭待发货订单！
   在 Himall.Service.OrderService.AgreeToRefundBySeller(Int64 orderId) 位置 E:\合作项目\长生树\mall\Himall3.0\src\Himall.Service\Order\OrderService.cs:行号 2029
   在 Himall.Service.RefundService.SellerDealRefund(Int64 id, OrderRefundAuditStatus auditStatus, String sellerRemark, String sellerName) 位置 E:\合作项目\长生树\mall\Himall3.0\src\Himall.Service\Order\RefundService.cs:行号 1066
   在 Himall.Service.RefundService.AutoAuditRefund() 位置 E:\合作项目\长生树\mall\Himall3.0\src\Himall.Service\Order\RefundService.cs:行号 1868



 记录时间：2019-01-24 16:53:36,791 
日志级别：  DEBUG 
出错类：Himall.Service.RefundService.SellerDealRefund  
错误描述：refund.RefundModeOrderRefund 




 记录时间：2019-01-24 16:53:37,061 
日志级别：  DEBUG 
出错类：Himall.Service.RefundService.AutoAuditRefund  
错误描述：RefundJob : AutoAuditRefund [有错误]编号：245 

Himall.Core.HimallException: 只可以关闭待发货订单！
   在 Himall.Service.OrderService.AgreeToRefundBySeller(Int64 orderId) 位置 E:\合作项目\长生树\mall\Himall3.0\src\Himall.Service\Order\OrderService.cs:行号 2029
   在 Himall.Service.RefundService.SellerDealRefund(Int64 id, OrderRefundAuditStatus auditStatus, String sellerRemark, String sellerName) 位置 E:\合作项目\长生树\mall\Himall3.0\src\Himall.Service\Order\RefundService.cs:行号 1066
   在 Himall.Service.RefundService.AutoAuditRefund() 位置 E:\合作项目\长生树\mall\Himall3.0\src\Himall.Service\Order\RefundService.cs:行号 1868



 记录时间：2019-01-24 16:53:37,146 
日志级别：  DEBUG 
出错类：Himall.Service.RefundService.SellerDealRefund  
错误描述：refund.RefundModeOrderRefund 




 记录时间：2019-01-24 16:53:38,097 
日志级别：  DEBUG 
出错类：Himall.Service.RefundService.AutoAuditRefund  
错误描述：RefundJob : AutoAuditRefund [有错误]编号：246 

Himall.Core.HimallException: 只可以关闭待发货订单！
   在 Himall.Service.OrderService.AgreeToRefundBySeller(Int64 orderId) 位置 E:\合作项目\长生树\mall\Himall3.0\src\Himall.Service\Order\OrderService.cs:行号 2029
   在 Himall.Service.RefundService.SellerDealRefund(Int64 id, OrderRefundAuditStatus auditStatus, String sellerRemark, String sellerName) 位置 E:\合作项目\长生树\mall\Himall3.0\src\Himall.Service\Order\RefundService.cs:行号 1066
   在 Himall.Service.RefundService.AutoAuditRefund() 位置 E:\合作项目\长生树\mall\Himall3.0\src\Himall.Service\Order\RefundService.cs:行号 1868



 记录时间：2019-01-24 16:53:39,009 
日志级别：  DEBUG 
出错类：Himall.Service.RefundService.SellerDealRefund  
错误描述：refund.RefundModeOrderRefund 




 记录时间：2019-01-24 16:53:39,776 
日志级别：  DEBUG 
出错类：Himall.Service.RefundService.AutoAuditRefund  
错误描述：RefundJob : AutoAuditRefund [有错误]编号：247 

Himall.Core.HimallException: 只可以关闭待发货订单！
   在 Himall.Service.OrderService.AgreeToRefundBySeller(Int64 orderId) 位置 E:\合作项目\长生树\mall\Himall3.0\src\Himall.Service\Order\OrderService.cs:行号 2029
   在 Himall.Service.RefundService.SellerDealRefund(Int64 id, OrderRefundAuditStatus auditStatus, String sellerRemark, String sellerName) 位置 E:\合作项目\长生树\mall\Himall3.0\src\Himall.Service\Order\RefundService.cs:行号 1066
   在 Himall.Service.RefundService.AutoAuditRefund() 位置 E:\合作项目\长生树\mall\Himall3.0\src\Himall.Service\Order\RefundService.cs:行号 1868



 记录时间：2019-01-24 16:53:40,896 
日志级别：  DEBUG 
出错类：Himall.Service.RefundService.SellerDealRefund  
错误描述：refund.RefundModeOrderRefund 




 记录时间：2019-01-24 16:53:41,459 
日志级别：  DEBUG 
出错类：Himall.Service.RefundService.AutoAuditRefund  
错误描述：RefundJob : AutoAuditRefund [有错误]编号：248 

Himall.Core.HimallException: 只可以关闭待发货订单！
   在 Himall.Service.OrderService.AgreeToRefundBySeller(Int64 orderId) 位置 E:\合作项目\长生树\mall\Himall3.0\src\Himall.Service\Order\OrderService.cs:行号 2029
   在 Himall.Service.RefundService.SellerDealRefund(Int64 id, OrderRefundAuditStatus auditStatus, String sellerRemark, String sellerName) 位置 E:\合作项目\长生树\mall\Himall3.0\src\Himall.Service\Order\RefundService.cs:行号 1066
   在 Himall.Service.RefundService.AutoAuditRefund() 位置 E:\合作项目\长生树\mall\Himall3.0\src\Himall.Service\Order\RefundService.cs:行号 1868



 记录时间：2019-01-24 16:56:08,407 
日志级别：  DEBUG 
出错类：Himall.Web.MvcApplication.Application_EndRequest  
错误描述：2019-01-24 04:56:08 407:[当前请求URL：http://localhost:62443/SellerAdmin/order/list；请求的参数为：；页面加载的时间：154255.7529 毫秒] 




 记录时间：2019-01-24 16:56:29,247 
日志级别：  DEBUG 
出错类：Himall.Web.WebApiConfig.Register  
错误描述：[OpenApi]RegRoute-DefaultOpenApi 




 记录时间：2019-01-24 16:56:42,301 
日志级别：  DEBUG 
出错类：Himall.Web.MvcApplication.Application_EndRequest  
错误描述：2019-01-24 04:56:42 299:[当前请求URL：http://localhost:62443/；请求的参数为：；页面加载的时间：8653.5771 毫秒] 




 记录时间：2019-01-24 17:08:18,366 
日志级别：  DEBUG 
出错类：Himall.Web.WebApiConfig.Register  
错误描述：[OpenApi]RegRoute-DefaultOpenApi 




 记录时间：2019-01-24 17:08:34,652 
日志级别：  DEBUG 
出错类：Himall.Web.MvcApplication.Application_EndRequest  
错误描述：2019-01-24 05:08:34 652:[当前请求URL：http://localhost:62443/；请求的参数为：；页面加载的时间：9493.8332 毫秒] 




 记录时间：2019-01-24 17:09:07,027 
日志级别：  DEBUG 
出错类：Himall.Web.WebApiConfig.Register  
错误描述：[OpenApi]RegRoute-DefaultOpenApi 




 记录时间：2019-01-24 17:09:17,605 
日志级别：  DEBUG 
出错类：Himall.Web.MvcApplication.Application_EndRequest  
错误描述：2019-01-24 05:09:17 605:[当前请求URL：http://localhost:62443/；请求的参数为：；页面加载的时间：7633.4763 毫秒] 

