


 记录时间：2018-12-10 11:11:15,190 
日志级别：  INFO  
出错类：Himall.PaymentPlugin.PaymentBase`1[T].set_WorkDirectory  
错误描述：set WorkDirectory:Himall.Plugin.Payment.Alipay.Service 




 记录时间：2018-12-10 11:11:15,242 
日志级别：  INFO  
出错类：Himall.PaymentPlugin.PaymentBase`1[T].set_WorkDirectory  
错误描述：set WorkDirectory:Himall.Plugin.Payment.Alipay_App.Service 




 记录时间：2018-12-10 11:11:15,352 
日志级别：  INFO  
出错类：Himall.PaymentPlugin.PaymentBase`1[T].set_WorkDirectory  
错误描述：set WorkDirectory:Himall.Plugin.Payment.Alipay_QRCode.Service 




 记录时间：2018-12-10 11:11:15,455 
日志级别：  INFO  
出错类：Himall.PaymentPlugin.PaymentBase`1[T].set_WorkDirectory  
错误描述：set WorkDirectory:Himall.Plugin.Payment.Alipay_WAP.Service 




 记录时间：2018-12-10 11:11:15,517 
日志级别：  INFO  
出错类：Himall.PaymentPlugin.PaymentBase`1[T].set_WorkDirectory  
错误描述：set WorkDirectory:Himall.Plugin.Payment.UnionPay.UnionPay 




 记录时间：2018-12-10 11:11:15,610 
日志级别：  INFO  
出错类：Himall.PaymentPlugin.PaymentBase`1[T].set_WorkDirectory  
错误描述：set WorkDirectory:Himall.Plugin.Payment.WeiXinPay.Service 




 记录时间：2018-12-10 11:11:15,953 
日志级别：  INFO  
出错类：Himall.PaymentPlugin.PaymentBase`1[T].set_WorkDirectory  
错误描述：set WorkDirectory:Himall.Plugin.Payment.WeiXinPay_App.Service 




 记录时间：2018-12-10 11:11:16,098 
日志级别：  INFO  
出错类：Himall.PaymentPlugin.PaymentBase`1[T].set_WorkDirectory  
错误描述：set WorkDirectory:Himall.Plugin.Payment.WeiXinPay_H5.Service 




 记录时间：2018-12-10 11:11:16,200 
日志级别：  INFO  
出错类：Himall.PaymentPlugin.PaymentBase`1[T].set_WorkDirectory  
错误描述：set WorkDirectory:Himall.Plugin.Payment.WeiXinPay_Native.WeiXinPay 




 记录时间：2018-12-10 11:11:16,280 
日志级别：  INFO  
出错类：Himall.PaymentPlugin.PaymentBase`1[T].set_WorkDirectory  
错误描述：set WorkDirectory:Himall.Plugin.Payment.WeiXinPay_O2OSmallProg.Service 




 记录时间：2018-12-10 11:11:16,361 
日志级别：  INFO  
出错类：Himall.PaymentPlugin.PaymentBase`1[T].set_WorkDirectory  
错误描述：set WorkDirectory:Himall.Plugin.Payment.WeiXinPay_SmallProg.Service 




 记录时间：2018-12-10 11:12:28,966 
日志级别：  INFO  
出错类：Himall.Service.OrderService.SendMessage  
错误描述：进入SendMessage发送短信通知方法里面 




 记录时间：2018-12-10 11:12:29,041 
日志级别：  INFO  
出错类：Himall.Service.OrderService.SendMessage  
错误描述：准备进入SendMessageOnOrderCreate发送短信通知方法里面 




 记录时间：2018-12-10 11:12:29,054 
日志级别：  INFO  
出错类：Himall.Plugin.Message.Email.EmailCore.GetMessageStatus  
错误描述：email3---sss 




 记录时间：2018-12-10 11:12:29,120 
日志级别：  INFO  
出错类：Himall.Plugin.Message.Email.EmailCore.GetMessageStatus  
错误描述：email2---:?<?xml version="1.0" encoding="utf-8" ?>
<MessageStatus>
  <OrderCreated>1</OrderCreated>
  <OrderPay>1</OrderPay>
  <OrderShipping>1</OrderShipping>
  <OrderRefund>1</OrderRefund>
  <RefundDeliver>1</RefundDeliver>
  <FindPassWord>1</FindPassWord>
  <ShopAudited>1</ShopAudited>
  <ShopHaveNewOrder>3</ShopHaveNewOrder>
  <ReceiveBonus>3</ReceiveBonus>
  <LimitTimeBuy>3</LimitTimeBuy>
  <SubscribeLimitTimeBuy>3</SubscribeLimitTimeBuy>
  <FightGroupOpenSuccess>3</FightGroupOpenSuccess>
  <FightGroupJoinSuccess>3</FightGroupJoinSuccess>
  <FightGroupNewJoin>3</FightGroupNewJoin>
  <FightGroupFailed>3</FightGroupFailed>
  <FightGroupSuccess>3</FightGroupSuccess>
  <SendCouponSuccess>1</SendCouponSuccess>
</MessageStatus> 




 记录时间：2018-12-10 11:12:29,133 
日志级别：  INFO  
出错类：Himall.Plugin.Message.Email.EmailCore.GetMessageStatus  
错误描述：email3---eee 




 记录时间：2018-12-10 11:12:29,146 
日志级别：  INFO  
出错类：Himall.Plugin.Message.Email.EmailCore.GetMessageStatus  
错误描述：email3---sss 




 记录时间：2018-12-10 11:12:29,149 
日志级别：  INFO  
出错类：Himall.Plugin.Message.Email.EmailCore.GetMessageStatus  
错误描述：email2---:?<?xml version="1.0" encoding="utf-8" ?>
<MessageStatus>
  <OrderCreated>1</OrderCreated>
  <OrderPay>1</OrderPay>
  <OrderShipping>1</OrderShipping>
  <OrderRefund>1</OrderRefund>
  <RefundDeliver>1</RefundDeliver>
  <FindPassWord>1</FindPassWord>
  <ShopAudited>1</ShopAudited>
  <ShopHaveNewOrder>3</ShopHaveNewOrder>
  <ReceiveBonus>3</ReceiveBonus>
  <LimitTimeBuy>3</LimitTimeBuy>
  <SubscribeLimitTimeBuy>3</SubscribeLimitTimeBuy>
  <FightGroupOpenSuccess>3</FightGroupOpenSuccess>
  <FightGroupJoinSuccess>3</FightGroupJoinSuccess>
  <FightGroupNewJoin>3</FightGroupNewJoin>
  <FightGroupFailed>3</FightGroupFailed>
  <FightGroupSuccess>3</FightGroupSuccess>
  <SendCouponSuccess>1</SendCouponSuccess>
</MessageStatus> 




 记录时间：2018-12-10 11:12:29,150 
日志级别：  INFO  
出错类：Himall.Plugin.Message.Email.EmailCore.GetMessageStatus  
错误描述：email3---eee 




 记录时间：2018-12-10 11:12:29,260 
日志级别：  INFO  
出错类：Himall.Plugin.Message.Email.EmailCore.GetMessageContentConfig  
错误描述：email2---sss 




 记录时间：2018-12-10 11:12:29,297 
日志级别：  INFO  
出错类：Himall.Plugin.Message.Email.EmailCore.GetMessageContentConfig  
错误描述：email2---eee 




 记录时间：2018-12-10 11:12:42,184 
日志级别：  INFO  
出错类：Himall.PaymentPlugin.PaymentBase`1[T].get_WorkDirectory  
错误描述：get WorkDirectory:Himall.Plugin.Payment.Alipay_WAP.Service 




 记录时间：2018-12-10 11:13:01,894 
日志级别：  INFO  
出错类：Himall.PaymentPlugin.PaymentBase`1[T].get_WorkDirectory  
错误描述：get WorkDirectory:Himall.Plugin.Payment.WeiXinPay.Service 




 记录时间：2018-12-10 11:14:06,380 
日志级别：  INFO  
出错类：Himall.Service.WXMsgTemplateService.SendMessageByTemplate  
错误描述：[模板消息]开始准备数据：641[待付款提醒] 




 记录时间：2018-12-10 11:15:31,455 
日志级别：  INFO  
出错类：Himall.Service.WXMsgTemplateService.SendMessageByTemplate  
错误描述：消息类型=待付款提醒 userId=641 openId= dataerr=未开启 




 记录时间：2018-12-10 11:15:33,856 
日志级别：  INFO  
出错类：Himall.Service.WXMsgTemplateService.SendMessageByTemplate  
错误描述：[模板消息]发送失败：数据验证未通过-未开启[待付款提醒] 




 记录时间：2018-12-10 11:16:13,744 
日志级别：  INFO  
出错类：Himall.Web.Areas.Mobile.Controllers.PaymentController.Pay  
错误描述：paymentHimall.Core.Plugins.Plugin`1[Himall.Core.Plugins.Payment.IPaymentPlugin] 




 记录时间：2018-12-10 11:16:29,379 
日志级别：  INFO  
出错类：Himall.Web.Areas.Mobile.Controllers.PaymentController.Pay  
错误描述：其他详情 :  returnPre = http://localhost:62443/m-Wap/vshop/detail/20 notifyPre = http://localhost:62443/m-Wap/Payment/Notify/Himall-Plugin-Payment-WeiXinPay ids = 2018121063688765 totalAmount=121.00 productInfos=1111111111 openId= 




 记录时间：2018-12-10 11:16:38,902 
日志级别：  INFO  
出错类：Himall.PaymentPlugin.PaymentBase`1[T].get_WorkDirectory  
错误描述：get WorkDirectory:Himall.Plugin.Payment.WeiXinPay.Service 




 记录时间：2018-12-10 11:17:45,109 
日志级别：  INFO  
出错类：Himall.Web.Areas.Mobile.Controllers.PaymentController.Pay  
错误描述：错误的支付方式 

Himall.Core.HimallException: 错误的支付方式



 记录时间：2018-12-10 11:18:04,310 
日志级别：  INFO  
出错类：Himall.Web.Areas.Mobile.Controllers.PaymentController.Pay  
错误描述：paymentHimall.Core.Plugins.Plugin`1[Himall.Core.Plugins.Payment.IPaymentPlugin] 




 记录时间：2018-12-10 11:18:05,746 
日志级别：  INFO  
出错类：Himall.Web.Areas.Mobile.Controllers.PaymentController.Pay  
错误描述：其他详情 :  returnPre = http://localhost:62443/m-Wap/vshop/detail/20 notifyPre = http://localhost:62443/m-Wap/Payment/Notify/Himall-Plugin-Payment-WeiXinPay ids = 2018121063688765 totalAmount=121.00 productInfos=1111111111 openId= 




 记录时间：2018-12-10 11:18:13,438 
日志级别：  INFO  
出错类：Himall.PaymentPlugin.PaymentBase`1[T].get_WorkDirectory  
错误描述：get WorkDirectory:Himall.Plugin.Payment.WeiXinPay.Service 




 记录时间：2018-12-10 11:20:37,583 
日志级别：  INFO  
出错类：Himall.Web.Areas.Mobile.Controllers.PaymentController.Pay  
错误描述：错误的支付方式 

Himall.Core.HimallException: 错误的支付方式



 记录时间：2018-12-10 11:21:26,799 
日志级别：  INFO  
出错类：Himall.Web.MvcApplication.Application_End  
错误描述：2018-12-10 11:21:26 -  http://localhost:62443 




 记录时间：2018-12-10 16:54:38,872 
日志级别：  INFO  
出错类：Himall.PaymentPlugin.PaymentBase`1[T].set_WorkDirectory  
错误描述：set WorkDirectory:Himall.Plugin.Payment.Alipay.Service 




 记录时间：2018-12-10 16:54:38,884 
日志级别：  INFO  
出错类：Himall.PaymentPlugin.PaymentBase`1[T].set_WorkDirectory  
错误描述：set WorkDirectory:Himall.Plugin.Payment.Alipay_App.Service 




 记录时间：2018-12-10 16:54:38,897 
日志级别：  INFO  
出错类：Himall.PaymentPlugin.PaymentBase`1[T].set_WorkDirectory  
错误描述：set WorkDirectory:Himall.Plugin.Payment.Alipay_QRCode.Service 




 记录时间：2018-12-10 16:54:38,908 
日志级别：  INFO  
出错类：Himall.PaymentPlugin.PaymentBase`1[T].set_WorkDirectory  
错误描述：set WorkDirectory:Himall.Plugin.Payment.Alipay_WAP.Service 




 记录时间：2018-12-10 16:54:38,920 
日志级别：  INFO  
出错类：Himall.PaymentPlugin.PaymentBase`1[T].set_WorkDirectory  
错误描述：set WorkDirectory:Himall.Plugin.Payment.UnionPay.UnionPay 




 记录时间：2018-12-10 16:54:38,940 
日志级别：  INFO  
出错类：Himall.PaymentPlugin.PaymentBase`1[T].set_WorkDirectory  
错误描述：set WorkDirectory:Himall.Plugin.Payment.WeiXinPay.Service 




 记录时间：2018-12-10 16:54:38,951 
日志级别：  INFO  
出错类：Himall.PaymentPlugin.PaymentBase`1[T].set_WorkDirectory  
错误描述：set WorkDirectory:Himall.Plugin.Payment.WeiXinPay_App.Service 




 记录时间：2018-12-10 16:54:38,962 
日志级别：  INFO  
出错类：Himall.PaymentPlugin.PaymentBase`1[T].set_WorkDirectory  
错误描述：set WorkDirectory:Himall.Plugin.Payment.WeiXinPay_H5.Service 




 记录时间：2018-12-10 16:54:38,973 
日志级别：  INFO  
出错类：Himall.PaymentPlugin.PaymentBase`1[T].set_WorkDirectory  
错误描述：set WorkDirectory:Himall.Plugin.Payment.WeiXinPay_Native.WeiXinPay 




 记录时间：2018-12-10 16:54:38,985 
日志级别：  INFO  
出错类：Himall.PaymentPlugin.PaymentBase`1[T].set_WorkDirectory  
错误描述：set WorkDirectory:Himall.Plugin.Payment.WeiXinPay_O2OSmallProg.Service 




 记录时间：2018-12-10 16:54:38,996 
日志级别：  INFO  
出错类：Himall.PaymentPlugin.PaymentBase`1[T].set_WorkDirectory  
错误描述：set WorkDirectory:Himall.Plugin.Payment.WeiXinPay_SmallProg.Service 




 记录时间：2018-12-10 17:00:32,722 
日志级别：  INFO  
出错类：Himall.Web.MvcApplication.Application_End  
错误描述：2018-12-10 17:00:32 -  http://localhost:62443 




 记录时间：2018-12-10 17:08:19,384 
日志级别：  INFO  
出错类：Himall.PaymentPlugin.PaymentBase`1[T].set_WorkDirectory  
错误描述：set WorkDirectory:Himall.Plugin.Payment.Alipay.Service 




 记录时间：2018-12-10 17:08:19,405 
日志级别：  INFO  
出错类：Himall.PaymentPlugin.PaymentBase`1[T].set_WorkDirectory  
错误描述：set WorkDirectory:Himall.Plugin.Payment.Alipay_App.Service 




 记录时间：2018-12-10 17:08:19,481 
日志级别：  INFO  
出错类：Himall.PaymentPlugin.PaymentBase`1[T].set_WorkDirectory  
错误描述：set WorkDirectory:Himall.Plugin.Payment.Alipay_QRCode.Service 




 记录时间：2018-12-10 17:08:19,498 
日志级别：  INFO  
出错类：Himall.PaymentPlugin.PaymentBase`1[T].set_WorkDirectory  
错误描述：set WorkDirectory:Himall.Plugin.Payment.Alipay_WAP.Service 




 记录时间：2018-12-10 17:08:19,513 
日志级别：  INFO  
出错类：Himall.PaymentPlugin.PaymentBase`1[T].set_WorkDirectory  
错误描述：set WorkDirectory:Himall.Plugin.Payment.UnionPay.UnionPay 




 记录时间：2018-12-10 17:08:19,536 
日志级别：  INFO  
出错类：Himall.PaymentPlugin.PaymentBase`1[T].set_WorkDirectory  
错误描述：set WorkDirectory:Himall.Plugin.Payment.WeiXinPay.Service 




 记录时间：2018-12-10 17:08:19,550 
日志级别：  INFO  
出错类：Himall.PaymentPlugin.PaymentBase`1[T].set_WorkDirectory  
错误描述：set WorkDirectory:Himall.Plugin.Payment.WeiXinPay_App.Service 




 记录时间：2018-12-10 17:08:19,565 
日志级别：  INFO  
出错类：Himall.PaymentPlugin.PaymentBase`1[T].set_WorkDirectory  
错误描述：set WorkDirectory:Himall.Plugin.Payment.WeiXinPay_H5.Service 




 记录时间：2018-12-10 17:08:19,578 
日志级别：  INFO  
出错类：Himall.PaymentPlugin.PaymentBase`1[T].set_WorkDirectory  
错误描述：set WorkDirectory:Himall.Plugin.Payment.WeiXinPay_Native.WeiXinPay 




 记录时间：2018-12-10 17:08:19,593 
日志级别：  INFO  
出错类：Himall.PaymentPlugin.PaymentBase`1[T].set_WorkDirectory  
错误描述：set WorkDirectory:Himall.Plugin.Payment.WeiXinPay_O2OSmallProg.Service 




 记录时间：2018-12-10 17:08:19,608 
日志级别：  INFO  
出错类：Himall.PaymentPlugin.PaymentBase`1[T].set_WorkDirectory  
错误描述：set WorkDirectory:Himall.Plugin.Payment.WeiXinPay_SmallProg.Service 




 记录时间：2018-12-10 17:11:09,590 
日志级别：  INFO  
出错类：Himall.Web.MvcApplication.Application_End  
错误描述：2018-12-10 17:11:09 -  http://localhost:62443 

