


 记录时间：2018-03-25 00:04:25,227 
日志级别：  INFO  
出错类：Himall.Web.MvcApplication.Application_End  
错误描述：2018/3/25 0:04:25 -  http://localhost:62443 




 记录时间：2018-03-25 00:04:35,306 
日志级别：  INFO  
出错类：Himall.PaymentPlugin.PaymentBase`1[T].set_WorkDirectory  
错误描述：set WorkDirectory:Himall.Plugin.Payment.Alipay.Service 




 记录时间：2018-03-25 00:04:35,316 
日志级别：  INFO  
出错类：Himall.PaymentPlugin.PaymentBase`1[T].set_WorkDirectory  
错误描述：set WorkDirectory:Himall.Plugin.Payment.Alipay_App.Service 




 记录时间：2018-03-25 00:04:35,345 
日志级别：  INFO  
出错类：Himall.PaymentPlugin.PaymentBase`1[T].set_WorkDirectory  
错误描述：set WorkDirectory:Himall.Plugin.Payment.Alipay_WAP.Service 




 记录时间：2018-03-25 00:04:35,366 
日志级别：  INFO  
出错类：Himall.PaymentPlugin.PaymentBase`1[T].set_WorkDirectory  
错误描述：set WorkDirectory:Himall.Plugin.Payment.UnionPay.UnionPay 




 记录时间：2018-03-25 00:04:35,384 
日志级别：  INFO  
出错类：Himall.PaymentPlugin.PaymentBase`1[T].set_WorkDirectory  
错误描述：set WorkDirectory:Himall.Plugin.Payment.WeiXinPay.Service 




 记录时间：2018-03-25 00:04:35,394 
日志级别：  INFO  
出错类：Himall.PaymentPlugin.PaymentBase`1[T].set_WorkDirectory  
错误描述：set WorkDirectory:Himall.Plugin.Payment.WeiXinPay_App.Service 




 记录时间：2018-03-25 00:04:35,406 
日志级别：  INFO  
出错类：Himall.PaymentPlugin.PaymentBase`1[T].set_WorkDirectory  
错误描述：set WorkDirectory:Himall.Plugin.Payment.WeiXinPay_H5.Service 




 记录时间：2018-03-25 00:04:35,429 
日志级别：  INFO  
出错类：Himall.PaymentPlugin.PaymentBase`1[T].set_WorkDirectory  
错误描述：set WorkDirectory:Himall.Plugin.Payment.WeiXinPay_Native.WeiXinPay 




 记录时间：2018-03-25 00:04:35,453 
日志级别：  INFO  
出错类：Himall.PaymentPlugin.PaymentBase`1[T].set_WorkDirectory  
错误描述：set WorkDirectory:Himall.Plugin.Payment.WeiXinPay_O2OSmallProg.Service 




 记录时间：2018-03-25 00:04:35,466 
日志级别：  INFO  
出错类：Himall.PaymentPlugin.PaymentBase`1[T].set_WorkDirectory  
错误描述：set WorkDirectory:Himall.Plugin.Payment.WeiXinPay_SmallProg.Service 




 记录时间：2018-03-25 00:25:28,118 
日志级别：  INFO  
出错类：Himall.Web.MvcApplication.Application_End  
错误描述：2018/3/25 0:25:28 -  http://localhost:62443 




 记录时间：2018-03-25 00:25:33,280 
日志级别：  INFO  
出错类：Himall.PaymentPlugin.PaymentBase`1[T].set_WorkDirectory  
错误描述：set WorkDirectory:Himall.Plugin.Payment.Alipay.Service 




 记录时间：2018-03-25 00:25:33,288 
日志级别：  INFO  
出错类：Himall.PaymentPlugin.PaymentBase`1[T].set_WorkDirectory  
错误描述：set WorkDirectory:Himall.Plugin.Payment.Alipay_App.Service 




 记录时间：2018-03-25 00:25:33,295 
日志级别：  INFO  
出错类：Himall.PaymentPlugin.PaymentBase`1[T].set_WorkDirectory  
错误描述：set WorkDirectory:Himall.Plugin.Payment.Alipay_WAP.Service 




 记录时间：2018-03-25 00:25:33,302 
日志级别：  INFO  
出错类：Himall.PaymentPlugin.PaymentBase`1[T].set_WorkDirectory  
错误描述：set WorkDirectory:Himall.Plugin.Payment.UnionPay.UnionPay 




 记录时间：2018-03-25 00:25:33,309 
日志级别：  INFO  
出错类：Himall.PaymentPlugin.PaymentBase`1[T].set_WorkDirectory  
错误描述：set WorkDirectory:Himall.Plugin.Payment.WeiXinPay.Service 




 记录时间：2018-03-25 00:25:33,316 
日志级别：  INFO  
出错类：Himall.PaymentPlugin.PaymentBase`1[T].set_WorkDirectory  
错误描述：set WorkDirectory:Himall.Plugin.Payment.WeiXinPay_App.Service 




 记录时间：2018-03-25 00:25:33,325 
日志级别：  INFO  
出错类：Himall.PaymentPlugin.PaymentBase`1[T].set_WorkDirectory  
错误描述：set WorkDirectory:Himall.Plugin.Payment.WeiXinPay_H5.Service 




 记录时间：2018-03-25 00:25:33,332 
日志级别：  INFO  
出错类：Himall.PaymentPlugin.PaymentBase`1[T].set_WorkDirectory  
错误描述：set WorkDirectory:Himall.Plugin.Payment.WeiXinPay_Native.WeiXinPay 




 记录时间：2018-03-25 00:25:33,339 
日志级别：  INFO  
出错类：Himall.PaymentPlugin.PaymentBase`1[T].set_WorkDirectory  
错误描述：set WorkDirectory:Himall.Plugin.Payment.WeiXinPay_O2OSmallProg.Service 




 记录时间：2018-03-25 00:25:33,346 
日志级别：  INFO  
出错类：Himall.PaymentPlugin.PaymentBase`1[T].set_WorkDirectory  
错误描述：set WorkDirectory:Himall.Plugin.Payment.WeiXinPay_SmallProg.Service 




 记录时间：2018-03-25 00:46:30,658 
日志级别：  INFO  
出错类：Himall.Web.MvcApplication.Application_End  
错误描述：2018/3/25 0:46:30 -  http://localhost:62443 




 记录时间：2018-03-25 00:46:35,947 
日志级别：  INFO  
出错类：Himall.PaymentPlugin.PaymentBase`1[T].set_WorkDirectory  
错误描述：set WorkDirectory:Himall.Plugin.Payment.Alipay.Service 




 记录时间：2018-03-25 00:46:35,954 
日志级别：  INFO  
出错类：Himall.PaymentPlugin.PaymentBase`1[T].set_WorkDirectory  
错误描述：set WorkDirectory:Himall.Plugin.Payment.Alipay_App.Service 




 记录时间：2018-03-25 00:46:35,961 
日志级别：  INFO  
出错类：Himall.PaymentPlugin.PaymentBase`1[T].set_WorkDirectory  
错误描述：set WorkDirectory:Himall.Plugin.Payment.Alipay_WAP.Service 




 记录时间：2018-03-25 00:46:35,969 
日志级别：  INFO  
出错类：Himall.PaymentPlugin.PaymentBase`1[T].set_WorkDirectory  
错误描述：set WorkDirectory:Himall.Plugin.Payment.UnionPay.UnionPay 




 记录时间：2018-03-25 00:46:35,975 
日志级别：  INFO  
出错类：Himall.PaymentPlugin.PaymentBase`1[T].set_WorkDirectory  
错误描述：set WorkDirectory:Himall.Plugin.Payment.WeiXinPay.Service 




 记录时间：2018-03-25 00:46:35,983 
日志级别：  INFO  
出错类：Himall.PaymentPlugin.PaymentBase`1[T].set_WorkDirectory  
错误描述：set WorkDirectory:Himall.Plugin.Payment.WeiXinPay_App.Service 




 记录时间：2018-03-25 00:46:35,992 
日志级别：  INFO  
出错类：Himall.PaymentPlugin.PaymentBase`1[T].set_WorkDirectory  
错误描述：set WorkDirectory:Himall.Plugin.Payment.WeiXinPay_H5.Service 




 记录时间：2018-03-25 00:46:36,000 
日志级别：  INFO  
出错类：Himall.PaymentPlugin.PaymentBase`1[T].set_WorkDirectory  
错误描述：set WorkDirectory:Himall.Plugin.Payment.WeiXinPay_Native.WeiXinPay 




 记录时间：2018-03-25 00:46:36,010 
日志级别：  INFO  
出错类：Himall.PaymentPlugin.PaymentBase`1[T].set_WorkDirectory  
错误描述：set WorkDirectory:Himall.Plugin.Payment.WeiXinPay_O2OSmallProg.Service 




 记录时间：2018-03-25 00:46:36,020 
日志级别：  INFO  
出错类：Himall.PaymentPlugin.PaymentBase`1[T].set_WorkDirectory  
错误描述：set WorkDirectory:Himall.Plugin.Payment.WeiXinPay_SmallProg.Service 




 记录时间：2018-03-25 06:12:26,781 
日志级别：  INFO  
出错类：Himall.Web.MvcApplication.Application_End  
错误描述：2018/3/25 6:12:26 -  http://localhost:62443 




 记录时间：2018-03-25 06:12:33,417 
日志级别：  INFO  
出错类：Himall.PaymentPlugin.PaymentBase`1[T].set_WorkDirectory  
错误描述：set WorkDirectory:Himall.Plugin.Payment.Alipay.Service 




 记录时间：2018-03-25 06:12:33,425 
日志级别：  INFO  
出错类：Himall.PaymentPlugin.PaymentBase`1[T].set_WorkDirectory  
错误描述：set WorkDirectory:Himall.Plugin.Payment.Alipay_App.Service 




 记录时间：2018-03-25 06:12:33,435 
日志级别：  INFO  
出错类：Himall.PaymentPlugin.PaymentBase`1[T].set_WorkDirectory  
错误描述：set WorkDirectory:Himall.Plugin.Payment.Alipay_WAP.Service 




 记录时间：2018-03-25 06:12:33,444 
日志级别：  INFO  
出错类：Himall.PaymentPlugin.PaymentBase`1[T].set_WorkDirectory  
错误描述：set WorkDirectory:Himall.Plugin.Payment.UnionPay.UnionPay 




 记录时间：2018-03-25 06:12:33,461 
日志级别：  INFO  
出错类：Himall.PaymentPlugin.PaymentBase`1[T].set_WorkDirectory  
错误描述：set WorkDirectory:Himall.Plugin.Payment.WeiXinPay.Service 




 记录时间：2018-03-25 06:12:33,479 
日志级别：  INFO  
出错类：Himall.PaymentPlugin.PaymentBase`1[T].set_WorkDirectory  
错误描述：set WorkDirectory:Himall.Plugin.Payment.WeiXinPay_App.Service 




 记录时间：2018-03-25 06:12:33,502 
日志级别：  INFO  
出错类：Himall.PaymentPlugin.PaymentBase`1[T].set_WorkDirectory  
错误描述：set WorkDirectory:Himall.Plugin.Payment.WeiXinPay_H5.Service 




 记录时间：2018-03-25 06:12:33,520 
日志级别：  INFO  
出错类：Himall.PaymentPlugin.PaymentBase`1[T].set_WorkDirectory  
错误描述：set WorkDirectory:Himall.Plugin.Payment.WeiXinPay_Native.WeiXinPay 




 记录时间：2018-03-25 06:12:33,538 
日志级别：  INFO  
出错类：Himall.PaymentPlugin.PaymentBase`1[T].set_WorkDirectory  
错误描述：set WorkDirectory:Himall.Plugin.Payment.WeiXinPay_O2OSmallProg.Service 




 记录时间：2018-03-25 06:12:33,562 
日志级别：  INFO  
出错类：Himall.PaymentPlugin.PaymentBase`1[T].set_WorkDirectory  
错误描述：set WorkDirectory:Himall.Plugin.Payment.WeiXinPay_SmallProg.Service 




 记录时间：2018-03-25 10:03:25,060 
日志级别：  INFO  
出错类：Himall.Web.MvcApplication.Application_End  
错误描述：2018/3/25 10:03:25 -  http://localhost:62443 




 记录时间：2018-03-25 10:03:31,005 
日志级别：  INFO  
出错类：Himall.PaymentPlugin.PaymentBase`1[T].set_WorkDirectory  
错误描述：set WorkDirectory:Himall.Plugin.Payment.Alipay.Service 




 记录时间：2018-03-25 10:03:31,012 
日志级别：  INFO  
出错类：Himall.PaymentPlugin.PaymentBase`1[T].set_WorkDirectory  
错误描述：set WorkDirectory:Himall.Plugin.Payment.Alipay_App.Service 




 记录时间：2018-03-25 10:03:31,020 
日志级别：  INFO  
出错类：Himall.PaymentPlugin.PaymentBase`1[T].set_WorkDirectory  
错误描述：set WorkDirectory:Himall.Plugin.Payment.Alipay_WAP.Service 




 记录时间：2018-03-25 10:03:31,027 
日志级别：  INFO  
出错类：Himall.PaymentPlugin.PaymentBase`1[T].set_WorkDirectory  
错误描述：set WorkDirectory:Himall.Plugin.Payment.UnionPay.UnionPay 




 记录时间：2018-03-25 10:03:31,035 
日志级别：  INFO  
出错类：Himall.PaymentPlugin.PaymentBase`1[T].set_WorkDirectory  
错误描述：set WorkDirectory:Himall.Plugin.Payment.WeiXinPay.Service 




 记录时间：2018-03-25 10:03:31,042 
日志级别：  INFO  
出错类：Himall.PaymentPlugin.PaymentBase`1[T].set_WorkDirectory  
错误描述：set WorkDirectory:Himall.Plugin.Payment.WeiXinPay_App.Service 




 记录时间：2018-03-25 10:03:31,049 
日志级别：  INFO  
出错类：Himall.PaymentPlugin.PaymentBase`1[T].set_WorkDirectory  
错误描述：set WorkDirectory:Himall.Plugin.Payment.WeiXinPay_H5.Service 




 记录时间：2018-03-25 10:03:31,056 
日志级别：  INFO  
出错类：Himall.PaymentPlugin.PaymentBase`1[T].set_WorkDirectory  
错误描述：set WorkDirectory:Himall.Plugin.Payment.WeiXinPay_Native.WeiXinPay 




 记录时间：2018-03-25 10:03:31,064 
日志级别：  INFO  
出错类：Himall.PaymentPlugin.PaymentBase`1[T].set_WorkDirectory  
错误描述：set WorkDirectory:Himall.Plugin.Payment.WeiXinPay_O2OSmallProg.Service 




 记录时间：2018-03-25 10:03:31,070 
日志级别：  INFO  
出错类：Himall.PaymentPlugin.PaymentBase`1[T].set_WorkDirectory  
错误描述：set WorkDirectory:Himall.Plugin.Payment.WeiXinPay_SmallProg.Service 




 记录时间：2018-03-25 10:24:27,876 
日志级别：  INFO  
出错类：Himall.Web.MvcApplication.Application_End  
错误描述：2018/3/25 10:24:27 -  http://localhost:62443 




 记录时间：2018-03-25 10:24:33,069 
日志级别：  INFO  
出错类：Himall.PaymentPlugin.PaymentBase`1[T].set_WorkDirectory  
错误描述：set WorkDirectory:Himall.Plugin.Payment.Alipay.Service 




 记录时间：2018-03-25 10:24:33,076 
日志级别：  INFO  
出错类：Himall.PaymentPlugin.PaymentBase`1[T].set_WorkDirectory  
错误描述：set WorkDirectory:Himall.Plugin.Payment.Alipay_App.Service 




 记录时间：2018-03-25 10:24:33,083 
日志级别：  INFO  
出错类：Himall.PaymentPlugin.PaymentBase`1[T].set_WorkDirectory  
错误描述：set WorkDirectory:Himall.Plugin.Payment.Alipay_WAP.Service 




 记录时间：2018-03-25 10:24:33,090 
日志级别：  INFO  
出错类：Himall.PaymentPlugin.PaymentBase`1[T].set_WorkDirectory  
错误描述：set WorkDirectory:Himall.Plugin.Payment.UnionPay.UnionPay 




 记录时间：2018-03-25 10:24:33,097 
日志级别：  INFO  
出错类：Himall.PaymentPlugin.PaymentBase`1[T].set_WorkDirectory  
错误描述：set WorkDirectory:Himall.Plugin.Payment.WeiXinPay.Service 




 记录时间：2018-03-25 10:24:33,104 
日志级别：  INFO  
出错类：Himall.PaymentPlugin.PaymentBase`1[T].set_WorkDirectory  
错误描述：set WorkDirectory:Himall.Plugin.Payment.WeiXinPay_App.Service 




 记录时间：2018-03-25 10:24:33,111 
日志级别：  INFO  
出错类：Himall.PaymentPlugin.PaymentBase`1[T].set_WorkDirectory  
错误描述：set WorkDirectory:Himall.Plugin.Payment.WeiXinPay_H5.Service 




 记录时间：2018-03-25 10:24:33,118 
日志级别：  INFO  
出错类：Himall.PaymentPlugin.PaymentBase`1[T].set_WorkDirectory  
错误描述：set WorkDirectory:Himall.Plugin.Payment.WeiXinPay_Native.WeiXinPay 




 记录时间：2018-03-25 10:24:33,126 
日志级别：  INFO  
出错类：Himall.PaymentPlugin.PaymentBase`1[T].set_WorkDirectory  
错误描述：set WorkDirectory:Himall.Plugin.Payment.WeiXinPay_O2OSmallProg.Service 




 记录时间：2018-03-25 10:24:33,133 
日志级别：  INFO  
出错类：Himall.PaymentPlugin.PaymentBase`1[T].set_WorkDirectory  
错误描述：set WorkDirectory:Himall.Plugin.Payment.WeiXinPay_SmallProg.Service 




 记录时间：2018-03-25 10:45:30,507 
日志级别：  INFO  
出错类：Himall.Web.MvcApplication.Application_End  
错误描述：2018/3/25 10:45:30 -  http://localhost:62443 




 记录时间：2018-03-25 10:45:35,651 
日志级别：  INFO  
出错类：Himall.PaymentPlugin.PaymentBase`1[T].set_WorkDirectory  
错误描述：set WorkDirectory:Himall.Plugin.Payment.Alipay.Service 




 记录时间：2018-03-25 10:45:35,658 
日志级别：  INFO  
出错类：Himall.PaymentPlugin.PaymentBase`1[T].set_WorkDirectory  
错误描述：set WorkDirectory:Himall.Plugin.Payment.Alipay_App.Service 




 记录时间：2018-03-25 10:45:35,665 
日志级别：  INFO  
出错类：Himall.PaymentPlugin.PaymentBase`1[T].set_WorkDirectory  
错误描述：set WorkDirectory:Himall.Plugin.Payment.Alipay_WAP.Service 




 记录时间：2018-03-25 10:45:35,672 
日志级别：  INFO  
出错类：Himall.PaymentPlugin.PaymentBase`1[T].set_WorkDirectory  
错误描述：set WorkDirectory:Himall.Plugin.Payment.UnionPay.UnionPay 




 记录时间：2018-03-25 10:45:35,680 
日志级别：  INFO  
出错类：Himall.PaymentPlugin.PaymentBase`1[T].set_WorkDirectory  
错误描述：set WorkDirectory:Himall.Plugin.Payment.WeiXinPay.Service 




 记录时间：2018-03-25 10:45:35,688 
日志级别：  INFO  
出错类：Himall.PaymentPlugin.PaymentBase`1[T].set_WorkDirectory  
错误描述：set WorkDirectory:Himall.Plugin.Payment.WeiXinPay_App.Service 




 记录时间：2018-03-25 10:45:35,696 
日志级别：  INFO  
出错类：Himall.PaymentPlugin.PaymentBase`1[T].set_WorkDirectory  
错误描述：set WorkDirectory:Himall.Plugin.Payment.WeiXinPay_H5.Service 




 记录时间：2018-03-25 10:45:35,703 
日志级别：  INFO  
出错类：Himall.PaymentPlugin.PaymentBase`1[T].set_WorkDirectory  
错误描述：set WorkDirectory:Himall.Plugin.Payment.WeiXinPay_Native.WeiXinPay 




 记录时间：2018-03-25 10:45:35,710 
日志级别：  INFO  
出错类：Himall.PaymentPlugin.PaymentBase`1[T].set_WorkDirectory  
错误描述：set WorkDirectory:Himall.Plugin.Payment.WeiXinPay_O2OSmallProg.Service 




 记录时间：2018-03-25 10:45:35,718 
日志级别：  INFO  
出错类：Himall.PaymentPlugin.PaymentBase`1[T].set_WorkDirectory  
错误描述：set WorkDirectory:Himall.Plugin.Payment.WeiXinPay_SmallProg.Service 




 记录时间：2018-03-25 11:06:33,137 
日志级别：  INFO  
出错类：Himall.Web.MvcApplication.Application_End  
错误描述：2018/3/25 11:06:33 -  http://localhost:62443 




 记录时间：2018-03-25 11:06:38,243 
日志级别：  INFO  
出错类：Himall.PaymentPlugin.PaymentBase`1[T].set_WorkDirectory  
错误描述：set WorkDirectory:Himall.Plugin.Payment.Alipay.Service 




 记录时间：2018-03-25 11:06:38,250 
日志级别：  INFO  
出错类：Himall.PaymentPlugin.PaymentBase`1[T].set_WorkDirectory  
错误描述：set WorkDirectory:Himall.Plugin.Payment.Alipay_App.Service 




 记录时间：2018-03-25 11:06:38,256 
日志级别：  INFO  
出错类：Himall.PaymentPlugin.PaymentBase`1[T].set_WorkDirectory  
错误描述：set WorkDirectory:Himall.Plugin.Payment.Alipay_WAP.Service 




 记录时间：2018-03-25 11:06:38,262 
日志级别：  INFO  
出错类：Himall.PaymentPlugin.PaymentBase`1[T].set_WorkDirectory  
错误描述：set WorkDirectory:Himall.Plugin.Payment.UnionPay.UnionPay 




 记录时间：2018-03-25 11:06:38,269 
日志级别：  INFO  
出错类：Himall.PaymentPlugin.PaymentBase`1[T].set_WorkDirectory  
错误描述：set WorkDirectory:Himall.Plugin.Payment.WeiXinPay.Service 




 记录时间：2018-03-25 11:06:38,275 
日志级别：  INFO  
出错类：Himall.PaymentPlugin.PaymentBase`1[T].set_WorkDirectory  
错误描述：set WorkDirectory:Himall.Plugin.Payment.WeiXinPay_App.Service 




 记录时间：2018-03-25 11:06:38,281 
日志级别：  INFO  
出错类：Himall.PaymentPlugin.PaymentBase`1[T].set_WorkDirectory  
错误描述：set WorkDirectory:Himall.Plugin.Payment.WeiXinPay_H5.Service 




 记录时间：2018-03-25 11:06:38,288 
日志级别：  INFO  
出错类：Himall.PaymentPlugin.PaymentBase`1[T].set_WorkDirectory  
错误描述：set WorkDirectory:Himall.Plugin.Payment.WeiXinPay_Native.WeiXinPay 




 记录时间：2018-03-25 11:06:38,294 
日志级别：  INFO  
出错类：Himall.PaymentPlugin.PaymentBase`1[T].set_WorkDirectory  
错误描述：set WorkDirectory:Himall.Plugin.Payment.WeiXinPay_O2OSmallProg.Service 




 记录时间：2018-03-25 11:06:38,300 
日志级别：  INFO  
出错类：Himall.PaymentPlugin.PaymentBase`1[T].set_WorkDirectory  
错误描述：set WorkDirectory:Himall.Plugin.Payment.WeiXinPay_SmallProg.Service 




 记录时间：2018-03-25 11:27:35,666 
日志级别：  INFO  
出错类：Himall.Web.MvcApplication.Application_End  
错误描述：2018/3/25 11:27:35 -  http://localhost:62443 




 记录时间：2018-03-25 11:27:41,128 
日志级别：  INFO  
出错类：Himall.PaymentPlugin.PaymentBase`1[T].set_WorkDirectory  
错误描述：set WorkDirectory:Himall.Plugin.Payment.Alipay.Service 




 记录时间：2018-03-25 11:27:41,135 
日志级别：  INFO  
出错类：Himall.PaymentPlugin.PaymentBase`1[T].set_WorkDirectory  
错误描述：set WorkDirectory:Himall.Plugin.Payment.Alipay_App.Service 




 记录时间：2018-03-25 11:27:41,145 
日志级别：  INFO  
出错类：Himall.PaymentPlugin.PaymentBase`1[T].set_WorkDirectory  
错误描述：set WorkDirectory:Himall.Plugin.Payment.Alipay_WAP.Service 




 记录时间：2018-03-25 11:27:41,153 
日志级别：  INFO  
出错类：Himall.PaymentPlugin.PaymentBase`1[T].set_WorkDirectory  
错误描述：set WorkDirectory:Himall.Plugin.Payment.UnionPay.UnionPay 




 记录时间：2018-03-25 11:27:41,163 
日志级别：  INFO  
出错类：Himall.PaymentPlugin.PaymentBase`1[T].set_WorkDirectory  
错误描述：set WorkDirectory:Himall.Plugin.Payment.WeiXinPay.Service 




 记录时间：2018-03-25 11:27:41,171 
日志级别：  INFO  
出错类：Himall.PaymentPlugin.PaymentBase`1[T].set_WorkDirectory  
错误描述：set WorkDirectory:Himall.Plugin.Payment.WeiXinPay_App.Service 




 记录时间：2018-03-25 11:27:41,181 
日志级别：  INFO  
出错类：Himall.PaymentPlugin.PaymentBase`1[T].set_WorkDirectory  
错误描述：set WorkDirectory:Himall.Plugin.Payment.WeiXinPay_H5.Service 




 记录时间：2018-03-25 11:27:41,189 
日志级别：  INFO  
出错类：Himall.PaymentPlugin.PaymentBase`1[T].set_WorkDirectory  
错误描述：set WorkDirectory:Himall.Plugin.Payment.WeiXinPay_Native.WeiXinPay 




 记录时间：2018-03-25 11:27:41,199 
日志级别：  INFO  
出错类：Himall.PaymentPlugin.PaymentBase`1[T].set_WorkDirectory  
错误描述：set WorkDirectory:Himall.Plugin.Payment.WeiXinPay_O2OSmallProg.Service 




 记录时间：2018-03-25 11:27:41,208 
日志级别：  INFO  
出错类：Himall.PaymentPlugin.PaymentBase`1[T].set_WorkDirectory  
错误描述：set WorkDirectory:Himall.Plugin.Payment.WeiXinPay_SmallProg.Service 




 记录时间：2018-03-25 11:48:38,407 
日志级别：  INFO  
出错类：Himall.Web.MvcApplication.Application_End  
错误描述：2018/3/25 11:48:38 -  http://localhost:62443 




 记录时间：2018-03-25 11:48:43,849 
日志级别：  INFO  
出错类：Himall.PaymentPlugin.PaymentBase`1[T].set_WorkDirectory  
错误描述：set WorkDirectory:Himall.Plugin.Payment.Alipay.Service 




 记录时间：2018-03-25 11:48:43,856 
日志级别：  INFO  
出错类：Himall.PaymentPlugin.PaymentBase`1[T].set_WorkDirectory  
错误描述：set WorkDirectory:Himall.Plugin.Payment.Alipay_App.Service 




 记录时间：2018-03-25 11:48:43,863 
日志级别：  INFO  
出错类：Himall.PaymentPlugin.PaymentBase`1[T].set_WorkDirectory  
错误描述：set WorkDirectory:Himall.Plugin.Payment.Alipay_WAP.Service 




 记录时间：2018-03-25 11:48:43,870 
日志级别：  INFO  
出错类：Himall.PaymentPlugin.PaymentBase`1[T].set_WorkDirectory  
错误描述：set WorkDirectory:Himall.Plugin.Payment.UnionPay.UnionPay 




 记录时间：2018-03-25 11:48:43,876 
日志级别：  INFO  
出错类：Himall.PaymentPlugin.PaymentBase`1[T].set_WorkDirectory  
错误描述：set WorkDirectory:Himall.Plugin.Payment.WeiXinPay.Service 




 记录时间：2018-03-25 11:48:43,883 
日志级别：  INFO  
出错类：Himall.PaymentPlugin.PaymentBase`1[T].set_WorkDirectory  
错误描述：set WorkDirectory:Himall.Plugin.Payment.WeiXinPay_App.Service 




 记录时间：2018-03-25 11:48:43,890 
日志级别：  INFO  
出错类：Himall.PaymentPlugin.PaymentBase`1[T].set_WorkDirectory  
错误描述：set WorkDirectory:Himall.Plugin.Payment.WeiXinPay_H5.Service 




 记录时间：2018-03-25 11:48:43,898 
日志级别：  INFO  
出错类：Himall.PaymentPlugin.PaymentBase`1[T].set_WorkDirectory  
错误描述：set WorkDirectory:Himall.Plugin.Payment.WeiXinPay_Native.WeiXinPay 




 记录时间：2018-03-25 11:48:43,904 
日志级别：  INFO  
出错类：Himall.PaymentPlugin.PaymentBase`1[T].set_WorkDirectory  
错误描述：set WorkDirectory:Himall.Plugin.Payment.WeiXinPay_O2OSmallProg.Service 




 记录时间：2018-03-25 11:48:43,911 
日志级别：  INFO  
出错类：Himall.PaymentPlugin.PaymentBase`1[T].set_WorkDirectory  
错误描述：set WorkDirectory:Himall.Plugin.Payment.WeiXinPay_SmallProg.Service 




 记录时间：2018-03-25 12:09:41,086 
日志级别：  INFO  
出错类：Himall.Web.MvcApplication.Application_End  
错误描述：2018/3/25 12:09:41 -  http://localhost:62443 




 记录时间：2018-03-25 12:09:46,247 
日志级别：  INFO  
出错类：Himall.PaymentPlugin.PaymentBase`1[T].set_WorkDirectory  
错误描述：set WorkDirectory:Himall.Plugin.Payment.Alipay.Service 




 记录时间：2018-03-25 12:09:46,254 
日志级别：  INFO  
出错类：Himall.PaymentPlugin.PaymentBase`1[T].set_WorkDirectory  
错误描述：set WorkDirectory:Himall.Plugin.Payment.Alipay_App.Service 




 记录时间：2018-03-25 12:09:46,262 
日志级别：  INFO  
出错类：Himall.PaymentPlugin.PaymentBase`1[T].set_WorkDirectory  
错误描述：set WorkDirectory:Himall.Plugin.Payment.Alipay_WAP.Service 




 记录时间：2018-03-25 12:09:46,270 
日志级别：  INFO  
出错类：Himall.PaymentPlugin.PaymentBase`1[T].set_WorkDirectory  
错误描述：set WorkDirectory:Himall.Plugin.Payment.UnionPay.UnionPay 




 记录时间：2018-03-25 12:09:46,277 
日志级别：  INFO  
出错类：Himall.PaymentPlugin.PaymentBase`1[T].set_WorkDirectory  
错误描述：set WorkDirectory:Himall.Plugin.Payment.WeiXinPay.Service 




 记录时间：2018-03-25 12:09:46,284 
日志级别：  INFO  
出错类：Himall.PaymentPlugin.PaymentBase`1[T].set_WorkDirectory  
错误描述：set WorkDirectory:Himall.Plugin.Payment.WeiXinPay_App.Service 




 记录时间：2018-03-25 12:09:46,292 
日志级别：  INFO  
出错类：Himall.PaymentPlugin.PaymentBase`1[T].set_WorkDirectory  
错误描述：set WorkDirectory:Himall.Plugin.Payment.WeiXinPay_H5.Service 




 记录时间：2018-03-25 12:09:46,299 
日志级别：  INFO  
出错类：Himall.PaymentPlugin.PaymentBase`1[T].set_WorkDirectory  
错误描述：set WorkDirectory:Himall.Plugin.Payment.WeiXinPay_Native.WeiXinPay 




 记录时间：2018-03-25 12:09:46,307 
日志级别：  INFO  
出错类：Himall.PaymentPlugin.PaymentBase`1[T].set_WorkDirectory  
错误描述：set WorkDirectory:Himall.Plugin.Payment.WeiXinPay_O2OSmallProg.Service 




 记录时间：2018-03-25 12:09:46,315 
日志级别：  INFO  
出错类：Himall.PaymentPlugin.PaymentBase`1[T].set_WorkDirectory  
错误描述：set WorkDirectory:Himall.Plugin.Payment.WeiXinPay_SmallProg.Service 




 记录时间：2018-03-25 12:30:43,798 
日志级别：  INFO  
出错类：Himall.Web.MvcApplication.Application_End  
错误描述：2018/3/25 12:30:43 -  http://localhost:62443 




 记录时间：2018-03-25 12:30:49,148 
日志级别：  INFO  
出错类：Himall.PaymentPlugin.PaymentBase`1[T].set_WorkDirectory  
错误描述：set WorkDirectory:Himall.Plugin.Payment.Alipay.Service 




 记录时间：2018-03-25 12:30:49,155 
日志级别：  INFO  
出错类：Himall.PaymentPlugin.PaymentBase`1[T].set_WorkDirectory  
错误描述：set WorkDirectory:Himall.Plugin.Payment.Alipay_App.Service 




 记录时间：2018-03-25 12:30:49,161 
日志级别：  INFO  
出错类：Himall.PaymentPlugin.PaymentBase`1[T].set_WorkDirectory  
错误描述：set WorkDirectory:Himall.Plugin.Payment.Alipay_WAP.Service 




 记录时间：2018-03-25 12:30:49,167 
日志级别：  INFO  
出错类：Himall.PaymentPlugin.PaymentBase`1[T].set_WorkDirectory  
错误描述：set WorkDirectory:Himall.Plugin.Payment.UnionPay.UnionPay 




 记录时间：2018-03-25 12:30:49,173 
日志级别：  INFO  
出错类：Himall.PaymentPlugin.PaymentBase`1[T].set_WorkDirectory  
错误描述：set WorkDirectory:Himall.Plugin.Payment.WeiXinPay.Service 




 记录时间：2018-03-25 12:30:49,180 
日志级别：  INFO  
出错类：Himall.PaymentPlugin.PaymentBase`1[T].set_WorkDirectory  
错误描述：set WorkDirectory:Himall.Plugin.Payment.WeiXinPay_App.Service 




 记录时间：2018-03-25 12:30:49,186 
日志级别：  INFO  
出错类：Himall.PaymentPlugin.PaymentBase`1[T].set_WorkDirectory  
错误描述：set WorkDirectory:Himall.Plugin.Payment.WeiXinPay_H5.Service 




 记录时间：2018-03-25 12:30:49,192 
日志级别：  INFO  
出错类：Himall.PaymentPlugin.PaymentBase`1[T].set_WorkDirectory  
错误描述：set WorkDirectory:Himall.Plugin.Payment.WeiXinPay_Native.WeiXinPay 




 记录时间：2018-03-25 12:30:49,199 
日志级别：  INFO  
出错类：Himall.PaymentPlugin.PaymentBase`1[T].set_WorkDirectory  
错误描述：set WorkDirectory:Himall.Plugin.Payment.WeiXinPay_O2OSmallProg.Service 




 记录时间：2018-03-25 12:30:49,205 
日志级别：  INFO  
出错类：Himall.PaymentPlugin.PaymentBase`1[T].set_WorkDirectory  
错误描述：set WorkDirectory:Himall.Plugin.Payment.WeiXinPay_SmallProg.Service 




 记录时间：2018-03-25 12:51:46,299 
日志级别：  INFO  
出错类：Himall.Web.MvcApplication.Application_End  
错误描述：2018/3/25 12:51:46 -  http://localhost:62443 




 记录时间：2018-03-25 12:51:51,313 
日志级别：  INFO  
出错类：Himall.PaymentPlugin.PaymentBase`1[T].set_WorkDirectory  
错误描述：set WorkDirectory:Himall.Plugin.Payment.Alipay.Service 




 记录时间：2018-03-25 12:51:51,321 
日志级别：  INFO  
出错类：Himall.PaymentPlugin.PaymentBase`1[T].set_WorkDirectory  
错误描述：set WorkDirectory:Himall.Plugin.Payment.Alipay_App.Service 




 记录时间：2018-03-25 12:51:51,328 
日志级别：  INFO  
出错类：Himall.PaymentPlugin.PaymentBase`1[T].set_WorkDirectory  
错误描述：set WorkDirectory:Himall.Plugin.Payment.Alipay_WAP.Service 




 记录时间：2018-03-25 12:51:51,336 
日志级别：  INFO  
出错类：Himall.PaymentPlugin.PaymentBase`1[T].set_WorkDirectory  
错误描述：set WorkDirectory:Himall.Plugin.Payment.UnionPay.UnionPay 




 记录时间：2018-03-25 12:51:51,343 
日志级别：  INFO  
出错类：Himall.PaymentPlugin.PaymentBase`1[T].set_WorkDirectory  
错误描述：set WorkDirectory:Himall.Plugin.Payment.WeiXinPay.Service 




 记录时间：2018-03-25 12:51:51,350 
日志级别：  INFO  
出错类：Himall.PaymentPlugin.PaymentBase`1[T].set_WorkDirectory  
错误描述：set WorkDirectory:Himall.Plugin.Payment.WeiXinPay_App.Service 




 记录时间：2018-03-25 12:51:51,358 
日志级别：  INFO  
出错类：Himall.PaymentPlugin.PaymentBase`1[T].set_WorkDirectory  
错误描述：set WorkDirectory:Himall.Plugin.Payment.WeiXinPay_H5.Service 




 记录时间：2018-03-25 12:51:51,367 
日志级别：  INFO  
出错类：Himall.PaymentPlugin.PaymentBase`1[T].set_WorkDirectory  
错误描述：set WorkDirectory:Himall.Plugin.Payment.WeiXinPay_Native.WeiXinPay 




 记录时间：2018-03-25 12:51:51,375 
日志级别：  INFO  
出错类：Himall.PaymentPlugin.PaymentBase`1[T].set_WorkDirectory  
错误描述：set WorkDirectory:Himall.Plugin.Payment.WeiXinPay_O2OSmallProg.Service 




 记录时间：2018-03-25 12:51:51,382 
日志级别：  INFO  
出错类：Himall.PaymentPlugin.PaymentBase`1[T].set_WorkDirectory  
错误描述：set WorkDirectory:Himall.Plugin.Payment.WeiXinPay_SmallProg.Service 




 记录时间：2018-03-25 13:12:48,878 
日志级别：  INFO  
出错类：Himall.Web.MvcApplication.Application_End  
错误描述：2018/3/25 13:12:48 -  http://localhost:62443 




 记录时间：2018-03-25 13:12:53,988 
日志级别：  INFO  
出错类：Himall.PaymentPlugin.PaymentBase`1[T].set_WorkDirectory  
错误描述：set WorkDirectory:Himall.Plugin.Payment.Alipay.Service 




 记录时间：2018-03-25 13:12:53,995 
日志级别：  INFO  
出错类：Himall.PaymentPlugin.PaymentBase`1[T].set_WorkDirectory  
错误描述：set WorkDirectory:Himall.Plugin.Payment.Alipay_App.Service 




 记录时间：2018-03-25 13:12:54,003 
日志级别：  INFO  
出错类：Himall.PaymentPlugin.PaymentBase`1[T].set_WorkDirectory  
错误描述：set WorkDirectory:Himall.Plugin.Payment.Alipay_WAP.Service 




 记录时间：2018-03-25 13:12:54,010 
日志级别：  INFO  
出错类：Himall.PaymentPlugin.PaymentBase`1[T].set_WorkDirectory  
错误描述：set WorkDirectory:Himall.Plugin.Payment.UnionPay.UnionPay 




 记录时间：2018-03-25 13:12:54,017 
日志级别：  INFO  
出错类：Himall.PaymentPlugin.PaymentBase`1[T].set_WorkDirectory  
错误描述：set WorkDirectory:Himall.Plugin.Payment.WeiXinPay.Service 




 记录时间：2018-03-25 13:12:54,024 
日志级别：  INFO  
出错类：Himall.PaymentPlugin.PaymentBase`1[T].set_WorkDirectory  
错误描述：set WorkDirectory:Himall.Plugin.Payment.WeiXinPay_App.Service 




 记录时间：2018-03-25 13:12:54,032 
日志级别：  INFO  
出错类：Himall.PaymentPlugin.PaymentBase`1[T].set_WorkDirectory  
错误描述：set WorkDirectory:Himall.Plugin.Payment.WeiXinPay_H5.Service 




 记录时间：2018-03-25 13:12:54,039 
日志级别：  INFO  
出错类：Himall.PaymentPlugin.PaymentBase`1[T].set_WorkDirectory  
错误描述：set WorkDirectory:Himall.Plugin.Payment.WeiXinPay_Native.WeiXinPay 




 记录时间：2018-03-25 13:12:54,047 
日志级别：  INFO  
出错类：Himall.PaymentPlugin.PaymentBase`1[T].set_WorkDirectory  
错误描述：set WorkDirectory:Himall.Plugin.Payment.WeiXinPay_O2OSmallProg.Service 




 记录时间：2018-03-25 13:12:54,054 
日志级别：  INFO  
出错类：Himall.PaymentPlugin.PaymentBase`1[T].set_WorkDirectory  
错误描述：set WorkDirectory:Himall.Plugin.Payment.WeiXinPay_SmallProg.Service 




 记录时间：2018-03-25 13:33:51,640 
日志级别：  INFO  
出错类：Himall.Web.MvcApplication.Application_End  
错误描述：2018/3/25 13:33:51 -  http://localhost:62443 




 记录时间：2018-03-25 13:33:57,193 
日志级别：  INFO  
出错类：Himall.PaymentPlugin.PaymentBase`1[T].set_WorkDirectory  
错误描述：set WorkDirectory:Himall.Plugin.Payment.Alipay.Service 




 记录时间：2018-03-25 13:33:57,202 
日志级别：  INFO  
出错类：Himall.PaymentPlugin.PaymentBase`1[T].set_WorkDirectory  
错误描述：set WorkDirectory:Himall.Plugin.Payment.Alipay_App.Service 




 记录时间：2018-03-25 13:33:57,210 
日志级别：  INFO  
出错类：Himall.PaymentPlugin.PaymentBase`1[T].set_WorkDirectory  
错误描述：set WorkDirectory:Himall.Plugin.Payment.Alipay_WAP.Service 




 记录时间：2018-03-25 13:33:57,219 
日志级别：  INFO  
出错类：Himall.PaymentPlugin.PaymentBase`1[T].set_WorkDirectory  
错误描述：set WorkDirectory:Himall.Plugin.Payment.UnionPay.UnionPay 




 记录时间：2018-03-25 13:33:57,227 
日志级别：  INFO  
出错类：Himall.PaymentPlugin.PaymentBase`1[T].set_WorkDirectory  
错误描述：set WorkDirectory:Himall.Plugin.Payment.WeiXinPay.Service 




 记录时间：2018-03-25 13:33:57,237 
日志级别：  INFO  
出错类：Himall.PaymentPlugin.PaymentBase`1[T].set_WorkDirectory  
错误描述：set WorkDirectory:Himall.Plugin.Payment.WeiXinPay_App.Service 




 记录时间：2018-03-25 13:33:57,248 
日志级别：  INFO  
出错类：Himall.PaymentPlugin.PaymentBase`1[T].set_WorkDirectory  
错误描述：set WorkDirectory:Himall.Plugin.Payment.WeiXinPay_H5.Service 




 记录时间：2018-03-25 13:33:57,257 
日志级别：  INFO  
出错类：Himall.PaymentPlugin.PaymentBase`1[T].set_WorkDirectory  
错误描述：set WorkDirectory:Himall.Plugin.Payment.WeiXinPay_Native.WeiXinPay 




 记录时间：2018-03-25 13:33:57,266 
日志级别：  INFO  
出错类：Himall.PaymentPlugin.PaymentBase`1[T].set_WorkDirectory  
错误描述：set WorkDirectory:Himall.Plugin.Payment.WeiXinPay_O2OSmallProg.Service 




 记录时间：2018-03-25 13:33:57,274 
日志级别：  INFO  
出错类：Himall.PaymentPlugin.PaymentBase`1[T].set_WorkDirectory  
错误描述：set WorkDirectory:Himall.Plugin.Payment.WeiXinPay_SmallProg.Service 




 记录时间：2018-03-25 13:54:54,364 
日志级别：  INFO  
出错类：Himall.Web.MvcApplication.Application_End  
错误描述：2018/3/25 13:54:54 -  http://localhost:62443 




 记录时间：2018-03-25 13:54:59,739 
日志级别：  INFO  
出错类：Himall.PaymentPlugin.PaymentBase`1[T].set_WorkDirectory  
错误描述：set WorkDirectory:Himall.Plugin.Payment.Alipay.Service 




 记录时间：2018-03-25 13:54:59,756 
日志级别：  INFO  
出错类：Himall.PaymentPlugin.PaymentBase`1[T].set_WorkDirectory  
错误描述：set WorkDirectory:Himall.Plugin.Payment.Alipay_App.Service 




 记录时间：2018-03-25 13:54:59,769 
日志级别：  INFO  
出错类：Himall.PaymentPlugin.PaymentBase`1[T].set_WorkDirectory  
错误描述：set WorkDirectory:Himall.Plugin.Payment.Alipay_WAP.Service 




 记录时间：2018-03-25 13:54:59,777 
日志级别：  INFO  
出错类：Himall.PaymentPlugin.PaymentBase`1[T].set_WorkDirectory  
错误描述：set WorkDirectory:Himall.Plugin.Payment.UnionPay.UnionPay 




 记录时间：2018-03-25 13:54:59,786 
日志级别：  INFO  
出错类：Himall.PaymentPlugin.PaymentBase`1[T].set_WorkDirectory  
错误描述：set WorkDirectory:Himall.Plugin.Payment.WeiXinPay.Service 




 记录时间：2018-03-25 13:54:59,794 
日志级别：  INFO  
出错类：Himall.PaymentPlugin.PaymentBase`1[T].set_WorkDirectory  
错误描述：set WorkDirectory:Himall.Plugin.Payment.WeiXinPay_App.Service 




 记录时间：2018-03-25 13:54:59,806 
日志级别：  INFO  
出错类：Himall.PaymentPlugin.PaymentBase`1[T].set_WorkDirectory  
错误描述：set WorkDirectory:Himall.Plugin.Payment.WeiXinPay_H5.Service 




 记录时间：2018-03-25 13:54:59,816 
日志级别：  INFO  
出错类：Himall.PaymentPlugin.PaymentBase`1[T].set_WorkDirectory  
错误描述：set WorkDirectory:Himall.Plugin.Payment.WeiXinPay_Native.WeiXinPay 




 记录时间：2018-03-25 13:54:59,827 
日志级别：  INFO  
出错类：Himall.PaymentPlugin.PaymentBase`1[T].set_WorkDirectory  
错误描述：set WorkDirectory:Himall.Plugin.Payment.WeiXinPay_O2OSmallProg.Service 




 记录时间：2018-03-25 13:54:59,835 
日志级别：  INFO  
出错类：Himall.PaymentPlugin.PaymentBase`1[T].set_WorkDirectory  
错误描述：set WorkDirectory:Himall.Plugin.Payment.WeiXinPay_SmallProg.Service 




 记录时间：2018-03-25 14:15:57,091 
日志级别：  INFO  
出错类：Himall.Web.MvcApplication.Application_End  
错误描述：2018/3/25 14:15:57 -  http://localhost:62443 




 记录时间：2018-03-25 14:16:03,181 
日志级别：  INFO  
出错类：Himall.PaymentPlugin.PaymentBase`1[T].set_WorkDirectory  
错误描述：set WorkDirectory:Himall.Plugin.Payment.Alipay.Service 




 记录时间：2018-03-25 14:16:03,188 
日志级别：  INFO  
出错类：Himall.PaymentPlugin.PaymentBase`1[T].set_WorkDirectory  
错误描述：set WorkDirectory:Himall.Plugin.Payment.Alipay_App.Service 




 记录时间：2018-03-25 14:16:03,195 
日志级别：  INFO  
出错类：Himall.PaymentPlugin.PaymentBase`1[T].set_WorkDirectory  
错误描述：set WorkDirectory:Himall.Plugin.Payment.Alipay_WAP.Service 




 记录时间：2018-03-25 14:16:03,208 
日志级别：  INFO  
出错类：Himall.PaymentPlugin.PaymentBase`1[T].set_WorkDirectory  
错误描述：set WorkDirectory:Himall.Plugin.Payment.UnionPay.UnionPay 




 记录时间：2018-03-25 14:16:03,216 
日志级别：  INFO  
出错类：Himall.PaymentPlugin.PaymentBase`1[T].set_WorkDirectory  
错误描述：set WorkDirectory:Himall.Plugin.Payment.WeiXinPay.Service 




 记录时间：2018-03-25 14:16:03,225 
日志级别：  INFO  
出错类：Himall.PaymentPlugin.PaymentBase`1[T].set_WorkDirectory  
错误描述：set WorkDirectory:Himall.Plugin.Payment.WeiXinPay_App.Service 




 记录时间：2018-03-25 14:16:03,236 
日志级别：  INFO  
出错类：Himall.PaymentPlugin.PaymentBase`1[T].set_WorkDirectory  
错误描述：set WorkDirectory:Himall.Plugin.Payment.WeiXinPay_H5.Service 




 记录时间：2018-03-25 14:16:03,243 
日志级别：  INFO  
出错类：Himall.PaymentPlugin.PaymentBase`1[T].set_WorkDirectory  
错误描述：set WorkDirectory:Himall.Plugin.Payment.WeiXinPay_Native.WeiXinPay 




 记录时间：2018-03-25 14:16:03,253 
日志级别：  INFO  
出错类：Himall.PaymentPlugin.PaymentBase`1[T].set_WorkDirectory  
错误描述：set WorkDirectory:Himall.Plugin.Payment.WeiXinPay_O2OSmallProg.Service 




 记录时间：2018-03-25 14:16:03,261 
日志级别：  INFO  
出错类：Himall.PaymentPlugin.PaymentBase`1[T].set_WorkDirectory  
错误描述：set WorkDirectory:Himall.Plugin.Payment.WeiXinPay_SmallProg.Service 




 记录时间：2018-03-25 14:37:00,015 
日志级别：  INFO  
出错类：Himall.Web.MvcApplication.Application_End  
错误描述：2018/3/25 14:36:59 -  http://localhost:62443 




 记录时间：2018-03-25 14:37:07,972 
日志级别：  INFO  
出错类：Himall.PaymentPlugin.PaymentBase`1[T].set_WorkDirectory  
错误描述：set WorkDirectory:Himall.Plugin.Payment.Alipay.Service 




 记录时间：2018-03-25 14:37:07,990 
日志级别：  INFO  
出错类：Himall.PaymentPlugin.PaymentBase`1[T].set_WorkDirectory  
错误描述：set WorkDirectory:Himall.Plugin.Payment.Alipay_App.Service 




 记录时间：2018-03-25 14:37:08,006 
日志级别：  INFO  
出错类：Himall.PaymentPlugin.PaymentBase`1[T].set_WorkDirectory  
错误描述：set WorkDirectory:Himall.Plugin.Payment.Alipay_WAP.Service 




 记录时间：2018-03-25 14:37:08,017 
日志级别：  INFO  
出错类：Himall.PaymentPlugin.PaymentBase`1[T].set_WorkDirectory  
错误描述：set WorkDirectory:Himall.Plugin.Payment.UnionPay.UnionPay 




 记录时间：2018-03-25 14:37:08,025 
日志级别：  INFO  
出错类：Himall.PaymentPlugin.PaymentBase`1[T].set_WorkDirectory  
错误描述：set WorkDirectory:Himall.Plugin.Payment.WeiXinPay.Service 




 记录时间：2018-03-25 14:37:08,032 
日志级别：  INFO  
出错类：Himall.PaymentPlugin.PaymentBase`1[T].set_WorkDirectory  
错误描述：set WorkDirectory:Himall.Plugin.Payment.WeiXinPay_App.Service 




 记录时间：2018-03-25 14:37:08,042 
日志级别：  INFO  
出错类：Himall.PaymentPlugin.PaymentBase`1[T].set_WorkDirectory  
错误描述：set WorkDirectory:Himall.Plugin.Payment.WeiXinPay_H5.Service 




 记录时间：2018-03-25 14:37:08,061 
日志级别：  INFO  
出错类：Himall.PaymentPlugin.PaymentBase`1[T].set_WorkDirectory  
错误描述：set WorkDirectory:Himall.Plugin.Payment.WeiXinPay_Native.WeiXinPay 




 记录时间：2018-03-25 14:37:08,077 
日志级别：  INFO  
出错类：Himall.PaymentPlugin.PaymentBase`1[T].set_WorkDirectory  
错误描述：set WorkDirectory:Himall.Plugin.Payment.WeiXinPay_O2OSmallProg.Service 




 记录时间：2018-03-25 14:37:08,094 
日志级别：  INFO  
出错类：Himall.PaymentPlugin.PaymentBase`1[T].set_WorkDirectory  
错误描述：set WorkDirectory:Himall.Plugin.Payment.WeiXinPay_SmallProg.Service 




 记录时间：2018-03-25 14:58:03,221 
日志级别：  INFO  
出错类：Himall.Web.MvcApplication.Application_End  
错误描述：2018/3/25 14:58:03 -  http://localhost:62443 




 记录时间：2018-03-25 14:58:09,556 
日志级别：  INFO  
出错类：Himall.PaymentPlugin.PaymentBase`1[T].set_WorkDirectory  
错误描述：set WorkDirectory:Himall.Plugin.Payment.Alipay.Service 




 记录时间：2018-03-25 14:58:09,572 
日志级别：  INFO  
出错类：Himall.PaymentPlugin.PaymentBase`1[T].set_WorkDirectory  
错误描述：set WorkDirectory:Himall.Plugin.Payment.Alipay_App.Service 




 记录时间：2018-03-25 14:58:09,580 
日志级别：  INFO  
出错类：Himall.PaymentPlugin.PaymentBase`1[T].set_WorkDirectory  
错误描述：set WorkDirectory:Himall.Plugin.Payment.Alipay_WAP.Service 




 记录时间：2018-03-25 14:58:09,590 
日志级别：  INFO  
出错类：Himall.PaymentPlugin.PaymentBase`1[T].set_WorkDirectory  
错误描述：set WorkDirectory:Himall.Plugin.Payment.UnionPay.UnionPay 




 记录时间：2018-03-25 14:58:09,598 
日志级别：  INFO  
出错类：Himall.PaymentPlugin.PaymentBase`1[T].set_WorkDirectory  
错误描述：set WorkDirectory:Himall.Plugin.Payment.WeiXinPay.Service 




 记录时间：2018-03-25 14:58:09,607 
日志级别：  INFO  
出错类：Himall.PaymentPlugin.PaymentBase`1[T].set_WorkDirectory  
错误描述：set WorkDirectory:Himall.Plugin.Payment.WeiXinPay_App.Service 




 记录时间：2018-03-25 14:58:09,616 
日志级别：  INFO  
出错类：Himall.PaymentPlugin.PaymentBase`1[T].set_WorkDirectory  
错误描述：set WorkDirectory:Himall.Plugin.Payment.WeiXinPay_H5.Service 




 记录时间：2018-03-25 14:58:09,624 
日志级别：  INFO  
出错类：Himall.PaymentPlugin.PaymentBase`1[T].set_WorkDirectory  
错误描述：set WorkDirectory:Himall.Plugin.Payment.WeiXinPay_Native.WeiXinPay 




 记录时间：2018-03-25 14:58:09,632 
日志级别：  INFO  
出错类：Himall.PaymentPlugin.PaymentBase`1[T].set_WorkDirectory  
错误描述：set WorkDirectory:Himall.Plugin.Payment.WeiXinPay_O2OSmallProg.Service 




 记录时间：2018-03-25 14:58:09,639 
日志级别：  INFO  
出错类：Himall.PaymentPlugin.PaymentBase`1[T].set_WorkDirectory  
错误描述：set WorkDirectory:Himall.Plugin.Payment.WeiXinPay_SmallProg.Service 




 记录时间：2018-03-25 15:19:06,210 
日志级别：  INFO  
出错类：Himall.Web.MvcApplication.Application_End  
错误描述：2018/3/25 15:19:06 -  http://localhost:62443 




 记录时间：2018-03-25 15:19:15,853 
日志级别：  INFO  
出错类：Himall.PaymentPlugin.PaymentBase`1[T].set_WorkDirectory  
错误描述：set WorkDirectory:Himall.Plugin.Payment.Alipay.Service 




 记录时间：2018-03-25 15:19:15,864 
日志级别：  INFO  
出错类：Himall.PaymentPlugin.PaymentBase`1[T].set_WorkDirectory  
错误描述：set WorkDirectory:Himall.Plugin.Payment.Alipay_App.Service 




 记录时间：2018-03-25 15:19:15,877 
日志级别：  INFO  
出错类：Himall.PaymentPlugin.PaymentBase`1[T].set_WorkDirectory  
错误描述：set WorkDirectory:Himall.Plugin.Payment.Alipay_WAP.Service 




 记录时间：2018-03-25 15:19:15,894 
日志级别：  INFO  
出错类：Himall.PaymentPlugin.PaymentBase`1[T].set_WorkDirectory  
错误描述：set WorkDirectory:Himall.Plugin.Payment.UnionPay.UnionPay 




 记录时间：2018-03-25 15:19:15,917 
日志级别：  INFO  
出错类：Himall.PaymentPlugin.PaymentBase`1[T].set_WorkDirectory  
错误描述：set WorkDirectory:Himall.Plugin.Payment.WeiXinPay.Service 




 记录时间：2018-03-25 15:19:15,958 
日志级别：  INFO  
出错类：Himall.PaymentPlugin.PaymentBase`1[T].set_WorkDirectory  
错误描述：set WorkDirectory:Himall.Plugin.Payment.WeiXinPay_App.Service 




 记录时间：2018-03-25 15:19:15,965 
日志级别：  INFO  
出错类：Himall.PaymentPlugin.PaymentBase`1[T].set_WorkDirectory  
错误描述：set WorkDirectory:Himall.Plugin.Payment.WeiXinPay_H5.Service 




 记录时间：2018-03-25 15:19:15,974 
日志级别：  INFO  
出错类：Himall.PaymentPlugin.PaymentBase`1[T].set_WorkDirectory  
错误描述：set WorkDirectory:Himall.Plugin.Payment.WeiXinPay_Native.WeiXinPay 




 记录时间：2018-03-25 15:19:15,983 
日志级别：  INFO  
出错类：Himall.PaymentPlugin.PaymentBase`1[T].set_WorkDirectory  
错误描述：set WorkDirectory:Himall.Plugin.Payment.WeiXinPay_O2OSmallProg.Service 




 记录时间：2018-03-25 15:19:16,003 
日志级别：  INFO  
出错类：Himall.PaymentPlugin.PaymentBase`1[T].set_WorkDirectory  
错误描述：set WorkDirectory:Himall.Plugin.Payment.WeiXinPay_SmallProg.Service 




 记录时间：2018-03-25 15:40:09,296 
日志级别：  INFO  
出错类：Himall.Web.MvcApplication.Application_End  
错误描述：2018/3/25 15:40:09 -  http://localhost:62443 




 记录时间：2018-03-25 15:40:15,067 
日志级别：  INFO  
出错类：Himall.PaymentPlugin.PaymentBase`1[T].set_WorkDirectory  
错误描述：set WorkDirectory:Himall.Plugin.Payment.Alipay.Service 




 记录时间：2018-03-25 15:40:15,075 
日志级别：  INFO  
出错类：Himall.PaymentPlugin.PaymentBase`1[T].set_WorkDirectory  
错误描述：set WorkDirectory:Himall.Plugin.Payment.Alipay_App.Service 




 记录时间：2018-03-25 15:40:15,089 
日志级别：  INFO  
出错类：Himall.PaymentPlugin.PaymentBase`1[T].set_WorkDirectory  
错误描述：set WorkDirectory:Himall.Plugin.Payment.Alipay_WAP.Service 




 记录时间：2018-03-25 15:40:15,099 
日志级别：  INFO  
出错类：Himall.PaymentPlugin.PaymentBase`1[T].set_WorkDirectory  
错误描述：set WorkDirectory:Himall.Plugin.Payment.UnionPay.UnionPay 




 记录时间：2018-03-25 15:40:15,106 
日志级别：  INFO  
出错类：Himall.PaymentPlugin.PaymentBase`1[T].set_WorkDirectory  
错误描述：set WorkDirectory:Himall.Plugin.Payment.WeiXinPay.Service 




 记录时间：2018-03-25 15:40:15,113 
日志级别：  INFO  
出错类：Himall.PaymentPlugin.PaymentBase`1[T].set_WorkDirectory  
错误描述：set WorkDirectory:Himall.Plugin.Payment.WeiXinPay_App.Service 




 记录时间：2018-03-25 15:40:15,129 
日志级别：  INFO  
出错类：Himall.PaymentPlugin.PaymentBase`1[T].set_WorkDirectory  
错误描述：set WorkDirectory:Himall.Plugin.Payment.WeiXinPay_H5.Service 




 记录时间：2018-03-25 15:40:15,136 
日志级别：  INFO  
出错类：Himall.PaymentPlugin.PaymentBase`1[T].set_WorkDirectory  
错误描述：set WorkDirectory:Himall.Plugin.Payment.WeiXinPay_Native.WeiXinPay 




 记录时间：2018-03-25 15:40:15,143 
日志级别：  INFO  
出错类：Himall.PaymentPlugin.PaymentBase`1[T].set_WorkDirectory  
错误描述：set WorkDirectory:Himall.Plugin.Payment.WeiXinPay_O2OSmallProg.Service 




 记录时间：2018-03-25 15:40:15,149 
日志级别：  INFO  
出错类：Himall.PaymentPlugin.PaymentBase`1[T].set_WorkDirectory  
错误描述：set WorkDirectory:Himall.Plugin.Payment.WeiXinPay_SmallProg.Service 




 记录时间：2018-03-25 16:01:11,979 
日志级别：  INFO  
出错类：Himall.Web.MvcApplication.Application_End  
错误描述：2018/3/25 16:01:11 -  http://localhost:62443 




 记录时间：2018-03-25 16:01:17,426 
日志级别：  INFO  
出错类：Himall.PaymentPlugin.PaymentBase`1[T].set_WorkDirectory  
错误描述：set WorkDirectory:Himall.Plugin.Payment.Alipay.Service 




 记录时间：2018-03-25 16:01:17,434 
日志级别：  INFO  
出错类：Himall.PaymentPlugin.PaymentBase`1[T].set_WorkDirectory  
错误描述：set WorkDirectory:Himall.Plugin.Payment.Alipay_App.Service 




 记录时间：2018-03-25 16:01:17,442 
日志级别：  INFO  
出错类：Himall.PaymentPlugin.PaymentBase`1[T].set_WorkDirectory  
错误描述：set WorkDirectory:Himall.Plugin.Payment.Alipay_WAP.Service 




 记录时间：2018-03-25 16:01:17,452 
日志级别：  INFO  
出错类：Himall.PaymentPlugin.PaymentBase`1[T].set_WorkDirectory  
错误描述：set WorkDirectory:Himall.Plugin.Payment.UnionPay.UnionPay 




 记录时间：2018-03-25 16:01:17,462 
日志级别：  INFO  
出错类：Himall.PaymentPlugin.PaymentBase`1[T].set_WorkDirectory  
错误描述：set WorkDirectory:Himall.Plugin.Payment.WeiXinPay.Service 




 记录时间：2018-03-25 16:01:17,471 
日志级别：  INFO  
出错类：Himall.PaymentPlugin.PaymentBase`1[T].set_WorkDirectory  
错误描述：set WorkDirectory:Himall.Plugin.Payment.WeiXinPay_App.Service 




 记录时间：2018-03-25 16:01:17,479 
日志级别：  INFO  
出错类：Himall.PaymentPlugin.PaymentBase`1[T].set_WorkDirectory  
错误描述：set WorkDirectory:Himall.Plugin.Payment.WeiXinPay_H5.Service 




 记录时间：2018-03-25 16:01:17,486 
日志级别：  INFO  
出错类：Himall.PaymentPlugin.PaymentBase`1[T].set_WorkDirectory  
错误描述：set WorkDirectory:Himall.Plugin.Payment.WeiXinPay_Native.WeiXinPay 




 记录时间：2018-03-25 16:01:17,494 
日志级别：  INFO  
出错类：Himall.PaymentPlugin.PaymentBase`1[T].set_WorkDirectory  
错误描述：set WorkDirectory:Himall.Plugin.Payment.WeiXinPay_O2OSmallProg.Service 




 记录时间：2018-03-25 16:01:17,502 
日志级别：  INFO  
出错类：Himall.PaymentPlugin.PaymentBase`1[T].set_WorkDirectory  
错误描述：set WorkDirectory:Himall.Plugin.Payment.WeiXinPay_SmallProg.Service 




 记录时间：2018-03-25 16:22:14,626 
日志级别：  INFO  
出错类：Himall.Web.MvcApplication.Application_End  
错误描述：2018/3/25 16:22:14 -  http://localhost:62443 




 记录时间：2018-03-25 16:22:19,994 
日志级别：  INFO  
出错类：Himall.PaymentPlugin.PaymentBase`1[T].set_WorkDirectory  
错误描述：set WorkDirectory:Himall.Plugin.Payment.Alipay.Service 




 记录时间：2018-03-25 16:22:20,002 
日志级别：  INFO  
出错类：Himall.PaymentPlugin.PaymentBase`1[T].set_WorkDirectory  
错误描述：set WorkDirectory:Himall.Plugin.Payment.Alipay_App.Service 




 记录时间：2018-03-25 16:22:20,010 
日志级别：  INFO  
出错类：Himall.PaymentPlugin.PaymentBase`1[T].set_WorkDirectory  
错误描述：set WorkDirectory:Himall.Plugin.Payment.Alipay_WAP.Service 




 记录时间：2018-03-25 16:22:20,017 
日志级别：  INFO  
出错类：Himall.PaymentPlugin.PaymentBase`1[T].set_WorkDirectory  
错误描述：set WorkDirectory:Himall.Plugin.Payment.UnionPay.UnionPay 




 记录时间：2018-03-25 16:22:20,023 
日志级别：  INFO  
出错类：Himall.PaymentPlugin.PaymentBase`1[T].set_WorkDirectory  
错误描述：set WorkDirectory:Himall.Plugin.Payment.WeiXinPay.Service 




 记录时间：2018-03-25 16:22:20,030 
日志级别：  INFO  
出错类：Himall.PaymentPlugin.PaymentBase`1[T].set_WorkDirectory  
错误描述：set WorkDirectory:Himall.Plugin.Payment.WeiXinPay_App.Service 




 记录时间：2018-03-25 16:22:20,036 
日志级别：  INFO  
出错类：Himall.PaymentPlugin.PaymentBase`1[T].set_WorkDirectory  
错误描述：set WorkDirectory:Himall.Plugin.Payment.WeiXinPay_H5.Service 




 记录时间：2018-03-25 16:22:20,043 
日志级别：  INFO  
出错类：Himall.PaymentPlugin.PaymentBase`1[T].set_WorkDirectory  
错误描述：set WorkDirectory:Himall.Plugin.Payment.WeiXinPay_Native.WeiXinPay 




 记录时间：2018-03-25 16:22:20,049 
日志级别：  INFO  
出错类：Himall.PaymentPlugin.PaymentBase`1[T].set_WorkDirectory  
错误描述：set WorkDirectory:Himall.Plugin.Payment.WeiXinPay_O2OSmallProg.Service 




 记录时间：2018-03-25 16:22:20,056 
日志级别：  INFO  
出错类：Himall.PaymentPlugin.PaymentBase`1[T].set_WorkDirectory  
错误描述：set WorkDirectory:Himall.Plugin.Payment.WeiXinPay_SmallProg.Service 




 记录时间：2018-03-25 16:43:17,307 
日志级别：  INFO  
出错类：Himall.Web.MvcApplication.Application_End  
错误描述：2018/3/25 16:43:17 -  http://localhost:62443 




 记录时间：2018-03-25 16:43:25,352 
日志级别：  INFO  
出错类：Himall.PaymentPlugin.PaymentBase`1[T].set_WorkDirectory  
错误描述：set WorkDirectory:Himall.Plugin.Payment.Alipay.Service 




 记录时间：2018-03-25 16:43:25,368 
日志级别：  INFO  
出错类：Himall.PaymentPlugin.PaymentBase`1[T].set_WorkDirectory  
错误描述：set WorkDirectory:Himall.Plugin.Payment.Alipay_App.Service 




 记录时间：2018-03-25 16:43:25,386 
日志级别：  INFO  
出错类：Himall.PaymentPlugin.PaymentBase`1[T].set_WorkDirectory  
错误描述：set WorkDirectory:Himall.Plugin.Payment.Alipay_WAP.Service 




 记录时间：2018-03-25 16:43:25,403 
日志级别：  INFO  
出错类：Himall.PaymentPlugin.PaymentBase`1[T].set_WorkDirectory  
错误描述：set WorkDirectory:Himall.Plugin.Payment.UnionPay.UnionPay 




 记录时间：2018-03-25 16:43:25,417 
日志级别：  INFO  
出错类：Himall.PaymentPlugin.PaymentBase`1[T].set_WorkDirectory  
错误描述：set WorkDirectory:Himall.Plugin.Payment.WeiXinPay.Service 




 记录时间：2018-03-25 16:43:25,434 
日志级别：  INFO  
出错类：Himall.PaymentPlugin.PaymentBase`1[T].set_WorkDirectory  
错误描述：set WorkDirectory:Himall.Plugin.Payment.WeiXinPay_App.Service 




 记录时间：2018-03-25 16:43:25,456 
日志级别：  INFO  
出错类：Himall.PaymentPlugin.PaymentBase`1[T].set_WorkDirectory  
错误描述：set WorkDirectory:Himall.Plugin.Payment.WeiXinPay_H5.Service 




 记录时间：2018-03-25 16:43:25,503 
日志级别：  INFO  
出错类：Himall.PaymentPlugin.PaymentBase`1[T].set_WorkDirectory  
错误描述：set WorkDirectory:Himall.Plugin.Payment.WeiXinPay_Native.WeiXinPay 




 记录时间：2018-03-25 16:43:25,525 
日志级别：  INFO  
出错类：Himall.PaymentPlugin.PaymentBase`1[T].set_WorkDirectory  
错误描述：set WorkDirectory:Himall.Plugin.Payment.WeiXinPay_O2OSmallProg.Service 




 记录时间：2018-03-25 16:43:25,539 
日志级别：  INFO  
出错类：Himall.PaymentPlugin.PaymentBase`1[T].set_WorkDirectory  
错误描述：set WorkDirectory:Himall.Plugin.Payment.WeiXinPay_SmallProg.Service 




 记录时间：2018-03-25 17:04:20,211 
日志级别：  INFO  
出错类：Himall.Web.MvcApplication.Application_End  
错误描述：2018/3/25 17:04:20 -  http://localhost:62443 




 记录时间：2018-03-25 17:04:29,071 
日志级别：  INFO  
出错类：Himall.PaymentPlugin.PaymentBase`1[T].set_WorkDirectory  
错误描述：set WorkDirectory:Himall.Plugin.Payment.Alipay.Service 




 记录时间：2018-03-25 17:04:29,081 
日志级别：  INFO  
出错类：Himall.PaymentPlugin.PaymentBase`1[T].set_WorkDirectory  
错误描述：set WorkDirectory:Himall.Plugin.Payment.Alipay_App.Service 




 记录时间：2018-03-25 17:04:29,101 
日志级别：  INFO  
出错类：Himall.PaymentPlugin.PaymentBase`1[T].set_WorkDirectory  
错误描述：set WorkDirectory:Himall.Plugin.Payment.Alipay_WAP.Service 




 记录时间：2018-03-25 17:04:29,118 
日志级别：  INFO  
出错类：Himall.PaymentPlugin.PaymentBase`1[T].set_WorkDirectory  
错误描述：set WorkDirectory:Himall.Plugin.Payment.UnionPay.UnionPay 




 记录时间：2018-03-25 17:04:29,128 
日志级别：  INFO  
出错类：Himall.PaymentPlugin.PaymentBase`1[T].set_WorkDirectory  
错误描述：set WorkDirectory:Himall.Plugin.Payment.WeiXinPay.Service 




 记录时间：2018-03-25 17:04:29,149 
日志级别：  INFO  
出错类：Himall.PaymentPlugin.PaymentBase`1[T].set_WorkDirectory  
错误描述：set WorkDirectory:Himall.Plugin.Payment.WeiXinPay_App.Service 




 记录时间：2018-03-25 17:04:29,155 
日志级别：  INFO  
出错类：Himall.PaymentPlugin.PaymentBase`1[T].set_WorkDirectory  
错误描述：set WorkDirectory:Himall.Plugin.Payment.WeiXinPay_H5.Service 




 记录时间：2018-03-25 17:04:29,162 
日志级别：  INFO  
出错类：Himall.PaymentPlugin.PaymentBase`1[T].set_WorkDirectory  
错误描述：set WorkDirectory:Himall.Plugin.Payment.WeiXinPay_Native.WeiXinPay 




 记录时间：2018-03-25 17:04:29,175 
日志级别：  INFO  
出错类：Himall.PaymentPlugin.PaymentBase`1[T].set_WorkDirectory  
错误描述：set WorkDirectory:Himall.Plugin.Payment.WeiXinPay_O2OSmallProg.Service 




 记录时间：2018-03-25 17:04:29,185 
日志级别：  INFO  
出错类：Himall.PaymentPlugin.PaymentBase`1[T].set_WorkDirectory  
错误描述：set WorkDirectory:Himall.Plugin.Payment.WeiXinPay_SmallProg.Service 




 记录时间：2018-03-25 17:25:23,353 
日志级别：  INFO  
出错类：Himall.Web.MvcApplication.Application_End  
错误描述：2018/3/25 17:25:23 -  http://localhost:62443 




 记录时间：2018-03-25 17:25:31,335 
日志级别：  INFO  
出错类：Himall.PaymentPlugin.PaymentBase`1[T].set_WorkDirectory  
错误描述：set WorkDirectory:Himall.Plugin.Payment.Alipay.Service 




 记录时间：2018-03-25 17:25:31,343 
日志级别：  INFO  
出错类：Himall.PaymentPlugin.PaymentBase`1[T].set_WorkDirectory  
错误描述：set WorkDirectory:Himall.Plugin.Payment.Alipay_App.Service 




 记录时间：2018-03-25 17:25:31,351 
日志级别：  INFO  
出错类：Himall.PaymentPlugin.PaymentBase`1[T].set_WorkDirectory  
错误描述：set WorkDirectory:Himall.Plugin.Payment.Alipay_WAP.Service 




 记录时间：2018-03-25 17:25:31,359 
日志级别：  INFO  
出错类：Himall.PaymentPlugin.PaymentBase`1[T].set_WorkDirectory  
错误描述：set WorkDirectory:Himall.Plugin.Payment.UnionPay.UnionPay 




 记录时间：2018-03-25 17:25:31,376 
日志级别：  INFO  
出错类：Himall.PaymentPlugin.PaymentBase`1[T].set_WorkDirectory  
错误描述：set WorkDirectory:Himall.Plugin.Payment.WeiXinPay.Service 




 记录时间：2018-03-25 17:25:31,393 
日志级别：  INFO  
出错类：Himall.PaymentPlugin.PaymentBase`1[T].set_WorkDirectory  
错误描述：set WorkDirectory:Himall.Plugin.Payment.WeiXinPay_App.Service 




 记录时间：2018-03-25 17:25:31,412 
日志级别：  INFO  
出错类：Himall.PaymentPlugin.PaymentBase`1[T].set_WorkDirectory  
错误描述：set WorkDirectory:Himall.Plugin.Payment.WeiXinPay_H5.Service 




 记录时间：2018-03-25 17:25:31,426 
日志级别：  INFO  
出错类：Himall.PaymentPlugin.PaymentBase`1[T].set_WorkDirectory  
错误描述：set WorkDirectory:Himall.Plugin.Payment.WeiXinPay_Native.WeiXinPay 




 记录时间：2018-03-25 17:25:31,437 
日志级别：  INFO  
出错类：Himall.PaymentPlugin.PaymentBase`1[T].set_WorkDirectory  
错误描述：set WorkDirectory:Himall.Plugin.Payment.WeiXinPay_O2OSmallProg.Service 




 记录时间：2018-03-25 17:25:31,444 
日志级别：  INFO  
出错类：Himall.PaymentPlugin.PaymentBase`1[T].set_WorkDirectory  
错误描述：set WorkDirectory:Himall.Plugin.Payment.WeiXinPay_SmallProg.Service 




 记录时间：2018-03-25 17:46:26,275 
日志级别：  INFO  
出错类：Himall.Web.MvcApplication.Application_End  
错误描述：2018/3/25 17:46:26 -  http://localhost:62443 




 记录时间：2018-03-25 17:46:33,327 
日志级别：  INFO  
出错类：Himall.PaymentPlugin.PaymentBase`1[T].set_WorkDirectory  
错误描述：set WorkDirectory:Himall.Plugin.Payment.Alipay.Service 




 记录时间：2018-03-25 17:46:33,334 
日志级别：  INFO  
出错类：Himall.PaymentPlugin.PaymentBase`1[T].set_WorkDirectory  
错误描述：set WorkDirectory:Himall.Plugin.Payment.Alipay_App.Service 




 记录时间：2018-03-25 17:46:33,341 
日志级别：  INFO  
出错类：Himall.PaymentPlugin.PaymentBase`1[T].set_WorkDirectory  
错误描述：set WorkDirectory:Himall.Plugin.Payment.Alipay_WAP.Service 




 记录时间：2018-03-25 17:46:33,348 
日志级别：  INFO  
出错类：Himall.PaymentPlugin.PaymentBase`1[T].set_WorkDirectory  
错误描述：set WorkDirectory:Himall.Plugin.Payment.UnionPay.UnionPay 




 记录时间：2018-03-25 17:46:33,360 
日志级别：  INFO  
出错类：Himall.PaymentPlugin.PaymentBase`1[T].set_WorkDirectory  
错误描述：set WorkDirectory:Himall.Plugin.Payment.WeiXinPay.Service 




 记录时间：2018-03-25 17:46:33,366 
日志级别：  INFO  
出错类：Himall.PaymentPlugin.PaymentBase`1[T].set_WorkDirectory  
错误描述：set WorkDirectory:Himall.Plugin.Payment.WeiXinPay_App.Service 




 记录时间：2018-03-25 17:46:33,374 
日志级别：  INFO  
出错类：Himall.PaymentPlugin.PaymentBase`1[T].set_WorkDirectory  
错误描述：set WorkDirectory:Himall.Plugin.Payment.WeiXinPay_H5.Service 




 记录时间：2018-03-25 17:46:33,385 
日志级别：  INFO  
出错类：Himall.PaymentPlugin.PaymentBase`1[T].set_WorkDirectory  
错误描述：set WorkDirectory:Himall.Plugin.Payment.WeiXinPay_Native.WeiXinPay 




 记录时间：2018-03-25 17:46:33,399 
日志级别：  INFO  
出错类：Himall.PaymentPlugin.PaymentBase`1[T].set_WorkDirectory  
错误描述：set WorkDirectory:Himall.Plugin.Payment.WeiXinPay_O2OSmallProg.Service 




 记录时间：2018-03-25 17:46:33,411 
日志级别：  INFO  
出错类：Himall.PaymentPlugin.PaymentBase`1[T].set_WorkDirectory  
错误描述：set WorkDirectory:Himall.Plugin.Payment.WeiXinPay_SmallProg.Service 




 记录时间：2018-03-25 18:07:29,230 
日志级别：  INFO  
出错类：Himall.Web.MvcApplication.Application_End  
错误描述：2018/3/25 18:07:29 -  http://localhost:62443 




 记录时间：2018-03-25 18:07:36,656 
日志级别：  INFO  
出错类：Himall.PaymentPlugin.PaymentBase`1[T].set_WorkDirectory  
错误描述：set WorkDirectory:Himall.Plugin.Payment.Alipay.Service 




 记录时间：2018-03-25 18:07:36,663 
日志级别：  INFO  
出错类：Himall.PaymentPlugin.PaymentBase`1[T].set_WorkDirectory  
错误描述：set WorkDirectory:Himall.Plugin.Payment.Alipay_App.Service 




 记录时间：2018-03-25 18:07:36,671 
日志级别：  INFO  
出错类：Himall.PaymentPlugin.PaymentBase`1[T].set_WorkDirectory  
错误描述：set WorkDirectory:Himall.Plugin.Payment.Alipay_WAP.Service 




 记录时间：2018-03-25 18:07:36,677 
日志级别：  INFO  
出错类：Himall.PaymentPlugin.PaymentBase`1[T].set_WorkDirectory  
错误描述：set WorkDirectory:Himall.Plugin.Payment.UnionPay.UnionPay 




 记录时间：2018-03-25 18:07:36,691 
日志级别：  INFO  
出错类：Himall.PaymentPlugin.PaymentBase`1[T].set_WorkDirectory  
错误描述：set WorkDirectory:Himall.Plugin.Payment.WeiXinPay.Service 




 记录时间：2018-03-25 18:07:36,708 
日志级别：  INFO  
出错类：Himall.PaymentPlugin.PaymentBase`1[T].set_WorkDirectory  
错误描述：set WorkDirectory:Himall.Plugin.Payment.WeiXinPay_App.Service 




 记录时间：2018-03-25 18:07:36,717 
日志级别：  INFO  
出错类：Himall.PaymentPlugin.PaymentBase`1[T].set_WorkDirectory  
错误描述：set WorkDirectory:Himall.Plugin.Payment.WeiXinPay_H5.Service 




 记录时间：2018-03-25 18:07:36,729 
日志级别：  INFO  
出错类：Himall.PaymentPlugin.PaymentBase`1[T].set_WorkDirectory  
错误描述：set WorkDirectory:Himall.Plugin.Payment.WeiXinPay_Native.WeiXinPay 




 记录时间：2018-03-25 18:07:36,736 
日志级别：  INFO  
出错类：Himall.PaymentPlugin.PaymentBase`1[T].set_WorkDirectory  
错误描述：set WorkDirectory:Himall.Plugin.Payment.WeiXinPay_O2OSmallProg.Service 




 记录时间：2018-03-25 18:07:36,744 
日志级别：  INFO  
出错类：Himall.PaymentPlugin.PaymentBase`1[T].set_WorkDirectory  
错误描述：set WorkDirectory:Himall.Plugin.Payment.WeiXinPay_SmallProg.Service 




 记录时间：2018-03-25 18:28:32,043 
日志级别：  INFO  
出错类：Himall.Web.MvcApplication.Application_End  
错误描述：2018/3/25 18:28:32 -  http://localhost:62443 




 记录时间：2018-03-25 18:28:37,280 
日志级别：  INFO  
出错类：Himall.PaymentPlugin.PaymentBase`1[T].set_WorkDirectory  
错误描述：set WorkDirectory:Himall.Plugin.Payment.Alipay.Service 




 记录时间：2018-03-25 18:28:37,287 
日志级别：  INFO  
出错类：Himall.PaymentPlugin.PaymentBase`1[T].set_WorkDirectory  
错误描述：set WorkDirectory:Himall.Plugin.Payment.Alipay_App.Service 




 记录时间：2018-03-25 18:28:37,295 
日志级别：  INFO  
出错类：Himall.PaymentPlugin.PaymentBase`1[T].set_WorkDirectory  
错误描述：set WorkDirectory:Himall.Plugin.Payment.Alipay_WAP.Service 




 记录时间：2018-03-25 18:28:37,302 
日志级别：  INFO  
出错类：Himall.PaymentPlugin.PaymentBase`1[T].set_WorkDirectory  
错误描述：set WorkDirectory:Himall.Plugin.Payment.UnionPay.UnionPay 




 记录时间：2018-03-25 18:28:37,311 
日志级别：  INFO  
出错类：Himall.PaymentPlugin.PaymentBase`1[T].set_WorkDirectory  
错误描述：set WorkDirectory:Himall.Plugin.Payment.WeiXinPay.Service 




 记录时间：2018-03-25 18:28:37,319 
日志级别：  INFO  
出错类：Himall.PaymentPlugin.PaymentBase`1[T].set_WorkDirectory  
错误描述：set WorkDirectory:Himall.Plugin.Payment.WeiXinPay_App.Service 




 记录时间：2018-03-25 18:28:37,326 
日志级别：  INFO  
出错类：Himall.PaymentPlugin.PaymentBase`1[T].set_WorkDirectory  
错误描述：set WorkDirectory:Himall.Plugin.Payment.WeiXinPay_H5.Service 




 记录时间：2018-03-25 18:28:37,333 
日志级别：  INFO  
出错类：Himall.PaymentPlugin.PaymentBase`1[T].set_WorkDirectory  
错误描述：set WorkDirectory:Himall.Plugin.Payment.WeiXinPay_Native.WeiXinPay 




 记录时间：2018-03-25 18:28:37,341 
日志级别：  INFO  
出错类：Himall.PaymentPlugin.PaymentBase`1[T].set_WorkDirectory  
错误描述：set WorkDirectory:Himall.Plugin.Payment.WeiXinPay_O2OSmallProg.Service 




 记录时间：2018-03-25 18:28:37,348 
日志级别：  INFO  
出错类：Himall.PaymentPlugin.PaymentBase`1[T].set_WorkDirectory  
错误描述：set WorkDirectory:Himall.Plugin.Payment.WeiXinPay_SmallProg.Service 




 记录时间：2018-03-25 18:49:34,679 
日志级别：  INFO  
出错类：Himall.Web.MvcApplication.Application_End  
错误描述：2018/3/25 18:49:34 -  http://localhost:62443 




 记录时间：2018-03-25 18:49:40,186 
日志级别：  INFO  
出错类：Himall.PaymentPlugin.PaymentBase`1[T].set_WorkDirectory  
错误描述：set WorkDirectory:Himall.Plugin.Payment.Alipay.Service 




 记录时间：2018-03-25 18:49:40,193 
日志级别：  INFO  
出错类：Himall.PaymentPlugin.PaymentBase`1[T].set_WorkDirectory  
错误描述：set WorkDirectory:Himall.Plugin.Payment.Alipay_App.Service 




 记录时间：2018-03-25 18:49:40,199 
日志级别：  INFO  
出错类：Himall.PaymentPlugin.PaymentBase`1[T].set_WorkDirectory  
错误描述：set WorkDirectory:Himall.Plugin.Payment.Alipay_WAP.Service 




 记录时间：2018-03-25 18:49:40,206 
日志级别：  INFO  
出错类：Himall.PaymentPlugin.PaymentBase`1[T].set_WorkDirectory  
错误描述：set WorkDirectory:Himall.Plugin.Payment.UnionPay.UnionPay 




 记录时间：2018-03-25 18:49:40,213 
日志级别：  INFO  
出错类：Himall.PaymentPlugin.PaymentBase`1[T].set_WorkDirectory  
错误描述：set WorkDirectory:Himall.Plugin.Payment.WeiXinPay.Service 




 记录时间：2018-03-25 18:49:40,219 
日志级别：  INFO  
出错类：Himall.PaymentPlugin.PaymentBase`1[T].set_WorkDirectory  
错误描述：set WorkDirectory:Himall.Plugin.Payment.WeiXinPay_App.Service 




 记录时间：2018-03-25 18:49:40,226 
日志级别：  INFO  
出错类：Himall.PaymentPlugin.PaymentBase`1[T].set_WorkDirectory  
错误描述：set WorkDirectory:Himall.Plugin.Payment.WeiXinPay_H5.Service 




 记录时间：2018-03-25 18:49:40,232 
日志级别：  INFO  
出错类：Himall.PaymentPlugin.PaymentBase`1[T].set_WorkDirectory  
错误描述：set WorkDirectory:Himall.Plugin.Payment.WeiXinPay_Native.WeiXinPay 




 记录时间：2018-03-25 18:49:40,238 
日志级别：  INFO  
出错类：Himall.PaymentPlugin.PaymentBase`1[T].set_WorkDirectory  
错误描述：set WorkDirectory:Himall.Plugin.Payment.WeiXinPay_O2OSmallProg.Service 




 记录时间：2018-03-25 18:49:40,245 
日志级别：  INFO  
出错类：Himall.PaymentPlugin.PaymentBase`1[T].set_WorkDirectory  
错误描述：set WorkDirectory:Himall.Plugin.Payment.WeiXinPay_SmallProg.Service 




 记录时间：2018-03-25 19:10:37,485 
日志级别：  INFO  
出错类：Himall.Web.MvcApplication.Application_End  
错误描述：2018/3/25 19:10:37 -  http://localhost:62443 




 记录时间：2018-03-25 19:10:42,980 
日志级别：  INFO  
出错类：Himall.PaymentPlugin.PaymentBase`1[T].set_WorkDirectory  
错误描述：set WorkDirectory:Himall.Plugin.Payment.Alipay.Service 




 记录时间：2018-03-25 19:10:42,986 
日志级别：  INFO  
出错类：Himall.PaymentPlugin.PaymentBase`1[T].set_WorkDirectory  
错误描述：set WorkDirectory:Himall.Plugin.Payment.Alipay_App.Service 




 记录时间：2018-03-25 19:10:42,994 
日志级别：  INFO  
出错类：Himall.PaymentPlugin.PaymentBase`1[T].set_WorkDirectory  
错误描述：set WorkDirectory:Himall.Plugin.Payment.Alipay_WAP.Service 




 记录时间：2018-03-25 19:10:43,000 
日志级别：  INFO  
出错类：Himall.PaymentPlugin.PaymentBase`1[T].set_WorkDirectory  
错误描述：set WorkDirectory:Himall.Plugin.Payment.UnionPay.UnionPay 




 记录时间：2018-03-25 19:10:43,007 
日志级别：  INFO  
出错类：Himall.PaymentPlugin.PaymentBase`1[T].set_WorkDirectory  
错误描述：set WorkDirectory:Himall.Plugin.Payment.WeiXinPay.Service 




 记录时间：2018-03-25 19:10:43,014 
日志级别：  INFO  
出错类：Himall.PaymentPlugin.PaymentBase`1[T].set_WorkDirectory  
错误描述：set WorkDirectory:Himall.Plugin.Payment.WeiXinPay_App.Service 




 记录时间：2018-03-25 19:10:43,021 
日志级别：  INFO  
出错类：Himall.PaymentPlugin.PaymentBase`1[T].set_WorkDirectory  
错误描述：set WorkDirectory:Himall.Plugin.Payment.WeiXinPay_H5.Service 




 记录时间：2018-03-25 19:10:43,028 
日志级别：  INFO  
出错类：Himall.PaymentPlugin.PaymentBase`1[T].set_WorkDirectory  
错误描述：set WorkDirectory:Himall.Plugin.Payment.WeiXinPay_Native.WeiXinPay 




 记录时间：2018-03-25 19:10:43,034 
日志级别：  INFO  
出错类：Himall.PaymentPlugin.PaymentBase`1[T].set_WorkDirectory  
错误描述：set WorkDirectory:Himall.Plugin.Payment.WeiXinPay_O2OSmallProg.Service 




 记录时间：2018-03-25 19:10:43,041 
日志级别：  INFO  
出错类：Himall.PaymentPlugin.PaymentBase`1[T].set_WorkDirectory  
错误描述：set WorkDirectory:Himall.Plugin.Payment.WeiXinPay_SmallProg.Service 




 记录时间：2018-03-25 19:31:40,275 
日志级别：  INFO  
出错类：Himall.Web.MvcApplication.Application_End  
错误描述：2018/3/25 19:31:40 -  http://localhost:62443 




 记录时间：2018-03-25 19:31:45,237 
日志级别：  INFO  
出错类：Himall.PaymentPlugin.PaymentBase`1[T].set_WorkDirectory  
错误描述：set WorkDirectory:Himall.Plugin.Payment.Alipay.Service 




 记录时间：2018-03-25 19:31:45,244 
日志级别：  INFO  
出错类：Himall.PaymentPlugin.PaymentBase`1[T].set_WorkDirectory  
错误描述：set WorkDirectory:Himall.Plugin.Payment.Alipay_App.Service 




 记录时间：2018-03-25 19:31:45,251 
日志级别：  INFO  
出错类：Himall.PaymentPlugin.PaymentBase`1[T].set_WorkDirectory  
错误描述：set WorkDirectory:Himall.Plugin.Payment.Alipay_WAP.Service 




 记录时间：2018-03-25 19:31:45,259 
日志级别：  INFO  
出错类：Himall.PaymentPlugin.PaymentBase`1[T].set_WorkDirectory  
错误描述：set WorkDirectory:Himall.Plugin.Payment.UnionPay.UnionPay 




 记录时间：2018-03-25 19:31:45,266 
日志级别：  INFO  
出错类：Himall.PaymentPlugin.PaymentBase`1[T].set_WorkDirectory  
错误描述：set WorkDirectory:Himall.Plugin.Payment.WeiXinPay.Service 




 记录时间：2018-03-25 19:31:45,272 
日志级别：  INFO  
出错类：Himall.PaymentPlugin.PaymentBase`1[T].set_WorkDirectory  
错误描述：set WorkDirectory:Himall.Plugin.Payment.WeiXinPay_App.Service 




 记录时间：2018-03-25 19:31:45,279 
日志级别：  INFO  
出错类：Himall.PaymentPlugin.PaymentBase`1[T].set_WorkDirectory  
错误描述：set WorkDirectory:Himall.Plugin.Payment.WeiXinPay_H5.Service 




 记录时间：2018-03-25 19:31:45,286 
日志级别：  INFO  
出错类：Himall.PaymentPlugin.PaymentBase`1[T].set_WorkDirectory  
错误描述：set WorkDirectory:Himall.Plugin.Payment.WeiXinPay_Native.WeiXinPay 




 记录时间：2018-03-25 19:31:45,293 
日志级别：  INFO  
出错类：Himall.PaymentPlugin.PaymentBase`1[T].set_WorkDirectory  
错误描述：set WorkDirectory:Himall.Plugin.Payment.WeiXinPay_O2OSmallProg.Service 




 记录时间：2018-03-25 19:31:45,300 
日志级别：  INFO  
出错类：Himall.PaymentPlugin.PaymentBase`1[T].set_WorkDirectory  
错误描述：set WorkDirectory:Himall.Plugin.Payment.WeiXinPay_SmallProg.Service 




 记录时间：2018-03-25 19:52:42,858 
日志级别：  INFO  
出错类：Himall.Web.MvcApplication.Application_End  
错误描述：2018/3/25 19:52:42 -  http://localhost:62443 




 记录时间：2018-03-25 19:52:47,962 
日志级别：  INFO  
出错类：Himall.PaymentPlugin.PaymentBase`1[T].set_WorkDirectory  
错误描述：set WorkDirectory:Himall.Plugin.Payment.Alipay.Service 




 记录时间：2018-03-25 19:52:47,969 
日志级别：  INFO  
出错类：Himall.PaymentPlugin.PaymentBase`1[T].set_WorkDirectory  
错误描述：set WorkDirectory:Himall.Plugin.Payment.Alipay_App.Service 




 记录时间：2018-03-25 19:52:47,975 
日志级别：  INFO  
出错类：Himall.PaymentPlugin.PaymentBase`1[T].set_WorkDirectory  
错误描述：set WorkDirectory:Himall.Plugin.Payment.Alipay_WAP.Service 




 记录时间：2018-03-25 19:52:47,982 
日志级别：  INFO  
出错类：Himall.PaymentPlugin.PaymentBase`1[T].set_WorkDirectory  
错误描述：set WorkDirectory:Himall.Plugin.Payment.UnionPay.UnionPay 




 记录时间：2018-03-25 19:52:47,988 
日志级别：  INFO  
出错类：Himall.PaymentPlugin.PaymentBase`1[T].set_WorkDirectory  
错误描述：set WorkDirectory:Himall.Plugin.Payment.WeiXinPay.Service 




 记录时间：2018-03-25 19:52:47,995 
日志级别：  INFO  
出错类：Himall.PaymentPlugin.PaymentBase`1[T].set_WorkDirectory  
错误描述：set WorkDirectory:Himall.Plugin.Payment.WeiXinPay_App.Service 




 记录时间：2018-03-25 19:52:48,002 
日志级别：  INFO  
出错类：Himall.PaymentPlugin.PaymentBase`1[T].set_WorkDirectory  
错误描述：set WorkDirectory:Himall.Plugin.Payment.WeiXinPay_H5.Service 




 记录时间：2018-03-25 19:52:48,008 
日志级别：  INFO  
出错类：Himall.PaymentPlugin.PaymentBase`1[T].set_WorkDirectory  
错误描述：set WorkDirectory:Himall.Plugin.Payment.WeiXinPay_Native.WeiXinPay 




 记录时间：2018-03-25 19:52:48,015 
日志级别：  INFO  
出错类：Himall.PaymentPlugin.PaymentBase`1[T].set_WorkDirectory  
错误描述：set WorkDirectory:Himall.Plugin.Payment.WeiXinPay_O2OSmallProg.Service 




 记录时间：2018-03-25 19:52:48,022 
日志级别：  INFO  
出错类：Himall.PaymentPlugin.PaymentBase`1[T].set_WorkDirectory  
错误描述：set WorkDirectory:Himall.Plugin.Payment.WeiXinPay_SmallProg.Service 




 记录时间：2018-03-25 20:13:45,393 
日志级别：  INFO  
出错类：Himall.Web.MvcApplication.Application_End  
错误描述：2018/3/25 20:13:45 -  http://localhost:62443 




 记录时间：2018-03-25 20:13:50,733 
日志级别：  INFO  
出错类：Himall.PaymentPlugin.PaymentBase`1[T].set_WorkDirectory  
错误描述：set WorkDirectory:Himall.Plugin.Payment.Alipay.Service 




 记录时间：2018-03-25 20:13:50,741 
日志级别：  INFO  
出错类：Himall.PaymentPlugin.PaymentBase`1[T].set_WorkDirectory  
错误描述：set WorkDirectory:Himall.Plugin.Payment.Alipay_App.Service 




 记录时间：2018-03-25 20:13:50,748 
日志级别：  INFO  
出错类：Himall.PaymentPlugin.PaymentBase`1[T].set_WorkDirectory  
错误描述：set WorkDirectory:Himall.Plugin.Payment.Alipay_WAP.Service 




 记录时间：2018-03-25 20:13:50,756 
日志级别：  INFO  
出错类：Himall.PaymentPlugin.PaymentBase`1[T].set_WorkDirectory  
错误描述：set WorkDirectory:Himall.Plugin.Payment.UnionPay.UnionPay 




 记录时间：2018-03-25 20:13:50,764 
日志级别：  INFO  
出错类：Himall.PaymentPlugin.PaymentBase`1[T].set_WorkDirectory  
错误描述：set WorkDirectory:Himall.Plugin.Payment.WeiXinPay.Service 




 记录时间：2018-03-25 20:13:50,772 
日志级别：  INFO  
出错类：Himall.PaymentPlugin.PaymentBase`1[T].set_WorkDirectory  
错误描述：set WorkDirectory:Himall.Plugin.Payment.WeiXinPay_App.Service 




 记录时间：2018-03-25 20:13:50,781 
日志级别：  INFO  
出错类：Himall.PaymentPlugin.PaymentBase`1[T].set_WorkDirectory  
错误描述：set WorkDirectory:Himall.Plugin.Payment.WeiXinPay_H5.Service 




 记录时间：2018-03-25 20:13:50,789 
日志级别：  INFO  
出错类：Himall.PaymentPlugin.PaymentBase`1[T].set_WorkDirectory  
错误描述：set WorkDirectory:Himall.Plugin.Payment.WeiXinPay_Native.WeiXinPay 




 记录时间：2018-03-25 20:13:50,797 
日志级别：  INFO  
出错类：Himall.PaymentPlugin.PaymentBase`1[T].set_WorkDirectory  
错误描述：set WorkDirectory:Himall.Plugin.Payment.WeiXinPay_O2OSmallProg.Service 




 记录时间：2018-03-25 20:13:50,804 
日志级别：  INFO  
出错类：Himall.PaymentPlugin.PaymentBase`1[T].set_WorkDirectory  
错误描述：set WorkDirectory:Himall.Plugin.Payment.WeiXinPay_SmallProg.Service 




 记录时间：2018-03-25 20:34:48,163 
日志级别：  INFO  
出错类：Himall.Web.MvcApplication.Application_End  
错误描述：2018/3/25 20:34:48 -  http://localhost:62443 




 记录时间：2018-03-25 20:34:53,218 
日志级别：  INFO  
出错类：Himall.PaymentPlugin.PaymentBase`1[T].set_WorkDirectory  
错误描述：set WorkDirectory:Himall.Plugin.Payment.Alipay.Service 




 记录时间：2018-03-25 20:34:53,225 
日志级别：  INFO  
出错类：Himall.PaymentPlugin.PaymentBase`1[T].set_WorkDirectory  
错误描述：set WorkDirectory:Himall.Plugin.Payment.Alipay_App.Service 




 记录时间：2018-03-25 20:34:53,232 
日志级别：  INFO  
出错类：Himall.PaymentPlugin.PaymentBase`1[T].set_WorkDirectory  
错误描述：set WorkDirectory:Himall.Plugin.Payment.Alipay_WAP.Service 




 记录时间：2018-03-25 20:34:53,239 
日志级别：  INFO  
出错类：Himall.PaymentPlugin.PaymentBase`1[T].set_WorkDirectory  
错误描述：set WorkDirectory:Himall.Plugin.Payment.UnionPay.UnionPay 




 记录时间：2018-03-25 20:34:53,247 
日志级别：  INFO  
出错类：Himall.PaymentPlugin.PaymentBase`1[T].set_WorkDirectory  
错误描述：set WorkDirectory:Himall.Plugin.Payment.WeiXinPay.Service 




 记录时间：2018-03-25 20:34:53,255 
日志级别：  INFO  
出错类：Himall.PaymentPlugin.PaymentBase`1[T].set_WorkDirectory  
错误描述：set WorkDirectory:Himall.Plugin.Payment.WeiXinPay_App.Service 




 记录时间：2018-03-25 20:34:53,263 
日志级别：  INFO  
出错类：Himall.PaymentPlugin.PaymentBase`1[T].set_WorkDirectory  
错误描述：set WorkDirectory:Himall.Plugin.Payment.WeiXinPay_H5.Service 




 记录时间：2018-03-25 20:34:53,271 
日志级别：  INFO  
出错类：Himall.PaymentPlugin.PaymentBase`1[T].set_WorkDirectory  
错误描述：set WorkDirectory:Himall.Plugin.Payment.WeiXinPay_Native.WeiXinPay 




 记录时间：2018-03-25 20:34:53,278 
日志级别：  INFO  
出错类：Himall.PaymentPlugin.PaymentBase`1[T].set_WorkDirectory  
错误描述：set WorkDirectory:Himall.Plugin.Payment.WeiXinPay_O2OSmallProg.Service 




 记录时间：2018-03-25 20:34:53,286 
日志级别：  INFO  
出错类：Himall.PaymentPlugin.PaymentBase`1[T].set_WorkDirectory  
错误描述：set WorkDirectory:Himall.Plugin.Payment.WeiXinPay_SmallProg.Service 




 记录时间：2018-03-25 20:55:50,720 
日志级别：  INFO  
出错类：Himall.Web.MvcApplication.Application_End  
错误描述：2018/3/25 20:55:50 -  http://localhost:62443 




 记录时间：2018-03-25 20:55:56,929 
日志级别：  INFO  
出错类：Himall.PaymentPlugin.PaymentBase`1[T].set_WorkDirectory  
错误描述：set WorkDirectory:Himall.Plugin.Payment.Alipay.Service 




 记录时间：2018-03-25 20:55:56,939 
日志级别：  INFO  
出错类：Himall.PaymentPlugin.PaymentBase`1[T].set_WorkDirectory  
错误描述：set WorkDirectory:Himall.Plugin.Payment.Alipay_App.Service 




 记录时间：2018-03-25 20:55:56,954 
日志级别：  INFO  
出错类：Himall.PaymentPlugin.PaymentBase`1[T].set_WorkDirectory  
错误描述：set WorkDirectory:Himall.Plugin.Payment.Alipay_WAP.Service 




 记录时间：2018-03-25 20:55:56,964 
日志级别：  INFO  
出错类：Himall.PaymentPlugin.PaymentBase`1[T].set_WorkDirectory  
错误描述：set WorkDirectory:Himall.Plugin.Payment.UnionPay.UnionPay 




 记录时间：2018-03-25 20:55:56,973 
日志级别：  INFO  
出错类：Himall.PaymentPlugin.PaymentBase`1[T].set_WorkDirectory  
错误描述：set WorkDirectory:Himall.Plugin.Payment.WeiXinPay.Service 




 记录时间：2018-03-25 20:55:56,981 
日志级别：  INFO  
出错类：Himall.PaymentPlugin.PaymentBase`1[T].set_WorkDirectory  
错误描述：set WorkDirectory:Himall.Plugin.Payment.WeiXinPay_App.Service 




 记录时间：2018-03-25 20:55:56,991 
日志级别：  INFO  
出错类：Himall.PaymentPlugin.PaymentBase`1[T].set_WorkDirectory  
错误描述：set WorkDirectory:Himall.Plugin.Payment.WeiXinPay_H5.Service 




 记录时间：2018-03-25 20:55:57,005 
日志级别：  INFO  
出错类：Himall.PaymentPlugin.PaymentBase`1[T].set_WorkDirectory  
错误描述：set WorkDirectory:Himall.Plugin.Payment.WeiXinPay_Native.WeiXinPay 




 记录时间：2018-03-25 20:55:57,015 
日志级别：  INFO  
出错类：Himall.PaymentPlugin.PaymentBase`1[T].set_WorkDirectory  
错误描述：set WorkDirectory:Himall.Plugin.Payment.WeiXinPay_O2OSmallProg.Service 




 记录时间：2018-03-25 20:55:57,023 
日志级别：  INFO  
出错类：Himall.PaymentPlugin.PaymentBase`1[T].set_WorkDirectory  
错误描述：set WorkDirectory:Himall.Plugin.Payment.WeiXinPay_SmallProg.Service 




 记录时间：2018-03-25 21:16:53,417 
日志级别：  INFO  
出错类：Himall.Web.MvcApplication.Application_End  
错误描述：2018/3/25 21:16:53 -  http://localhost:62443 




 记录时间：2018-03-25 21:16:59,798 
日志级别：  INFO  
出错类：Himall.PaymentPlugin.PaymentBase`1[T].set_WorkDirectory  
错误描述：set WorkDirectory:Himall.Plugin.Payment.Alipay.Service 




 记录时间：2018-03-25 21:16:59,807 
日志级别：  INFO  
出错类：Himall.PaymentPlugin.PaymentBase`1[T].set_WorkDirectory  
错误描述：set WorkDirectory:Himall.Plugin.Payment.Alipay_App.Service 




 记录时间：2018-03-25 21:16:59,866 
日志级别：  INFO  
出错类：Himall.PaymentPlugin.PaymentBase`1[T].set_WorkDirectory  
错误描述：set WorkDirectory:Himall.Plugin.Payment.Alipay_WAP.Service 




 记录时间：2018-03-25 21:16:59,874 
日志级别：  INFO  
出错类：Himall.PaymentPlugin.PaymentBase`1[T].set_WorkDirectory  
错误描述：set WorkDirectory:Himall.Plugin.Payment.UnionPay.UnionPay 




 记录时间：2018-03-25 21:16:59,889 
日志级别：  INFO  
出错类：Himall.PaymentPlugin.PaymentBase`1[T].set_WorkDirectory  
错误描述：set WorkDirectory:Himall.Plugin.Payment.WeiXinPay.Service 




 记录时间：2018-03-25 21:16:59,898 
日志级别：  INFO  
出错类：Himall.PaymentPlugin.PaymentBase`1[T].set_WorkDirectory  
错误描述：set WorkDirectory:Himall.Plugin.Payment.WeiXinPay_App.Service 




 记录时间：2018-03-25 21:16:59,908 
日志级别：  INFO  
出错类：Himall.PaymentPlugin.PaymentBase`1[T].set_WorkDirectory  
错误描述：set WorkDirectory:Himall.Plugin.Payment.WeiXinPay_H5.Service 




 记录时间：2018-03-25 21:16:59,924 
日志级别：  INFO  
出错类：Himall.PaymentPlugin.PaymentBase`1[T].set_WorkDirectory  
错误描述：set WorkDirectory:Himall.Plugin.Payment.WeiXinPay_Native.WeiXinPay 




 记录时间：2018-03-25 21:16:59,935 
日志级别：  INFO  
出错类：Himall.PaymentPlugin.PaymentBase`1[T].set_WorkDirectory  
错误描述：set WorkDirectory:Himall.Plugin.Payment.WeiXinPay_O2OSmallProg.Service 




 记录时间：2018-03-25 21:16:59,994 
日志级别：  INFO  
出错类：Himall.PaymentPlugin.PaymentBase`1[T].set_WorkDirectory  
错误描述：set WorkDirectory:Himall.Plugin.Payment.WeiXinPay_SmallProg.Service 




 记录时间：2018-03-25 21:37:56,198 
日志级别：  INFO  
出错类：Himall.Web.MvcApplication.Application_End  
错误描述：2018/3/25 21:37:56 -  http://localhost:62443 




 记录时间：2018-03-25 21:38:01,947 
日志级别：  INFO  
出错类：Himall.PaymentPlugin.PaymentBase`1[T].set_WorkDirectory  
错误描述：set WorkDirectory:Himall.Plugin.Payment.Alipay.Service 




 记录时间：2018-03-25 21:38:01,954 
日志级别：  INFO  
出错类：Himall.PaymentPlugin.PaymentBase`1[T].set_WorkDirectory  
错误描述：set WorkDirectory:Himall.Plugin.Payment.Alipay_App.Service 




 记录时间：2018-03-25 21:38:01,960 
日志级别：  INFO  
出错类：Himall.PaymentPlugin.PaymentBase`1[T].set_WorkDirectory  
错误描述：set WorkDirectory:Himall.Plugin.Payment.Alipay_WAP.Service 




 记录时间：2018-03-25 21:38:01,967 
日志级别：  INFO  
出错类：Himall.PaymentPlugin.PaymentBase`1[T].set_WorkDirectory  
错误描述：set WorkDirectory:Himall.Plugin.Payment.UnionPay.UnionPay 




 记录时间：2018-03-25 21:38:01,974 
日志级别：  INFO  
出错类：Himall.PaymentPlugin.PaymentBase`1[T].set_WorkDirectory  
错误描述：set WorkDirectory:Himall.Plugin.Payment.WeiXinPay.Service 




 记录时间：2018-03-25 21:38:01,980 
日志级别：  INFO  
出错类：Himall.PaymentPlugin.PaymentBase`1[T].set_WorkDirectory  
错误描述：set WorkDirectory:Himall.Plugin.Payment.WeiXinPay_App.Service 




 记录时间：2018-03-25 21:38:01,989 
日志级别：  INFO  
出错类：Himall.PaymentPlugin.PaymentBase`1[T].set_WorkDirectory  
错误描述：set WorkDirectory:Himall.Plugin.Payment.WeiXinPay_H5.Service 




 记录时间：2018-03-25 21:38:01,996 
日志级别：  INFO  
出错类：Himall.PaymentPlugin.PaymentBase`1[T].set_WorkDirectory  
错误描述：set WorkDirectory:Himall.Plugin.Payment.WeiXinPay_Native.WeiXinPay 




 记录时间：2018-03-25 21:38:02,003 
日志级别：  INFO  
出错类：Himall.PaymentPlugin.PaymentBase`1[T].set_WorkDirectory  
错误描述：set WorkDirectory:Himall.Plugin.Payment.WeiXinPay_O2OSmallProg.Service 




 记录时间：2018-03-25 21:38:02,010 
日志级别：  INFO  
出错类：Himall.PaymentPlugin.PaymentBase`1[T].set_WorkDirectory  
错误描述：set WorkDirectory:Himall.Plugin.Payment.WeiXinPay_SmallProg.Service 




 记录时间：2018-03-25 21:58:58,954 
日志级别：  INFO  
出错类：Himall.Web.MvcApplication.Application_End  
错误描述：2018/3/25 21:58:58 -  http://localhost:62443 




 记录时间：2018-03-25 21:59:09,426 
日志级别：  INFO  
出错类：Himall.PaymentPlugin.PaymentBase`1[T].set_WorkDirectory  
错误描述：set WorkDirectory:Himall.Plugin.Payment.Alipay.Service 




 记录时间：2018-03-25 21:59:09,451 
日志级别：  INFO  
出错类：Himall.PaymentPlugin.PaymentBase`1[T].set_WorkDirectory  
错误描述：set WorkDirectory:Himall.Plugin.Payment.Alipay_App.Service 




 记录时间：2018-03-25 21:59:09,466 
日志级别：  INFO  
出错类：Himall.PaymentPlugin.PaymentBase`1[T].set_WorkDirectory  
错误描述：set WorkDirectory:Himall.Plugin.Payment.Alipay_WAP.Service 




 记录时间：2018-03-25 21:59:09,483 
日志级别：  INFO  
出错类：Himall.PaymentPlugin.PaymentBase`1[T].set_WorkDirectory  
错误描述：set WorkDirectory:Himall.Plugin.Payment.UnionPay.UnionPay 




 记录时间：2018-03-25 21:59:09,507 
日志级别：  INFO  
出错类：Himall.PaymentPlugin.PaymentBase`1[T].set_WorkDirectory  
错误描述：set WorkDirectory:Himall.Plugin.Payment.WeiXinPay.Service 




 记录时间：2018-03-25 21:59:09,522 
日志级别：  INFO  
出错类：Himall.PaymentPlugin.PaymentBase`1[T].set_WorkDirectory  
错误描述：set WorkDirectory:Himall.Plugin.Payment.WeiXinPay_App.Service 




 记录时间：2018-03-25 21:59:09,536 
日志级别：  INFO  
出错类：Himall.PaymentPlugin.PaymentBase`1[T].set_WorkDirectory  
错误描述：set WorkDirectory:Himall.Plugin.Payment.WeiXinPay_H5.Service 




 记录时间：2018-03-25 21:59:09,549 
日志级别：  INFO  
出错类：Himall.PaymentPlugin.PaymentBase`1[T].set_WorkDirectory  
错误描述：set WorkDirectory:Himall.Plugin.Payment.WeiXinPay_Native.WeiXinPay 




 记录时间：2018-03-25 21:59:09,562 
日志级别：  INFO  
出错类：Himall.PaymentPlugin.PaymentBase`1[T].set_WorkDirectory  
错误描述：set WorkDirectory:Himall.Plugin.Payment.WeiXinPay_O2OSmallProg.Service 




 记录时间：2018-03-25 21:59:09,577 
日志级别：  INFO  
出错类：Himall.PaymentPlugin.PaymentBase`1[T].set_WorkDirectory  
错误描述：set WorkDirectory:Himall.Plugin.Payment.WeiXinPay_SmallProg.Service 




 记录时间：2018-03-25 22:20:02,034 
日志级别：  INFO  
出错类：Himall.Web.MvcApplication.Application_End  
错误描述：2018/3/25 22:20:02 -  http://localhost:62443 




 记录时间：2018-03-25 22:20:13,746 
日志级别：  INFO  
出错类：Himall.PaymentPlugin.PaymentBase`1[T].set_WorkDirectory  
错误描述：set WorkDirectory:Himall.Plugin.Payment.Alipay.Service 




 记录时间：2018-03-25 22:20:13,762 
日志级别：  INFO  
出错类：Himall.PaymentPlugin.PaymentBase`1[T].set_WorkDirectory  
错误描述：set WorkDirectory:Himall.Plugin.Payment.Alipay_App.Service 




 记录时间：2018-03-25 22:20:13,782 
日志级别：  INFO  
出错类：Himall.PaymentPlugin.PaymentBase`1[T].set_WorkDirectory  
错误描述：set WorkDirectory:Himall.Plugin.Payment.Alipay_WAP.Service 




 记录时间：2018-03-25 22:20:13,798 
日志级别：  INFO  
出错类：Himall.PaymentPlugin.PaymentBase`1[T].set_WorkDirectory  
错误描述：set WorkDirectory:Himall.Plugin.Payment.UnionPay.UnionPay 




 记录时间：2018-03-25 22:20:13,809 
日志级别：  INFO  
出错类：Himall.PaymentPlugin.PaymentBase`1[T].set_WorkDirectory  
错误描述：set WorkDirectory:Himall.Plugin.Payment.WeiXinPay.Service 




 记录时间：2018-03-25 22:20:13,825 
日志级别：  INFO  
出错类：Himall.PaymentPlugin.PaymentBase`1[T].set_WorkDirectory  
错误描述：set WorkDirectory:Himall.Plugin.Payment.WeiXinPay_App.Service 




 记录时间：2018-03-25 22:20:13,849 
日志级别：  INFO  
出错类：Himall.PaymentPlugin.PaymentBase`1[T].set_WorkDirectory  
错误描述：set WorkDirectory:Himall.Plugin.Payment.WeiXinPay_H5.Service 




 记录时间：2018-03-25 22:20:13,863 
日志级别：  INFO  
出错类：Himall.PaymentPlugin.PaymentBase`1[T].set_WorkDirectory  
错误描述：set WorkDirectory:Himall.Plugin.Payment.WeiXinPay_Native.WeiXinPay 




 记录时间：2018-03-25 22:20:13,882 
日志级别：  INFO  
出错类：Himall.PaymentPlugin.PaymentBase`1[T].set_WorkDirectory  
错误描述：set WorkDirectory:Himall.Plugin.Payment.WeiXinPay_O2OSmallProg.Service 




 记录时间：2018-03-25 22:20:13,909 
日志级别：  INFO  
出错类：Himall.PaymentPlugin.PaymentBase`1[T].set_WorkDirectory  
错误描述：set WorkDirectory:Himall.Plugin.Payment.WeiXinPay_SmallProg.Service 




 记录时间：2018-03-25 22:41:05,239 
日志级别：  INFO  
出错类：Himall.Web.MvcApplication.Application_End  
错误描述：2018/3/25 22:41:05 -  http://localhost:62443 




 记录时间：2018-03-25 22:41:17,465 
日志级别：  INFO  
出错类：Himall.PaymentPlugin.PaymentBase`1[T].set_WorkDirectory  
错误描述：set WorkDirectory:Himall.Plugin.Payment.Alipay.Service 




 记录时间：2018-03-25 22:41:17,473 
日志级别：  INFO  
出错类：Himall.PaymentPlugin.PaymentBase`1[T].set_WorkDirectory  
错误描述：set WorkDirectory:Himall.Plugin.Payment.Alipay_App.Service 




 记录时间：2018-03-25 22:41:17,482 
日志级别：  INFO  
出错类：Himall.PaymentPlugin.PaymentBase`1[T].set_WorkDirectory  
错误描述：set WorkDirectory:Himall.Plugin.Payment.Alipay_WAP.Service 




 记录时间：2018-03-25 22:41:17,489 
日志级别：  INFO  
出错类：Himall.PaymentPlugin.PaymentBase`1[T].set_WorkDirectory  
错误描述：set WorkDirectory:Himall.Plugin.Payment.UnionPay.UnionPay 




 记录时间：2018-03-25 22:41:17,500 
日志级别：  INFO  
出错类：Himall.PaymentPlugin.PaymentBase`1[T].set_WorkDirectory  
错误描述：set WorkDirectory:Himall.Plugin.Payment.WeiXinPay.Service 




 记录时间：2018-03-25 22:41:17,510 
日志级别：  INFO  
出错类：Himall.PaymentPlugin.PaymentBase`1[T].set_WorkDirectory  
错误描述：set WorkDirectory:Himall.Plugin.Payment.WeiXinPay_App.Service 




 记录时间：2018-03-25 22:41:17,527 
日志级别：  INFO  
出错类：Himall.PaymentPlugin.PaymentBase`1[T].set_WorkDirectory  
错误描述：set WorkDirectory:Himall.Plugin.Payment.WeiXinPay_H5.Service 




 记录时间：2018-03-25 22:41:17,534 
日志级别：  INFO  
出错类：Himall.PaymentPlugin.PaymentBase`1[T].set_WorkDirectory  
错误描述：set WorkDirectory:Himall.Plugin.Payment.WeiXinPay_Native.WeiXinPay 




 记录时间：2018-03-25 22:41:17,541 
日志级别：  INFO  
出错类：Himall.PaymentPlugin.PaymentBase`1[T].set_WorkDirectory  
错误描述：set WorkDirectory:Himall.Plugin.Payment.WeiXinPay_O2OSmallProg.Service 




 记录时间：2018-03-25 22:41:17,552 
日志级别：  INFO  
出错类：Himall.PaymentPlugin.PaymentBase`1[T].set_WorkDirectory  
错误描述：set WorkDirectory:Himall.Plugin.Payment.WeiXinPay_SmallProg.Service 




 记录时间：2018-03-25 23:02:08,888 
日志级别：  INFO  
出错类：Himall.Web.MvcApplication.Application_End  
错误描述：2018/3/25 23:02:08 -  http://localhost:62443 




 记录时间：2018-03-25 23:02:18,145 
日志级别：  INFO  
出错类：Himall.PaymentPlugin.PaymentBase`1[T].set_WorkDirectory  
错误描述：set WorkDirectory:Himall.Plugin.Payment.Alipay.Service 




 记录时间：2018-03-25 23:02:18,167 
日志级别：  INFO  
出错类：Himall.PaymentPlugin.PaymentBase`1[T].set_WorkDirectory  
错误描述：set WorkDirectory:Himall.Plugin.Payment.Alipay_App.Service 




 记录时间：2018-03-25 23:02:18,177 
日志级别：  INFO  
出错类：Himall.PaymentPlugin.PaymentBase`1[T].set_WorkDirectory  
错误描述：set WorkDirectory:Himall.Plugin.Payment.Alipay_WAP.Service 




 记录时间：2018-03-25 23:02:18,210 
日志级别：  INFO  
出错类：Himall.PaymentPlugin.PaymentBase`1[T].set_WorkDirectory  
错误描述：set WorkDirectory:Himall.Plugin.Payment.UnionPay.UnionPay 




 记录时间：2018-03-25 23:02:18,224 
日志级别：  INFO  
出错类：Himall.PaymentPlugin.PaymentBase`1[T].set_WorkDirectory  
错误描述：set WorkDirectory:Himall.Plugin.Payment.WeiXinPay.Service 




 记录时间：2018-03-25 23:02:18,245 
日志级别：  INFO  
出错类：Himall.PaymentPlugin.PaymentBase`1[T].set_WorkDirectory  
错误描述：set WorkDirectory:Himall.Plugin.Payment.WeiXinPay_App.Service 




 记录时间：2018-03-25 23:02:18,259 
日志级别：  INFO  
出错类：Himall.PaymentPlugin.PaymentBase`1[T].set_WorkDirectory  
错误描述：set WorkDirectory:Himall.Plugin.Payment.WeiXinPay_H5.Service 




 记录时间：2018-03-25 23:02:18,281 
日志级别：  INFO  
出错类：Himall.PaymentPlugin.PaymentBase`1[T].set_WorkDirectory  
错误描述：set WorkDirectory:Himall.Plugin.Payment.WeiXinPay_Native.WeiXinPay 




 记录时间：2018-03-25 23:02:18,291 
日志级别：  INFO  
出错类：Himall.PaymentPlugin.PaymentBase`1[T].set_WorkDirectory  
错误描述：set WorkDirectory:Himall.Plugin.Payment.WeiXinPay_O2OSmallProg.Service 




 记录时间：2018-03-25 23:02:18,303 
日志级别：  INFO  
出错类：Himall.PaymentPlugin.PaymentBase`1[T].set_WorkDirectory  
错误描述：set WorkDirectory:Himall.Plugin.Payment.WeiXinPay_SmallProg.Service 




 记录时间：2018-03-25 23:23:11,968 
日志级别：  INFO  
出错类：Himall.Web.MvcApplication.Application_End  
错误描述：2018/3/25 23:23:11 -  http://localhost:62443 




 记录时间：2018-03-25 23:23:24,093 
日志级别：  INFO  
出错类：Himall.PaymentPlugin.PaymentBase`1[T].set_WorkDirectory  
错误描述：set WorkDirectory:Himall.Plugin.Payment.Alipay.Service 




 记录时间：2018-03-25 23:23:24,113 
日志级别：  INFO  
出错类：Himall.PaymentPlugin.PaymentBase`1[T].set_WorkDirectory  
错误描述：set WorkDirectory:Himall.Plugin.Payment.Alipay_App.Service 




 记录时间：2018-03-25 23:23:24,147 
日志级别：  INFO  
出错类：Himall.PaymentPlugin.PaymentBase`1[T].set_WorkDirectory  
错误描述：set WorkDirectory:Himall.Plugin.Payment.Alipay_WAP.Service 




 记录时间：2018-03-25 23:23:24,160 
日志级别：  INFO  
出错类：Himall.PaymentPlugin.PaymentBase`1[T].set_WorkDirectory  
错误描述：set WorkDirectory:Himall.Plugin.Payment.UnionPay.UnionPay 




 记录时间：2018-03-25 23:23:24,185 
日志级别：  INFO  
出错类：Himall.PaymentPlugin.PaymentBase`1[T].set_WorkDirectory  
错误描述：set WorkDirectory:Himall.Plugin.Payment.WeiXinPay.Service 




 记录时间：2018-03-25 23:23:24,196 
日志级别：  INFO  
出错类：Himall.PaymentPlugin.PaymentBase`1[T].set_WorkDirectory  
错误描述：set WorkDirectory:Himall.Plugin.Payment.WeiXinPay_App.Service 




 记录时间：2018-03-25 23:23:24,215 
日志级别：  INFO  
出错类：Himall.PaymentPlugin.PaymentBase`1[T].set_WorkDirectory  
错误描述：set WorkDirectory:Himall.Plugin.Payment.WeiXinPay_H5.Service 




 记录时间：2018-03-25 23:23:24,238 
日志级别：  INFO  
出错类：Himall.PaymentPlugin.PaymentBase`1[T].set_WorkDirectory  
错误描述：set WorkDirectory:Himall.Plugin.Payment.WeiXinPay_Native.WeiXinPay 




 记录时间：2018-03-25 23:23:24,248 
日志级别：  INFO  
出错类：Himall.PaymentPlugin.PaymentBase`1[T].set_WorkDirectory  
错误描述：set WorkDirectory:Himall.Plugin.Payment.WeiXinPay_O2OSmallProg.Service 




 记录时间：2018-03-25 23:23:24,263 
日志级别：  INFO  
出错类：Himall.PaymentPlugin.PaymentBase`1[T].set_WorkDirectory  
错误描述：set WorkDirectory:Himall.Plugin.Payment.WeiXinPay_SmallProg.Service 




 记录时间：2018-03-25 23:44:15,179 
日志级别：  INFO  
出错类：Himall.Web.MvcApplication.Application_End  
错误描述：2018/3/25 23:44:15 -  http://localhost:62443 




 记录时间：2018-03-25 23:44:25,086 
日志级别：  INFO  
出错类：Himall.PaymentPlugin.PaymentBase`1[T].set_WorkDirectory  
错误描述：set WorkDirectory:Himall.Plugin.Payment.Alipay.Service 




 记录时间：2018-03-25 23:44:25,105 
日志级别：  INFO  
出错类：Himall.PaymentPlugin.PaymentBase`1[T].set_WorkDirectory  
错误描述：set WorkDirectory:Himall.Plugin.Payment.Alipay_App.Service 




 记录时间：2018-03-25 23:44:25,112 
日志级别：  INFO  
出错类：Himall.PaymentPlugin.PaymentBase`1[T].set_WorkDirectory  
错误描述：set WorkDirectory:Himall.Plugin.Payment.Alipay_WAP.Service 




 记录时间：2018-03-25 23:44:25,121 
日志级别：  INFO  
出错类：Himall.PaymentPlugin.PaymentBase`1[T].set_WorkDirectory  
错误描述：set WorkDirectory:Himall.Plugin.Payment.UnionPay.UnionPay 




 记录时间：2018-03-25 23:44:25,128 
日志级别：  INFO  
出错类：Himall.PaymentPlugin.PaymentBase`1[T].set_WorkDirectory  
错误描述：set WorkDirectory:Himall.Plugin.Payment.WeiXinPay.Service 




 记录时间：2018-03-25 23:44:25,140 
日志级别：  INFO  
出错类：Himall.PaymentPlugin.PaymentBase`1[T].set_WorkDirectory  
错误描述：set WorkDirectory:Himall.Plugin.Payment.WeiXinPay_App.Service 




 记录时间：2018-03-25 23:44:25,155 
日志级别：  INFO  
出错类：Himall.PaymentPlugin.PaymentBase`1[T].set_WorkDirectory  
错误描述：set WorkDirectory:Himall.Plugin.Payment.WeiXinPay_H5.Service 




 记录时间：2018-03-25 23:44:25,161 
日志级别：  INFO  
出错类：Himall.PaymentPlugin.PaymentBase`1[T].set_WorkDirectory  
错误描述：set WorkDirectory:Himall.Plugin.Payment.WeiXinPay_Native.WeiXinPay 




 记录时间：2018-03-25 23:44:25,170 
日志级别：  INFO  
出错类：Himall.PaymentPlugin.PaymentBase`1[T].set_WorkDirectory  
错误描述：set WorkDirectory:Himall.Plugin.Payment.WeiXinPay_O2OSmallProg.Service 




 记录时间：2018-03-25 23:44:25,191 
日志级别：  INFO  
出错类：Himall.PaymentPlugin.PaymentBase`1[T].set_WorkDirectory  
错误描述：set WorkDirectory:Himall.Plugin.Payment.WeiXinPay_SmallProg.Service 

