


 记录时间：2018-11-11 08:43:57,097 
日志级别：  INFO  
出错类：Himall.PaymentPlugin.PaymentBase`1[T].set_WorkDirectory  
错误描述：set WorkDirectory:Himall.Plugin.Payment.Alipay.Service 




 记录时间：2018-11-11 08:43:57,119 
日志级别：  INFO  
出错类：Himall.PaymentPlugin.PaymentBase`1[T].set_WorkDirectory  
错误描述：set WorkDirectory:Himall.Plugin.Payment.Alipay_App.Service 




 记录时间：2018-11-11 08:43:57,144 
日志级别：  INFO  
出错类：Himall.PaymentPlugin.PaymentBase`1[T].set_WorkDirectory  
错误描述：set WorkDirectory:Himall.Plugin.Payment.Alipay_QRCode.Service 




 记录时间：2018-11-11 08:43:57,166 
日志级别：  INFO  
出错类：Himall.PaymentPlugin.PaymentBase`1[T].set_WorkDirectory  
错误描述：set WorkDirectory:Himall.Plugin.Payment.Alipay_WAP.Service 




 记录时间：2018-11-11 08:43:57,201 
日志级别：  INFO  
出错类：Himall.PaymentPlugin.PaymentBase`1[T].set_WorkDirectory  
错误描述：set WorkDirectory:Himall.Plugin.Payment.UnionPay.UnionPay 




 记录时间：2018-11-11 08:43:57,221 
日志级别：  INFO  
出错类：Himall.PaymentPlugin.PaymentBase`1[T].set_WorkDirectory  
错误描述：set WorkDirectory:Himall.Plugin.Payment.WeiXinPay.Service 




 记录时间：2018-11-11 08:43:57,240 
日志级别：  INFO  
出错类：Himall.PaymentPlugin.PaymentBase`1[T].set_WorkDirectory  
错误描述：set WorkDirectory:Himall.Plugin.Payment.WeiXinPay_App.Service 




 记录时间：2018-11-11 08:43:57,475 
日志级别：  INFO  
出错类：Himall.PaymentPlugin.PaymentBase`1[T].set_WorkDirectory  
错误描述：set WorkDirectory:Himall.Plugin.Payment.WeiXinPay_H5.Service 




 记录时间：2018-11-11 08:43:57,502 
日志级别：  INFO  
出错类：Himall.PaymentPlugin.PaymentBase`1[T].set_WorkDirectory  
错误描述：set WorkDirectory:Himall.Plugin.Payment.WeiXinPay_Native.WeiXinPay 




 记录时间：2018-11-11 08:43:57,527 
日志级别：  INFO  
出错类：Himall.PaymentPlugin.PaymentBase`1[T].set_WorkDirectory  
错误描述：set WorkDirectory:Himall.Plugin.Payment.WeiXinPay_O2OSmallProg.Service 




 记录时间：2018-11-11 08:43:57,567 
日志级别：  INFO  
出错类：Himall.PaymentPlugin.PaymentBase`1[T].set_WorkDirectory  
错误描述：set WorkDirectory:Himall.Plugin.Payment.WeiXinPay_SmallProg.Service 




 记录时间：2018-11-11 08:46:26,603 
日志级别：  INFO  
出错类：Himall.Service.OrderService.SendMessage  
错误描述：进入SendMessage发送短信通知方法里面 




 记录时间：2018-11-11 08:46:26,608 
日志级别：  INFO  
出错类：Himall.Service.OrderService.SendMessage  
错误描述：准备进入SendMessageOnOrderCreate发送短信通知方法里面 




 记录时间：2018-11-11 08:46:26,620 
日志级别：  INFO  
出错类：Himall.Plugin.Message.Email.EmailCore.GetMessageStatus  
错误描述：email3---sss 




 记录时间：2018-11-11 08:46:26,684 
日志级别：  INFO  
出错类：Himall.Plugin.Message.Email.EmailCore.GetMessageStatus  
错误描述：email2---:?<?xml version="1.0" encoding="utf-8" ?>
<MessageStatus>
  <OrderCreated>1</OrderCreated>
  <OrderPay>1</OrderPay>
  <OrderShipping>1</OrderShipping>
  <OrderRefund>1</OrderRefund>
  <RefundDeliver>1</RefundDeliver>
  <FindPassWord>1</FindPassWord>
  <ShopAudited>1</ShopAudited>
  <ShopHaveNewOrder>3</ShopHaveNewOrder>
  <ReceiveBonus>3</ReceiveBonus>
  <LimitTimeBuy>3</LimitTimeBuy>
  <SubscribeLimitTimeBuy>3</SubscribeLimitTimeBuy>
  <FightGroupOpenSuccess>3</FightGroupOpenSuccess>
  <FightGroupJoinSuccess>3</FightGroupJoinSuccess>
  <FightGroupNewJoin>3</FightGroupNewJoin>
  <FightGroupFailed>3</FightGroupFailed>
  <FightGroupSuccess>3</FightGroupSuccess>
  <SendCouponSuccess>1</SendCouponSuccess>
</MessageStatus> 




 记录时间：2018-11-11 08:46:26,698 
日志级别：  INFO  
出错类：Himall.Plugin.Message.Email.EmailCore.GetMessageStatus  
错误描述：email3---eee 




 记录时间：2018-11-11 08:46:26,710 
日志级别：  INFO  
出错类：Himall.Plugin.Message.Email.EmailCore.GetMessageStatus  
错误描述：email3---sss 




 记录时间：2018-11-11 08:46:26,712 
日志级别：  INFO  
出错类：Himall.Plugin.Message.Email.EmailCore.GetMessageStatus  
错误描述：email2---:?<?xml version="1.0" encoding="utf-8" ?>
<MessageStatus>
  <OrderCreated>1</OrderCreated>
  <OrderPay>1</OrderPay>
  <OrderShipping>1</OrderShipping>
  <OrderRefund>1</OrderRefund>
  <RefundDeliver>1</RefundDeliver>
  <FindPassWord>1</FindPassWord>
  <ShopAudited>1</ShopAudited>
  <ShopHaveNewOrder>3</ShopHaveNewOrder>
  <ReceiveBonus>3</ReceiveBonus>
  <LimitTimeBuy>3</LimitTimeBuy>
  <SubscribeLimitTimeBuy>3</SubscribeLimitTimeBuy>
  <FightGroupOpenSuccess>3</FightGroupOpenSuccess>
  <FightGroupJoinSuccess>3</FightGroupJoinSuccess>
  <FightGroupNewJoin>3</FightGroupNewJoin>
  <FightGroupFailed>3</FightGroupFailed>
  <FightGroupSuccess>3</FightGroupSuccess>
  <SendCouponSuccess>1</SendCouponSuccess>
</MessageStatus> 




 记录时间：2018-11-11 08:46:26,713 
日志级别：  INFO  
出错类：Himall.Plugin.Message.Email.EmailCore.GetMessageStatus  
错误描述：email3---eee 




 记录时间：2018-11-11 08:46:26,796 
日志级别：  INFO  
出错类：Himall.Plugin.Message.Email.EmailCore.GetMessageContentConfig  
错误描述：email2---sss 




 记录时间：2018-11-11 08:46:27,095 
日志级别：  INFO  
出错类：Himall.Plugin.Message.Email.EmailCore.GetMessageContentConfig  
错误描述：email2---eee 




 记录时间：2018-11-11 08:46:27,874 
日志级别：  INFO  
出错类：Himall.Service.WXMsgTemplateService.SendMessageByTemplate  
错误描述：[模板消息]开始准备数据：641[待付款提醒] 




 记录时间：2018-11-11 08:46:28,043 
日志级别：  INFO  
出错类：Himall.Service.WXMsgTemplateService.SendMessageByTemplate  
错误描述：消息类型=待付款提醒 userId=641 openId= dataerr=未开启 




 记录时间：2018-11-11 08:46:28,044 
日志级别：  INFO  
出错类：Himall.Service.WXMsgTemplateService.SendMessageByTemplate  
错误描述：[模板消息]发送失败：数据验证未通过-未开启[待付款提醒] 




 记录时间：2018-11-11 08:47:11,005 
日志级别：  INFO  
出错类：Himall.Web.MvcApplication.Application_End  
错误描述：2018-11-11 08:47:11 -  http://localhost:62443 




 记录时间：2018-11-11 08:47:24,674 
日志级别：  INFO  
出错类：Himall.PaymentPlugin.PaymentBase`1[T].set_WorkDirectory  
错误描述：set WorkDirectory:Himall.Plugin.Payment.Alipay.Service 




 记录时间：2018-11-11 08:47:24,758 
日志级别：  INFO  
出错类：Himall.PaymentPlugin.PaymentBase`1[T].set_WorkDirectory  
错误描述：set WorkDirectory:Himall.Plugin.Payment.Alipay_App.Service 




 记录时间：2018-11-11 08:47:24,823 
日志级别：  INFO  
出错类：Himall.PaymentPlugin.PaymentBase`1[T].set_WorkDirectory  
错误描述：set WorkDirectory:Himall.Plugin.Payment.Alipay_QRCode.Service 




 记录时间：2018-11-11 08:47:25,147 
日志级别：  INFO  
出错类：Himall.PaymentPlugin.PaymentBase`1[T].set_WorkDirectory  
错误描述：set WorkDirectory:Himall.Plugin.Payment.Alipay_WAP.Service 




 记录时间：2018-11-11 08:47:25,195 
日志级别：  INFO  
出错类：Himall.PaymentPlugin.PaymentBase`1[T].set_WorkDirectory  
错误描述：set WorkDirectory:Himall.Plugin.Payment.UnionPay.UnionPay 




 记录时间：2018-11-11 08:47:25,227 
日志级别：  INFO  
出错类：Himall.PaymentPlugin.PaymentBase`1[T].set_WorkDirectory  
错误描述：set WorkDirectory:Himall.Plugin.Payment.WeiXinPay.Service 




 记录时间：2018-11-11 08:47:25,259 
日志级别：  INFO  
出错类：Himall.PaymentPlugin.PaymentBase`1[T].set_WorkDirectory  
错误描述：set WorkDirectory:Himall.Plugin.Payment.WeiXinPay_App.Service 




 记录时间：2018-11-11 08:47:25,291 
日志级别：  INFO  
出错类：Himall.PaymentPlugin.PaymentBase`1[T].set_WorkDirectory  
错误描述：set WorkDirectory:Himall.Plugin.Payment.WeiXinPay_H5.Service 




 记录时间：2018-11-11 08:47:25,339 
日志级别：  INFO  
出错类：Himall.PaymentPlugin.PaymentBase`1[T].set_WorkDirectory  
错误描述：set WorkDirectory:Himall.Plugin.Payment.WeiXinPay_Native.WeiXinPay 




 记录时间：2018-11-11 08:47:25,367 
日志级别：  INFO  
出错类：Himall.PaymentPlugin.PaymentBase`1[T].set_WorkDirectory  
错误描述：set WorkDirectory:Himall.Plugin.Payment.WeiXinPay_O2OSmallProg.Service 




 记录时间：2018-11-11 08:47:25,394 
日志级别：  INFO  
出错类：Himall.PaymentPlugin.PaymentBase`1[T].set_WorkDirectory  
错误描述：set WorkDirectory:Himall.Plugin.Payment.WeiXinPay_SmallProg.Service 




 记录时间：2018-11-11 08:49:55,384 
日志级别：  INFO  
出错类：Himall.Service.OrderService.SendMessage  
错误描述：进入SendMessage发送短信通知方法里面 




 记录时间：2018-11-11 08:49:55,388 
日志级别：  INFO  
出错类：Himall.Service.OrderService.SendMessage  
错误描述：准备进入SendMessageOnOrderCreate发送短信通知方法里面 




 记录时间：2018-11-11 08:49:55,398 
日志级别：  INFO  
出错类：Himall.Plugin.Message.Email.EmailCore.GetMessageStatus  
错误描述：email3---sss 




 记录时间：2018-11-11 08:49:55,488 
日志级别：  INFO  
出错类：Himall.Plugin.Message.Email.EmailCore.GetMessageStatus  
错误描述：email2---:?<?xml version="1.0" encoding="utf-8" ?>
<MessageStatus>
  <OrderCreated>1</OrderCreated>
  <OrderPay>1</OrderPay>
  <OrderShipping>1</OrderShipping>
  <OrderRefund>1</OrderRefund>
  <RefundDeliver>1</RefundDeliver>
  <FindPassWord>1</FindPassWord>
  <ShopAudited>1</ShopAudited>
  <ShopHaveNewOrder>3</ShopHaveNewOrder>
  <ReceiveBonus>3</ReceiveBonus>
  <LimitTimeBuy>3</LimitTimeBuy>
  <SubscribeLimitTimeBuy>3</SubscribeLimitTimeBuy>
  <FightGroupOpenSuccess>3</FightGroupOpenSuccess>
  <FightGroupJoinSuccess>3</FightGroupJoinSuccess>
  <FightGroupNewJoin>3</FightGroupNewJoin>
  <FightGroupFailed>3</FightGroupFailed>
  <FightGroupSuccess>3</FightGroupSuccess>
  <SendCouponSuccess>1</SendCouponSuccess>
</MessageStatus> 




 记录时间：2018-11-11 08:49:55,500 
日志级别：  INFO  
出错类：Himall.Plugin.Message.Email.EmailCore.GetMessageStatus  
错误描述：email3---eee 




 记录时间：2018-11-11 08:49:55,513 
日志级别：  INFO  
出错类：Himall.Plugin.Message.Email.EmailCore.GetMessageStatus  
错误描述：email3---sss 




 记录时间：2018-11-11 08:49:55,515 
日志级别：  INFO  
出错类：Himall.Plugin.Message.Email.EmailCore.GetMessageStatus  
错误描述：email2---:?<?xml version="1.0" encoding="utf-8" ?>
<MessageStatus>
  <OrderCreated>1</OrderCreated>
  <OrderPay>1</OrderPay>
  <OrderShipping>1</OrderShipping>
  <OrderRefund>1</OrderRefund>
  <RefundDeliver>1</RefundDeliver>
  <FindPassWord>1</FindPassWord>
  <ShopAudited>1</ShopAudited>
  <ShopHaveNewOrder>3</ShopHaveNewOrder>
  <ReceiveBonus>3</ReceiveBonus>
  <LimitTimeBuy>3</LimitTimeBuy>
  <SubscribeLimitTimeBuy>3</SubscribeLimitTimeBuy>
  <FightGroupOpenSuccess>3</FightGroupOpenSuccess>
  <FightGroupJoinSuccess>3</FightGroupJoinSuccess>
  <FightGroupNewJoin>3</FightGroupNewJoin>
  <FightGroupFailed>3</FightGroupFailed>
  <FightGroupSuccess>3</FightGroupSuccess>
  <SendCouponSuccess>1</SendCouponSuccess>
</MessageStatus> 




 记录时间：2018-11-11 08:49:55,516 
日志级别：  INFO  
出错类：Himall.Plugin.Message.Email.EmailCore.GetMessageStatus  
错误描述：email3---eee 




 记录时间：2018-11-11 08:49:55,612 
日志级别：  INFO  
出错类：Himall.Plugin.Message.Email.EmailCore.GetMessageContentConfig  
错误描述：email2---sss 




 记录时间：2018-11-11 08:49:55,892 
日志级别：  INFO  
出错类：Himall.Plugin.Message.Email.EmailCore.GetMessageContentConfig  
错误描述：email2---eee 




 记录时间：2018-11-11 08:49:56,599 
日志级别：  INFO  
出错类：Himall.Service.WXMsgTemplateService.SendMessageByTemplate  
错误描述：[模板消息]开始准备数据：641[待付款提醒] 




 记录时间：2018-11-11 08:49:56,766 
日志级别：  INFO  
出错类：Himall.Service.WXMsgTemplateService.SendMessageByTemplate  
错误描述：消息类型=待付款提醒 userId=641 openId= dataerr=未开启 




 记录时间：2018-11-11 08:49:56,767 
日志级别：  INFO  
出错类：Himall.Service.WXMsgTemplateService.SendMessageByTemplate  
错误描述：[模板消息]发送失败：数据验证未通过-未开启[待付款提醒] 




 记录时间：2018-11-11 08:52:39,605 
日志级别：  INFO  
出错类：Himall.Service.OrderService.SendMessage  
错误描述：进入SendMessage发送短信通知方法里面 




 记录时间：2018-11-11 08:52:39,607 
日志级别：  INFO  
出错类：Himall.Service.OrderService.SendMessage  
错误描述：准备进入SendMessageOnOrderCreate发送短信通知方法里面 




 记录时间：2018-11-11 08:52:39,608 
日志级别：  INFO  
出错类：Himall.Plugin.Message.Email.EmailCore.GetMessageStatus  
错误描述：email3---sss 




 记录时间：2018-11-11 08:52:39,610 
日志级别：  INFO  
出错类：Himall.Plugin.Message.Email.EmailCore.GetMessageStatus  
错误描述：email2---:?<?xml version="1.0" encoding="utf-8" ?>
<MessageStatus>
  <OrderCreated>1</OrderCreated>
  <OrderPay>1</OrderPay>
  <OrderShipping>1</OrderShipping>
  <OrderRefund>1</OrderRefund>
  <RefundDeliver>1</RefundDeliver>
  <FindPassWord>1</FindPassWord>
  <ShopAudited>1</ShopAudited>
  <ShopHaveNewOrder>3</ShopHaveNewOrder>
  <ReceiveBonus>3</ReceiveBonus>
  <LimitTimeBuy>3</LimitTimeBuy>
  <SubscribeLimitTimeBuy>3</SubscribeLimitTimeBuy>
  <FightGroupOpenSuccess>3</FightGroupOpenSuccess>
  <FightGroupJoinSuccess>3</FightGroupJoinSuccess>
  <FightGroupNewJoin>3</FightGroupNewJoin>
  <FightGroupFailed>3</FightGroupFailed>
  <FightGroupSuccess>3</FightGroupSuccess>
  <SendCouponSuccess>1</SendCouponSuccess>
</MessageStatus> 




 记录时间：2018-11-11 08:52:39,611 
日志级别：  INFO  
出错类：Himall.Plugin.Message.Email.EmailCore.GetMessageStatus  
错误描述：email3---eee 




 记录时间：2018-11-11 08:52:39,613 
日志级别：  INFO  
出错类：Himall.Plugin.Message.Email.EmailCore.GetMessageStatus  
错误描述：email3---sss 




 记录时间：2018-11-11 08:52:39,615 
日志级别：  INFO  
出错类：Himall.Plugin.Message.Email.EmailCore.GetMessageStatus  
错误描述：email2---:?<?xml version="1.0" encoding="utf-8" ?>
<MessageStatus>
  <OrderCreated>1</OrderCreated>
  <OrderPay>1</OrderPay>
  <OrderShipping>1</OrderShipping>
  <OrderRefund>1</OrderRefund>
  <RefundDeliver>1</RefundDeliver>
  <FindPassWord>1</FindPassWord>
  <ShopAudited>1</ShopAudited>
  <ShopHaveNewOrder>3</ShopHaveNewOrder>
  <ReceiveBonus>3</ReceiveBonus>
  <LimitTimeBuy>3</LimitTimeBuy>
  <SubscribeLimitTimeBuy>3</SubscribeLimitTimeBuy>
  <FightGroupOpenSuccess>3</FightGroupOpenSuccess>
  <FightGroupJoinSuccess>3</FightGroupJoinSuccess>
  <FightGroupNewJoin>3</FightGroupNewJoin>
  <FightGroupFailed>3</FightGroupFailed>
  <FightGroupSuccess>3</FightGroupSuccess>
  <SendCouponSuccess>1</SendCouponSuccess>
</MessageStatus> 




 记录时间：2018-11-11 08:52:39,616 
日志级别：  INFO  
出错类：Himall.Plugin.Message.Email.EmailCore.GetMessageStatus  
错误描述：email3---eee 




 记录时间：2018-11-11 08:52:39,715 
日志级别：  INFO  
出错类：Himall.Plugin.Message.Email.EmailCore.GetMessageContentConfig  
错误描述：email2---sss 




 记录时间：2018-11-11 08:52:39,717 
日志级别：  INFO  
出错类：Himall.Plugin.Message.Email.EmailCore.GetMessageContentConfig  
错误描述：email2---eee 




 记录时间：2018-11-11 08:52:41,064 
日志级别：  INFO  
出错类：Himall.Service.WXMsgTemplateService.SendMessageByTemplate  
错误描述：[模板消息]开始准备数据：641[待付款提醒] 




 记录时间：2018-11-11 08:52:41,235 
日志级别：  INFO  
出错类：Himall.Service.WXMsgTemplateService.SendMessageByTemplate  
错误描述：消息类型=待付款提醒 userId=641 openId= dataerr=未开启 




 记录时间：2018-11-11 08:52:41,237 
日志级别：  INFO  
出错类：Himall.Service.WXMsgTemplateService.SendMessageByTemplate  
错误描述：[模板消息]发送失败：数据验证未通过-未开启[待付款提醒] 




 记录时间：2018-11-11 08:59:04,619 
日志级别：  INFO  
出错类：Himall.Service.OrderService.SendMessage  
错误描述：进入SendMessage发送短信通知方法里面 




 记录时间：2018-11-11 08:59:04,621 
日志级别：  INFO  
出错类：Himall.Service.OrderService.SendMessage  
错误描述：准备进入SendMessageOnOrderCreate发送短信通知方法里面 




 记录时间：2018-11-11 08:59:04,622 
日志级别：  INFO  
出错类：Himall.Plugin.Message.Email.EmailCore.GetMessageStatus  
错误描述：email3---sss 




 记录时间：2018-11-11 08:59:04,624 
日志级别：  INFO  
出错类：Himall.Plugin.Message.Email.EmailCore.GetMessageStatus  
错误描述：email2---:?<?xml version="1.0" encoding="utf-8" ?>
<MessageStatus>
  <OrderCreated>1</OrderCreated>
  <OrderPay>1</OrderPay>
  <OrderShipping>1</OrderShipping>
  <OrderRefund>1</OrderRefund>
  <RefundDeliver>1</RefundDeliver>
  <FindPassWord>1</FindPassWord>
  <ShopAudited>1</ShopAudited>
  <ShopHaveNewOrder>3</ShopHaveNewOrder>
  <ReceiveBonus>3</ReceiveBonus>
  <LimitTimeBuy>3</LimitTimeBuy>
  <SubscribeLimitTimeBuy>3</SubscribeLimitTimeBuy>
  <FightGroupOpenSuccess>3</FightGroupOpenSuccess>
  <FightGroupJoinSuccess>3</FightGroupJoinSuccess>
  <FightGroupNewJoin>3</FightGroupNewJoin>
  <FightGroupFailed>3</FightGroupFailed>
  <FightGroupSuccess>3</FightGroupSuccess>
  <SendCouponSuccess>1</SendCouponSuccess>
</MessageStatus> 




 记录时间：2018-11-11 08:59:04,625 
日志级别：  INFO  
出错类：Himall.Plugin.Message.Email.EmailCore.GetMessageStatus  
错误描述：email3---eee 




 记录时间：2018-11-11 08:59:04,628 
日志级别：  INFO  
出错类：Himall.Plugin.Message.Email.EmailCore.GetMessageStatus  
错误描述：email3---sss 




 记录时间：2018-11-11 08:59:04,629 
日志级别：  INFO  
出错类：Himall.Plugin.Message.Email.EmailCore.GetMessageStatus  
错误描述：email2---:?<?xml version="1.0" encoding="utf-8" ?>
<MessageStatus>
  <OrderCreated>1</OrderCreated>
  <OrderPay>1</OrderPay>
  <OrderShipping>1</OrderShipping>
  <OrderRefund>1</OrderRefund>
  <RefundDeliver>1</RefundDeliver>
  <FindPassWord>1</FindPassWord>
  <ShopAudited>1</ShopAudited>
  <ShopHaveNewOrder>3</ShopHaveNewOrder>
  <ReceiveBonus>3</ReceiveBonus>
  <LimitTimeBuy>3</LimitTimeBuy>
  <SubscribeLimitTimeBuy>3</SubscribeLimitTimeBuy>
  <FightGroupOpenSuccess>3</FightGroupOpenSuccess>
  <FightGroupJoinSuccess>3</FightGroupJoinSuccess>
  <FightGroupNewJoin>3</FightGroupNewJoin>
  <FightGroupFailed>3</FightGroupFailed>
  <FightGroupSuccess>3</FightGroupSuccess>
  <SendCouponSuccess>1</SendCouponSuccess>
</MessageStatus> 




 记录时间：2018-11-11 08:59:04,630 
日志级别：  INFO  
出错类：Himall.Plugin.Message.Email.EmailCore.GetMessageStatus  
错误描述：email3---eee 




 记录时间：2018-11-11 08:59:04,663 
日志级别：  INFO  
出错类：Himall.Plugin.Message.Email.EmailCore.GetMessageContentConfig  
错误描述：email2---sss 




 记录时间：2018-11-11 08:59:04,665 
日志级别：  INFO  
出错类：Himall.Plugin.Message.Email.EmailCore.GetMessageContentConfig  
错误描述：email2---eee 




 记录时间：2018-11-11 08:59:05,155 
日志级别：  INFO  
出错类：Himall.Service.WXMsgTemplateService.SendMessageByTemplate  
错误描述：[模板消息]开始准备数据：641[待付款提醒] 




 记录时间：2018-11-11 08:59:05,279 
日志级别：  INFO  
出错类：Himall.Service.WXMsgTemplateService.SendMessageByTemplate  
错误描述：消息类型=待付款提醒 userId=641 openId= dataerr=未开启 




 记录时间：2018-11-11 08:59:05,280 
日志级别：  INFO  
出错类：Himall.Service.WXMsgTemplateService.SendMessageByTemplate  
错误描述：[模板消息]发送失败：数据验证未通过-未开启[待付款提醒] 




 记录时间：2018-11-11 09:02:06,143 
日志级别：  INFO  
出错类：Himall.Web.MvcApplication.Application_End  
错误描述：2018-11-11 09:02:06 -  http://localhost:62443 




 记录时间：2018-11-11 09:02:20,587 
日志级别：  INFO  
出错类：Himall.PaymentPlugin.PaymentBase`1[T].set_WorkDirectory  
错误描述：set WorkDirectory:Himall.Plugin.Payment.Alipay.Service 




 记录时间：2018-11-11 09:02:20,601 
日志级别：  INFO  
出错类：Himall.PaymentPlugin.PaymentBase`1[T].set_WorkDirectory  
错误描述：set WorkDirectory:Himall.Plugin.Payment.Alipay_App.Service 




 记录时间：2018-11-11 09:02:20,633 
日志级别：  INFO  
出错类：Himall.PaymentPlugin.PaymentBase`1[T].set_WorkDirectory  
错误描述：set WorkDirectory:Himall.Plugin.Payment.Alipay_QRCode.Service 




 记录时间：2018-11-11 09:02:20,648 
日志级别：  INFO  
出错类：Himall.PaymentPlugin.PaymentBase`1[T].set_WorkDirectory  
错误描述：set WorkDirectory:Himall.Plugin.Payment.Alipay_WAP.Service 




 记录时间：2018-11-11 09:02:20,660 
日志级别：  INFO  
出错类：Himall.PaymentPlugin.PaymentBase`1[T].set_WorkDirectory  
错误描述：set WorkDirectory:Himall.Plugin.Payment.UnionPay.UnionPay 




 记录时间：2018-11-11 09:02:20,676 
日志级别：  INFO  
出错类：Himall.PaymentPlugin.PaymentBase`1[T].set_WorkDirectory  
错误描述：set WorkDirectory:Himall.Plugin.Payment.WeiXinPay.Service 




 记录时间：2018-11-11 09:02:20,689 
日志级别：  INFO  
出错类：Himall.PaymentPlugin.PaymentBase`1[T].set_WorkDirectory  
错误描述：set WorkDirectory:Himall.Plugin.Payment.WeiXinPay_App.Service 




 记录时间：2018-11-11 09:02:20,702 
日志级别：  INFO  
出错类：Himall.PaymentPlugin.PaymentBase`1[T].set_WorkDirectory  
错误描述：set WorkDirectory:Himall.Plugin.Payment.WeiXinPay_H5.Service 




 记录时间：2018-11-11 09:02:20,715 
日志级别：  INFO  
出错类：Himall.PaymentPlugin.PaymentBase`1[T].set_WorkDirectory  
错误描述：set WorkDirectory:Himall.Plugin.Payment.WeiXinPay_Native.WeiXinPay 




 记录时间：2018-11-11 09:02:20,731 
日志级别：  INFO  
出错类：Himall.PaymentPlugin.PaymentBase`1[T].set_WorkDirectory  
错误描述：set WorkDirectory:Himall.Plugin.Payment.WeiXinPay_O2OSmallProg.Service 




 记录时间：2018-11-11 09:02:20,742 
日志级别：  INFO  
出错类：Himall.PaymentPlugin.PaymentBase`1[T].set_WorkDirectory  
错误描述：set WorkDirectory:Himall.Plugin.Payment.WeiXinPay_SmallProg.Service 




 记录时间：2018-11-11 09:03:07,341 
日志级别：  INFO  
出错类：Himall.Web.MvcApplication.Application_End  
错误描述：2018-11-11 09:03:07 -  http://localhost:62443 




 记录时间：2018-11-11 09:03:13,164 
日志级别：  INFO  
出错类：Himall.PaymentPlugin.PaymentBase`1[T].set_WorkDirectory  
错误描述：set WorkDirectory:Himall.Plugin.Payment.Alipay.Service 




 记录时间：2018-11-11 09:03:13,203 
日志级别：  INFO  
出错类：Himall.PaymentPlugin.PaymentBase`1[T].set_WorkDirectory  
错误描述：set WorkDirectory:Himall.Plugin.Payment.Alipay_App.Service 




 记录时间：2018-11-11 09:03:13,243 
日志级别：  INFO  
出错类：Himall.PaymentPlugin.PaymentBase`1[T].set_WorkDirectory  
错误描述：set WorkDirectory:Himall.Plugin.Payment.Alipay_QRCode.Service 




 记录时间：2018-11-11 09:03:13,296 
日志级别：  INFO  
出错类：Himall.PaymentPlugin.PaymentBase`1[T].set_WorkDirectory  
错误描述：set WorkDirectory:Himall.Plugin.Payment.Alipay_WAP.Service 




 记录时间：2018-11-11 09:03:13,325 
日志级别：  INFO  
出错类：Himall.PaymentPlugin.PaymentBase`1[T].set_WorkDirectory  
错误描述：set WorkDirectory:Himall.Plugin.Payment.UnionPay.UnionPay 




 记录时间：2018-11-11 09:03:13,346 
日志级别：  INFO  
出错类：Himall.PaymentPlugin.PaymentBase`1[T].set_WorkDirectory  
错误描述：set WorkDirectory:Himall.Plugin.Payment.WeiXinPay.Service 




 记录时间：2018-11-11 09:03:13,636 
日志级别：  INFO  
出错类：Himall.PaymentPlugin.PaymentBase`1[T].set_WorkDirectory  
错误描述：set WorkDirectory:Himall.Plugin.Payment.WeiXinPay_App.Service 




 记录时间：2018-11-11 09:03:13,682 
日志级别：  INFO  
出错类：Himall.PaymentPlugin.PaymentBase`1[T].set_WorkDirectory  
错误描述：set WorkDirectory:Himall.Plugin.Payment.WeiXinPay_H5.Service 




 记录时间：2018-11-11 09:03:13,702 
日志级别：  INFO  
出错类：Himall.PaymentPlugin.PaymentBase`1[T].set_WorkDirectory  
错误描述：set WorkDirectory:Himall.Plugin.Payment.WeiXinPay_Native.WeiXinPay 




 记录时间：2018-11-11 09:03:13,724 
日志级别：  INFO  
出错类：Himall.PaymentPlugin.PaymentBase`1[T].set_WorkDirectory  
错误描述：set WorkDirectory:Himall.Plugin.Payment.WeiXinPay_O2OSmallProg.Service 




 记录时间：2018-11-11 09:03:13,748 
日志级别：  INFO  
出错类：Himall.PaymentPlugin.PaymentBase`1[T].set_WorkDirectory  
错误描述：set WorkDirectory:Himall.Plugin.Payment.WeiXinPay_SmallProg.Service 




 记录时间：2018-11-11 09:04:34,991 
日志级别：  INFO  
出错类：Himall.Service.OrderService.CheckWhenCreateOrder  
错误描述：已超出商品[234]的最大购买数 

Himall.Core.InvalidPropertyException: 已超出商品[234]的最大购买数



 记录时间：2018-11-11 09:05:20,967 
日志级别：  INFO  
出错类：Himall.Plugin.Message.Email.EmailCore.GetMessageStatus  
错误描述：email3---sss 




 记录时间：2018-11-11 09:05:21,034 
日志级别：  INFO  
出错类：Himall.Plugin.Message.Email.EmailCore.GetMessageStatus  
错误描述：email2---:?<?xml version="1.0" encoding="utf-8" ?>
<MessageStatus>
  <OrderCreated>1</OrderCreated>
  <OrderPay>1</OrderPay>
  <OrderShipping>1</OrderShipping>
  <OrderRefund>1</OrderRefund>
  <RefundDeliver>1</RefundDeliver>
  <FindPassWord>1</FindPassWord>
  <ShopAudited>1</ShopAudited>
  <ShopHaveNewOrder>3</ShopHaveNewOrder>
  <ReceiveBonus>3</ReceiveBonus>
  <LimitTimeBuy>3</LimitTimeBuy>
  <SubscribeLimitTimeBuy>3</SubscribeLimitTimeBuy>
  <FightGroupOpenSuccess>3</FightGroupOpenSuccess>
  <FightGroupJoinSuccess>3</FightGroupJoinSuccess>
  <FightGroupNewJoin>3</FightGroupNewJoin>
  <FightGroupFailed>3</FightGroupFailed>
  <FightGroupSuccess>3</FightGroupSuccess>
  <SendCouponSuccess>1</SendCouponSuccess>
</MessageStatus> 




 记录时间：2018-11-11 09:05:21,047 
日志级别：  INFO  
出错类：Himall.Plugin.Message.Email.EmailCore.GetMessageStatus  
错误描述：email3---eee 




 记录时间：2018-11-11 09:05:24,266 
日志级别：  INFO  
出错类：Himall.Plugin.Message.Email.EmailCore.GetConfig  
错误描述：email1---sss 




 记录时间：2018-11-11 09:05:24,322 
日志级别：  INFO  
出错类：Himall.Plugin.Message.Email.EmailCore.GetConfig  
错误描述：email1---eee 




 记录时间：2018-11-11 09:05:27,427 
日志级别：  INFO  
出错类：Himall.Plugin.Message.Email.EmailCore.GetConfig  
错误描述：email1---sss 




 记录时间：2018-11-11 09:05:27,429 
日志级别：  INFO  
出错类：Himall.Plugin.Message.Email.EmailCore.GetConfig  
错误描述：email1---eee 




 记录时间：2018-11-11 09:05:33,681 
日志级别：  INFO  
出错类：Himall.Plugin.Message.Email.EmailCore.GetMessageStatus  
错误描述：email3---sss 




 记录时间：2018-11-11 09:05:33,683 
日志级别：  INFO  
出错类：Himall.Plugin.Message.Email.EmailCore.GetMessageStatus  
错误描述：email2---:?<?xml version="1.0" encoding="utf-8" ?>
<MessageStatus>
  <OrderCreated>1</OrderCreated>
  <OrderPay>1</OrderPay>
  <OrderShipping>1</OrderShipping>
  <OrderRefund>1</OrderRefund>
  <RefundDeliver>1</RefundDeliver>
  <FindPassWord>1</FindPassWord>
  <ShopAudited>1</ShopAudited>
  <ShopHaveNewOrder>3</ShopHaveNewOrder>
  <ReceiveBonus>3</ReceiveBonus>
  <LimitTimeBuy>3</LimitTimeBuy>
  <SubscribeLimitTimeBuy>3</SubscribeLimitTimeBuy>
  <FightGroupOpenSuccess>3</FightGroupOpenSuccess>
  <FightGroupJoinSuccess>3</FightGroupJoinSuccess>
  <FightGroupNewJoin>3</FightGroupNewJoin>
  <FightGroupFailed>3</FightGroupFailed>
  <FightGroupSuccess>3</FightGroupSuccess>
  <SendCouponSuccess>1</SendCouponSuccess>
</MessageStatus> 




 记录时间：2018-11-11 09:05:33,685 
日志级别：  INFO  
出错类：Himall.Plugin.Message.Email.EmailCore.GetMessageStatus  
错误描述：email3---eee 




 记录时间：2018-11-11 09:05:35,257 
日志级别：  INFO  
出错类：Himall.Plugin.Message.Email.EmailCore.GetConfig  
错误描述：email1---sss 




 记录时间：2018-11-11 09:05:35,260 
日志级别：  INFO  
出错类：Himall.Plugin.Message.Email.EmailCore.GetConfig  
错误描述：email1---eee 




 记录时间：2018-11-11 09:05:35,316 
日志级别：  INFO  
出错类：Himall.Plugin.Message.Email.EmailCore.GetConfig  
错误描述：email1---sss 




 记录时间：2018-11-11 09:05:35,319 
日志级别：  INFO  
出错类：Himall.Plugin.Message.Email.EmailCore.GetConfig  
错误描述：email1---eee 




 记录时间：2018-11-11 09:06:14,418 
日志级别：  INFO  
出错类：Himall.Plugin.Message.Email.EmailCore.GetMessageStatus  
错误描述：email3---sss 




 记录时间：2018-11-11 09:06:14,420 
日志级别：  INFO  
出错类：Himall.Plugin.Message.Email.EmailCore.GetMessageStatus  
错误描述：email2---:?<?xml version="1.0" encoding="utf-8" ?>
<MessageStatus>
  <OrderCreated>1</OrderCreated>
  <OrderPay>1</OrderPay>
  <OrderShipping>1</OrderShipping>
  <OrderRefund>1</OrderRefund>
  <RefundDeliver>1</RefundDeliver>
  <FindPassWord>1</FindPassWord>
  <ShopAudited>1</ShopAudited>
  <ShopHaveNewOrder>3</ShopHaveNewOrder>
  <ReceiveBonus>3</ReceiveBonus>
  <LimitTimeBuy>3</LimitTimeBuy>
  <SubscribeLimitTimeBuy>3</SubscribeLimitTimeBuy>
  <FightGroupOpenSuccess>3</FightGroupOpenSuccess>
  <FightGroupJoinSuccess>3</FightGroupJoinSuccess>
  <FightGroupNewJoin>3</FightGroupNewJoin>
  <FightGroupFailed>3</FightGroupFailed>
  <FightGroupSuccess>3</FightGroupSuccess>
  <SendCouponSuccess>1</SendCouponSuccess>
</MessageStatus> 




 记录时间：2018-11-11 09:06:14,424 
日志级别：  INFO  
出错类：Himall.Plugin.Message.Email.EmailCore.GetMessageStatus  
错误描述：email3---eee 




 记录时间：2018-11-11 09:06:14,728 
日志级别：  INFO  
出错类：Himall.Plugin.Message.Email.EmailCore.GetConfig  
错误描述：email1---sss 




 记录时间：2018-11-11 09:06:14,748 
日志级别：  INFO  
出错类：Himall.Plugin.Message.Email.EmailCore.GetConfig  
错误描述：email1---eee 




 记录时间：2018-11-11 09:06:15,767 
日志级别：  INFO  
出错类：Himall.Plugin.Message.Email.EmailCore.GetConfig  
错误描述：email1---sss 




 记录时间：2018-11-11 09:06:15,769 
日志级别：  INFO  
出错类：Himall.Plugin.Message.Email.EmailCore.GetConfig  
错误描述：email1---eee 




 记录时间：2018-11-11 09:09:29,735 
日志级别：  INFO  
出错类：Himall.Web.MvcApplication.Application_End  
错误描述：2018-11-11 09:09:29 -  http://localhost:62443 




 记录时间：2018-11-11 09:09:41,371 
日志级别：  INFO  
出错类：Himall.PaymentPlugin.PaymentBase`1[T].set_WorkDirectory  
错误描述：set WorkDirectory:Himall.Plugin.Payment.Alipay.Service 




 记录时间：2018-11-11 09:09:41,379 
日志级别：  INFO  
出错类：Himall.PaymentPlugin.PaymentBase`1[T].set_WorkDirectory  
错误描述：set WorkDirectory:Himall.Plugin.Payment.Alipay_App.Service 




 记录时间：2018-11-11 09:09:41,386 
日志级别：  INFO  
出错类：Himall.PaymentPlugin.PaymentBase`1[T].set_WorkDirectory  
错误描述：set WorkDirectory:Himall.Plugin.Payment.Alipay_QRCode.Service 




 记录时间：2018-11-11 09:09:41,393 
日志级别：  INFO  
出错类：Himall.PaymentPlugin.PaymentBase`1[T].set_WorkDirectory  
错误描述：set WorkDirectory:Himall.Plugin.Payment.Alipay_WAP.Service 




 记录时间：2018-11-11 09:09:41,401 
日志级别：  INFO  
出错类：Himall.PaymentPlugin.PaymentBase`1[T].set_WorkDirectory  
错误描述：set WorkDirectory:Himall.Plugin.Payment.UnionPay.UnionPay 




 记录时间：2018-11-11 09:09:41,408 
日志级别：  INFO  
出错类：Himall.PaymentPlugin.PaymentBase`1[T].set_WorkDirectory  
错误描述：set WorkDirectory:Himall.Plugin.Payment.WeiXinPay.Service 




 记录时间：2018-11-11 09:09:41,415 
日志级别：  INFO  
出错类：Himall.PaymentPlugin.PaymentBase`1[T].set_WorkDirectory  
错误描述：set WorkDirectory:Himall.Plugin.Payment.WeiXinPay_App.Service 




 记录时间：2018-11-11 09:09:41,421 
日志级别：  INFO  
出错类：Himall.PaymentPlugin.PaymentBase`1[T].set_WorkDirectory  
错误描述：set WorkDirectory:Himall.Plugin.Payment.WeiXinPay_H5.Service 




 记录时间：2018-11-11 09:09:41,479 
日志级别：  INFO  
出错类：Himall.PaymentPlugin.PaymentBase`1[T].set_WorkDirectory  
错误描述：set WorkDirectory:Himall.Plugin.Payment.WeiXinPay_Native.WeiXinPay 




 记录时间：2018-11-11 09:09:41,485 
日志级别：  INFO  
出错类：Himall.PaymentPlugin.PaymentBase`1[T].set_WorkDirectory  
错误描述：set WorkDirectory:Himall.Plugin.Payment.WeiXinPay_O2OSmallProg.Service 




 记录时间：2018-11-11 09:09:41,494 
日志级别：  INFO  
出错类：Himall.PaymentPlugin.PaymentBase`1[T].set_WorkDirectory  
错误描述：set WorkDirectory:Himall.Plugin.Payment.WeiXinPay_SmallProg.Service 




 记录时间：2018-11-11 09:10:01,422 
日志级别：  INFO  
出错类：Himall.PaymentPlugin.PaymentBase`1[T].set_WorkDirectory  
错误描述：set WorkDirectory:Himall.Plugin.Payment.Alipay.Service 




 记录时间：2018-11-11 09:10:01,445 
日志级别：  INFO  
出错类：Himall.PaymentPlugin.PaymentBase`1[T].set_WorkDirectory  
错误描述：set WorkDirectory:Himall.Plugin.Payment.Alipay_App.Service 




 记录时间：2018-11-11 09:10:01,470 
日志级别：  INFO  
出错类：Himall.PaymentPlugin.PaymentBase`1[T].set_WorkDirectory  
错误描述：set WorkDirectory:Himall.Plugin.Payment.Alipay_QRCode.Service 




 记录时间：2018-11-11 09:10:01,501 
日志级别：  INFO  
出错类：Himall.PaymentPlugin.PaymentBase`1[T].set_WorkDirectory  
错误描述：set WorkDirectory:Himall.Plugin.Payment.Alipay_WAP.Service 




 记录时间：2018-11-11 09:10:01,525 
日志级别：  INFO  
出错类：Himall.PaymentPlugin.PaymentBase`1[T].set_WorkDirectory  
错误描述：set WorkDirectory:Himall.Plugin.Payment.UnionPay.UnionPay 




 记录时间：2018-11-11 09:10:01,551 
日志级别：  INFO  
出错类：Himall.PaymentPlugin.PaymentBase`1[T].set_WorkDirectory  
错误描述：set WorkDirectory:Himall.Plugin.Payment.WeiXinPay.Service 




 记录时间：2018-11-11 09:10:01,577 
日志级别：  INFO  
出错类：Himall.PaymentPlugin.PaymentBase`1[T].set_WorkDirectory  
错误描述：set WorkDirectory:Himall.Plugin.Payment.WeiXinPay_App.Service 




 记录时间：2018-11-11 09:10:01,942 
日志级别：  INFO  
出错类：Himall.PaymentPlugin.PaymentBase`1[T].set_WorkDirectory  
错误描述：set WorkDirectory:Himall.Plugin.Payment.WeiXinPay_H5.Service 




 记录时间：2018-11-11 09:10:01,971 
日志级别：  INFO  
出错类：Himall.PaymentPlugin.PaymentBase`1[T].set_WorkDirectory  
错误描述：set WorkDirectory:Himall.Plugin.Payment.WeiXinPay_Native.WeiXinPay 




 记录时间：2018-11-11 09:10:01,995 
日志级别：  INFO  
出错类：Himall.PaymentPlugin.PaymentBase`1[T].set_WorkDirectory  
错误描述：set WorkDirectory:Himall.Plugin.Payment.WeiXinPay_O2OSmallProg.Service 




 记录时间：2018-11-11 09:10:02,014 
日志级别：  INFO  
出错类：Himall.PaymentPlugin.PaymentBase`1[T].set_WorkDirectory  
错误描述：set WorkDirectory:Himall.Plugin.Payment.WeiXinPay_SmallProg.Service 




 记录时间：2018-11-11 09:10:11,845 
日志级别：  INFO  
出错类：Himall.Web.MvcApplication.Application_End  
错误描述：2018-11-11 09:10:11 -  http://localhost:62443 




 记录时间：2018-11-11 09:12:25,411 
日志级别：  INFO  
出错类：Himall.Service.OrderService.SendMessage  
错误描述：进入SendMessage发送短信通知方法里面 




 记录时间：2018-11-11 09:12:25,418 
日志级别：  INFO  
出错类：Himall.Service.OrderService.SendMessage  
错误描述：准备进入SendMessageOnOrderCreate发送短信通知方法里面 




 记录时间：2018-11-11 09:12:25,429 
日志级别：  INFO  
出错类：Himall.Plugin.Message.Email.EmailCore.GetMessageStatus  
错误描述：email3---sss 




 记录时间：2018-11-11 09:12:25,497 
日志级别：  INFO  
出错类：Himall.Plugin.Message.Email.EmailCore.GetMessageStatus  
错误描述：email2---:?<?xml version="1.0" encoding="utf-8" ?>
<MessageStatus>
  <OrderCreated>1</OrderCreated>
  <OrderPay>1</OrderPay>
  <OrderShipping>1</OrderShipping>
  <OrderRefund>1</OrderRefund>
  <RefundDeliver>1</RefundDeliver>
  <FindPassWord>1</FindPassWord>
  <ShopAudited>1</ShopAudited>
  <ShopHaveNewOrder>3</ShopHaveNewOrder>
  <ReceiveBonus>3</ReceiveBonus>
  <LimitTimeBuy>3</LimitTimeBuy>
  <SubscribeLimitTimeBuy>3</SubscribeLimitTimeBuy>
  <FightGroupOpenSuccess>3</FightGroupOpenSuccess>
  <FightGroupJoinSuccess>3</FightGroupJoinSuccess>
  <FightGroupNewJoin>3</FightGroupNewJoin>
  <FightGroupFailed>3</FightGroupFailed>
  <FightGroupSuccess>3</FightGroupSuccess>
  <SendCouponSuccess>1</SendCouponSuccess>
</MessageStatus> 




 记录时间：2018-11-11 09:12:25,510 
日志级别：  INFO  
出错类：Himall.Plugin.Message.Email.EmailCore.GetMessageStatus  
错误描述：email3---eee 




 记录时间：2018-11-11 09:12:25,523 
日志级别：  INFO  
出错类：Himall.Plugin.Message.Email.EmailCore.GetMessageStatus  
错误描述：email3---sss 




 记录时间：2018-11-11 09:12:25,526 
日志级别：  INFO  
出错类：Himall.Plugin.Message.Email.EmailCore.GetMessageStatus  
错误描述：email2---:?<?xml version="1.0" encoding="utf-8" ?>
<MessageStatus>
  <OrderCreated>1</OrderCreated>
  <OrderPay>1</OrderPay>
  <OrderShipping>1</OrderShipping>
  <OrderRefund>1</OrderRefund>
  <RefundDeliver>1</RefundDeliver>
  <FindPassWord>1</FindPassWord>
  <ShopAudited>1</ShopAudited>
  <ShopHaveNewOrder>3</ShopHaveNewOrder>
  <ReceiveBonus>3</ReceiveBonus>
  <LimitTimeBuy>3</LimitTimeBuy>
  <SubscribeLimitTimeBuy>3</SubscribeLimitTimeBuy>
  <FightGroupOpenSuccess>3</FightGroupOpenSuccess>
  <FightGroupJoinSuccess>3</FightGroupJoinSuccess>
  <FightGroupNewJoin>3</FightGroupNewJoin>
  <FightGroupFailed>3</FightGroupFailed>
  <FightGroupSuccess>3</FightGroupSuccess>
  <SendCouponSuccess>1</SendCouponSuccess>
</MessageStatus> 




 记录时间：2018-11-11 09:12:25,528 
日志级别：  INFO  
出错类：Himall.Plugin.Message.Email.EmailCore.GetMessageStatus  
错误描述：email3---eee 




 记录时间：2018-11-11 09:12:25,830 
日志级别：  INFO  
出错类：Himall.Plugin.Message.Email.EmailCore.GetMessageContentConfig  
错误描述：email2---sss 




 记录时间：2018-11-11 09:12:25,970 
日志级别：  INFO  
出错类：Himall.Plugin.Message.Email.EmailCore.GetMessageContentConfig  
错误描述：email2---eee 




 记录时间：2018-11-11 09:12:26,928 
日志级别：  INFO  
出错类：Himall.Service.WXMsgTemplateService.SendMessageByTemplate  
错误描述：[模板消息]开始准备数据：641[待付款提醒] 




 记录时间：2018-11-11 09:12:27,214 
日志级别：  INFO  
出错类：Himall.Service.WXMsgTemplateService.SendMessageByTemplate  
错误描述：消息类型=待付款提醒 userId=641 openId= dataerr=未开启 




 记录时间：2018-11-11 09:12:27,215 
日志级别：  INFO  
出错类：Himall.Service.WXMsgTemplateService.SendMessageByTemplate  
错误描述：[模板消息]发送失败：数据验证未通过-未开启[待付款提醒] 




 记录时间：2018-11-11 09:21:47,066 
日志级别：  INFO  
出错类：Himall.Web.MvcApplication.Application_End  
错误描述：2018-11-11 09:21:47 -  http://localhost:62443 




 记录时间：2018-11-11 09:21:59,100 
日志级别：  INFO  
出错类：Himall.PaymentPlugin.PaymentBase`1[T].set_WorkDirectory  
错误描述：set WorkDirectory:Himall.Plugin.Payment.Alipay.Service 




 记录时间：2018-11-11 09:21:59,111 
日志级别：  INFO  
出错类：Himall.PaymentPlugin.PaymentBase`1[T].set_WorkDirectory  
错误描述：set WorkDirectory:Himall.Plugin.Payment.Alipay_App.Service 




 记录时间：2018-11-11 09:21:59,124 
日志级别：  INFO  
出错类：Himall.PaymentPlugin.PaymentBase`1[T].set_WorkDirectory  
错误描述：set WorkDirectory:Himall.Plugin.Payment.Alipay_QRCode.Service 




 记录时间：2018-11-11 09:21:59,156 
日志级别：  INFO  
出错类：Himall.PaymentPlugin.PaymentBase`1[T].set_WorkDirectory  
错误描述：set WorkDirectory:Himall.Plugin.Payment.Alipay_WAP.Service 




 记录时间：2018-11-11 09:21:59,166 
日志级别：  INFO  
出错类：Himall.PaymentPlugin.PaymentBase`1[T].set_WorkDirectory  
错误描述：set WorkDirectory:Himall.Plugin.Payment.UnionPay.UnionPay 




 记录时间：2018-11-11 09:21:59,181 
日志级别：  INFO  
出错类：Himall.PaymentPlugin.PaymentBase`1[T].set_WorkDirectory  
错误描述：set WorkDirectory:Himall.Plugin.Payment.WeiXinPay.Service 




 记录时间：2018-11-11 09:21:59,190 
日志级别：  INFO  
出错类：Himall.PaymentPlugin.PaymentBase`1[T].set_WorkDirectory  
错误描述：set WorkDirectory:Himall.Plugin.Payment.WeiXinPay_App.Service 




 记录时间：2018-11-11 09:21:59,199 
日志级别：  INFO  
出错类：Himall.PaymentPlugin.PaymentBase`1[T].set_WorkDirectory  
错误描述：set WorkDirectory:Himall.Plugin.Payment.WeiXinPay_H5.Service 




 记录时间：2018-11-11 09:21:59,206 
日志级别：  INFO  
出错类：Himall.PaymentPlugin.PaymentBase`1[T].set_WorkDirectory  
错误描述：set WorkDirectory:Himall.Plugin.Payment.WeiXinPay_Native.WeiXinPay 




 记录时间：2018-11-11 09:21:59,224 
日志级别：  INFO  
出错类：Himall.PaymentPlugin.PaymentBase`1[T].set_WorkDirectory  
错误描述：set WorkDirectory:Himall.Plugin.Payment.WeiXinPay_O2OSmallProg.Service 




 记录时间：2018-11-11 09:21:59,248 
日志级别：  INFO  
出错类：Himall.PaymentPlugin.PaymentBase`1[T].set_WorkDirectory  
错误描述：set WorkDirectory:Himall.Plugin.Payment.WeiXinPay_SmallProg.Service 




 记录时间：2018-11-11 09:22:53,282 
日志级别：  INFO  
出错类：Himall.Web.MvcApplication.Application_End  
错误描述：2018-11-11 09:22:53 -  http://localhost:62443 




 记录时间：2018-11-11 09:22:57,919 
日志级别：  INFO  
出错类：Himall.PaymentPlugin.PaymentBase`1[T].set_WorkDirectory  
错误描述：set WorkDirectory:Himall.Plugin.Payment.Alipay.Service 




 记录时间：2018-11-11 09:22:57,936 
日志级别：  INFO  
出错类：Himall.PaymentPlugin.PaymentBase`1[T].set_WorkDirectory  
错误描述：set WorkDirectory:Himall.Plugin.Payment.Alipay_App.Service 




 记录时间：2018-11-11 09:22:57,953 
日志级别：  INFO  
出错类：Himall.PaymentPlugin.PaymentBase`1[T].set_WorkDirectory  
错误描述：set WorkDirectory:Himall.Plugin.Payment.Alipay_QRCode.Service 




 记录时间：2018-11-11 09:22:57,972 
日志级别：  INFO  
出错类：Himall.PaymentPlugin.PaymentBase`1[T].set_WorkDirectory  
错误描述：set WorkDirectory:Himall.Plugin.Payment.Alipay_WAP.Service 




 记录时间：2018-11-11 09:22:57,988 
日志级别：  INFO  
出错类：Himall.PaymentPlugin.PaymentBase`1[T].set_WorkDirectory  
错误描述：set WorkDirectory:Himall.Plugin.Payment.UnionPay.UnionPay 




 记录时间：2018-11-11 09:22:58,007 
日志级别：  INFO  
出错类：Himall.PaymentPlugin.PaymentBase`1[T].set_WorkDirectory  
错误描述：set WorkDirectory:Himall.Plugin.Payment.WeiXinPay.Service 




 记录时间：2018-11-11 09:22:58,028 
日志级别：  INFO  
出错类：Himall.PaymentPlugin.PaymentBase`1[T].set_WorkDirectory  
错误描述：set WorkDirectory:Himall.Plugin.Payment.WeiXinPay_App.Service 




 记录时间：2018-11-11 09:22:58,287 
日志级别：  INFO  
出错类：Himall.PaymentPlugin.PaymentBase`1[T].set_WorkDirectory  
错误描述：set WorkDirectory:Himall.Plugin.Payment.WeiXinPay_H5.Service 




 记录时间：2018-11-11 09:22:58,318 
日志级别：  INFO  
出错类：Himall.PaymentPlugin.PaymentBase`1[T].set_WorkDirectory  
错误描述：set WorkDirectory:Himall.Plugin.Payment.WeiXinPay_Native.WeiXinPay 




 记录时间：2018-11-11 09:22:58,339 
日志级别：  INFO  
出错类：Himall.PaymentPlugin.PaymentBase`1[T].set_WorkDirectory  
错误描述：set WorkDirectory:Himall.Plugin.Payment.WeiXinPay_O2OSmallProg.Service 




 记录时间：2018-11-11 09:22:58,362 
日志级别：  INFO  
出错类：Himall.PaymentPlugin.PaymentBase`1[T].set_WorkDirectory  
错误描述：set WorkDirectory:Himall.Plugin.Payment.WeiXinPay_SmallProg.Service 




 记录时间：2018-11-11 09:25:09,412 
日志级别：  INFO  
出错类：Himall.Service.OrderService.SendMessage  
错误描述：进入SendMessage发送短信通知方法里面 




 记录时间：2018-11-11 09:25:09,418 
日志级别：  INFO  
出错类：Himall.Service.OrderService.SendMessage  
错误描述：准备进入SendMessageOnOrderCreate发送短信通知方法里面 




 记录时间：2018-11-11 09:25:09,428 
日志级别：  INFO  
出错类：Himall.Plugin.Message.Email.EmailCore.GetMessageStatus  
错误描述：email3---sss 




 记录时间：2018-11-11 09:25:09,499 
日志级别：  INFO  
出错类：Himall.Plugin.Message.Email.EmailCore.GetMessageStatus  
错误描述：email2---:?<?xml version="1.0" encoding="utf-8" ?>
<MessageStatus>
  <OrderCreated>1</OrderCreated>
  <OrderPay>1</OrderPay>
  <OrderShipping>1</OrderShipping>
  <OrderRefund>1</OrderRefund>
  <RefundDeliver>1</RefundDeliver>
  <FindPassWord>1</FindPassWord>
  <ShopAudited>1</ShopAudited>
  <ShopHaveNewOrder>3</ShopHaveNewOrder>
  <ReceiveBonus>3</ReceiveBonus>
  <LimitTimeBuy>3</LimitTimeBuy>
  <SubscribeLimitTimeBuy>3</SubscribeLimitTimeBuy>
  <FightGroupOpenSuccess>3</FightGroupOpenSuccess>
  <FightGroupJoinSuccess>3</FightGroupJoinSuccess>
  <FightGroupNewJoin>3</FightGroupNewJoin>
  <FightGroupFailed>3</FightGroupFailed>
  <FightGroupSuccess>3</FightGroupSuccess>
  <SendCouponSuccess>1</SendCouponSuccess>
</MessageStatus> 




 记录时间：2018-11-11 09:25:09,512 
日志级别：  INFO  
出错类：Himall.Plugin.Message.Email.EmailCore.GetMessageStatus  
错误描述：email3---eee 




 记录时间：2018-11-11 09:25:09,527 
日志级别：  INFO  
出错类：Himall.Plugin.Message.Email.EmailCore.GetMessageStatus  
错误描述：email3---sss 




 记录时间：2018-11-11 09:25:09,529 
日志级别：  INFO  
出错类：Himall.Plugin.Message.Email.EmailCore.GetMessageStatus  
错误描述：email2---:?<?xml version="1.0" encoding="utf-8" ?>
<MessageStatus>
  <OrderCreated>1</OrderCreated>
  <OrderPay>1</OrderPay>
  <OrderShipping>1</OrderShipping>
  <OrderRefund>1</OrderRefund>
  <RefundDeliver>1</RefundDeliver>
  <FindPassWord>1</FindPassWord>
  <ShopAudited>1</ShopAudited>
  <ShopHaveNewOrder>3</ShopHaveNewOrder>
  <ReceiveBonus>3</ReceiveBonus>
  <LimitTimeBuy>3</LimitTimeBuy>
  <SubscribeLimitTimeBuy>3</SubscribeLimitTimeBuy>
  <FightGroupOpenSuccess>3</FightGroupOpenSuccess>
  <FightGroupJoinSuccess>3</FightGroupJoinSuccess>
  <FightGroupNewJoin>3</FightGroupNewJoin>
  <FightGroupFailed>3</FightGroupFailed>
  <FightGroupSuccess>3</FightGroupSuccess>
  <SendCouponSuccess>1</SendCouponSuccess>
</MessageStatus> 




 记录时间：2018-11-11 09:25:09,530 
日志级别：  INFO  
出错类：Himall.Plugin.Message.Email.EmailCore.GetMessageStatus  
错误描述：email3---eee 




 记录时间：2018-11-11 09:25:09,596 
日志级别：  INFO  
出错类：Himall.Plugin.Message.Email.EmailCore.GetMessageContentConfig  
错误描述：email2---sss 




 记录时间：2018-11-11 09:25:09,639 
日志级别：  INFO  
出错类：Himall.Plugin.Message.Email.EmailCore.GetMessageContentConfig  
错误描述：email2---eee 




 记录时间：2018-11-11 09:25:10,452 
日志级别：  INFO  
出错类：Himall.Service.WXMsgTemplateService.SendMessageByTemplate  
错误描述：[模板消息]开始准备数据：641[待付款提醒] 




 记录时间：2018-11-11 09:25:10,665 
日志级别：  INFO  
出错类：Himall.Service.WXMsgTemplateService.SendMessageByTemplate  
错误描述：消息类型=待付款提醒 userId=641 openId= dataerr=未开启 




 记录时间：2018-11-11 09:25:10,666 
日志级别：  INFO  
出错类：Himall.Service.WXMsgTemplateService.SendMessageByTemplate  
错误描述：[模板消息]发送失败：数据验证未通过-未开启[待付款提醒] 




 记录时间：2018-11-11 09:31:16,735 
日志级别：  INFO  
出错类：Himall.Service.OrderService.SendMessage  
错误描述：进入SendMessage发送短信通知方法里面 




 记录时间：2018-11-11 09:31:16,738 
日志级别：  INFO  
出错类：Himall.Service.OrderService.SendMessage  
错误描述：准备进入SendMessageOnOrderCreate发送短信通知方法里面 




 记录时间：2018-11-11 09:31:16,740 
日志级别：  INFO  
出错类：Himall.Plugin.Message.Email.EmailCore.GetMessageStatus  
错误描述：email3---sss 




 记录时间：2018-11-11 09:31:16,743 
日志级别：  INFO  
出错类：Himall.Plugin.Message.Email.EmailCore.GetMessageStatus  
错误描述：email2---:?<?xml version="1.0" encoding="utf-8" ?>
<MessageStatus>
  <OrderCreated>1</OrderCreated>
  <OrderPay>1</OrderPay>
  <OrderShipping>1</OrderShipping>
  <OrderRefund>1</OrderRefund>
  <RefundDeliver>1</RefundDeliver>
  <FindPassWord>1</FindPassWord>
  <ShopAudited>1</ShopAudited>
  <ShopHaveNewOrder>3</ShopHaveNewOrder>
  <ReceiveBonus>3</ReceiveBonus>
  <LimitTimeBuy>3</LimitTimeBuy>
  <SubscribeLimitTimeBuy>3</SubscribeLimitTimeBuy>
  <FightGroupOpenSuccess>3</FightGroupOpenSuccess>
  <FightGroupJoinSuccess>3</FightGroupJoinSuccess>
  <FightGroupNewJoin>3</FightGroupNewJoin>
  <FightGroupFailed>3</FightGroupFailed>
  <FightGroupSuccess>3</FightGroupSuccess>
  <SendCouponSuccess>1</SendCouponSuccess>
</MessageStatus> 




 记录时间：2018-11-11 09:31:16,744 
日志级别：  INFO  
出错类：Himall.Plugin.Message.Email.EmailCore.GetMessageStatus  
错误描述：email3---eee 




 记录时间：2018-11-11 09:31:16,745 
日志级别：  INFO  
出错类：Himall.Plugin.Message.Email.EmailCore.GetMessageStatus  
错误描述：email3---sss 




 记录时间：2018-11-11 09:31:16,747 
日志级别：  INFO  
出错类：Himall.Plugin.Message.Email.EmailCore.GetMessageStatus  
错误描述：email2---:?<?xml version="1.0" encoding="utf-8" ?>
<MessageStatus>
  <OrderCreated>1</OrderCreated>
  <OrderPay>1</OrderPay>
  <OrderShipping>1</OrderShipping>
  <OrderRefund>1</OrderRefund>
  <RefundDeliver>1</RefundDeliver>
  <FindPassWord>1</FindPassWord>
  <ShopAudited>1</ShopAudited>
  <ShopHaveNewOrder>3</ShopHaveNewOrder>
  <ReceiveBonus>3</ReceiveBonus>
  <LimitTimeBuy>3</LimitTimeBuy>
  <SubscribeLimitTimeBuy>3</SubscribeLimitTimeBuy>
  <FightGroupOpenSuccess>3</FightGroupOpenSuccess>
  <FightGroupJoinSuccess>3</FightGroupJoinSuccess>
  <FightGroupNewJoin>3</FightGroupNewJoin>
  <FightGroupFailed>3</FightGroupFailed>
  <FightGroupSuccess>3</FightGroupSuccess>
  <SendCouponSuccess>1</SendCouponSuccess>
</MessageStatus> 




 记录时间：2018-11-11 09:31:16,748 
日志级别：  INFO  
出错类：Himall.Plugin.Message.Email.EmailCore.GetMessageStatus  
错误描述：email3---eee 




 记录时间：2018-11-11 09:31:16,881 
日志级别：  INFO  
出错类：Himall.Plugin.Message.Email.EmailCore.GetMessageContentConfig  
错误描述：email2---sss 




 记录时间：2018-11-11 09:31:16,883 
日志级别：  INFO  
出错类：Himall.Plugin.Message.Email.EmailCore.GetMessageContentConfig  
错误描述：email2---eee 




 记录时间：2018-11-11 09:31:17,357 
日志级别：  INFO  
出错类：Himall.Service.WXMsgTemplateService.SendMessageByTemplate  
错误描述：[模板消息]开始准备数据：641[待付款提醒] 




 记录时间：2018-11-11 09:31:17,586 
日志级别：  INFO  
出错类：Himall.Service.WXMsgTemplateService.SendMessageByTemplate  
错误描述：消息类型=待付款提醒 userId=641 openId= dataerr=未开启 




 记录时间：2018-11-11 09:31:17,587 
日志级别：  INFO  
出错类：Himall.Service.WXMsgTemplateService.SendMessageByTemplate  
错误描述：[模板消息]发送失败：数据验证未通过-未开启[待付款提醒] 




 记录时间：2018-11-11 10:12:20,726 
日志级别：  INFO  
出错类：Himall.Web.MvcApplication.Application_End  
错误描述：2018-11-11 10:12:20 -  http://localhost:62443 




 记录时间：2018-11-11 10:13:22,676 
日志级别：  INFO  
出错类：Himall.PaymentPlugin.PaymentBase`1[T].set_WorkDirectory  
错误描述：set WorkDirectory:Himall.Plugin.Payment.Alipay.Service 




 记录时间：2018-11-11 10:13:22,718 
日志级别：  INFO  
出错类：Himall.PaymentPlugin.PaymentBase`1[T].set_WorkDirectory  
错误描述：set WorkDirectory:Himall.Plugin.Payment.Alipay_App.Service 




 记录时间：2018-11-11 10:13:22,739 
日志级别：  INFO  
出错类：Himall.PaymentPlugin.PaymentBase`1[T].set_WorkDirectory  
错误描述：set WorkDirectory:Himall.Plugin.Payment.Alipay_QRCode.Service 




 记录时间：2018-11-11 10:13:22,763 
日志级别：  INFO  
出错类：Himall.PaymentPlugin.PaymentBase`1[T].set_WorkDirectory  
错误描述：set WorkDirectory:Himall.Plugin.Payment.Alipay_WAP.Service 




 记录时间：2018-11-11 10:13:22,791 
日志级别：  INFO  
出错类：Himall.PaymentPlugin.PaymentBase`1[T].set_WorkDirectory  
错误描述：set WorkDirectory:Himall.Plugin.Payment.UnionPay.UnionPay 




 记录时间：2018-11-11 10:13:22,813 
日志级别：  INFO  
出错类：Himall.PaymentPlugin.PaymentBase`1[T].set_WorkDirectory  
错误描述：set WorkDirectory:Himall.Plugin.Payment.WeiXinPay.Service 




 记录时间：2018-11-11 10:13:22,839 
日志级别：  INFO  
出错类：Himall.PaymentPlugin.PaymentBase`1[T].set_WorkDirectory  
错误描述：set WorkDirectory:Himall.Plugin.Payment.WeiXinPay_App.Service 




 记录时间：2018-11-11 10:13:23,029 
日志级别：  INFO  
出错类：Himall.PaymentPlugin.PaymentBase`1[T].set_WorkDirectory  
错误描述：set WorkDirectory:Himall.Plugin.Payment.WeiXinPay_H5.Service 




 记录时间：2018-11-11 10:13:23,146 
日志级别：  INFO  
出错类：Himall.PaymentPlugin.PaymentBase`1[T].set_WorkDirectory  
错误描述：set WorkDirectory:Himall.Plugin.Payment.WeiXinPay_Native.WeiXinPay 




 记录时间：2018-11-11 10:13:23,170 
日志级别：  INFO  
出错类：Himall.PaymentPlugin.PaymentBase`1[T].set_WorkDirectory  
错误描述：set WorkDirectory:Himall.Plugin.Payment.WeiXinPay_O2OSmallProg.Service 




 记录时间：2018-11-11 10:13:23,193 
日志级别：  INFO  
出错类：Himall.PaymentPlugin.PaymentBase`1[T].set_WorkDirectory  
错误描述：set WorkDirectory:Himall.Plugin.Payment.WeiXinPay_SmallProg.Service 




 记录时间：2018-11-11 10:17:24,929 
日志级别：  INFO  
出错类：Himall.Web.MvcApplication.Application_End  
错误描述：2018-11-11 10:17:24 -  http://localhost:62443 




 记录时间：2018-11-11 10:17:45,101 
日志级别：  INFO  
出错类：Himall.PaymentPlugin.PaymentBase`1[T].set_WorkDirectory  
错误描述：set WorkDirectory:Himall.Plugin.Payment.Alipay.Service 




 记录时间：2018-11-11 10:17:45,139 
日志级别：  INFO  
出错类：Himall.PaymentPlugin.PaymentBase`1[T].set_WorkDirectory  
错误描述：set WorkDirectory:Himall.Plugin.Payment.Alipay_App.Service 




 记录时间：2018-11-11 10:17:45,193 
日志级别：  INFO  
出错类：Himall.PaymentPlugin.PaymentBase`1[T].set_WorkDirectory  
错误描述：set WorkDirectory:Himall.Plugin.Payment.Alipay_QRCode.Service 




 记录时间：2018-11-11 10:17:45,237 
日志级别：  INFO  
出错类：Himall.PaymentPlugin.PaymentBase`1[T].set_WorkDirectory  
错误描述：set WorkDirectory:Himall.Plugin.Payment.Alipay_WAP.Service 




 记录时间：2018-11-11 10:17:45,300 
日志级别：  INFO  
出错类：Himall.PaymentPlugin.PaymentBase`1[T].set_WorkDirectory  
错误描述：set WorkDirectory:Himall.Plugin.Payment.UnionPay.UnionPay 




 记录时间：2018-11-11 10:17:45,388 
日志级别：  INFO  
出错类：Himall.PaymentPlugin.PaymentBase`1[T].set_WorkDirectory  
错误描述：set WorkDirectory:Himall.Plugin.Payment.WeiXinPay.Service 




 记录时间：2018-11-11 10:17:45,450 
日志级别：  INFO  
出错类：Himall.PaymentPlugin.PaymentBase`1[T].set_WorkDirectory  
错误描述：set WorkDirectory:Himall.Plugin.Payment.WeiXinPay_App.Service 




 记录时间：2018-11-11 10:17:45,746 
日志级别：  INFO  
出错类：Himall.PaymentPlugin.PaymentBase`1[T].set_WorkDirectory  
错误描述：set WorkDirectory:Himall.Plugin.Payment.WeiXinPay_H5.Service 




 记录时间：2018-11-11 10:17:45,800 
日志级别：  INFO  
出错类：Himall.PaymentPlugin.PaymentBase`1[T].set_WorkDirectory  
错误描述：set WorkDirectory:Himall.Plugin.Payment.WeiXinPay_Native.WeiXinPay 




 记录时间：2018-11-11 10:17:45,836 
日志级别：  INFO  
出错类：Himall.PaymentPlugin.PaymentBase`1[T].set_WorkDirectory  
错误描述：set WorkDirectory:Himall.Plugin.Payment.WeiXinPay_O2OSmallProg.Service 




 记录时间：2018-11-11 10:17:45,865 
日志级别：  INFO  
出错类：Himall.PaymentPlugin.PaymentBase`1[T].set_WorkDirectory  
错误描述：set WorkDirectory:Himall.Plugin.Payment.WeiXinPay_SmallProg.Service 




 记录时间：2018-11-11 10:18:07,524 
日志级别：  INFO  
出错类：Himall.PaymentPlugin.PaymentBase`1[T].set_WorkDirectory  
错误描述：set WorkDirectory:Himall.Plugin.Payment.Alipay.Service 




 记录时间：2018-11-11 10:18:07,545 
日志级别：  INFO  
出错类：Himall.PaymentPlugin.PaymentBase`1[T].set_WorkDirectory  
错误描述：set WorkDirectory:Himall.Plugin.Payment.Alipay_App.Service 




 记录时间：2018-11-11 10:18:07,564 
日志级别：  INFO  
出错类：Himall.PaymentPlugin.PaymentBase`1[T].set_WorkDirectory  
错误描述：set WorkDirectory:Himall.Plugin.Payment.Alipay_QRCode.Service 




 记录时间：2018-11-11 10:18:07,604 
日志级别：  INFO  
出错类：Himall.PaymentPlugin.PaymentBase`1[T].set_WorkDirectory  
错误描述：set WorkDirectory:Himall.Plugin.Payment.Alipay_WAP.Service 




 记录时间：2018-11-11 10:18:07,646 
日志级别：  INFO  
出错类：Himall.PaymentPlugin.PaymentBase`1[T].set_WorkDirectory  
错误描述：set WorkDirectory:Himall.Plugin.Payment.UnionPay.UnionPay 




 记录时间：2018-11-11 10:18:07,673 
日志级别：  INFO  
出错类：Himall.PaymentPlugin.PaymentBase`1[T].set_WorkDirectory  
错误描述：set WorkDirectory:Himall.Plugin.Payment.WeiXinPay.Service 




 记录时间：2018-11-11 10:18:07,701 
日志级别：  INFO  
出错类：Himall.PaymentPlugin.PaymentBase`1[T].set_WorkDirectory  
错误描述：set WorkDirectory:Himall.Plugin.Payment.WeiXinPay_App.Service 




 记录时间：2018-11-11 10:18:07,728 
日志级别：  INFO  
出错类：Himall.PaymentPlugin.PaymentBase`1[T].set_WorkDirectory  
错误描述：set WorkDirectory:Himall.Plugin.Payment.WeiXinPay_H5.Service 




 记录时间：2018-11-11 10:18:07,757 
日志级别：  INFO  
出错类：Himall.PaymentPlugin.PaymentBase`1[T].set_WorkDirectory  
错误描述：set WorkDirectory:Himall.Plugin.Payment.WeiXinPay_Native.WeiXinPay 




 记录时间：2018-11-11 10:18:07,793 
日志级别：  INFO  
出错类：Himall.PaymentPlugin.PaymentBase`1[T].set_WorkDirectory  
错误描述：set WorkDirectory:Himall.Plugin.Payment.WeiXinPay_O2OSmallProg.Service 




 记录时间：2018-11-11 10:18:07,818 
日志级别：  INFO  
出错类：Himall.PaymentPlugin.PaymentBase`1[T].set_WorkDirectory  
错误描述：set WorkDirectory:Himall.Plugin.Payment.WeiXinPay_SmallProg.Service 




 记录时间：2018-11-11 10:18:16,428 
日志级别：  INFO  
出错类：Himall.Web.MvcApplication.Application_End  
错误描述：2018-11-11 10:18:16 -  http://localhost:62443 




 记录时间：2018-11-11 10:24:33,718 
日志级别：  INFO  
出错类：Himall.Web.MvcApplication.Application_End  
错误描述：2018-11-11 10:24:33 -  http://localhost:62443 




 记录时间：2018-11-11 10:24:53,024 
日志级别：  INFO  
出错类：Himall.PaymentPlugin.PaymentBase`1[T].set_WorkDirectory  
错误描述：set WorkDirectory:Himall.Plugin.Payment.Alipay.Service 




 记录时间：2018-11-11 10:24:53,038 
日志级别：  INFO  
出错类：Himall.PaymentPlugin.PaymentBase`1[T].set_WorkDirectory  
错误描述：set WorkDirectory:Himall.Plugin.Payment.Alipay_App.Service 




 记录时间：2018-11-11 10:24:53,052 
日志级别：  INFO  
出错类：Himall.PaymentPlugin.PaymentBase`1[T].set_WorkDirectory  
错误描述：set WorkDirectory:Himall.Plugin.Payment.Alipay_QRCode.Service 




 记录时间：2018-11-11 10:24:53,068 
日志级别：  INFO  
出错类：Himall.PaymentPlugin.PaymentBase`1[T].set_WorkDirectory  
错误描述：set WorkDirectory:Himall.Plugin.Payment.Alipay_WAP.Service 




 记录时间：2018-11-11 10:24:53,081 
日志级别：  INFO  
出错类：Himall.PaymentPlugin.PaymentBase`1[T].set_WorkDirectory  
错误描述：set WorkDirectory:Himall.Plugin.Payment.UnionPay.UnionPay 




 记录时间：2018-11-11 10:24:53,098 
日志级别：  INFO  
出错类：Himall.PaymentPlugin.PaymentBase`1[T].set_WorkDirectory  
错误描述：set WorkDirectory:Himall.Plugin.Payment.WeiXinPay.Service 




 记录时间：2018-11-11 10:24:53,112 
日志级别：  INFO  
出错类：Himall.PaymentPlugin.PaymentBase`1[T].set_WorkDirectory  
错误描述：set WorkDirectory:Himall.Plugin.Payment.WeiXinPay_App.Service 




 记录时间：2018-11-11 10:24:53,128 
日志级别：  INFO  
出错类：Himall.PaymentPlugin.PaymentBase`1[T].set_WorkDirectory  
错误描述：set WorkDirectory:Himall.Plugin.Payment.WeiXinPay_H5.Service 




 记录时间：2018-11-11 10:24:53,144 
日志级别：  INFO  
出错类：Himall.PaymentPlugin.PaymentBase`1[T].set_WorkDirectory  
错误描述：set WorkDirectory:Himall.Plugin.Payment.WeiXinPay_Native.WeiXinPay 




 记录时间：2018-11-11 10:24:53,160 
日志级别：  INFO  
出错类：Himall.PaymentPlugin.PaymentBase`1[T].set_WorkDirectory  
错误描述：set WorkDirectory:Himall.Plugin.Payment.WeiXinPay_O2OSmallProg.Service 




 记录时间：2018-11-11 10:24:53,176 
日志级别：  INFO  
出错类：Himall.PaymentPlugin.PaymentBase`1[T].set_WorkDirectory  
错误描述：set WorkDirectory:Himall.Plugin.Payment.WeiXinPay_SmallProg.Service 




 记录时间：2018-11-11 10:25:21,964 
日志级别：  INFO  
出错类：Himall.PaymentPlugin.PaymentBase`1[T].set_WorkDirectory  
错误描述：set WorkDirectory:Himall.Plugin.Payment.Alipay.Service 




 记录时间：2018-11-11 10:25:21,988 
日志级别：  INFO  
出错类：Himall.PaymentPlugin.PaymentBase`1[T].set_WorkDirectory  
错误描述：set WorkDirectory:Himall.Plugin.Payment.Alipay_App.Service 




 记录时间：2018-11-11 10:25:22,009 
日志级别：  INFO  
出错类：Himall.PaymentPlugin.PaymentBase`1[T].set_WorkDirectory  
错误描述：set WorkDirectory:Himall.Plugin.Payment.Alipay_QRCode.Service 




 记录时间：2018-11-11 10:25:22,032 
日志级别：  INFO  
出错类：Himall.PaymentPlugin.PaymentBase`1[T].set_WorkDirectory  
错误描述：set WorkDirectory:Himall.Plugin.Payment.Alipay_WAP.Service 




 记录时间：2018-11-11 10:25:22,059 
日志级别：  INFO  
出错类：Himall.PaymentPlugin.PaymentBase`1[T].set_WorkDirectory  
错误描述：set WorkDirectory:Himall.Plugin.Payment.UnionPay.UnionPay 




 记录时间：2018-11-11 10:25:22,080 
日志级别：  INFO  
出错类：Himall.PaymentPlugin.PaymentBase`1[T].set_WorkDirectory  
错误描述：set WorkDirectory:Himall.Plugin.Payment.WeiXinPay.Service 




 记录时间：2018-11-11 10:25:22,103 
日志级别：  INFO  
出错类：Himall.PaymentPlugin.PaymentBase`1[T].set_WorkDirectory  
错误描述：set WorkDirectory:Himall.Plugin.Payment.WeiXinPay_App.Service 




 记录时间：2018-11-11 10:25:22,124 
日志级别：  INFO  
出错类：Himall.PaymentPlugin.PaymentBase`1[T].set_WorkDirectory  
错误描述：set WorkDirectory:Himall.Plugin.Payment.WeiXinPay_H5.Service 




 记录时间：2018-11-11 10:25:22,143 
日志级别：  INFO  
出错类：Himall.PaymentPlugin.PaymentBase`1[T].set_WorkDirectory  
错误描述：set WorkDirectory:Himall.Plugin.Payment.WeiXinPay_Native.WeiXinPay 




 记录时间：2018-11-11 10:25:22,164 
日志级别：  INFO  
出错类：Himall.PaymentPlugin.PaymentBase`1[T].set_WorkDirectory  
错误描述：set WorkDirectory:Himall.Plugin.Payment.WeiXinPay_O2OSmallProg.Service 




 记录时间：2018-11-11 10:25:22,187 
日志级别：  INFO  
出错类：Himall.PaymentPlugin.PaymentBase`1[T].set_WorkDirectory  
错误描述：set WorkDirectory:Himall.Plugin.Payment.WeiXinPay_SmallProg.Service 




 记录时间：2018-11-11 10:25:23,578 
日志级别：  INFO  
出错类：Himall.Web.MvcApplication.Application_End  
错误描述：2018-11-11 10:25:23 -  http://localhost:62443 




 记录时间：2018-11-11 11:08:29,357 
日志级别：  INFO  
出错类：Himall.Web.MvcApplication.Application_End  
错误描述：2018-11-11 11:08:29 -  http://localhost:62443 




 记录时间：2018-11-11 11:08:47,316 
日志级别：  INFO  
出错类：Himall.PaymentPlugin.PaymentBase`1[T].set_WorkDirectory  
错误描述：set WorkDirectory:Himall.Plugin.Payment.Alipay.Service 




 记录时间：2018-11-11 11:08:47,341 
日志级别：  INFO  
出错类：Himall.PaymentPlugin.PaymentBase`1[T].set_WorkDirectory  
错误描述：set WorkDirectory:Himall.Plugin.Payment.Alipay_App.Service 




 记录时间：2018-11-11 11:08:47,361 
日志级别：  INFO  
出错类：Himall.PaymentPlugin.PaymentBase`1[T].set_WorkDirectory  
错误描述：set WorkDirectory:Himall.Plugin.Payment.Alipay_QRCode.Service 




 记录时间：2018-11-11 11:08:47,380 
日志级别：  INFO  
出错类：Himall.PaymentPlugin.PaymentBase`1[T].set_WorkDirectory  
错误描述：set WorkDirectory:Himall.Plugin.Payment.Alipay_WAP.Service 




 记录时间：2018-11-11 11:08:47,400 
日志级别：  INFO  
出错类：Himall.PaymentPlugin.PaymentBase`1[T].set_WorkDirectory  
错误描述：set WorkDirectory:Himall.Plugin.Payment.UnionPay.UnionPay 




 记录时间：2018-11-11 11:08:47,433 
日志级别：  INFO  
出错类：Himall.PaymentPlugin.PaymentBase`1[T].set_WorkDirectory  
错误描述：set WorkDirectory:Himall.Plugin.Payment.WeiXinPay.Service 




 记录时间：2018-11-11 11:08:47,452 
日志级别：  INFO  
出错类：Himall.PaymentPlugin.PaymentBase`1[T].set_WorkDirectory  
错误描述：set WorkDirectory:Himall.Plugin.Payment.WeiXinPay_App.Service 




 记录时间：2018-11-11 11:08:47,476 
日志级别：  INFO  
出错类：Himall.PaymentPlugin.PaymentBase`1[T].set_WorkDirectory  
错误描述：set WorkDirectory:Himall.Plugin.Payment.WeiXinPay_H5.Service 




 记录时间：2018-11-11 11:08:47,501 
日志级别：  INFO  
出错类：Himall.PaymentPlugin.PaymentBase`1[T].set_WorkDirectory  
错误描述：set WorkDirectory:Himall.Plugin.Payment.WeiXinPay_Native.WeiXinPay 




 记录时间：2018-11-11 11:08:47,538 
日志级别：  INFO  
出错类：Himall.PaymentPlugin.PaymentBase`1[T].set_WorkDirectory  
错误描述：set WorkDirectory:Himall.Plugin.Payment.WeiXinPay_O2OSmallProg.Service 




 记录时间：2018-11-11 11:08:47,561 
日志级别：  INFO  
出错类：Himall.PaymentPlugin.PaymentBase`1[T].set_WorkDirectory  
错误描述：set WorkDirectory:Himall.Plugin.Payment.WeiXinPay_SmallProg.Service 




 记录时间：2018-11-11 11:09:18,499 
日志级别：  INFO  
出错类：Himall.Web.MvcApplication.Application_End  
错误描述：2018-11-11 11:09:18 -  http://localhost:62443 




 记录时间：2018-11-11 11:09:19,156 
日志级别：  INFO  
出错类：Himall.PaymentPlugin.PaymentBase`1[T].set_WorkDirectory  
错误描述：set WorkDirectory:Himall.Plugin.Payment.Alipay.Service 




 记录时间：2018-11-11 11:09:19,177 
日志级别：  INFO  
出错类：Himall.PaymentPlugin.PaymentBase`1[T].set_WorkDirectory  
错误描述：set WorkDirectory:Himall.Plugin.Payment.Alipay_App.Service 




 记录时间：2018-11-11 11:09:19,196 
日志级别：  INFO  
出错类：Himall.PaymentPlugin.PaymentBase`1[T].set_WorkDirectory  
错误描述：set WorkDirectory:Himall.Plugin.Payment.Alipay_QRCode.Service 




 记录时间：2018-11-11 11:09:19,221 
日志级别：  INFO  
出错类：Himall.PaymentPlugin.PaymentBase`1[T].set_WorkDirectory  
错误描述：set WorkDirectory:Himall.Plugin.Payment.Alipay_WAP.Service 




 记录时间：2018-11-11 11:09:19,242 
日志级别：  INFO  
出错类：Himall.PaymentPlugin.PaymentBase`1[T].set_WorkDirectory  
错误描述：set WorkDirectory:Himall.Plugin.Payment.UnionPay.UnionPay 




 记录时间：2018-11-11 11:09:19,268 
日志级别：  INFO  
出错类：Himall.PaymentPlugin.PaymentBase`1[T].set_WorkDirectory  
错误描述：set WorkDirectory:Himall.Plugin.Payment.WeiXinPay.Service 




 记录时间：2018-11-11 11:09:19,295 
日志级别：  INFO  
出错类：Himall.PaymentPlugin.PaymentBase`1[T].set_WorkDirectory  
错误描述：set WorkDirectory:Himall.Plugin.Payment.WeiXinPay_App.Service 




 记录时间：2018-11-11 11:09:19,317 
日志级别：  INFO  
出错类：Himall.PaymentPlugin.PaymentBase`1[T].set_WorkDirectory  
错误描述：set WorkDirectory:Himall.Plugin.Payment.WeiXinPay_H5.Service 




 记录时间：2018-11-11 11:09:19,353 
日志级别：  INFO  
出错类：Himall.PaymentPlugin.PaymentBase`1[T].set_WorkDirectory  
错误描述：set WorkDirectory:Himall.Plugin.Payment.WeiXinPay_Native.WeiXinPay 




 记录时间：2018-11-11 11:09:19,374 
日志级别：  INFO  
出错类：Himall.PaymentPlugin.PaymentBase`1[T].set_WorkDirectory  
错误描述：set WorkDirectory:Himall.Plugin.Payment.WeiXinPay_O2OSmallProg.Service 




 记录时间：2018-11-11 11:09:19,395 
日志级别：  INFO  
出错类：Himall.PaymentPlugin.PaymentBase`1[T].set_WorkDirectory  
错误描述：set WorkDirectory:Himall.Plugin.Payment.WeiXinPay_SmallProg.Service 




 记录时间：2018-11-11 12:04:17,529 
日志级别：  INFO  
出错类：Himall.PaymentPlugin.PaymentBase`1[T].set_WorkDirectory  
错误描述：set WorkDirectory:Himall.Plugin.Payment.Alipay.Service 




 记录时间：2018-11-11 12:04:17,579 
日志级别：  INFO  
出错类：Himall.PaymentPlugin.PaymentBase`1[T].set_WorkDirectory  
错误描述：set WorkDirectory:Himall.Plugin.Payment.Alipay_App.Service 




 记录时间：2018-11-11 12:04:17,612 
日志级别：  INFO  
出错类：Himall.PaymentPlugin.PaymentBase`1[T].set_WorkDirectory  
错误描述：set WorkDirectory:Himall.Plugin.Payment.Alipay_QRCode.Service 




 记录时间：2018-11-11 12:04:17,654 
日志级别：  INFO  
出错类：Himall.PaymentPlugin.PaymentBase`1[T].set_WorkDirectory  
错误描述：set WorkDirectory:Himall.Plugin.Payment.Alipay_WAP.Service 




 记录时间：2018-11-11 12:04:17,718 
日志级别：  INFO  
出错类：Himall.PaymentPlugin.PaymentBase`1[T].set_WorkDirectory  
错误描述：set WorkDirectory:Himall.Plugin.Payment.UnionPay.UnionPay 




 记录时间：2018-11-11 12:04:17,799 
日志级别：  INFO  
出错类：Himall.PaymentPlugin.PaymentBase`1[T].set_WorkDirectory  
错误描述：set WorkDirectory:Himall.Plugin.Payment.WeiXinPay.Service 




 记录时间：2018-11-11 12:04:17,914 
日志级别：  INFO  
出错类：Himall.PaymentPlugin.PaymentBase`1[T].set_WorkDirectory  
错误描述：set WorkDirectory:Himall.Plugin.Payment.WeiXinPay_App.Service 




 记录时间：2018-11-11 12:04:17,951 
日志级别：  INFO  
出错类：Himall.PaymentPlugin.PaymentBase`1[T].set_WorkDirectory  
错误描述：set WorkDirectory:Himall.Plugin.Payment.WeiXinPay_H5.Service 




 记录时间：2018-11-11 12:04:18,274 
日志级别：  INFO  
出错类：Himall.PaymentPlugin.PaymentBase`1[T].set_WorkDirectory  
错误描述：set WorkDirectory:Himall.Plugin.Payment.WeiXinPay_Native.WeiXinPay 




 记录时间：2018-11-11 12:04:18,328 
日志级别：  INFO  
出错类：Himall.PaymentPlugin.PaymentBase`1[T].set_WorkDirectory  
错误描述：set WorkDirectory:Himall.Plugin.Payment.WeiXinPay_O2OSmallProg.Service 




 记录时间：2018-11-11 12:04:18,371 
日志级别：  INFO  
出错类：Himall.PaymentPlugin.PaymentBase`1[T].set_WorkDirectory  
错误描述：set WorkDirectory:Himall.Plugin.Payment.WeiXinPay_SmallProg.Service 




 记录时间：2018-11-11 12:20:42,216 
日志级别：  INFO  
出错类：Himall.Web.MvcApplication.Application_End  
错误描述：2018-11-11 12:20:42 -  http://localhost:62443 




 记录时间：2018-11-11 12:20:48,023 
日志级别：  INFO  
出错类：Himall.PaymentPlugin.PaymentBase`1[T].set_WorkDirectory  
错误描述：set WorkDirectory:Himall.Plugin.Payment.Alipay.Service 




 记录时间：2018-11-11 12:20:48,047 
日志级别：  INFO  
出错类：Himall.PaymentPlugin.PaymentBase`1[T].set_WorkDirectory  
错误描述：set WorkDirectory:Himall.Plugin.Payment.Alipay_App.Service 




 记录时间：2018-11-11 12:20:48,076 
日志级别：  INFO  
出错类：Himall.PaymentPlugin.PaymentBase`1[T].set_WorkDirectory  
错误描述：set WorkDirectory:Himall.Plugin.Payment.Alipay_QRCode.Service 




 记录时间：2018-11-11 12:20:48,098 
日志级别：  INFO  
出错类：Himall.PaymentPlugin.PaymentBase`1[T].set_WorkDirectory  
错误描述：set WorkDirectory:Himall.Plugin.Payment.Alipay_WAP.Service 




 记录时间：2018-11-11 12:20:48,121 
日志级别：  INFO  
出错类：Himall.PaymentPlugin.PaymentBase`1[T].set_WorkDirectory  
错误描述：set WorkDirectory:Himall.Plugin.Payment.UnionPay.UnionPay 




 记录时间：2018-11-11 12:20:48,147 
日志级别：  INFO  
出错类：Himall.PaymentPlugin.PaymentBase`1[T].set_WorkDirectory  
错误描述：set WorkDirectory:Himall.Plugin.Payment.WeiXinPay.Service 




 记录时间：2018-11-11 12:20:48,171 
日志级别：  INFO  
出错类：Himall.PaymentPlugin.PaymentBase`1[T].set_WorkDirectory  
错误描述：set WorkDirectory:Himall.Plugin.Payment.WeiXinPay_App.Service 




 记录时间：2018-11-11 12:20:48,215 
日志级别：  INFO  
出错类：Himall.PaymentPlugin.PaymentBase`1[T].set_WorkDirectory  
错误描述：set WorkDirectory:Himall.Plugin.Payment.WeiXinPay_H5.Service 




 记录时间：2018-11-11 12:20:48,243 
日志级别：  INFO  
出错类：Himall.PaymentPlugin.PaymentBase`1[T].set_WorkDirectory  
错误描述：set WorkDirectory:Himall.Plugin.Payment.WeiXinPay_Native.WeiXinPay 




 记录时间：2018-11-11 12:20:48,268 
日志级别：  INFO  
出错类：Himall.PaymentPlugin.PaymentBase`1[T].set_WorkDirectory  
错误描述：set WorkDirectory:Himall.Plugin.Payment.WeiXinPay_O2OSmallProg.Service 




 记录时间：2018-11-11 12:20:48,293 
日志级别：  INFO  
出错类：Himall.PaymentPlugin.PaymentBase`1[T].set_WorkDirectory  
错误描述：set WorkDirectory:Himall.Plugin.Payment.WeiXinPay_SmallProg.Service 




 记录时间：2018-11-11 12:23:03,650 
日志级别：  INFO  
出错类：Himall.Web.MvcApplication.Application_End  
错误描述：2018-11-11 12:23:03 -  http://localhost:62443 




 记录时间：2018-11-11 13:17:48,249 
日志级别：  INFO  
出错类：Himall.PaymentPlugin.PaymentBase`1[T].set_WorkDirectory  
错误描述：set WorkDirectory:Himall.Plugin.Payment.Alipay.Service 




 记录时间：2018-11-11 13:17:48,267 
日志级别：  INFO  
出错类：Himall.PaymentPlugin.PaymentBase`1[T].set_WorkDirectory  
错误描述：set WorkDirectory:Himall.Plugin.Payment.Alipay_App.Service 




 记录时间：2018-11-11 13:17:48,296 
日志级别：  INFO  
出错类：Himall.PaymentPlugin.PaymentBase`1[T].set_WorkDirectory  
错误描述：set WorkDirectory:Himall.Plugin.Payment.Alipay_QRCode.Service 




 记录时间：2018-11-11 13:17:48,317 
日志级别：  INFO  
出错类：Himall.PaymentPlugin.PaymentBase`1[T].set_WorkDirectory  
错误描述：set WorkDirectory:Himall.Plugin.Payment.Alipay_WAP.Service 




 记录时间：2018-11-11 13:17:48,335 
日志级别：  INFO  
出错类：Himall.PaymentPlugin.PaymentBase`1[T].set_WorkDirectory  
错误描述：set WorkDirectory:Himall.Plugin.Payment.UnionPay.UnionPay 




 记录时间：2018-11-11 13:17:48,380 
日志级别：  INFO  
出错类：Himall.PaymentPlugin.PaymentBase`1[T].set_WorkDirectory  
错误描述：set WorkDirectory:Himall.Plugin.Payment.WeiXinPay.Service 




 记录时间：2018-11-11 13:17:48,401 
日志级别：  INFO  
出错类：Himall.PaymentPlugin.PaymentBase`1[T].set_WorkDirectory  
错误描述：set WorkDirectory:Himall.Plugin.Payment.WeiXinPay_App.Service 




 记录时间：2018-11-11 13:17:48,425 
日志级别：  INFO  
出错类：Himall.PaymentPlugin.PaymentBase`1[T].set_WorkDirectory  
错误描述：set WorkDirectory:Himall.Plugin.Payment.WeiXinPay_H5.Service 




 记录时间：2018-11-11 13:17:48,448 
日志级别：  INFO  
出错类：Himall.PaymentPlugin.PaymentBase`1[T].set_WorkDirectory  
错误描述：set WorkDirectory:Himall.Plugin.Payment.WeiXinPay_Native.WeiXinPay 




 记录时间：2018-11-11 13:17:48,479 
日志级别：  INFO  
出错类：Himall.PaymentPlugin.PaymentBase`1[T].set_WorkDirectory  
错误描述：set WorkDirectory:Himall.Plugin.Payment.WeiXinPay_O2OSmallProg.Service 




 记录时间：2018-11-11 13:17:48,504 
日志级别：  INFO  
出错类：Himall.PaymentPlugin.PaymentBase`1[T].set_WorkDirectory  
错误描述：set WorkDirectory:Himall.Plugin.Payment.WeiXinPay_SmallProg.Service 




 记录时间：2018-11-11 13:49:37,446 
日志级别：  INFO  
出错类：Himall.Web.MvcApplication.Application_End  
错误描述：2018-11-11 13:49:37 -  http://localhost:62443 




 记录时间：2018-11-11 13:49:51,342 
日志级别：  INFO  
出错类：Himall.PaymentPlugin.PaymentBase`1[T].set_WorkDirectory  
错误描述：set WorkDirectory:Himall.Plugin.Payment.Alipay.Service 




 记录时间：2018-11-11 13:49:51,404 
日志级别：  INFO  
出错类：Himall.PaymentPlugin.PaymentBase`1[T].set_WorkDirectory  
错误描述：set WorkDirectory:Himall.Plugin.Payment.Alipay_App.Service 




 记录时间：2018-11-11 13:49:51,470 
日志级别：  INFO  
出错类：Himall.PaymentPlugin.PaymentBase`1[T].set_WorkDirectory  
错误描述：set WorkDirectory:Himall.Plugin.Payment.Alipay_QRCode.Service 




 记录时间：2018-11-11 13:49:51,489 
日志级别：  INFO  
出错类：Himall.PaymentPlugin.PaymentBase`1[T].set_WorkDirectory  
错误描述：set WorkDirectory:Himall.Plugin.Payment.Alipay_WAP.Service 




 记录时间：2018-11-11 13:49:51,507 
日志级别：  INFO  
出错类：Himall.PaymentPlugin.PaymentBase`1[T].set_WorkDirectory  
错误描述：set WorkDirectory:Himall.Plugin.Payment.UnionPay.UnionPay 




 记录时间：2018-11-11 13:49:51,525 
日志级别：  INFO  
出错类：Himall.PaymentPlugin.PaymentBase`1[T].set_WorkDirectory  
错误描述：set WorkDirectory:Himall.Plugin.Payment.WeiXinPay.Service 




 记录时间：2018-11-11 13:49:51,548 
日志级别：  INFO  
出错类：Himall.PaymentPlugin.PaymentBase`1[T].set_WorkDirectory  
错误描述：set WorkDirectory:Himall.Plugin.Payment.WeiXinPay_App.Service 




 记录时间：2018-11-11 13:49:51,568 
日志级别：  INFO  
出错类：Himall.PaymentPlugin.PaymentBase`1[T].set_WorkDirectory  
错误描述：set WorkDirectory:Himall.Plugin.Payment.WeiXinPay_H5.Service 




 记录时间：2018-11-11 13:49:51,587 
日志级别：  INFO  
出错类：Himall.PaymentPlugin.PaymentBase`1[T].set_WorkDirectory  
错误描述：set WorkDirectory:Himall.Plugin.Payment.WeiXinPay_Native.WeiXinPay 




 记录时间：2018-11-11 13:49:51,605 
日志级别：  INFO  
出错类：Himall.PaymentPlugin.PaymentBase`1[T].set_WorkDirectory  
错误描述：set WorkDirectory:Himall.Plugin.Payment.WeiXinPay_O2OSmallProg.Service 




 记录时间：2018-11-11 13:49:51,623 
日志级别：  INFO  
出错类：Himall.PaymentPlugin.PaymentBase`1[T].set_WorkDirectory  
错误描述：set WorkDirectory:Himall.Plugin.Payment.WeiXinPay_SmallProg.Service 




 记录时间：2018-11-11 13:50:22,009 
日志级别：  INFO  
出错类：Himall.Web.MvcApplication.Application_End  
错误描述：2018-11-11 13:50:22 -  http://localhost:62443 




 记录时间：2018-11-11 13:50:34,029 
日志级别：  INFO  
出错类：Himall.PaymentPlugin.PaymentBase`1[T].set_WorkDirectory  
错误描述：set WorkDirectory:Himall.Plugin.Payment.Alipay.Service 




 记录时间：2018-11-11 13:50:34,057 
日志级别：  INFO  
出错类：Himall.PaymentPlugin.PaymentBase`1[T].set_WorkDirectory  
错误描述：set WorkDirectory:Himall.Plugin.Payment.Alipay_App.Service 




 记录时间：2018-11-11 13:50:34,083 
日志级别：  INFO  
出错类：Himall.PaymentPlugin.PaymentBase`1[T].set_WorkDirectory  
错误描述：set WorkDirectory:Himall.Plugin.Payment.Alipay_QRCode.Service 




 记录时间：2018-11-11 13:50:34,108 
日志级别：  INFO  
出错类：Himall.PaymentPlugin.PaymentBase`1[T].set_WorkDirectory  
错误描述：set WorkDirectory:Himall.Plugin.Payment.Alipay_WAP.Service 




 记录时间：2018-11-11 13:50:34,152 
日志级别：  INFO  
出错类：Himall.PaymentPlugin.PaymentBase`1[T].set_WorkDirectory  
错误描述：set WorkDirectory:Himall.Plugin.Payment.UnionPay.UnionPay 




 记录时间：2018-11-11 13:50:34,182 
日志级别：  INFO  
出错类：Himall.PaymentPlugin.PaymentBase`1[T].set_WorkDirectory  
错误描述：set WorkDirectory:Himall.Plugin.Payment.WeiXinPay.Service 




 记录时间：2018-11-11 13:50:34,205 
日志级别：  INFO  
出错类：Himall.PaymentPlugin.PaymentBase`1[T].set_WorkDirectory  
错误描述：set WorkDirectory:Himall.Plugin.Payment.WeiXinPay_App.Service 




 记录时间：2018-11-11 13:50:34,228 
日志级别：  INFO  
出错类：Himall.PaymentPlugin.PaymentBase`1[T].set_WorkDirectory  
错误描述：set WorkDirectory:Himall.Plugin.Payment.WeiXinPay_H5.Service 




 记录时间：2018-11-11 13:50:34,251 
日志级别：  INFO  
出错类：Himall.PaymentPlugin.PaymentBase`1[T].set_WorkDirectory  
错误描述：set WorkDirectory:Himall.Plugin.Payment.WeiXinPay_Native.WeiXinPay 




 记录时间：2018-11-11 13:50:34,276 
日志级别：  INFO  
出错类：Himall.PaymentPlugin.PaymentBase`1[T].set_WorkDirectory  
错误描述：set WorkDirectory:Himall.Plugin.Payment.WeiXinPay_O2OSmallProg.Service 




 记录时间：2018-11-11 13:50:34,303 
日志级别：  INFO  
出错类：Himall.PaymentPlugin.PaymentBase`1[T].set_WorkDirectory  
错误描述：set WorkDirectory:Himall.Plugin.Payment.WeiXinPay_SmallProg.Service 




 记录时间：2018-11-11 13:52:48,555 
日志级别：  INFO  
出错类：Himall.Web.MvcApplication.Application_End  
错误描述：2018-11-11 13:52:48 -  http://localhost:62443 




 记录时间：2018-11-11 14:58:04,595 
日志级别：  INFO  
出错类：Himall.PaymentPlugin.PaymentBase`1[T].set_WorkDirectory  
错误描述：set WorkDirectory:Himall.Plugin.Payment.Alipay.Service 




 记录时间：2018-11-11 14:58:04,616 
日志级别：  INFO  
出错类：Himall.PaymentPlugin.PaymentBase`1[T].set_WorkDirectory  
错误描述：set WorkDirectory:Himall.Plugin.Payment.Alipay_App.Service 




 记录时间：2018-11-11 14:58:04,638 
日志级别：  INFO  
出错类：Himall.PaymentPlugin.PaymentBase`1[T].set_WorkDirectory  
错误描述：set WorkDirectory:Himall.Plugin.Payment.Alipay_QRCode.Service 




 记录时间：2018-11-11 14:58:04,664 
日志级别：  INFO  
出错类：Himall.PaymentPlugin.PaymentBase`1[T].set_WorkDirectory  
错误描述：set WorkDirectory:Himall.Plugin.Payment.Alipay_WAP.Service 




 记录时间：2018-11-11 14:58:04,690 
日志级别：  INFO  
出错类：Himall.PaymentPlugin.PaymentBase`1[T].set_WorkDirectory  
错误描述：set WorkDirectory:Himall.Plugin.Payment.UnionPay.UnionPay 




 记录时间：2018-11-11 14:58:04,720 
日志级别：  INFO  
出错类：Himall.PaymentPlugin.PaymentBase`1[T].set_WorkDirectory  
错误描述：set WorkDirectory:Himall.Plugin.Payment.WeiXinPay.Service 




 记录时间：2018-11-11 14:58:04,745 
日志级别：  INFO  
出错类：Himall.PaymentPlugin.PaymentBase`1[T].set_WorkDirectory  
错误描述：set WorkDirectory:Himall.Plugin.Payment.WeiXinPay_App.Service 




 记录时间：2018-11-11 14:58:04,773 
日志级别：  INFO  
出错类：Himall.PaymentPlugin.PaymentBase`1[T].set_WorkDirectory  
错误描述：set WorkDirectory:Himall.Plugin.Payment.WeiXinPay_H5.Service 




 记录时间：2018-11-11 14:58:04,828 
日志级别：  INFO  
出错类：Himall.PaymentPlugin.PaymentBase`1[T].set_WorkDirectory  
错误描述：set WorkDirectory:Himall.Plugin.Payment.WeiXinPay_Native.WeiXinPay 




 记录时间：2018-11-11 14:58:04,856 
日志级别：  INFO  
出错类：Himall.PaymentPlugin.PaymentBase`1[T].set_WorkDirectory  
错误描述：set WorkDirectory:Himall.Plugin.Payment.WeiXinPay_O2OSmallProg.Service 




 记录时间：2018-11-11 14:58:04,885 
日志级别：  INFO  
出错类：Himall.PaymentPlugin.PaymentBase`1[T].set_WorkDirectory  
错误描述：set WorkDirectory:Himall.Plugin.Payment.WeiXinPay_SmallProg.Service 




 记录时间：2018-11-11 14:58:37,569 
日志级别：  INFO  
出错类：Himall.Web.Areas.Web.Controllers.LoginController.UserLoginIn  
错误描述：用户名和密码不匹配 

Himall.Web.Areas.Web.LoginException: 用户名和密码不匹配



 记录时间：2018-11-11 15:14:17,109 
日志级别：  INFO  
出错类：Himall.Web.MvcApplication.Application_End  
错误描述：2018-11-11 15:14:17 -  http://localhost:62443 




 记录时间：2018-11-11 15:14:23,035 
日志级别：  INFO  
出错类：Himall.PaymentPlugin.PaymentBase`1[T].set_WorkDirectory  
错误描述：set WorkDirectory:Himall.Plugin.Payment.Alipay.Service 




 记录时间：2018-11-11 15:14:23,055 
日志级别：  INFO  
出错类：Himall.PaymentPlugin.PaymentBase`1[T].set_WorkDirectory  
错误描述：set WorkDirectory:Himall.Plugin.Payment.Alipay_App.Service 




 记录时间：2018-11-11 15:14:23,074 
日志级别：  INFO  
出错类：Himall.PaymentPlugin.PaymentBase`1[T].set_WorkDirectory  
错误描述：set WorkDirectory:Himall.Plugin.Payment.Alipay_QRCode.Service 




 记录时间：2018-11-11 15:14:23,117 
日志级别：  INFO  
出错类：Himall.PaymentPlugin.PaymentBase`1[T].set_WorkDirectory  
错误描述：set WorkDirectory:Himall.Plugin.Payment.Alipay_WAP.Service 




 记录时间：2018-11-11 15:14:23,136 
日志级别：  INFO  
出错类：Himall.PaymentPlugin.PaymentBase`1[T].set_WorkDirectory  
错误描述：set WorkDirectory:Himall.Plugin.Payment.UnionPay.UnionPay 




 记录时间：2018-11-11 15:14:23,158 
日志级别：  INFO  
出错类：Himall.PaymentPlugin.PaymentBase`1[T].set_WorkDirectory  
错误描述：set WorkDirectory:Himall.Plugin.Payment.WeiXinPay.Service 




 记录时间：2018-11-11 15:14:23,177 
日志级别：  INFO  
出错类：Himall.PaymentPlugin.PaymentBase`1[T].set_WorkDirectory  
错误描述：set WorkDirectory:Himall.Plugin.Payment.WeiXinPay_App.Service 




 记录时间：2018-11-11 15:14:23,196 
日志级别：  INFO  
出错类：Himall.PaymentPlugin.PaymentBase`1[T].set_WorkDirectory  
错误描述：set WorkDirectory:Himall.Plugin.Payment.WeiXinPay_H5.Service 




 记录时间：2018-11-11 15:14:23,217 
日志级别：  INFO  
出错类：Himall.PaymentPlugin.PaymentBase`1[T].set_WorkDirectory  
错误描述：set WorkDirectory:Himall.Plugin.Payment.WeiXinPay_Native.WeiXinPay 




 记录时间：2018-11-11 15:14:23,241 
日志级别：  INFO  
出错类：Himall.PaymentPlugin.PaymentBase`1[T].set_WorkDirectory  
错误描述：set WorkDirectory:Himall.Plugin.Payment.WeiXinPay_O2OSmallProg.Service 




 记录时间：2018-11-11 15:14:23,260 
日志级别：  INFO  
出错类：Himall.PaymentPlugin.PaymentBase`1[T].set_WorkDirectory  
错误描述：set WorkDirectory:Himall.Plugin.Payment.WeiXinPay_SmallProg.Service 




 记录时间：2018-11-11 15:16:04,808 
日志级别：  INFO  
出错类：Himall.Web.MvcApplication.Application_End  
错误描述：2018-11-11 15:16:04 -  http://localhost:62443 




 记录时间：2018-11-11 15:16:10,166 
日志级别：  INFO  
出错类：Himall.PaymentPlugin.PaymentBase`1[T].set_WorkDirectory  
错误描述：set WorkDirectory:Himall.Plugin.Payment.Alipay.Service 




 记录时间：2018-11-11 15:16:10,175 
日志级别：  INFO  
出错类：Himall.PaymentPlugin.PaymentBase`1[T].set_WorkDirectory  
错误描述：set WorkDirectory:Himall.Plugin.Payment.Alipay_App.Service 




 记录时间：2018-11-11 15:16:10,185 
日志级别：  INFO  
出错类：Himall.PaymentPlugin.PaymentBase`1[T].set_WorkDirectory  
错误描述：set WorkDirectory:Himall.Plugin.Payment.Alipay_QRCode.Service 




 记录时间：2018-11-11 15:16:10,194 
日志级别：  INFO  
出错类：Himall.PaymentPlugin.PaymentBase`1[T].set_WorkDirectory  
错误描述：set WorkDirectory:Himall.Plugin.Payment.Alipay_WAP.Service 




 记录时间：2018-11-11 15:16:10,203 
日志级别：  INFO  
出错类：Himall.PaymentPlugin.PaymentBase`1[T].set_WorkDirectory  
错误描述：set WorkDirectory:Himall.Plugin.Payment.UnionPay.UnionPay 




 记录时间：2018-11-11 15:16:10,214 
日志级别：  INFO  
出错类：Himall.PaymentPlugin.PaymentBase`1[T].set_WorkDirectory  
错误描述：set WorkDirectory:Himall.Plugin.Payment.WeiXinPay.Service 




 记录时间：2018-11-11 15:16:10,223 
日志级别：  INFO  
出错类：Himall.PaymentPlugin.PaymentBase`1[T].set_WorkDirectory  
错误描述：set WorkDirectory:Himall.Plugin.Payment.WeiXinPay_App.Service 




 记录时间：2018-11-11 15:16:10,232 
日志级别：  INFO  
出错类：Himall.PaymentPlugin.PaymentBase`1[T].set_WorkDirectory  
错误描述：set WorkDirectory:Himall.Plugin.Payment.WeiXinPay_H5.Service 




 记录时间：2018-11-11 15:16:10,241 
日志级别：  INFO  
出错类：Himall.PaymentPlugin.PaymentBase`1[T].set_WorkDirectory  
错误描述：set WorkDirectory:Himall.Plugin.Payment.WeiXinPay_Native.WeiXinPay 




 记录时间：2018-11-11 15:16:10,250 
日志级别：  INFO  
出错类：Himall.PaymentPlugin.PaymentBase`1[T].set_WorkDirectory  
错误描述：set WorkDirectory:Himall.Plugin.Payment.WeiXinPay_O2OSmallProg.Service 




 记录时间：2018-11-11 15:16:10,259 
日志级别：  INFO  
出错类：Himall.PaymentPlugin.PaymentBase`1[T].set_WorkDirectory  
错误描述：set WorkDirectory:Himall.Plugin.Payment.WeiXinPay_SmallProg.Service 




 记录时间：2018-11-11 15:16:52,566 
日志级别：  INFO  
出错类：Himall.Web.MvcApplication.Application_End  
错误描述：2018-11-11 15:16:52 -  http://localhost:62443 




 记录时间：2018-11-11 15:16:57,565 
日志级别：  INFO  
出错类：Himall.PaymentPlugin.PaymentBase`1[T].set_WorkDirectory  
错误描述：set WorkDirectory:Himall.Plugin.Payment.Alipay.Service 




 记录时间：2018-11-11 15:16:57,575 
日志级别：  INFO  
出错类：Himall.PaymentPlugin.PaymentBase`1[T].set_WorkDirectory  
错误描述：set WorkDirectory:Himall.Plugin.Payment.Alipay_App.Service 




 记录时间：2018-11-11 15:16:57,584 
日志级别：  INFO  
出错类：Himall.PaymentPlugin.PaymentBase`1[T].set_WorkDirectory  
错误描述：set WorkDirectory:Himall.Plugin.Payment.Alipay_QRCode.Service 




 记录时间：2018-11-11 15:16:57,592 
日志级别：  INFO  
出错类：Himall.PaymentPlugin.PaymentBase`1[T].set_WorkDirectory  
错误描述：set WorkDirectory:Himall.Plugin.Payment.Alipay_WAP.Service 




 记录时间：2018-11-11 15:16:57,602 
日志级别：  INFO  
出错类：Himall.PaymentPlugin.PaymentBase`1[T].set_WorkDirectory  
错误描述：set WorkDirectory:Himall.Plugin.Payment.UnionPay.UnionPay 




 记录时间：2018-11-11 15:16:57,610 
日志级别：  INFO  
出错类：Himall.PaymentPlugin.PaymentBase`1[T].set_WorkDirectory  
错误描述：set WorkDirectory:Himall.Plugin.Payment.WeiXinPay.Service 




 记录时间：2018-11-11 15:16:57,620 
日志级别：  INFO  
出错类：Himall.PaymentPlugin.PaymentBase`1[T].set_WorkDirectory  
错误描述：set WorkDirectory:Himall.Plugin.Payment.WeiXinPay_App.Service 




 记录时间：2018-11-11 15:16:57,630 
日志级别：  INFO  
出错类：Himall.PaymentPlugin.PaymentBase`1[T].set_WorkDirectory  
错误描述：set WorkDirectory:Himall.Plugin.Payment.WeiXinPay_H5.Service 




 记录时间：2018-11-11 15:16:57,639 
日志级别：  INFO  
出错类：Himall.PaymentPlugin.PaymentBase`1[T].set_WorkDirectory  
错误描述：set WorkDirectory:Himall.Plugin.Payment.WeiXinPay_Native.WeiXinPay 




 记录时间：2018-11-11 15:16:57,649 
日志级别：  INFO  
出错类：Himall.PaymentPlugin.PaymentBase`1[T].set_WorkDirectory  
错误描述：set WorkDirectory:Himall.Plugin.Payment.WeiXinPay_O2OSmallProg.Service 




 记录时间：2018-11-11 15:16:57,657 
日志级别：  INFO  
出错类：Himall.PaymentPlugin.PaymentBase`1[T].set_WorkDirectory  
错误描述：set WorkDirectory:Himall.Plugin.Payment.WeiXinPay_SmallProg.Service 




 记录时间：2018-11-11 16:01:40,218 
日志级别：  INFO  
出错类：Himall.Web.MvcApplication.Application_End  
错误描述：2018-11-11 16:01:40 -  http://localhost:62443 




 记录时间：2018-11-11 16:01:44,506 
日志级别：  INFO  
出错类：Himall.PaymentPlugin.PaymentBase`1[T].set_WorkDirectory  
错误描述：set WorkDirectory:Himall.Plugin.Payment.Alipay.Service 




 记录时间：2018-11-11 16:01:44,517 
日志级别：  INFO  
出错类：Himall.PaymentPlugin.PaymentBase`1[T].set_WorkDirectory  
错误描述：set WorkDirectory:Himall.Plugin.Payment.Alipay_App.Service 




 记录时间：2018-11-11 16:01:44,525 
日志级别：  INFO  
出错类：Himall.PaymentPlugin.PaymentBase`1[T].set_WorkDirectory  
错误描述：set WorkDirectory:Himall.Plugin.Payment.Alipay_QRCode.Service 




 记录时间：2018-11-11 16:01:44,537 
日志级别：  INFO  
出错类：Himall.PaymentPlugin.PaymentBase`1[T].set_WorkDirectory  
错误描述：set WorkDirectory:Himall.Plugin.Payment.Alipay_WAP.Service 




 记录时间：2018-11-11 16:01:44,546 
日志级别：  INFO  
出错类：Himall.PaymentPlugin.PaymentBase`1[T].set_WorkDirectory  
错误描述：set WorkDirectory:Himall.Plugin.Payment.UnionPay.UnionPay 




 记录时间：2018-11-11 16:01:44,554 
日志级别：  INFO  
出错类：Himall.PaymentPlugin.PaymentBase`1[T].set_WorkDirectory  
错误描述：set WorkDirectory:Himall.Plugin.Payment.WeiXinPay.Service 




 记录时间：2018-11-11 16:01:44,562 
日志级别：  INFO  
出错类：Himall.PaymentPlugin.PaymentBase`1[T].set_WorkDirectory  
错误描述：set WorkDirectory:Himall.Plugin.Payment.WeiXinPay_App.Service 




 记录时间：2018-11-11 16:01:44,569 
日志级别：  INFO  
出错类：Himall.PaymentPlugin.PaymentBase`1[T].set_WorkDirectory  
错误描述：set WorkDirectory:Himall.Plugin.Payment.WeiXinPay_H5.Service 




 记录时间：2018-11-11 16:01:44,580 
日志级别：  INFO  
出错类：Himall.PaymentPlugin.PaymentBase`1[T].set_WorkDirectory  
错误描述：set WorkDirectory:Himall.Plugin.Payment.WeiXinPay_Native.WeiXinPay 




 记录时间：2018-11-11 16:01:44,587 
日志级别：  INFO  
出错类：Himall.PaymentPlugin.PaymentBase`1[T].set_WorkDirectory  
错误描述：set WorkDirectory:Himall.Plugin.Payment.WeiXinPay_O2OSmallProg.Service 




 记录时间：2018-11-11 16:01:44,596 
日志级别：  INFO  
出错类：Himall.PaymentPlugin.PaymentBase`1[T].set_WorkDirectory  
错误描述：set WorkDirectory:Himall.Plugin.Payment.WeiXinPay_SmallProg.Service 




 记录时间：2018-11-11 16:27:49,672 
日志级别：  INFO  
出错类：Himall.Web.MvcApplication.Application_End  
错误描述：2018-11-11 16:27:49 -  http://localhost:62443 




 记录时间：2018-11-11 16:28:07,105 
日志级别：  INFO  
出错类：Himall.PaymentPlugin.PaymentBase`1[T].set_WorkDirectory  
错误描述：set WorkDirectory:Himall.Plugin.Payment.Alipay.Service 




 记录时间：2018-11-11 16:28:07,115 
日志级别：  INFO  
出错类：Himall.PaymentPlugin.PaymentBase`1[T].set_WorkDirectory  
错误描述：set WorkDirectory:Himall.Plugin.Payment.Alipay_App.Service 




 记录时间：2018-11-11 16:28:07,123 
日志级别：  INFO  
出错类：Himall.PaymentPlugin.PaymentBase`1[T].set_WorkDirectory  
错误描述：set WorkDirectory:Himall.Plugin.Payment.Alipay_QRCode.Service 




 记录时间：2018-11-11 16:28:07,133 
日志级别：  INFO  
出错类：Himall.PaymentPlugin.PaymentBase`1[T].set_WorkDirectory  
错误描述：set WorkDirectory:Himall.Plugin.Payment.Alipay_WAP.Service 




 记录时间：2018-11-11 16:28:07,142 
日志级别：  INFO  
出错类：Himall.PaymentPlugin.PaymentBase`1[T].set_WorkDirectory  
错误描述：set WorkDirectory:Himall.Plugin.Payment.UnionPay.UnionPay 




 记录时间：2018-11-11 16:28:07,152 
日志级别：  INFO  
出错类：Himall.PaymentPlugin.PaymentBase`1[T].set_WorkDirectory  
错误描述：set WorkDirectory:Himall.Plugin.Payment.WeiXinPay.Service 




 记录时间：2018-11-11 16:28:07,204 
日志级别：  INFO  
出错类：Himall.PaymentPlugin.PaymentBase`1[T].set_WorkDirectory  
错误描述：set WorkDirectory:Himall.Plugin.Payment.WeiXinPay_App.Service 




 记录时间：2018-11-11 16:28:07,214 
日志级别：  INFO  
出错类：Himall.PaymentPlugin.PaymentBase`1[T].set_WorkDirectory  
错误描述：set WorkDirectory:Himall.Plugin.Payment.WeiXinPay_H5.Service 




 记录时间：2018-11-11 16:28:07,240 
日志级别：  INFO  
出错类：Himall.PaymentPlugin.PaymentBase`1[T].set_WorkDirectory  
错误描述：set WorkDirectory:Himall.Plugin.Payment.WeiXinPay_Native.WeiXinPay 




 记录时间：2018-11-11 16:28:07,249 
日志级别：  INFO  
出错类：Himall.PaymentPlugin.PaymentBase`1[T].set_WorkDirectory  
错误描述：set WorkDirectory:Himall.Plugin.Payment.WeiXinPay_O2OSmallProg.Service 




 记录时间：2018-11-11 16:28:07,261 
日志级别：  INFO  
出错类：Himall.PaymentPlugin.PaymentBase`1[T].set_WorkDirectory  
错误描述：set WorkDirectory:Himall.Plugin.Payment.WeiXinPay_SmallProg.Service 




 记录时间：2018-11-11 16:28:37,808 
日志级别：  INFO  
出错类：Himall.Web.MvcApplication.Application_End  
错误描述：2018-11-11 16:28:37 -  http://localhost:62443 




 记录时间：2018-11-11 16:28:47,857 
日志级别：  INFO  
出错类：Himall.PaymentPlugin.PaymentBase`1[T].set_WorkDirectory  
错误描述：set WorkDirectory:Himall.Plugin.Payment.Alipay.Service 




 记录时间：2018-11-11 16:28:47,870 
日志级别：  INFO  
出错类：Himall.PaymentPlugin.PaymentBase`1[T].set_WorkDirectory  
错误描述：set WorkDirectory:Himall.Plugin.Payment.Alipay_App.Service 




 记录时间：2018-11-11 16:28:47,882 
日志级别：  INFO  
出错类：Himall.PaymentPlugin.PaymentBase`1[T].set_WorkDirectory  
错误描述：set WorkDirectory:Himall.Plugin.Payment.Alipay_QRCode.Service 




 记录时间：2018-11-11 16:28:47,890 
日志级别：  INFO  
出错类：Himall.PaymentPlugin.PaymentBase`1[T].set_WorkDirectory  
错误描述：set WorkDirectory:Himall.Plugin.Payment.Alipay_WAP.Service 




 记录时间：2018-11-11 16:28:47,902 
日志级别：  INFO  
出错类：Himall.PaymentPlugin.PaymentBase`1[T].set_WorkDirectory  
错误描述：set WorkDirectory:Himall.Plugin.Payment.UnionPay.UnionPay 




 记录时间：2018-11-11 16:28:47,911 
日志级别：  INFO  
出错类：Himall.PaymentPlugin.PaymentBase`1[T].set_WorkDirectory  
错误描述：set WorkDirectory:Himall.Plugin.Payment.WeiXinPay.Service 




 记录时间：2018-11-11 16:28:47,919 
日志级别：  INFO  
出错类：Himall.PaymentPlugin.PaymentBase`1[T].set_WorkDirectory  
错误描述：set WorkDirectory:Himall.Plugin.Payment.WeiXinPay_App.Service 




 记录时间：2018-11-11 16:28:47,977 
日志级别：  INFO  
出错类：Himall.PaymentPlugin.PaymentBase`1[T].set_WorkDirectory  
错误描述：set WorkDirectory:Himall.Plugin.Payment.WeiXinPay_H5.Service 




 记录时间：2018-11-11 16:28:48,055 
日志级别：  INFO  
出错类：Himall.PaymentPlugin.PaymentBase`1[T].set_WorkDirectory  
错误描述：set WorkDirectory:Himall.Plugin.Payment.WeiXinPay_Native.WeiXinPay 




 记录时间：2018-11-11 16:28:48,069 
日志级别：  INFO  
出错类：Himall.PaymentPlugin.PaymentBase`1[T].set_WorkDirectory  
错误描述：set WorkDirectory:Himall.Plugin.Payment.WeiXinPay_O2OSmallProg.Service 




 记录时间：2018-11-11 16:28:48,077 
日志级别：  INFO  
出错类：Himall.PaymentPlugin.PaymentBase`1[T].set_WorkDirectory  
错误描述：set WorkDirectory:Himall.Plugin.Payment.WeiXinPay_SmallProg.Service 




 记录时间：2018-11-11 16:33:40,010 
日志级别：  INFO  
出错类：Himall.Web.MvcApplication.Application_End  
错误描述：2018-11-11 16:33:40 -  http://localhost:62443 




 记录时间：2018-11-11 16:34:05,167 
日志级别：  INFO  
出错类：Himall.PaymentPlugin.PaymentBase`1[T].set_WorkDirectory  
错误描述：set WorkDirectory:Himall.Plugin.Payment.Alipay.Service 




 记录时间：2018-11-11 16:34:05,189 
日志级别：  INFO  
出错类：Himall.PaymentPlugin.PaymentBase`1[T].set_WorkDirectory  
错误描述：set WorkDirectory:Himall.Plugin.Payment.Alipay_App.Service 




 记录时间：2018-11-11 16:34:05,208 
日志级别：  INFO  
出错类：Himall.PaymentPlugin.PaymentBase`1[T].set_WorkDirectory  
错误描述：set WorkDirectory:Himall.Plugin.Payment.Alipay_QRCode.Service 




 记录时间：2018-11-11 16:34:05,228 
日志级别：  INFO  
出错类：Himall.PaymentPlugin.PaymentBase`1[T].set_WorkDirectory  
错误描述：set WorkDirectory:Himall.Plugin.Payment.Alipay_WAP.Service 




 记录时间：2018-11-11 16:34:05,247 
日志级别：  INFO  
出错类：Himall.PaymentPlugin.PaymentBase`1[T].set_WorkDirectory  
错误描述：set WorkDirectory:Himall.Plugin.Payment.UnionPay.UnionPay 




 记录时间：2018-11-11 16:34:05,261 
日志级别：  INFO  
出错类：Himall.PaymentPlugin.PaymentBase`1[T].set_WorkDirectory  
错误描述：set WorkDirectory:Himall.Plugin.Payment.WeiXinPay.Service 




 记录时间：2018-11-11 16:34:05,277 
日志级别：  INFO  
出错类：Himall.PaymentPlugin.PaymentBase`1[T].set_WorkDirectory  
错误描述：set WorkDirectory:Himall.Plugin.Payment.WeiXinPay_App.Service 




 记录时间：2018-11-11 16:34:05,293 
日志级别：  INFO  
出错类：Himall.PaymentPlugin.PaymentBase`1[T].set_WorkDirectory  
错误描述：set WorkDirectory:Himall.Plugin.Payment.WeiXinPay_H5.Service 




 记录时间：2018-11-11 16:34:05,310 
日志级别：  INFO  
出错类：Himall.PaymentPlugin.PaymentBase`1[T].set_WorkDirectory  
错误描述：set WorkDirectory:Himall.Plugin.Payment.WeiXinPay_Native.WeiXinPay 




 记录时间：2018-11-11 16:34:05,325 
日志级别：  INFO  
出错类：Himall.PaymentPlugin.PaymentBase`1[T].set_WorkDirectory  
错误描述：set WorkDirectory:Himall.Plugin.Payment.WeiXinPay_O2OSmallProg.Service 




 记录时间：2018-11-11 16:34:05,340 
日志级别：  INFO  
出错类：Himall.PaymentPlugin.PaymentBase`1[T].set_WorkDirectory  
错误描述：set WorkDirectory:Himall.Plugin.Payment.WeiXinPay_SmallProg.Service 




 记录时间：2018-11-11 16:38:59,681 
日志级别：  INFO  
出错类：Himall.Web.MvcApplication.Application_End  
错误描述：2018-11-11 16:38:59 -  http://localhost:62443 




 记录时间：2018-11-11 16:39:13,658 
日志级别：  INFO  
出错类：Himall.PaymentPlugin.PaymentBase`1[T].set_WorkDirectory  
错误描述：set WorkDirectory:Himall.Plugin.Payment.Alipay.Service 




 记录时间：2018-11-11 16:39:13,669 
日志级别：  INFO  
出错类：Himall.PaymentPlugin.PaymentBase`1[T].set_WorkDirectory  
错误描述：set WorkDirectory:Himall.Plugin.Payment.Alipay_App.Service 




 记录时间：2018-11-11 16:39:13,679 
日志级别：  INFO  
出错类：Himall.PaymentPlugin.PaymentBase`1[T].set_WorkDirectory  
错误描述：set WorkDirectory:Himall.Plugin.Payment.Alipay_QRCode.Service 




 记录时间：2018-11-11 16:39:13,689 
日志级别：  INFO  
出错类：Himall.PaymentPlugin.PaymentBase`1[T].set_WorkDirectory  
错误描述：set WorkDirectory:Himall.Plugin.Payment.Alipay_WAP.Service 




 记录时间：2018-11-11 16:39:13,699 
日志级别：  INFO  
出错类：Himall.PaymentPlugin.PaymentBase`1[T].set_WorkDirectory  
错误描述：set WorkDirectory:Himall.Plugin.Payment.UnionPay.UnionPay 




 记录时间：2018-11-11 16:39:13,708 
日志级别：  INFO  
出错类：Himall.PaymentPlugin.PaymentBase`1[T].set_WorkDirectory  
错误描述：set WorkDirectory:Himall.Plugin.Payment.WeiXinPay.Service 




 记录时间：2018-11-11 16:39:13,718 
日志级别：  INFO  
出错类：Himall.PaymentPlugin.PaymentBase`1[T].set_WorkDirectory  
错误描述：set WorkDirectory:Himall.Plugin.Payment.WeiXinPay_App.Service 




 记录时间：2018-11-11 16:39:13,731 
日志级别：  INFO  
出错类：Himall.PaymentPlugin.PaymentBase`1[T].set_WorkDirectory  
错误描述：set WorkDirectory:Himall.Plugin.Payment.WeiXinPay_H5.Service 




 记录时间：2018-11-11 16:39:13,741 
日志级别：  INFO  
出错类：Himall.PaymentPlugin.PaymentBase`1[T].set_WorkDirectory  
错误描述：set WorkDirectory:Himall.Plugin.Payment.WeiXinPay_Native.WeiXinPay 




 记录时间：2018-11-11 16:39:13,751 
日志级别：  INFO  
出错类：Himall.PaymentPlugin.PaymentBase`1[T].set_WorkDirectory  
错误描述：set WorkDirectory:Himall.Plugin.Payment.WeiXinPay_O2OSmallProg.Service 




 记录时间：2018-11-11 16:39:13,761 
日志级别：  INFO  
出错类：Himall.PaymentPlugin.PaymentBase`1[T].set_WorkDirectory  
错误描述：set WorkDirectory:Himall.Plugin.Payment.WeiXinPay_SmallProg.Service 




 记录时间：2018-11-11 16:39:44,150 
日志级别：  INFO  
出错类：Himall.Web.MvcApplication.Application_End  
错误描述：2018-11-11 16:39:44 -  http://localhost:62443 




 记录时间：2018-11-11 16:39:54,139 
日志级别：  INFO  
出错类：Himall.PaymentPlugin.PaymentBase`1[T].set_WorkDirectory  
错误描述：set WorkDirectory:Himall.Plugin.Payment.Alipay.Service 




 记录时间：2018-11-11 16:39:54,150 
日志级别：  INFO  
出错类：Himall.PaymentPlugin.PaymentBase`1[T].set_WorkDirectory  
错误描述：set WorkDirectory:Himall.Plugin.Payment.Alipay_App.Service 




 记录时间：2018-11-11 16:39:54,159 
日志级别：  INFO  
出错类：Himall.PaymentPlugin.PaymentBase`1[T].set_WorkDirectory  
错误描述：set WorkDirectory:Himall.Plugin.Payment.Alipay_QRCode.Service 




 记录时间：2018-11-11 16:39:54,168 
日志级别：  INFO  
出错类：Himall.PaymentPlugin.PaymentBase`1[T].set_WorkDirectory  
错误描述：set WorkDirectory:Himall.Plugin.Payment.Alipay_WAP.Service 




 记录时间：2018-11-11 16:39:54,178 
日志级别：  INFO  
出错类：Himall.PaymentPlugin.PaymentBase`1[T].set_WorkDirectory  
错误描述：set WorkDirectory:Himall.Plugin.Payment.UnionPay.UnionPay 




 记录时间：2018-11-11 16:39:54,187 
日志级别：  INFO  
出错类：Himall.PaymentPlugin.PaymentBase`1[T].set_WorkDirectory  
错误描述：set WorkDirectory:Himall.Plugin.Payment.WeiXinPay.Service 




 记录时间：2018-11-11 16:39:54,196 
日志级别：  INFO  
出错类：Himall.PaymentPlugin.PaymentBase`1[T].set_WorkDirectory  
错误描述：set WorkDirectory:Himall.Plugin.Payment.WeiXinPay_App.Service 




 记录时间：2018-11-11 16:39:54,205 
日志级别：  INFO  
出错类：Himall.PaymentPlugin.PaymentBase`1[T].set_WorkDirectory  
错误描述：set WorkDirectory:Himall.Plugin.Payment.WeiXinPay_H5.Service 




 记录时间：2018-11-11 16:39:54,214 
日志级别：  INFO  
出错类：Himall.PaymentPlugin.PaymentBase`1[T].set_WorkDirectory  
错误描述：set WorkDirectory:Himall.Plugin.Payment.WeiXinPay_Native.WeiXinPay 




 记录时间：2018-11-11 16:39:54,223 
日志级别：  INFO  
出错类：Himall.PaymentPlugin.PaymentBase`1[T].set_WorkDirectory  
错误描述：set WorkDirectory:Himall.Plugin.Payment.WeiXinPay_O2OSmallProg.Service 




 记录时间：2018-11-11 16:39:54,231 
日志级别：  INFO  
出错类：Himall.PaymentPlugin.PaymentBase`1[T].set_WorkDirectory  
错误描述：set WorkDirectory:Himall.Plugin.Payment.WeiXinPay_SmallProg.Service 




 记录时间：2018-11-11 17:17:10,902 
日志级别：  INFO  
出错类：Himall.Web.MvcApplication.Application_End  
错误描述：2018-11-11 17:17:10 -  http://localhost:62443 




 记录时间：2018-11-11 17:17:26,531 
日志级别：  INFO  
出错类：Himall.PaymentPlugin.PaymentBase`1[T].set_WorkDirectory  
错误描述：set WorkDirectory:Himall.Plugin.Payment.Alipay.Service 




 记录时间：2018-11-11 17:17:26,541 
日志级别：  INFO  
出错类：Himall.PaymentPlugin.PaymentBase`1[T].set_WorkDirectory  
错误描述：set WorkDirectory:Himall.Plugin.Payment.Alipay_App.Service 




 记录时间：2018-11-11 17:17:26,553 
日志级别：  INFO  
出错类：Himall.PaymentPlugin.PaymentBase`1[T].set_WorkDirectory  
错误描述：set WorkDirectory:Himall.Plugin.Payment.Alipay_QRCode.Service 




 记录时间：2018-11-11 17:17:26,563 
日志级别：  INFO  
出错类：Himall.PaymentPlugin.PaymentBase`1[T].set_WorkDirectory  
错误描述：set WorkDirectory:Himall.Plugin.Payment.Alipay_WAP.Service 




 记录时间：2018-11-11 17:17:26,574 
日志级别：  INFO  
出错类：Himall.PaymentPlugin.PaymentBase`1[T].set_WorkDirectory  
错误描述：set WorkDirectory:Himall.Plugin.Payment.UnionPay.UnionPay 




 记录时间：2018-11-11 17:17:26,587 
日志级别：  INFO  
出错类：Himall.PaymentPlugin.PaymentBase`1[T].set_WorkDirectory  
错误描述：set WorkDirectory:Himall.Plugin.Payment.WeiXinPay.Service 




 记录时间：2018-11-11 17:17:26,599 
日志级别：  INFO  
出错类：Himall.PaymentPlugin.PaymentBase`1[T].set_WorkDirectory  
错误描述：set WorkDirectory:Himall.Plugin.Payment.WeiXinPay_App.Service 




 记录时间：2018-11-11 17:17:26,609 
日志级别：  INFO  
出错类：Himall.PaymentPlugin.PaymentBase`1[T].set_WorkDirectory  
错误描述：set WorkDirectory:Himall.Plugin.Payment.WeiXinPay_H5.Service 




 记录时间：2018-11-11 17:17:26,618 
日志级别：  INFO  
出错类：Himall.PaymentPlugin.PaymentBase`1[T].set_WorkDirectory  
错误描述：set WorkDirectory:Himall.Plugin.Payment.WeiXinPay_Native.WeiXinPay 




 记录时间：2018-11-11 17:17:26,625 
日志级别：  INFO  
出错类：Himall.PaymentPlugin.PaymentBase`1[T].set_WorkDirectory  
错误描述：set WorkDirectory:Himall.Plugin.Payment.WeiXinPay_O2OSmallProg.Service 




 记录时间：2018-11-11 17:17:26,633 
日志级别：  INFO  
出错类：Himall.PaymentPlugin.PaymentBase`1[T].set_WorkDirectory  
错误描述：set WorkDirectory:Himall.Plugin.Payment.WeiXinPay_SmallProg.Service 




 记录时间：2018-11-11 17:17:56,893 
日志级别：  INFO  
出错类：Himall.Web.MvcApplication.Application_End  
错误描述：2018-11-11 17:17:56 -  http://localhost:62443 




 记录时间：2018-11-11 17:18:08,226 
日志级别：  INFO  
出错类：Himall.PaymentPlugin.PaymentBase`1[T].set_WorkDirectory  
错误描述：set WorkDirectory:Himall.Plugin.Payment.Alipay.Service 




 记录时间：2018-11-11 17:18:08,235 
日志级别：  INFO  
出错类：Himall.PaymentPlugin.PaymentBase`1[T].set_WorkDirectory  
错误描述：set WorkDirectory:Himall.Plugin.Payment.Alipay_App.Service 




 记录时间：2018-11-11 17:18:08,243 
日志级别：  INFO  
出错类：Himall.PaymentPlugin.PaymentBase`1[T].set_WorkDirectory  
错误描述：set WorkDirectory:Himall.Plugin.Payment.Alipay_QRCode.Service 




 记录时间：2018-11-11 17:18:08,250 
日志级别：  INFO  
出错类：Himall.PaymentPlugin.PaymentBase`1[T].set_WorkDirectory  
错误描述：set WorkDirectory:Himall.Plugin.Payment.Alipay_WAP.Service 




 记录时间：2018-11-11 17:18:08,260 
日志级别：  INFO  
出错类：Himall.PaymentPlugin.PaymentBase`1[T].set_WorkDirectory  
错误描述：set WorkDirectory:Himall.Plugin.Payment.UnionPay.UnionPay 




 记录时间：2018-11-11 17:18:08,267 
日志级别：  INFO  
出错类：Himall.PaymentPlugin.PaymentBase`1[T].set_WorkDirectory  
错误描述：set WorkDirectory:Himall.Plugin.Payment.WeiXinPay.Service 




 记录时间：2018-11-11 17:18:08,275 
日志级别：  INFO  
出错类：Himall.PaymentPlugin.PaymentBase`1[T].set_WorkDirectory  
错误描述：set WorkDirectory:Himall.Plugin.Payment.WeiXinPay_App.Service 




 记录时间：2018-11-11 17:18:08,283 
日志级别：  INFO  
出错类：Himall.PaymentPlugin.PaymentBase`1[T].set_WorkDirectory  
错误描述：set WorkDirectory:Himall.Plugin.Payment.WeiXinPay_H5.Service 




 记录时间：2018-11-11 17:18:08,291 
日志级别：  INFO  
出错类：Himall.PaymentPlugin.PaymentBase`1[T].set_WorkDirectory  
错误描述：set WorkDirectory:Himall.Plugin.Payment.WeiXinPay_Native.WeiXinPay 




 记录时间：2018-11-11 17:18:08,298 
日志级别：  INFO  
出错类：Himall.PaymentPlugin.PaymentBase`1[T].set_WorkDirectory  
错误描述：set WorkDirectory:Himall.Plugin.Payment.WeiXinPay_O2OSmallProg.Service 




 记录时间：2018-11-11 17:18:08,306 
日志级别：  INFO  
出错类：Himall.PaymentPlugin.PaymentBase`1[T].set_WorkDirectory  
错误描述：set WorkDirectory:Himall.Plugin.Payment.WeiXinPay_SmallProg.Service 




 记录时间：2018-11-11 17:20:40,003 
日志级别：  INFO  
出错类：Himall.Web.MvcApplication.Application_End  
错误描述：2018-11-11 17:20:40 -  http://localhost:62443 




 记录时间：2018-11-11 17:21:01,949 
日志级别：  INFO  
出错类：Himall.PaymentPlugin.PaymentBase`1[T].set_WorkDirectory  
错误描述：set WorkDirectory:Himall.Plugin.Payment.Alipay.Service 




 记录时间：2018-11-11 17:21:01,967 
日志级别：  INFO  
出错类：Himall.PaymentPlugin.PaymentBase`1[T].set_WorkDirectory  
错误描述：set WorkDirectory:Himall.Plugin.Payment.Alipay_App.Service 




 记录时间：2018-11-11 17:21:01,982 
日志级别：  INFO  
出错类：Himall.PaymentPlugin.PaymentBase`1[T].set_WorkDirectory  
错误描述：set WorkDirectory:Himall.Plugin.Payment.Alipay_QRCode.Service 




 记录时间：2018-11-11 17:21:02,000 
日志级别：  INFO  
出错类：Himall.PaymentPlugin.PaymentBase`1[T].set_WorkDirectory  
错误描述：set WorkDirectory:Himall.Plugin.Payment.Alipay_WAP.Service 




 记录时间：2018-11-11 17:21:02,022 
日志级别：  INFO  
出错类：Himall.PaymentPlugin.PaymentBase`1[T].set_WorkDirectory  
错误描述：set WorkDirectory:Himall.Plugin.Payment.UnionPay.UnionPay 




 记录时间：2018-11-11 17:21:02,039 
日志级别：  INFO  
出错类：Himall.PaymentPlugin.PaymentBase`1[T].set_WorkDirectory  
错误描述：set WorkDirectory:Himall.Plugin.Payment.WeiXinPay.Service 




 记录时间：2018-11-11 17:21:02,055 
日志级别：  INFO  
出错类：Himall.PaymentPlugin.PaymentBase`1[T].set_WorkDirectory  
错误描述：set WorkDirectory:Himall.Plugin.Payment.WeiXinPay_App.Service 




 记录时间：2018-11-11 17:21:02,072 
日志级别：  INFO  
出错类：Himall.PaymentPlugin.PaymentBase`1[T].set_WorkDirectory  
错误描述：set WorkDirectory:Himall.Plugin.Payment.WeiXinPay_H5.Service 




 记录时间：2018-11-11 17:21:02,086 
日志级别：  INFO  
出错类：Himall.PaymentPlugin.PaymentBase`1[T].set_WorkDirectory  
错误描述：set WorkDirectory:Himall.Plugin.Payment.WeiXinPay_Native.WeiXinPay 




 记录时间：2018-11-11 17:21:02,101 
日志级别：  INFO  
出错类：Himall.PaymentPlugin.PaymentBase`1[T].set_WorkDirectory  
错误描述：set WorkDirectory:Himall.Plugin.Payment.WeiXinPay_O2OSmallProg.Service 




 记录时间：2018-11-11 17:21:02,116 
日志级别：  INFO  
出错类：Himall.PaymentPlugin.PaymentBase`1[T].set_WorkDirectory  
错误描述：set WorkDirectory:Himall.Plugin.Payment.WeiXinPay_SmallProg.Service 

