


 记录时间：2018-04-17 11:16:02,047 
日志级别：  INFO  
出错类：Himall.PaymentPlugin.PaymentBase`1[T].set_WorkDirectory  
错误描述：set WorkDirectory:Himall.Plugin.Payment.Alipay.Service 




 记录时间：2018-04-17 11:16:02,065 
日志级别：  INFO  
出错类：Himall.PaymentPlugin.PaymentBase`1[T].set_WorkDirectory  
错误描述：set WorkDirectory:Himall.Plugin.Payment.Alipay_App.Service 




 记录时间：2018-04-17 11:16:02,085 
日志级别：  INFO  
出错类：Himall.PaymentPlugin.PaymentBase`1[T].set_WorkDirectory  
错误描述：set WorkDirectory:Himall.Plugin.Payment.Alipay_WAP.Service 




 记录时间：2018-04-17 11:16:02,107 
日志级别：  INFO  
出错类：Himall.PaymentPlugin.PaymentBase`1[T].set_WorkDirectory  
错误描述：set WorkDirectory:Himall.Plugin.Payment.UnionPay.UnionPay 




 记录时间：2018-04-17 11:16:02,128 
日志级别：  INFO  
出错类：Himall.PaymentPlugin.PaymentBase`1[T].set_WorkDirectory  
错误描述：set WorkDirectory:Himall.Plugin.Payment.WeiXinPay.Service 




 记录时间：2018-04-17 11:16:02,184 
日志级别：  INFO  
出错类：Himall.PaymentPlugin.PaymentBase`1[T].set_WorkDirectory  
错误描述：set WorkDirectory:Himall.Plugin.Payment.WeiXinPay_App.Service 




 记录时间：2018-04-17 11:16:02,229 
日志级别：  INFO  
出错类：Himall.PaymentPlugin.PaymentBase`1[T].set_WorkDirectory  
错误描述：set WorkDirectory:Himall.Plugin.Payment.WeiXinPay_H5.Service 




 记录时间：2018-04-17 11:16:02,396 
日志级别：  INFO  
出错类：Himall.PaymentPlugin.PaymentBase`1[T].set_WorkDirectory  
错误描述：set WorkDirectory:Himall.Plugin.Payment.WeiXinPay_Native.WeiXinPay 




 记录时间：2018-04-17 11:16:02,458 
日志级别：  INFO  
出错类：Himall.PaymentPlugin.PaymentBase`1[T].set_WorkDirectory  
错误描述：set WorkDirectory:Himall.Plugin.Payment.WeiXinPay_O2OSmallProg.Service 




 记录时间：2018-04-17 11:16:02,484 
日志级别：  INFO  
出错类：Himall.PaymentPlugin.PaymentBase`1[T].set_WorkDirectory  
错误描述：set WorkDirectory:Himall.Plugin.Payment.WeiXinPay_SmallProg.Service 




 记录时间：2018-04-17 11:34:11,223 
日志级别：  INFO  
出错类：Himall.Web.Areas.Web.Controllers.SearchController.SearchAd  
错误描述：很抱歉，您查看的商品分类不存在，可能被转移。 

Himall.Core.HimallException: 很抱歉，您查看的商品分类不存在，可能被转移。
