


 记录时间：2019-02-11 09:49:50,731 
日志级别：  INFO  
出错类：Himall.PaymentPlugin.PaymentBase`1[T].set_WorkDirectory  
错误描述：set WorkDirectory:Himall.Plugin.Payment.Alipay.Service 




 记录时间：2019-02-11 09:49:50,760 
日志级别：  INFO  
出错类：Himall.PaymentPlugin.PaymentBase`1[T].set_WorkDirectory  
错误描述：set WorkDirectory:Himall.Plugin.Payment.Alipay_App.Service 




 记录时间：2019-02-11 09:49:50,777 
日志级别：  INFO  
出错类：Himall.PaymentPlugin.PaymentBase`1[T].set_WorkDirectory  
错误描述：set WorkDirectory:Himall.Plugin.Payment.Alipay_QRCode.Service 




 记录时间：2019-02-11 09:49:50,795 
日志级别：  INFO  
出错类：Himall.PaymentPlugin.PaymentBase`1[T].set_WorkDirectory  
错误描述：set WorkDirectory:Himall.Plugin.Payment.Alipay_WAP.Service 




 记录时间：2019-02-11 09:49:50,814 
日志级别：  INFO  
出错类：Himall.PaymentPlugin.PaymentBase`1[T].set_WorkDirectory  
错误描述：set WorkDirectory:Himall.Plugin.Payment.UnionPay.UnionPay 




 记录时间：2019-02-11 09:49:50,838 
日志级别：  INFO  
出错类：Himall.PaymentPlugin.PaymentBase`1[T].set_WorkDirectory  
错误描述：set WorkDirectory:Himall.Plugin.Payment.WeiXinPay.Service 




 记录时间：2019-02-11 09:49:50,859 
日志级别：  INFO  
出错类：Himall.PaymentPlugin.PaymentBase`1[T].set_WorkDirectory  
错误描述：set WorkDirectory:Himall.Plugin.Payment.WeiXinPay_App.Service 




 记录时间：2019-02-11 09:49:50,884 
日志级别：  INFO  
出错类：Himall.PaymentPlugin.PaymentBase`1[T].set_WorkDirectory  
错误描述：set WorkDirectory:Himall.Plugin.Payment.WeiXinPay_H5.Service 




 记录时间：2019-02-11 09:49:50,938 
日志级别：  INFO  
出错类：Himall.PaymentPlugin.PaymentBase`1[T].set_WorkDirectory  
错误描述：set WorkDirectory:Himall.Plugin.Payment.WeiXinPay_Native.WeiXinPay 




 记录时间：2019-02-11 09:49:50,964 
日志级别：  INFO  
出错类：Himall.PaymentPlugin.PaymentBase`1[T].set_WorkDirectory  
错误描述：set WorkDirectory:Himall.Plugin.Payment.WeiXinPay_O2OSmallProg.Service 




 记录时间：2019-02-11 09:49:50,988 
日志级别：  INFO  
出错类：Himall.PaymentPlugin.PaymentBase`1[T].set_WorkDirectory  
错误描述：set WorkDirectory:Himall.Plugin.Payment.WeiXinPay_SmallProg.Service 




 记录时间：2019-02-11 10:41:44,102 
日志级别：  INFO  
出错类：Himall.Web.MvcApplication.Application_End  
错误描述：2019-02-11 10:41:44 -  http://localhost:62443 




 记录时间：2019-02-11 10:41:57,957 
日志级别：  INFO  
出错类：Himall.PaymentPlugin.PaymentBase`1[T].set_WorkDirectory  
错误描述：set WorkDirectory:Himall.Plugin.Payment.Alipay.Service 




 记录时间：2019-02-11 10:41:57,978 
日志级别：  INFO  
出错类：Himall.PaymentPlugin.PaymentBase`1[T].set_WorkDirectory  
错误描述：set WorkDirectory:Himall.Plugin.Payment.Alipay_App.Service 




 记录时间：2019-02-11 10:41:57,995 
日志级别：  INFO  
出错类：Himall.PaymentPlugin.PaymentBase`1[T].set_WorkDirectory  
错误描述：set WorkDirectory:Himall.Plugin.Payment.Alipay_QRCode.Service 




 记录时间：2019-02-11 10:41:58,026 
日志级别：  INFO  
出错类：Himall.PaymentPlugin.PaymentBase`1[T].set_WorkDirectory  
错误描述：set WorkDirectory:Himall.Plugin.Payment.Alipay_WAP.Service 




 记录时间：2019-02-11 10:41:58,049 
日志级别：  INFO  
出错类：Himall.PaymentPlugin.PaymentBase`1[T].set_WorkDirectory  
错误描述：set WorkDirectory:Himall.Plugin.Payment.UnionPay.UnionPay 




 记录时间：2019-02-11 10:41:58,068 
日志级别：  INFO  
出错类：Himall.PaymentPlugin.PaymentBase`1[T].set_WorkDirectory  
错误描述：set WorkDirectory:Himall.Plugin.Payment.WeiXinPay.Service 




 记录时间：2019-02-11 10:41:58,086 
日志级别：  INFO  
出错类：Himall.PaymentPlugin.PaymentBase`1[T].set_WorkDirectory  
错误描述：set WorkDirectory:Himall.Plugin.Payment.WeiXinPay_App.Service 




 记录时间：2019-02-11 10:41:58,091 
日志级别：  INFO  
出错类：Himall.PaymentPlugin.PaymentBase`1[T].set_WorkDirectory  
错误描述：set WorkDirectory:Himall.Plugin.Payment.WeiXinPay_H5.Service 




 记录时间：2019-02-11 10:41:58,123 
日志级别：  INFO  
出错类：Himall.PaymentPlugin.PaymentBase`1[T].set_WorkDirectory  
错误描述：set WorkDirectory:Himall.Plugin.Payment.WeiXinPay_Native.WeiXinPay 




 记录时间：2019-02-11 10:41:58,138 
日志级别：  INFO  
出错类：Himall.PaymentPlugin.PaymentBase`1[T].set_WorkDirectory  
错误描述：set WorkDirectory:Himall.Plugin.Payment.WeiXinPay_O2OSmallProg.Service 




 记录时间：2019-02-11 10:41:58,154 
日志级别：  INFO  
出错类：Himall.PaymentPlugin.PaymentBase`1[T].set_WorkDirectory  
错误描述：set WorkDirectory:Himall.Plugin.Payment.WeiXinPay_SmallProg.Service 




 记录时间：2019-02-11 10:42:28,489 
日志级别：  INFO  
出错类：Himall.Web.MvcApplication.Application_End  
错误描述：2019-02-11 10:42:28 -  http://localhost:62443 




 记录时间：2019-02-11 10:42:50,556 
日志级别：  INFO  
出错类：Himall.PaymentPlugin.PaymentBase`1[T].set_WorkDirectory  
错误描述：set WorkDirectory:Himall.Plugin.Payment.Alipay.Service 




 记录时间：2019-02-11 10:42:50,571 
日志级别：  INFO  
出错类：Himall.PaymentPlugin.PaymentBase`1[T].set_WorkDirectory  
错误描述：set WorkDirectory:Himall.Plugin.Payment.Alipay_App.Service 




 记录时间：2019-02-11 10:42:50,583 
日志级别：  INFO  
出错类：Himall.PaymentPlugin.PaymentBase`1[T].set_WorkDirectory  
错误描述：set WorkDirectory:Himall.Plugin.Payment.Alipay_QRCode.Service 




 记录时间：2019-02-11 10:42:50,595 
日志级别：  INFO  
出错类：Himall.PaymentPlugin.PaymentBase`1[T].set_WorkDirectory  
错误描述：set WorkDirectory:Himall.Plugin.Payment.Alipay_WAP.Service 




 记录时间：2019-02-11 10:42:50,611 
日志级别：  INFO  
出错类：Himall.PaymentPlugin.PaymentBase`1[T].set_WorkDirectory  
错误描述：set WorkDirectory:Himall.Plugin.Payment.UnionPay.UnionPay 




 记录时间：2019-02-11 10:42:50,624 
日志级别：  INFO  
出错类：Himall.PaymentPlugin.PaymentBase`1[T].set_WorkDirectory  
错误描述：set WorkDirectory:Himall.Plugin.Payment.WeiXinPay.Service 




 记录时间：2019-02-11 10:42:50,637 
日志级别：  INFO  
出错类：Himall.PaymentPlugin.PaymentBase`1[T].set_WorkDirectory  
错误描述：set WorkDirectory:Himall.Plugin.Payment.WeiXinPay_App.Service 




 记录时间：2019-02-11 10:42:50,649 
日志级别：  INFO  
出错类：Himall.PaymentPlugin.PaymentBase`1[T].set_WorkDirectory  
错误描述：set WorkDirectory:Himall.Plugin.Payment.WeiXinPay_H5.Service 




 记录时间：2019-02-11 10:42:50,661 
日志级别：  INFO  
出错类：Himall.PaymentPlugin.PaymentBase`1[T].set_WorkDirectory  
错误描述：set WorkDirectory:Himall.Plugin.Payment.WeiXinPay_Native.WeiXinPay 




 记录时间：2019-02-11 10:42:50,672 
日志级别：  INFO  
出错类：Himall.PaymentPlugin.PaymentBase`1[T].set_WorkDirectory  
错误描述：set WorkDirectory:Himall.Plugin.Payment.WeiXinPay_O2OSmallProg.Service 




 记录时间：2019-02-11 10:42:50,684 
日志级别：  INFO  
出错类：Himall.PaymentPlugin.PaymentBase`1[T].set_WorkDirectory  
错误描述：set WorkDirectory:Himall.Plugin.Payment.WeiXinPay_SmallProg.Service 




 记录时间：2019-02-11 10:43:21,299 
日志级别：  INFO  
出错类：Himall.Web.MvcApplication.Application_End  
错误描述：2019-02-11 10:43:21 -  http://localhost:62443 




 记录时间：2019-02-11 10:43:32,634 
日志级别：  INFO  
出错类：Himall.PaymentPlugin.PaymentBase`1[T].set_WorkDirectory  
错误描述：set WorkDirectory:Himall.Plugin.Payment.Alipay.Service 




 记录时间：2019-02-11 10:43:32,648 
日志级别：  INFO  
出错类：Himall.PaymentPlugin.PaymentBase`1[T].set_WorkDirectory  
错误描述：set WorkDirectory:Himall.Plugin.Payment.Alipay_App.Service 




 记录时间：2019-02-11 10:43:32,659 
日志级别：  INFO  
出错类：Himall.PaymentPlugin.PaymentBase`1[T].set_WorkDirectory  
错误描述：set WorkDirectory:Himall.Plugin.Payment.Alipay_QRCode.Service 




 记录时间：2019-02-11 10:43:32,689 
日志级别：  INFO  
出错类：Himall.PaymentPlugin.PaymentBase`1[T].set_WorkDirectory  
错误描述：set WorkDirectory:Himall.Plugin.Payment.Alipay_WAP.Service 




 记录时间：2019-02-11 10:43:32,697 
日志级别：  INFO  
出错类：Himall.PaymentPlugin.PaymentBase`1[T].set_WorkDirectory  
错误描述：set WorkDirectory:Himall.Plugin.Payment.UnionPay.UnionPay 




 记录时间：2019-02-11 10:43:32,727 
日志级别：  INFO  
出错类：Himall.PaymentPlugin.PaymentBase`1[T].set_WorkDirectory  
错误描述：set WorkDirectory:Himall.Plugin.Payment.WeiXinPay.Service 




 记录时间：2019-02-11 10:43:32,736 
日志级别：  INFO  
出错类：Himall.PaymentPlugin.PaymentBase`1[T].set_WorkDirectory  
错误描述：set WorkDirectory:Himall.Plugin.Payment.WeiXinPay_App.Service 




 记录时间：2019-02-11 10:43:32,747 
日志级别：  INFO  
出错类：Himall.PaymentPlugin.PaymentBase`1[T].set_WorkDirectory  
错误描述：set WorkDirectory:Himall.Plugin.Payment.WeiXinPay_H5.Service 




 记录时间：2019-02-11 10:43:32,756 
日志级别：  INFO  
出错类：Himall.PaymentPlugin.PaymentBase`1[T].set_WorkDirectory  
错误描述：set WorkDirectory:Himall.Plugin.Payment.WeiXinPay_Native.WeiXinPay 




 记录时间：2019-02-11 10:43:32,765 
日志级别：  INFO  
出错类：Himall.PaymentPlugin.PaymentBase`1[T].set_WorkDirectory  
错误描述：set WorkDirectory:Himall.Plugin.Payment.WeiXinPay_O2OSmallProg.Service 




 记录时间：2019-02-11 10:43:32,775 
日志级别：  INFO  
出错类：Himall.PaymentPlugin.PaymentBase`1[T].set_WorkDirectory  
错误描述：set WorkDirectory:Himall.Plugin.Payment.WeiXinPay_SmallProg.Service 




 记录时间：2019-02-11 10:50:00,353 
日志级别：  INFO  
出错类：Himall.Service.OrderService.AgreeToRefundBySeller  
错误描述：无法关闭此订单！ 

Himall.Core.HimallException: 无法关闭此订单！



 记录时间：2019-02-11 10:50:00,715 
日志级别：  INFO  
出错类：Himall.Service.OrderService.AgreeToRefundBySeller  
错误描述：无法关闭此订单！ 

Himall.Core.HimallException: 无法关闭此订单！



 记录时间：2019-02-11 10:50:01,084 
日志级别：  INFO  
出错类：Himall.Service.OrderService.AgreeToRefundBySeller  
错误描述：无法关闭此订单！ 

Himall.Core.HimallException: 无法关闭此订单！



 记录时间：2019-02-11 10:50:02,006 
日志级别：  INFO  
出错类：Himall.Service.OrderService.AgreeToRefundBySeller  
错误描述：无法关闭此订单！ 

Himall.Core.HimallException: 无法关闭此订单！



 记录时间：2019-02-11 10:50:02,220 
日志级别：  INFO  
出错类：Himall.Service.OrderService.AgreeToRefundBySeller  
错误描述：无法关闭此订单！ 

Himall.Core.HimallException: 无法关闭此订单！



 记录时间：2019-02-11 10:53:11,015 
日志级别：  INFO  
出错类：Himall.Web.MvcApplication.Application_End  
错误描述：2019-02-11 10:53:11 -  http://localhost:62443 




 记录时间：2019-02-11 10:53:26,158 
日志级别：  INFO  
出错类：Himall.PaymentPlugin.PaymentBase`1[T].set_WorkDirectory  
错误描述：set WorkDirectory:Himall.Plugin.Payment.Alipay.Service 




 记录时间：2019-02-11 10:53:26,174 
日志级别：  INFO  
出错类：Himall.PaymentPlugin.PaymentBase`1[T].set_WorkDirectory  
错误描述：set WorkDirectory:Himall.Plugin.Payment.Alipay_App.Service 




 记录时间：2019-02-11 10:53:26,189 
日志级别：  INFO  
出错类：Himall.PaymentPlugin.PaymentBase`1[T].set_WorkDirectory  
错误描述：set WorkDirectory:Himall.Plugin.Payment.Alipay_QRCode.Service 




 记录时间：2019-02-11 10:53:26,205 
日志级别：  INFO  
出错类：Himall.PaymentPlugin.PaymentBase`1[T].set_WorkDirectory  
错误描述：set WorkDirectory:Himall.Plugin.Payment.Alipay_WAP.Service 




 记录时间：2019-02-11 10:53:26,221 
日志级别：  INFO  
出错类：Himall.PaymentPlugin.PaymentBase`1[T].set_WorkDirectory  
错误描述：set WorkDirectory:Himall.Plugin.Payment.UnionPay.UnionPay 




 记录时间：2019-02-11 10:53:26,221 
日志级别：  INFO  
出错类：Himall.PaymentPlugin.PaymentBase`1[T].set_WorkDirectory  
错误描述：set WorkDirectory:Himall.Plugin.Payment.WeiXinPay.Service 




 记录时间：2019-02-11 10:53:26,236 
日志级别：  INFO  
出错类：Himall.PaymentPlugin.PaymentBase`1[T].set_WorkDirectory  
错误描述：set WorkDirectory:Himall.Plugin.Payment.WeiXinPay_App.Service 




 记录时间：2019-02-11 10:53:26,252 
日志级别：  INFO  
出错类：Himall.PaymentPlugin.PaymentBase`1[T].set_WorkDirectory  
错误描述：set WorkDirectory:Himall.Plugin.Payment.WeiXinPay_H5.Service 




 记录时间：2019-02-11 10:53:26,252 
日志级别：  INFO  
出错类：Himall.PaymentPlugin.PaymentBase`1[T].set_WorkDirectory  
错误描述：set WorkDirectory:Himall.Plugin.Payment.WeiXinPay_Native.WeiXinPay 




 记录时间：2019-02-11 10:53:26,267 
日志级别：  INFO  
出错类：Himall.PaymentPlugin.PaymentBase`1[T].set_WorkDirectory  
错误描述：set WorkDirectory:Himall.Plugin.Payment.WeiXinPay_O2OSmallProg.Service 




 记录时间：2019-02-11 10:53:26,267 
日志级别：  INFO  
出错类：Himall.PaymentPlugin.PaymentBase`1[T].set_WorkDirectory  
错误描述：set WorkDirectory:Himall.Plugin.Payment.WeiXinPay_SmallProg.Service 




 记录时间：2019-02-11 10:53:56,719 
日志级别：  INFO  
出错类：Himall.Web.MvcApplication.Application_End  
错误描述：2019-02-11 10:53:56 -  http://localhost:62443 




 记录时间：2019-02-11 10:54:13,140 
日志级别：  INFO  
出错类：Himall.PaymentPlugin.PaymentBase`1[T].set_WorkDirectory  
错误描述：set WorkDirectory:Himall.Plugin.Payment.Alipay.Service 




 记录时间：2019-02-11 10:54:13,156 
日志级别：  INFO  
出错类：Himall.PaymentPlugin.PaymentBase`1[T].set_WorkDirectory  
错误描述：set WorkDirectory:Himall.Plugin.Payment.Alipay_App.Service 




 记录时间：2019-02-11 10:54:13,156 
日志级别：  INFO  
出错类：Himall.PaymentPlugin.PaymentBase`1[T].set_WorkDirectory  
错误描述：set WorkDirectory:Himall.Plugin.Payment.Alipay_QRCode.Service 




 记录时间：2019-02-11 10:54:13,172 
日志级别：  INFO  
出错类：Himall.PaymentPlugin.PaymentBase`1[T].set_WorkDirectory  
错误描述：set WorkDirectory:Himall.Plugin.Payment.Alipay_WAP.Service 




 记录时间：2019-02-11 10:54:13,187 
日志级别：  INFO  
出错类：Himall.PaymentPlugin.PaymentBase`1[T].set_WorkDirectory  
错误描述：set WorkDirectory:Himall.Plugin.Payment.UnionPay.UnionPay 




 记录时间：2019-02-11 10:54:13,187 
日志级别：  INFO  
出错类：Himall.PaymentPlugin.PaymentBase`1[T].set_WorkDirectory  
错误描述：set WorkDirectory:Himall.Plugin.Payment.WeiXinPay.Service 




 记录时间：2019-02-11 10:54:13,203 
日志级别：  INFO  
出错类：Himall.PaymentPlugin.PaymentBase`1[T].set_WorkDirectory  
错误描述：set WorkDirectory:Himall.Plugin.Payment.WeiXinPay_App.Service 




 记录时间：2019-02-11 10:54:13,218 
日志级别：  INFO  
出错类：Himall.PaymentPlugin.PaymentBase`1[T].set_WorkDirectory  
错误描述：set WorkDirectory:Himall.Plugin.Payment.WeiXinPay_H5.Service 




 记录时间：2019-02-11 10:54:13,218 
日志级别：  INFO  
出错类：Himall.PaymentPlugin.PaymentBase`1[T].set_WorkDirectory  
错误描述：set WorkDirectory:Himall.Plugin.Payment.WeiXinPay_Native.WeiXinPay 




 记录时间：2019-02-11 10:54:13,234 
日志级别：  INFO  
出错类：Himall.PaymentPlugin.PaymentBase`1[T].set_WorkDirectory  
错误描述：set WorkDirectory:Himall.Plugin.Payment.WeiXinPay_O2OSmallProg.Service 




 记录时间：2019-02-11 10:54:13,250 
日志级别：  INFO  
出错类：Himall.PaymentPlugin.PaymentBase`1[T].set_WorkDirectory  
错误描述：set WorkDirectory:Himall.Plugin.Payment.WeiXinPay_SmallProg.Service 




 记录时间：2019-02-11 10:54:13,769 
日志级别：  INFO  
出错类：Himall.Web.MvcApplication.Application_End  
错误描述：2019-02-11 10:54:13 -  http://localhost:62443 




 记录时间：2019-02-11 11:00:15,635 
日志级别：  INFO  
出错类：Himall.PaymentPlugin.PaymentBase`1[T].set_WorkDirectory  
错误描述：set WorkDirectory:Himall.Plugin.Payment.Alipay.Service 




 记录时间：2019-02-11 11:00:15,679 
日志级别：  INFO  
出错类：Himall.PaymentPlugin.PaymentBase`1[T].set_WorkDirectory  
错误描述：set WorkDirectory:Himall.Plugin.Payment.Alipay_App.Service 




 记录时间：2019-02-11 11:00:15,714 
日志级别：  INFO  
出错类：Himall.PaymentPlugin.PaymentBase`1[T].set_WorkDirectory  
错误描述：set WorkDirectory:Himall.Plugin.Payment.Alipay_QRCode.Service 




 记录时间：2019-02-11 11:00:15,741 
日志级别：  INFO  
出错类：Himall.PaymentPlugin.PaymentBase`1[T].set_WorkDirectory  
错误描述：set WorkDirectory:Himall.Plugin.Payment.Alipay_WAP.Service 




 记录时间：2019-02-11 11:00:15,768 
日志级别：  INFO  
出错类：Himall.PaymentPlugin.PaymentBase`1[T].set_WorkDirectory  
错误描述：set WorkDirectory:Himall.Plugin.Payment.UnionPay.UnionPay 




 记录时间：2019-02-11 11:00:15,805 
日志级别：  INFO  
出错类：Himall.PaymentPlugin.PaymentBase`1[T].set_WorkDirectory  
错误描述：set WorkDirectory:Himall.Plugin.Payment.WeiXinPay.Service 




 记录时间：2019-02-11 11:00:15,834 
日志级别：  INFO  
出错类：Himall.PaymentPlugin.PaymentBase`1[T].set_WorkDirectory  
错误描述：set WorkDirectory:Himall.Plugin.Payment.WeiXinPay_App.Service 




 记录时间：2019-02-11 11:00:15,886 
日志级别：  INFO  
出错类：Himall.PaymentPlugin.PaymentBase`1[T].set_WorkDirectory  
错误描述：set WorkDirectory:Himall.Plugin.Payment.WeiXinPay_H5.Service 




 记录时间：2019-02-11 11:00:15,911 
日志级别：  INFO  
出错类：Himall.PaymentPlugin.PaymentBase`1[T].set_WorkDirectory  
错误描述：set WorkDirectory:Himall.Plugin.Payment.WeiXinPay_Native.WeiXinPay 




 记录时间：2019-02-11 11:00:15,930 
日志级别：  INFO  
出错类：Himall.PaymentPlugin.PaymentBase`1[T].set_WorkDirectory  
错误描述：set WorkDirectory:Himall.Plugin.Payment.WeiXinPay_O2OSmallProg.Service 




 记录时间：2019-02-11 11:00:15,952 
日志级别：  INFO  
出错类：Himall.PaymentPlugin.PaymentBase`1[T].set_WorkDirectory  
错误描述：set WorkDirectory:Himall.Plugin.Payment.WeiXinPay_SmallProg.Service 




 记录时间：2019-02-11 11:01:08,375 
日志级别：  INFO  
出错类：Himall.Service.OrderService.AgreeToRefundBySeller  
错误描述：无法关闭此订单！ 

Himall.Core.HimallException: 无法关闭此订单！



 记录时间：2019-02-11 11:01:08,778 
日志级别：  INFO  
出错类：Himall.Service.OrderService.AgreeToRefundBySeller  
错误描述：无法关闭此订单！ 

Himall.Core.HimallException: 无法关闭此订单！



 记录时间：2019-02-11 11:01:09,082 
日志级别：  INFO  
出错类：Himall.Service.OrderService.AgreeToRefundBySeller  
错误描述：无法关闭此订单！ 

Himall.Core.HimallException: 无法关闭此订单！



 记录时间：2019-02-11 11:01:09,485 
日志级别：  INFO  
出错类：Himall.Service.OrderService.AgreeToRefundBySeller  
错误描述：无法关闭此订单！ 

Himall.Core.HimallException: 无法关闭此订单！



 记录时间：2019-02-11 11:01:09,965 
日志级别：  INFO  
出错类：Himall.Service.OrderService.AgreeToRefundBySeller  
错误描述：无法关闭此订单！ 

Himall.Core.HimallException: 无法关闭此订单！



 记录时间：2019-02-11 13:27:00,492 
日志级别：  INFO  
出错类：Himall.PaymentPlugin.PaymentBase`1[T].set_WorkDirectory  
错误描述：set WorkDirectory:Himall.Plugin.Payment.Alipay.Service 




 记录时间：2019-02-11 13:27:00,525 
日志级别：  INFO  
出错类：Himall.PaymentPlugin.PaymentBase`1[T].set_WorkDirectory  
错误描述：set WorkDirectory:Himall.Plugin.Payment.Alipay_App.Service 




 记录时间：2019-02-11 13:27:00,542 
日志级别：  INFO  
出错类：Himall.PaymentPlugin.PaymentBase`1[T].set_WorkDirectory  
错误描述：set WorkDirectory:Himall.Plugin.Payment.Alipay_QRCode.Service 




 记录时间：2019-02-11 13:27:00,559 
日志级别：  INFO  
出错类：Himall.PaymentPlugin.PaymentBase`1[T].set_WorkDirectory  
错误描述：set WorkDirectory:Himall.Plugin.Payment.Alipay_WAP.Service 




 记录时间：2019-02-11 13:27:00,582 
日志级别：  INFO  
出错类：Himall.PaymentPlugin.PaymentBase`1[T].set_WorkDirectory  
错误描述：set WorkDirectory:Himall.Plugin.Payment.UnionPay.UnionPay 




 记录时间：2019-02-11 13:27:00,624 
日志级别：  INFO  
出错类：Himall.PaymentPlugin.PaymentBase`1[T].set_WorkDirectory  
错误描述：set WorkDirectory:Himall.Plugin.Payment.WeiXinPay.Service 




 记录时间：2019-02-11 13:27:00,648 
日志级别：  INFO  
出错类：Himall.PaymentPlugin.PaymentBase`1[T].set_WorkDirectory  
错误描述：set WorkDirectory:Himall.Plugin.Payment.WeiXinPay_App.Service 




 记录时间：2019-02-11 13:27:00,669 
日志级别：  INFO  
出错类：Himall.PaymentPlugin.PaymentBase`1[T].set_WorkDirectory  
错误描述：set WorkDirectory:Himall.Plugin.Payment.WeiXinPay_H5.Service 




 记录时间：2019-02-11 13:27:00,692 
日志级别：  INFO  
出错类：Himall.PaymentPlugin.PaymentBase`1[T].set_WorkDirectory  
错误描述：set WorkDirectory:Himall.Plugin.Payment.WeiXinPay_Native.WeiXinPay 




 记录时间：2019-02-11 13:27:00,714 
日志级别：  INFO  
出错类：Himall.PaymentPlugin.PaymentBase`1[T].set_WorkDirectory  
错误描述：set WorkDirectory:Himall.Plugin.Payment.WeiXinPay_O2OSmallProg.Service 




 记录时间：2019-02-11 13:27:00,742 
日志级别：  INFO  
出错类：Himall.PaymentPlugin.PaymentBase`1[T].set_WorkDirectory  
错误描述：set WorkDirectory:Himall.Plugin.Payment.WeiXinPay_SmallProg.Service 




 记录时间：2019-02-11 13:27:15,994 
日志级别：  INFO  
出错类：Himall.Service.OrderService.AgreeToRefundBySeller  
错误描述：无法关闭此订单！ 

Himall.Core.HimallException: 无法关闭此订单！



 记录时间：2019-02-11 13:27:16,273 
日志级别：  INFO  
出错类：Himall.Service.OrderService.AgreeToRefundBySeller  
错误描述：无法关闭此订单！ 

Himall.Core.HimallException: 无法关闭此订单！



 记录时间：2019-02-11 13:27:16,431 
日志级别：  INFO  
出错类：Himall.Service.OrderService.AgreeToRefundBySeller  
错误描述：无法关闭此订单！ 

Himall.Core.HimallException: 无法关闭此订单！



 记录时间：2019-02-11 13:27:16,647 
日志级别：  INFO  
出错类：Himall.Service.OrderService.AgreeToRefundBySeller  
错误描述：无法关闭此订单！ 

Himall.Core.HimallException: 无法关闭此订单！



 记录时间：2019-02-11 13:27:16,760 
日志级别：  INFO  
出错类：Himall.Service.OrderService.AgreeToRefundBySeller  
错误描述：无法关闭此订单！ 

Himall.Core.HimallException: 无法关闭此订单！



 记录时间：2019-02-11 13:33:40,669 
日志级别：  INFO  
出错类：Himall.Service.OrderService.AgreeToRefundBySeller  
错误描述：无法关闭此订单！ 

Himall.Core.HimallException: 无法关闭此订单！



 记录时间：2019-02-11 13:33:40,858 
日志级别：  INFO  
出错类：Himall.Service.OrderService.AgreeToRefundBySeller  
错误描述：无法关闭此订单！ 

Himall.Core.HimallException: 无法关闭此订单！



 记录时间：2019-02-11 13:33:41,210 
日志级别：  INFO  
出错类：Himall.Service.OrderService.AgreeToRefundBySeller  
错误描述：无法关闭此订单！ 

Himall.Core.HimallException: 无法关闭此订单！



 记录时间：2019-02-11 13:33:41,277 
日志级别：  INFO  
出错类：Himall.Service.OrderService.AgreeToRefundBySeller  
错误描述：无法关闭此订单！ 

Himall.Core.HimallException: 无法关闭此订单！



 记录时间：2019-02-11 13:33:41,343 
日志级别：  INFO  
出错类：Himall.Service.OrderService.AgreeToRefundBySeller  
错误描述：无法关闭此订单！ 

Himall.Core.HimallException: 无法关闭此订单！



 记录时间：2019-02-11 13:35:25,657 
日志级别：  INFO  
出错类：Himall.Plugin.Message.Email.EmailCore.GetMessageStatus  
错误描述：email3---sss 




 记录时间：2019-02-11 13:35:25,741 
日志级别：  INFO  
出错类：Himall.Plugin.Message.Email.EmailCore.GetMessageStatus  
错误描述：email2---:?<?xml version="1.0" encoding="utf-8" ?>
<MessageStatus>
  <OrderCreated>1</OrderCreated>
  <OrderPay>1</OrderPay>
  <OrderShipping>1</OrderShipping>
  <OrderRefund>1</OrderRefund>
  <RefundDeliver>1</RefundDeliver>
  <FindPassWord>1</FindPassWord>
  <ShopAudited>1</ShopAudited>
  <ShopHaveNewOrder>3</ShopHaveNewOrder>
  <ReceiveBonus>3</ReceiveBonus>
  <LimitTimeBuy>3</LimitTimeBuy>
  <SubscribeLimitTimeBuy>3</SubscribeLimitTimeBuy>
  <FightGroupOpenSuccess>3</FightGroupOpenSuccess>
  <FightGroupJoinSuccess>3</FightGroupJoinSuccess>
  <FightGroupNewJoin>3</FightGroupNewJoin>
  <FightGroupFailed>3</FightGroupFailed>
  <FightGroupSuccess>3</FightGroupSuccess>
  <SendCouponSuccess>1</SendCouponSuccess>
</MessageStatus> 




 记录时间：2019-02-11 13:35:25,754 
日志级别：  INFO  
出错类：Himall.Plugin.Message.Email.EmailCore.GetMessageStatus  
错误描述：email3---eee 




 记录时间：2019-02-11 13:35:29,049 
日志级别：  INFO  
出错类：Himall.Plugin.Message.Email.EmailCore.GetMessageStatus  
错误描述：email3---sss 




 记录时间：2019-02-11 13:35:29,052 
日志级别：  INFO  
出错类：Himall.Plugin.Message.Email.EmailCore.GetMessageStatus  
错误描述：email2---:?<?xml version="1.0" encoding="utf-8" ?>
<MessageStatus>
  <OrderCreated>1</OrderCreated>
  <OrderPay>1</OrderPay>
  <OrderShipping>1</OrderShipping>
  <OrderRefund>1</OrderRefund>
  <RefundDeliver>1</RefundDeliver>
  <FindPassWord>1</FindPassWord>
  <ShopAudited>1</ShopAudited>
  <ShopHaveNewOrder>3</ShopHaveNewOrder>
  <ReceiveBonus>3</ReceiveBonus>
  <LimitTimeBuy>3</LimitTimeBuy>
  <SubscribeLimitTimeBuy>3</SubscribeLimitTimeBuy>
  <FightGroupOpenSuccess>3</FightGroupOpenSuccess>
  <FightGroupJoinSuccess>3</FightGroupJoinSuccess>
  <FightGroupNewJoin>3</FightGroupNewJoin>
  <FightGroupFailed>3</FightGroupFailed>
  <FightGroupSuccess>3</FightGroupSuccess>
  <SendCouponSuccess>1</SendCouponSuccess>
</MessageStatus> 




 记录时间：2019-02-11 13:35:29,053 
日志级别：  INFO  
出错类：Himall.Plugin.Message.Email.EmailCore.GetMessageStatus  
错误描述：email3---eee 




 记录时间：2019-02-11 13:35:39,590 
日志级别：  INFO  
出错类：Himall.Plugin.Message.Email.EmailCore.GetMessageStatus  
错误描述：email3---sss 




 记录时间：2019-02-11 13:35:39,593 
日志级别：  INFO  
出错类：Himall.Plugin.Message.Email.EmailCore.GetMessageStatus  
错误描述：email2---:?<?xml version="1.0" encoding="utf-8" ?>
<MessageStatus>
  <OrderCreated>1</OrderCreated>
  <OrderPay>1</OrderPay>
  <OrderShipping>1</OrderShipping>
  <OrderRefund>1</OrderRefund>
  <RefundDeliver>1</RefundDeliver>
  <FindPassWord>1</FindPassWord>
  <ShopAudited>1</ShopAudited>
  <ShopHaveNewOrder>3</ShopHaveNewOrder>
  <ReceiveBonus>3</ReceiveBonus>
  <LimitTimeBuy>3</LimitTimeBuy>
  <SubscribeLimitTimeBuy>3</SubscribeLimitTimeBuy>
  <FightGroupOpenSuccess>3</FightGroupOpenSuccess>
  <FightGroupJoinSuccess>3</FightGroupJoinSuccess>
  <FightGroupNewJoin>3</FightGroupNewJoin>
  <FightGroupFailed>3</FightGroupFailed>
  <FightGroupSuccess>3</FightGroupSuccess>
  <SendCouponSuccess>1</SendCouponSuccess>
</MessageStatus> 




 记录时间：2019-02-11 13:35:39,595 
日志级别：  INFO  
出错类：Himall.Plugin.Message.Email.EmailCore.GetMessageStatus  
错误描述：email3---eee 




 记录时间：2019-02-11 13:35:59,642 
日志级别：  INFO  
出错类：Himall.Service.OrderService.AgreeToRefundBySeller  
错误描述：无法关闭此订单！ 

Himall.Core.HimallException: 无法关闭此订单！



 记录时间：2019-02-11 13:35:59,727 
日志级别：  INFO  
出错类：Himall.Service.OrderService.AgreeToRefundBySeller  
错误描述：无法关闭此订单！ 

Himall.Core.HimallException: 无法关闭此订单！



 记录时间：2019-02-11 13:36:00,150 
日志级别：  INFO  
出错类：Himall.Service.OrderService.AgreeToRefundBySeller  
错误描述：无法关闭此订单！ 

Himall.Core.HimallException: 无法关闭此订单！



 记录时间：2019-02-11 13:36:00,236 
日志级别：  INFO  
出错类：Himall.Service.OrderService.AgreeToRefundBySeller  
错误描述：无法关闭此订单！ 

Himall.Core.HimallException: 无法关闭此订单！



 记录时间：2019-02-11 13:36:00,321 
日志级别：  INFO  
出错类：Himall.Service.OrderService.AgreeToRefundBySeller  
错误描述：无法关闭此订单！ 

Himall.Core.HimallException: 无法关闭此订单！



 记录时间：2019-02-11 13:37:05,139 
日志级别：  INFO  
出错类：Himall.Service.OrderService.SendMessage  
错误描述：进入SendMessage发送短信通知方法里面 




 记录时间：2019-02-11 13:37:06,219 
日志级别：  INFO  
出错类：Himall.Service.OrderService.SendMessage  
错误描述：准备进入SendMessageOnOrderCreate发送短信通知方法里面 




 记录时间：2019-02-11 13:37:06,225 
日志级别：  INFO  
出错类：Himall.Plugin.Message.Email.EmailCore.GetMessageStatus  
错误描述：email3---sss 




 记录时间：2019-02-11 13:37:06,228 
日志级别：  INFO  
出错类：Himall.Plugin.Message.Email.EmailCore.GetMessageStatus  
错误描述：email2---:?<?xml version="1.0" encoding="utf-8" ?>
<MessageStatus>
  <OrderCreated>1</OrderCreated>
  <OrderPay>1</OrderPay>
  <OrderShipping>1</OrderShipping>
  <OrderRefund>1</OrderRefund>
  <RefundDeliver>1</RefundDeliver>
  <FindPassWord>1</FindPassWord>
  <ShopAudited>1</ShopAudited>
  <ShopHaveNewOrder>3</ShopHaveNewOrder>
  <ReceiveBonus>3</ReceiveBonus>
  <LimitTimeBuy>3</LimitTimeBuy>
  <SubscribeLimitTimeBuy>3</SubscribeLimitTimeBuy>
  <FightGroupOpenSuccess>3</FightGroupOpenSuccess>
  <FightGroupJoinSuccess>3</FightGroupJoinSuccess>
  <FightGroupNewJoin>3</FightGroupNewJoin>
  <FightGroupFailed>3</FightGroupFailed>
  <FightGroupSuccess>3</FightGroupSuccess>
  <SendCouponSuccess>1</SendCouponSuccess>
</MessageStatus> 




 记录时间：2019-02-11 13:37:06,229 
日志级别：  INFO  
出错类：Himall.Plugin.Message.Email.EmailCore.GetMessageStatus  
错误描述：email3---eee 




 记录时间：2019-02-11 13:37:06,232 
日志级别：  INFO  
出错类：Himall.Plugin.Message.Email.EmailCore.GetMessageStatus  
错误描述：email3---sss 




 记录时间：2019-02-11 13:37:06,234 
日志级别：  INFO  
出错类：Himall.Plugin.Message.Email.EmailCore.GetMessageStatus  
错误描述：email2---:?<?xml version="1.0" encoding="utf-8" ?>
<MessageStatus>
  <OrderCreated>1</OrderCreated>
  <OrderPay>1</OrderPay>
  <OrderShipping>1</OrderShipping>
  <OrderRefund>1</OrderRefund>
  <RefundDeliver>1</RefundDeliver>
  <FindPassWord>1</FindPassWord>
  <ShopAudited>1</ShopAudited>
  <ShopHaveNewOrder>3</ShopHaveNewOrder>
  <ReceiveBonus>3</ReceiveBonus>
  <LimitTimeBuy>3</LimitTimeBuy>
  <SubscribeLimitTimeBuy>3</SubscribeLimitTimeBuy>
  <FightGroupOpenSuccess>3</FightGroupOpenSuccess>
  <FightGroupJoinSuccess>3</FightGroupJoinSuccess>
  <FightGroupNewJoin>3</FightGroupNewJoin>
  <FightGroupFailed>3</FightGroupFailed>
  <FightGroupSuccess>3</FightGroupSuccess>
  <SendCouponSuccess>1</SendCouponSuccess>
</MessageStatus> 




 记录时间：2019-02-11 13:37:06,234 
日志级别：  INFO  
出错类：Himall.Plugin.Message.Email.EmailCore.GetMessageStatus  
错误描述：email3---eee 




 记录时间：2019-02-11 13:37:06,436 
日志级别：  INFO  
出错类：Himall.PaymentPlugin.PaymentBase`1[T].get_WorkDirectory  
错误描述：get WorkDirectory:Himall.Plugin.Payment.Alipay_WAP.Service 




 记录时间：2019-02-11 13:37:06,514 
日志级别：  INFO  
出错类：Himall.PaymentPlugin.PaymentBase`1[T].get_WorkDirectory  
错误描述：get WorkDirectory:Himall.Plugin.Payment.WeiXinPay.Service 




 记录时间：2019-02-11 13:40:33,917 
日志级别：  INFO  
出错类：Himall.Service.OrderService.SendMessage  
错误描述：进入SendMessage发送短信通知方法里面 




 记录时间：2019-02-11 13:40:33,964 
日志级别：  INFO  
出错类：Himall.Service.OrderService.SendMessage  
错误描述：准备进入SendMessageOnOrderCreate发送短信通知方法里面 




 记录时间：2019-02-11 13:40:33,966 
日志级别：  INFO  
出错类：Himall.Plugin.Message.Email.EmailCore.GetMessageStatus  
错误描述：email3---sss 




 记录时间：2019-02-11 13:40:33,968 
日志级别：  INFO  
出错类：Himall.Plugin.Message.Email.EmailCore.GetMessageStatus  
错误描述：email2---:?<?xml version="1.0" encoding="utf-8" ?>
<MessageStatus>
  <OrderCreated>1</OrderCreated>
  <OrderPay>1</OrderPay>
  <OrderShipping>1</OrderShipping>
  <OrderRefund>1</OrderRefund>
  <RefundDeliver>1</RefundDeliver>
  <FindPassWord>1</FindPassWord>
  <ShopAudited>1</ShopAudited>
  <ShopHaveNewOrder>3</ShopHaveNewOrder>
  <ReceiveBonus>3</ReceiveBonus>
  <LimitTimeBuy>3</LimitTimeBuy>
  <SubscribeLimitTimeBuy>3</SubscribeLimitTimeBuy>
  <FightGroupOpenSuccess>3</FightGroupOpenSuccess>
  <FightGroupJoinSuccess>3</FightGroupJoinSuccess>
  <FightGroupNewJoin>3</FightGroupNewJoin>
  <FightGroupFailed>3</FightGroupFailed>
  <FightGroupSuccess>3</FightGroupSuccess>
  <SendCouponSuccess>1</SendCouponSuccess>
</MessageStatus> 




 记录时间：2019-02-11 13:40:33,969 
日志级别：  INFO  
出错类：Himall.Plugin.Message.Email.EmailCore.GetMessageStatus  
错误描述：email3---eee 




 记录时间：2019-02-11 13:40:33,971 
日志级别：  INFO  
出错类：Himall.Plugin.Message.Email.EmailCore.GetMessageStatus  
错误描述：email3---sss 




 记录时间：2019-02-11 13:40:33,973 
日志级别：  INFO  
出错类：Himall.Plugin.Message.Email.EmailCore.GetMessageStatus  
错误描述：email2---:?<?xml version="1.0" encoding="utf-8" ?>
<MessageStatus>
  <OrderCreated>1</OrderCreated>
  <OrderPay>1</OrderPay>
  <OrderShipping>1</OrderShipping>
  <OrderRefund>1</OrderRefund>
  <RefundDeliver>1</RefundDeliver>
  <FindPassWord>1</FindPassWord>
  <ShopAudited>1</ShopAudited>
  <ShopHaveNewOrder>3</ShopHaveNewOrder>
  <ReceiveBonus>3</ReceiveBonus>
  <LimitTimeBuy>3</LimitTimeBuy>
  <SubscribeLimitTimeBuy>3</SubscribeLimitTimeBuy>
  <FightGroupOpenSuccess>3</FightGroupOpenSuccess>
  <FightGroupJoinSuccess>3</FightGroupJoinSuccess>
  <FightGroupNewJoin>3</FightGroupNewJoin>
  <FightGroupFailed>3</FightGroupFailed>
  <FightGroupSuccess>3</FightGroupSuccess>
  <SendCouponSuccess>1</SendCouponSuccess>
</MessageStatus> 




 记录时间：2019-02-11 13:40:33,974 
日志级别：  INFO  
出错类：Himall.Plugin.Message.Email.EmailCore.GetMessageStatus  
错误描述：email3---eee 




 记录时间：2019-02-11 13:40:34,199 
日志级别：  INFO  
出错类：Himall.PaymentPlugin.PaymentBase`1[T].get_WorkDirectory  
错误描述：get WorkDirectory:Himall.Plugin.Payment.Alipay_WAP.Service 




 记录时间：2019-02-11 13:40:34,201 
日志级别：  INFO  
出错类：Himall.PaymentPlugin.PaymentBase`1[T].get_WorkDirectory  
错误描述：get WorkDirectory:Himall.Plugin.Payment.WeiXinPay.Service 




 记录时间：2019-02-11 13:40:37,640 
日志级别：  INFO  
出错类：Himall.Service.OrderService.PaySucceed  
错误描述：PaySucceed1502进入 




 记录时间：2019-02-11 13:40:38,161 
日志级别：  INFO  
出错类：Himall.Service.OrderService.AddDistributionBrokerage  
错误描述：AddDistributionBrokerage，增加分佣，订单ID：2019021146495101 




 记录时间：2019-02-11 13:40:38,844 
日志级别：  INFO  
出错类：Himall.Plugin.Message.Email.EmailCore.GetMessageStatus  
错误描述：email3---sss 




 记录时间：2019-02-11 13:40:38,845 
日志级别：  INFO  
出错类：Himall.Plugin.Message.Email.EmailCore.GetMessageStatus  
错误描述：email2---:?<?xml version="1.0" encoding="utf-8" ?>
<MessageStatus>
  <OrderCreated>1</OrderCreated>
  <OrderPay>1</OrderPay>
  <OrderShipping>1</OrderShipping>
  <OrderRefund>1</OrderRefund>
  <RefundDeliver>1</RefundDeliver>
  <FindPassWord>1</FindPassWord>
  <ShopAudited>1</ShopAudited>
  <ShopHaveNewOrder>3</ShopHaveNewOrder>
  <ReceiveBonus>3</ReceiveBonus>
  <LimitTimeBuy>3</LimitTimeBuy>
  <SubscribeLimitTimeBuy>3</SubscribeLimitTimeBuy>
  <FightGroupOpenSuccess>3</FightGroupOpenSuccess>
  <FightGroupJoinSuccess>3</FightGroupJoinSuccess>
  <FightGroupNewJoin>3</FightGroupNewJoin>
  <FightGroupFailed>3</FightGroupFailed>
  <FightGroupSuccess>3</FightGroupSuccess>
  <SendCouponSuccess>1</SendCouponSuccess>
</MessageStatus> 




 记录时间：2019-02-11 13:40:38,846 
日志级别：  INFO  
出错类：Himall.Plugin.Message.Email.EmailCore.GetMessageStatus  
错误描述：email3---eee 




 记录时间：2019-02-11 13:40:38,926 
日志级别：  INFO  
出错类：Himall.Service.WXMsgTemplateService.SendMessageByTemplate  
错误描述：[模板消息]开始准备数据：641[订单支付成功通知] 




 记录时间：2019-02-11 13:40:39,101 
日志级别：  INFO  
出错类：Himall.Service.WXMsgTemplateService.SendMessageByTemplate  
错误描述：消息类型=订单支付成功通知 userId=641 openId=oXdftwQe8wJz4-aMGDUfoVfGuKOY dataerr= 




 记录时间：2019-02-11 13:40:39,102 
日志级别：  INFO  
出错类：Himall.Service.WXMsgTemplateService.SendMessageByTemplate  
错误描述：[模板消息]开始发送前 




 记录时间：2019-02-11 13:40:39,108 
日志级别：  INFO  
出错类：Himall.Service.WXMsgTemplateService.SendMessageByTemplate  
错误描述：[模板消息]开始发送到openid:oXdftwQe8wJz4-aMGDUfoVfGuKOY 




 记录时间：2019-02-11 13:40:39,541 
日志级别：  INFO  
出错类：Himall.Service.OrderService.AgreeToRefundBySeller  
错误描述：无法关闭此订单！ 

Himall.Core.HimallException: 无法关闭此订单！



 记录时间：2019-02-11 13:40:44,246 
日志级别：  INFO  
出错类：Himall.Service.OrderService.AgreeToRefundBySeller  
错误描述：无法关闭此订单！ 

Himall.Core.HimallException: 无法关闭此订单！



 记录时间：2019-02-11 13:40:44,609 
日志级别：  INFO  
出错类：Himall.Service.OrderService.AgreeToRefundBySeller  
错误描述：无法关闭此订单！ 

Himall.Core.HimallException: 无法关闭此订单！



 记录时间：2019-02-11 13:40:44,854 
日志级别：  INFO  
出错类：Himall.Service.OrderService.AgreeToRefundBySeller  
错误描述：无法关闭此订单！ 

Himall.Core.HimallException: 无法关闭此订单！



 记录时间：2019-02-11 13:40:44,954 
日志级别：  INFO  
出错类：Himall.Service.OrderService.AgreeToRefundBySeller  
错误描述：无法关闭此订单！ 

Himall.Core.HimallException: 无法关闭此订单！



 记录时间：2019-02-11 13:42:09,473 
日志级别：  INFO  
出错类：Himall.Plugin.Message.Email.EmailCore.GetMessageStatus  
错误描述：email3---sss 




 记录时间：2019-02-11 13:42:09,477 
日志级别：  INFO  
出错类：Himall.Plugin.Message.Email.EmailCore.GetMessageStatus  
错误描述：email2---:?<?xml version="1.0" encoding="utf-8" ?>
<MessageStatus>
  <OrderCreated>1</OrderCreated>
  <OrderPay>1</OrderPay>
  <OrderShipping>1</OrderShipping>
  <OrderRefund>1</OrderRefund>
  <RefundDeliver>1</RefundDeliver>
  <FindPassWord>1</FindPassWord>
  <ShopAudited>1</ShopAudited>
  <ShopHaveNewOrder>3</ShopHaveNewOrder>
  <ReceiveBonus>3</ReceiveBonus>
  <LimitTimeBuy>3</LimitTimeBuy>
  <SubscribeLimitTimeBuy>3</SubscribeLimitTimeBuy>
  <FightGroupOpenSuccess>3</FightGroupOpenSuccess>
  <FightGroupJoinSuccess>3</FightGroupJoinSuccess>
  <FightGroupNewJoin>3</FightGroupNewJoin>
  <FightGroupFailed>3</FightGroupFailed>
  <FightGroupSuccess>3</FightGroupSuccess>
  <SendCouponSuccess>1</SendCouponSuccess>
</MessageStatus> 




 记录时间：2019-02-11 13:42:09,478 
日志级别：  INFO  
出错类：Himall.Plugin.Message.Email.EmailCore.GetMessageStatus  
错误描述：email3---eee 




 记录时间：2019-02-11 13:42:09,550 
日志级别：  INFO  
出错类：Himall.Service.WXMsgTemplateService.SendMessageByTemplate  
错误描述：[模板消息]开始准备数据：641[待付款提醒] 




 记录时间：2019-02-11 13:42:09,643 
日志级别：  INFO  
出错类：Himall.Service.WXMsgTemplateService.SendMessageByTemplate  
错误描述：消息类型=待付款提醒 userId=641 openId=oXdftwQe8wJz4-aMGDUfoVfGuKOY dataerr= 




 记录时间：2019-02-11 13:42:09,644 
日志级别：  INFO  
出错类：Himall.Service.WXMsgTemplateService.SendMessageByTemplate  
错误描述：[模板消息]开始发送前 




 记录时间：2019-02-11 13:42:09,646 
日志级别：  INFO  
出错类：Himall.Service.WXMsgTemplateService.SendMessageByTemplate  
错误描述：[模板消息]开始发送到openid:oXdftwQe8wJz4-aMGDUfoVfGuKOY 




 记录时间：2019-02-11 14:00:50,493 
日志级别：  INFO  
出错类：Himall.Service.OrderService.AgreeToRefundBySeller  
错误描述：无法关闭此订单！ 

Himall.Core.HimallException: 无法关闭此订单！



 记录时间：2019-02-11 14:00:50,608 
日志级别：  INFO  
出错类：Himall.Service.OrderService.AgreeToRefundBySeller  
错误描述：无法关闭此订单！ 

Himall.Core.HimallException: 无法关闭此订单！



 记录时间：2019-02-11 14:00:50,733 
日志级别：  INFO  
出错类：Himall.Service.OrderService.AgreeToRefundBySeller  
错误描述：无法关闭此订单！ 

Himall.Core.HimallException: 无法关闭此订单！



 记录时间：2019-02-11 14:00:51,014 
日志级别：  INFO  
出错类：Himall.Service.OrderService.AgreeToRefundBySeller  
错误描述：无法关闭此订单！ 

Himall.Core.HimallException: 无法关闭此订单！



 记录时间：2019-02-11 14:00:51,106 
日志级别：  INFO  
出错类：Himall.Service.OrderService.AgreeToRefundBySeller  
错误描述：无法关闭此订单！ 

Himall.Core.HimallException: 无法关闭此订单！



 记录时间：2019-02-11 14:01:16,016 
日志级别：  INFO  
出错类：Himall.Service.OrderService.AgreeToRefundBySeller  
错误描述：无法关闭此订单！ 

Himall.Core.HimallException: 无法关闭此订单！



 记录时间：2019-02-11 14:01:16,098 
日志级别：  INFO  
出错类：Himall.Service.OrderService.AgreeToRefundBySeller  
错误描述：无法关闭此订单！ 

Himall.Core.HimallException: 无法关闭此订单！



 记录时间：2019-02-11 14:01:16,173 
日志级别：  INFO  
出错类：Himall.Service.OrderService.AgreeToRefundBySeller  
错误描述：无法关闭此订单！ 

Himall.Core.HimallException: 无法关闭此订单！



 记录时间：2019-02-11 14:01:16,255 
日志级别：  INFO  
出错类：Himall.Service.OrderService.AgreeToRefundBySeller  
错误描述：无法关闭此订单！ 

Himall.Core.HimallException: 无法关闭此订单！



 记录时间：2019-02-11 14:01:16,583 
日志级别：  INFO  
出错类：Himall.Service.OrderService.AgreeToRefundBySeller  
错误描述：无法关闭此订单！ 

Himall.Core.HimallException: 无法关闭此订单！



 记录时间：2019-02-11 14:06:05,212 
日志级别：  INFO  
出错类：Himall.Service.OrderService.AgreeToRefundBySeller  
错误描述：无法关闭此订单！ 

Himall.Core.HimallException: 无法关闭此订单！



 记录时间：2019-02-11 14:06:05,309 
日志级别：  INFO  
出错类：Himall.Service.OrderService.AgreeToRefundBySeller  
错误描述：无法关闭此订单！ 

Himall.Core.HimallException: 无法关闭此订单！



 记录时间：2019-02-11 14:06:05,632 
日志级别：  INFO  
出错类：Himall.Service.OrderService.AgreeToRefundBySeller  
错误描述：无法关闭此订单！ 

Himall.Core.HimallException: 无法关闭此订单！



 记录时间：2019-02-11 14:06:05,747 
日志级别：  INFO  
出错类：Himall.Service.OrderService.AgreeToRefundBySeller  
错误描述：无法关闭此订单！ 

Himall.Core.HimallException: 无法关闭此订单！



 记录时间：2019-02-11 14:06:05,829 
日志级别：  INFO  
出错类：Himall.Service.OrderService.AgreeToRefundBySeller  
错误描述：无法关闭此订单！ 

Himall.Core.HimallException: 无法关闭此订单！



 记录时间：2019-02-11 14:06:07,903 
日志级别：  INFO  
出错类：Himall.Service.OrderService.AgreeToRefundBySeller  
错误描述：无法关闭此订单！ 

Himall.Core.HimallException: 无法关闭此订单！



 记录时间：2019-02-11 14:06:07,993 
日志级别：  INFO  
出错类：Himall.Service.OrderService.AgreeToRefundBySeller  
错误描述：无法关闭此订单！ 

Himall.Core.HimallException: 无法关闭此订单！



 记录时间：2019-02-11 14:06:08,217 
日志级别：  INFO  
出错类：Himall.Service.OrderService.AgreeToRefundBySeller  
错误描述：无法关闭此订单！ 

Himall.Core.HimallException: 无法关闭此订单！



 记录时间：2019-02-11 14:06:08,301 
日志级别：  INFO  
出错类：Himall.Service.OrderService.AgreeToRefundBySeller  
错误描述：无法关闭此订单！ 

Himall.Core.HimallException: 无法关闭此订单！



 记录时间：2019-02-11 14:06:08,457 
日志级别：  INFO  
出错类：Himall.Service.OrderService.AgreeToRefundBySeller  
错误描述：无法关闭此订单！ 

Himall.Core.HimallException: 无法关闭此订单！



 记录时间：2019-02-11 14:06:20,781 
日志级别：  INFO  
出错类：Himall.Service.OrderService.AgreeToRefundBySeller  
错误描述：无法关闭此订单！ 

Himall.Core.HimallException: 无法关闭此订单！



 记录时间：2019-02-11 14:06:20,897 
日志级别：  INFO  
出错类：Himall.Service.OrderService.AgreeToRefundBySeller  
错误描述：无法关闭此订单！ 

Himall.Core.HimallException: 无法关闭此订单！



 记录时间：2019-02-11 14:06:20,996 
日志级别：  INFO  
出错类：Himall.Service.OrderService.AgreeToRefundBySeller  
错误描述：无法关闭此订单！ 

Himall.Core.HimallException: 无法关闭此订单！



 记录时间：2019-02-11 14:06:21,144 
日志级别：  INFO  
出错类：Himall.Service.OrderService.AgreeToRefundBySeller  
错误描述：无法关闭此订单！ 

Himall.Core.HimallException: 无法关闭此订单！



 记录时间：2019-02-11 14:06:21,327 
日志级别：  INFO  
出错类：Himall.Service.OrderService.AgreeToRefundBySeller  
错误描述：无法关闭此订单！ 

Himall.Core.HimallException: 无法关闭此订单！



 记录时间：2019-02-11 14:06:25,048 
日志级别：  INFO  
出错类：Himall.Service.OrderService.AgreeToRefundBySeller  
错误描述：无法关闭此订单！ 

Himall.Core.HimallException: 无法关闭此订单！



 记录时间：2019-02-11 14:06:25,360 
日志级别：  INFO  
出错类：Himall.Service.OrderService.AgreeToRefundBySeller  
错误描述：无法关闭此订单！ 

Himall.Core.HimallException: 无法关闭此订单！



 记录时间：2019-02-11 14:06:25,559 
日志级别：  INFO  
出错类：Himall.Service.OrderService.AgreeToRefundBySeller  
错误描述：无法关闭此订单！ 

Himall.Core.HimallException: 无法关闭此订单！



 记录时间：2019-02-11 14:06:25,789 
日志级别：  INFO  
出错类：Himall.Service.OrderService.AgreeToRefundBySeller  
错误描述：无法关闭此订单！ 

Himall.Core.HimallException: 无法关闭此订单！



 记录时间：2019-02-11 14:06:25,889 
日志级别：  INFO  
出错类：Himall.Service.OrderService.AgreeToRefundBySeller  
错误描述：无法关闭此订单！ 

Himall.Core.HimallException: 无法关闭此订单！



 记录时间：2019-02-11 14:10:39,128 
日志级别：  INFO  
出错类：Himall.Service.OrderService.SendMessage  
错误描述：进入SendMessage发送短信通知方法里面 




 记录时间：2019-02-11 14:10:39,403 
日志级别：  INFO  
出错类：Himall.Service.OrderService.SendMessage  
错误描述：准备进入SendMessageOnOrderCreate发送短信通知方法里面 




 记录时间：2019-02-11 14:10:39,405 
日志级别：  INFO  
出错类：Himall.Plugin.Message.Email.EmailCore.GetMessageStatus  
错误描述：email3---sss 




 记录时间：2019-02-11 14:10:39,407 
日志级别：  INFO  
出错类：Himall.Plugin.Message.Email.EmailCore.GetMessageStatus  
错误描述：email2---:?<?xml version="1.0" encoding="utf-8" ?>
<MessageStatus>
  <OrderCreated>1</OrderCreated>
  <OrderPay>1</OrderPay>
  <OrderShipping>1</OrderShipping>
  <OrderRefund>1</OrderRefund>
  <RefundDeliver>1</RefundDeliver>
  <FindPassWord>1</FindPassWord>
  <ShopAudited>1</ShopAudited>
  <ShopHaveNewOrder>3</ShopHaveNewOrder>
  <ReceiveBonus>3</ReceiveBonus>
  <LimitTimeBuy>3</LimitTimeBuy>
  <SubscribeLimitTimeBuy>3</SubscribeLimitTimeBuy>
  <FightGroupOpenSuccess>3</FightGroupOpenSuccess>
  <FightGroupJoinSuccess>3</FightGroupJoinSuccess>
  <FightGroupNewJoin>3</FightGroupNewJoin>
  <FightGroupFailed>3</FightGroupFailed>
  <FightGroupSuccess>3</FightGroupSuccess>
  <SendCouponSuccess>1</SendCouponSuccess>
</MessageStatus> 




 记录时间：2019-02-11 14:10:39,408 
日志级别：  INFO  
出错类：Himall.Plugin.Message.Email.EmailCore.GetMessageStatus  
错误描述：email3---eee 




 记录时间：2019-02-11 14:10:39,410 
日志级别：  INFO  
出错类：Himall.Plugin.Message.Email.EmailCore.GetMessageStatus  
错误描述：email3---sss 




 记录时间：2019-02-11 14:10:39,411 
日志级别：  INFO  
出错类：Himall.Plugin.Message.Email.EmailCore.GetMessageStatus  
错误描述：email2---:?<?xml version="1.0" encoding="utf-8" ?>
<MessageStatus>
  <OrderCreated>1</OrderCreated>
  <OrderPay>1</OrderPay>
  <OrderShipping>1</OrderShipping>
  <OrderRefund>1</OrderRefund>
  <RefundDeliver>1</RefundDeliver>
  <FindPassWord>1</FindPassWord>
  <ShopAudited>1</ShopAudited>
  <ShopHaveNewOrder>3</ShopHaveNewOrder>
  <ReceiveBonus>3</ReceiveBonus>
  <LimitTimeBuy>3</LimitTimeBuy>
  <SubscribeLimitTimeBuy>3</SubscribeLimitTimeBuy>
  <FightGroupOpenSuccess>3</FightGroupOpenSuccess>
  <FightGroupJoinSuccess>3</FightGroupJoinSuccess>
  <FightGroupNewJoin>3</FightGroupNewJoin>
  <FightGroupFailed>3</FightGroupFailed>
  <FightGroupSuccess>3</FightGroupSuccess>
  <SendCouponSuccess>1</SendCouponSuccess>
</MessageStatus> 




 记录时间：2019-02-11 14:10:39,412 
日志级别：  INFO  
出错类：Himall.Plugin.Message.Email.EmailCore.GetMessageStatus  
错误描述：email3---eee 




 记录时间：2019-02-11 14:10:39,448 
日志级别：  INFO  
出错类：Himall.PaymentPlugin.PaymentBase`1[T].get_WorkDirectory  
错误描述：get WorkDirectory:Himall.Plugin.Payment.Alipay_WAP.Service 




 记录时间：2019-02-11 14:10:39,451 
日志级别：  INFO  
出错类：Himall.PaymentPlugin.PaymentBase`1[T].get_WorkDirectory  
错误描述：get WorkDirectory:Himall.Plugin.Payment.WeiXinPay.Service 




 记录时间：2019-02-11 14:10:41,132 
日志级别：  INFO  
出错类：Himall.Service.OrderService.PaySucceed  
错误描述：PaySucceed1502进入 




 记录时间：2019-02-11 14:10:41,527 
日志级别：  INFO  
出错类：Himall.Service.OrderService.AddDistributionBrokerage  
错误描述：AddDistributionBrokerage，增加分佣，订单ID：2019021167011702 




 记录时间：2019-02-11 14:10:42,097 
日志级别：  INFO  
出错类：Himall.Plugin.Message.Email.EmailCore.GetMessageStatus  
错误描述：email3---sss 




 记录时间：2019-02-11 14:10:42,099 
日志级别：  INFO  
出错类：Himall.Plugin.Message.Email.EmailCore.GetMessageStatus  
错误描述：email2---:?<?xml version="1.0" encoding="utf-8" ?>
<MessageStatus>
  <OrderCreated>1</OrderCreated>
  <OrderPay>1</OrderPay>
  <OrderShipping>1</OrderShipping>
  <OrderRefund>1</OrderRefund>
  <RefundDeliver>1</RefundDeliver>
  <FindPassWord>1</FindPassWord>
  <ShopAudited>1</ShopAudited>
  <ShopHaveNewOrder>3</ShopHaveNewOrder>
  <ReceiveBonus>3</ReceiveBonus>
  <LimitTimeBuy>3</LimitTimeBuy>
  <SubscribeLimitTimeBuy>3</SubscribeLimitTimeBuy>
  <FightGroupOpenSuccess>3</FightGroupOpenSuccess>
  <FightGroupJoinSuccess>3</FightGroupJoinSuccess>
  <FightGroupNewJoin>3</FightGroupNewJoin>
  <FightGroupFailed>3</FightGroupFailed>
  <FightGroupSuccess>3</FightGroupSuccess>
  <SendCouponSuccess>1</SendCouponSuccess>
</MessageStatus> 




 记录时间：2019-02-11 14:10:42,100 
日志级别：  INFO  
出错类：Himall.Plugin.Message.Email.EmailCore.GetMessageStatus  
错误描述：email3---eee 




 记录时间：2019-02-11 14:10:42,158 
日志级别：  INFO  
出错类：Himall.Service.WXMsgTemplateService.SendMessageByTemplate  
错误描述：[模板消息]开始准备数据：641[订单支付成功通知] 




 记录时间：2019-02-11 14:10:42,278 
日志级别：  INFO  
出错类：Himall.Service.WXMsgTemplateService.SendMessageByTemplate  
错误描述：消息类型=订单支付成功通知 userId=641 openId=oXdftwQe8wJz4-aMGDUfoVfGuKOY dataerr= 




 记录时间：2019-02-11 14:10:42,279 
日志级别：  INFO  
出错类：Himall.Service.WXMsgTemplateService.SendMessageByTemplate  
错误描述：[模板消息]开始发送前 




 记录时间：2019-02-11 14:10:42,280 
日志级别：  INFO  
出错类：Himall.Service.WXMsgTemplateService.SendMessageByTemplate  
错误描述：[模板消息]开始发送到openid:oXdftwQe8wJz4-aMGDUfoVfGuKOY 




 记录时间：2019-02-11 14:10:42,612 
日志级别：  INFO  
出错类：Himall.Service.OrderService.AgreeToRefundBySeller  
错误描述：无法关闭此订单！ 

Himall.Core.HimallException: 无法关闭此订单！



 记录时间：2019-02-11 14:10:42,708 
日志级别：  INFO  
出错类：Himall.Service.OrderService.AgreeToRefundBySeller  
错误描述：无法关闭此订单！ 

Himall.Core.HimallException: 无法关闭此订单！



 记录时间：2019-02-11 14:10:42,803 
日志级别：  INFO  
出错类：Himall.Service.OrderService.AgreeToRefundBySeller  
错误描述：无法关闭此订单！ 

Himall.Core.HimallException: 无法关闭此订单！



 记录时间：2019-02-11 14:10:42,909 
日志级别：  INFO  
出错类：Himall.Service.OrderService.AgreeToRefundBySeller  
错误描述：无法关闭此订单！ 

Himall.Core.HimallException: 无法关闭此订单！



 记录时间：2019-02-11 14:10:43,006 
日志级别：  INFO  
出错类：Himall.Service.OrderService.AgreeToRefundBySeller  
错误描述：无法关闭此订单！ 

Himall.Core.HimallException: 无法关闭此订单！



 记录时间：2019-02-11 14:11:45,374 
日志级别：  INFO  
出错类：Himall.Service.OrderService.AgreeToRefundBySeller  
错误描述：无法关闭此订单！ 

Himall.Core.HimallException: 无法关闭此订单！



 记录时间：2019-02-11 14:11:45,466 
日志级别：  INFO  
出错类：Himall.Service.OrderService.AgreeToRefundBySeller  
错误描述：无法关闭此订单！ 

Himall.Core.HimallException: 无法关闭此订单！



 记录时间：2019-02-11 14:11:45,703 
日志级别：  INFO  
出错类：Himall.Service.OrderService.AgreeToRefundBySeller  
错误描述：无法关闭此订单！ 

Himall.Core.HimallException: 无法关闭此订单！



 记录时间：2019-02-11 14:11:45,849 
日志级别：  INFO  
出错类：Himall.Service.OrderService.AgreeToRefundBySeller  
错误描述：无法关闭此订单！ 

Himall.Core.HimallException: 无法关闭此订单！



 记录时间：2019-02-11 14:11:45,956 
日志级别：  INFO  
出错类：Himall.Service.OrderService.AgreeToRefundBySeller  
错误描述：无法关闭此订单！ 

Himall.Core.HimallException: 无法关闭此订单！



 记录时间：2019-02-11 14:11:56,625 
日志级别：  INFO  
出错类：Himall.Service.OrderService.AgreeToRefundBySeller  
错误描述：无法关闭此订单！ 

Himall.Core.HimallException: 无法关闭此订单！



 记录时间：2019-02-11 14:11:56,726 
日志级别：  INFO  
出错类：Himall.Service.OrderService.AgreeToRefundBySeller  
错误描述：无法关闭此订单！ 

Himall.Core.HimallException: 无法关闭此订单！



 记录时间：2019-02-11 14:11:56,806 
日志级别：  INFO  
出错类：Himall.Service.OrderService.AgreeToRefundBySeller  
错误描述：无法关闭此订单！ 

Himall.Core.HimallException: 无法关闭此订单！



 记录时间：2019-02-11 14:11:56,898 
日志级别：  INFO  
出错类：Himall.Service.OrderService.AgreeToRefundBySeller  
错误描述：无法关闭此订单！ 

Himall.Core.HimallException: 无法关闭此订单！



 记录时间：2019-02-11 14:11:56,984 
日志级别：  INFO  
出错类：Himall.Service.OrderService.AgreeToRefundBySeller  
错误描述：无法关闭此订单！ 

Himall.Core.HimallException: 无法关闭此订单！



 记录时间：2019-02-11 14:16:49,079 
日志级别：  INFO  
出错类：Himall.Plugin.Message.Email.EmailCore.GetMessageStatus  
错误描述：email3---sss 




 记录时间：2019-02-11 14:16:49,085 
日志级别：  INFO  
出错类：Himall.Plugin.Message.Email.EmailCore.GetMessageStatus  
错误描述：email2---:?<?xml version="1.0" encoding="utf-8" ?>
<MessageStatus>
  <OrderCreated>1</OrderCreated>
  <OrderPay>1</OrderPay>
  <OrderShipping>1</OrderShipping>
  <OrderRefund>1</OrderRefund>
  <RefundDeliver>1</RefundDeliver>
  <FindPassWord>1</FindPassWord>
  <ShopAudited>1</ShopAudited>
  <ShopHaveNewOrder>3</ShopHaveNewOrder>
  <ReceiveBonus>3</ReceiveBonus>
  <LimitTimeBuy>3</LimitTimeBuy>
  <SubscribeLimitTimeBuy>3</SubscribeLimitTimeBuy>
  <FightGroupOpenSuccess>3</FightGroupOpenSuccess>
  <FightGroupJoinSuccess>3</FightGroupJoinSuccess>
  <FightGroupNewJoin>3</FightGroupNewJoin>
  <FightGroupFailed>3</FightGroupFailed>
  <FightGroupSuccess>3</FightGroupSuccess>
  <SendCouponSuccess>1</SendCouponSuccess>
</MessageStatus> 




 记录时间：2019-02-11 14:16:49,087 
日志级别：  INFO  
出错类：Himall.Plugin.Message.Email.EmailCore.GetMessageStatus  
错误描述：email3---eee 




 记录时间：2019-02-11 14:16:49,166 
日志级别：  INFO  
出错类：Himall.Service.WXMsgTemplateService.SendMessageByTemplate  
错误描述：[模板消息]开始准备数据：641[订单发货提醒] 




 记录时间：2019-02-11 14:16:49,277 
日志级别：  INFO  
出错类：Himall.Service.WXMsgTemplateService.SendMessageByTemplate  
错误描述：消息类型=订单发货提醒 userId=641 openId=oXdftwQe8wJz4-aMGDUfoVfGuKOY dataerr= 




 记录时间：2019-02-11 14:16:49,278 
日志级别：  INFO  
出错类：Himall.Service.WXMsgTemplateService.SendMessageByTemplate  
错误描述：[模板消息]开始发送前 




 记录时间：2019-02-11 14:16:49,283 
日志级别：  INFO  
出错类：Himall.Service.WXMsgTemplateService.SendMessageByTemplate  
错误描述：[模板消息]开始发送到openid:oXdftwQe8wJz4-aMGDUfoVfGuKOY 




 记录时间：2019-02-11 14:16:54,283 
日志级别：  INFO  
出错类：Himall.Service.OrderService.AgreeToRefundBySeller  
错误描述：无法关闭此订单！ 

Himall.Core.HimallException: 无法关闭此订单！



 记录时间：2019-02-11 14:16:54,372 
日志级别：  INFO  
出错类：Himall.Service.OrderService.AgreeToRefundBySeller  
错误描述：无法关闭此订单！ 

Himall.Core.HimallException: 无法关闭此订单！



 记录时间：2019-02-11 14:16:54,517 
日志级别：  INFO  
出错类：Himall.Service.OrderService.AgreeToRefundBySeller  
错误描述：无法关闭此订单！ 

Himall.Core.HimallException: 无法关闭此订单！



 记录时间：2019-02-11 14:16:54,726 
日志级别：  INFO  
出错类：Himall.Service.OrderService.AgreeToRefundBySeller  
错误描述：无法关闭此订单！ 

Himall.Core.HimallException: 无法关闭此订单！



 记录时间：2019-02-11 14:16:54,823 
日志级别：  INFO  
出错类：Himall.Service.OrderService.AgreeToRefundBySeller  
错误描述：无法关闭此订单！ 

Himall.Core.HimallException: 无法关闭此订单！



 记录时间：2019-02-11 14:20:53,378 
日志级别：  INFO  
出错类：Himall.Plugin.Message.Email.EmailCore.GetMessageStatus  
错误描述：email3---sss 




 记录时间：2019-02-11 14:20:53,383 
日志级别：  INFO  
出错类：Himall.Plugin.Message.Email.EmailCore.GetMessageStatus  
错误描述：email2---:?<?xml version="1.0" encoding="utf-8" ?>
<MessageStatus>
  <OrderCreated>1</OrderCreated>
  <OrderPay>1</OrderPay>
  <OrderShipping>1</OrderShipping>
  <OrderRefund>1</OrderRefund>
  <RefundDeliver>1</RefundDeliver>
  <FindPassWord>1</FindPassWord>
  <ShopAudited>1</ShopAudited>
  <ShopHaveNewOrder>3</ShopHaveNewOrder>
  <ReceiveBonus>3</ReceiveBonus>
  <LimitTimeBuy>3</LimitTimeBuy>
  <SubscribeLimitTimeBuy>3</SubscribeLimitTimeBuy>
  <FightGroupOpenSuccess>3</FightGroupOpenSuccess>
  <FightGroupJoinSuccess>3</FightGroupJoinSuccess>
  <FightGroupNewJoin>3</FightGroupNewJoin>
  <FightGroupFailed>3</FightGroupFailed>
  <FightGroupSuccess>3</FightGroupSuccess>
  <SendCouponSuccess>1</SendCouponSuccess>
</MessageStatus> 




 记录时间：2019-02-11 14:20:53,386 
日志级别：  INFO  
出错类：Himall.Plugin.Message.Email.EmailCore.GetMessageStatus  
错误描述：email3---eee 




 记录时间：2019-02-11 14:23:15,420 
日志级别：  INFO  
出错类：Himall.PaymentPlugin.PaymentBase`1[T].get_WorkDirectory  
错误描述：get WorkDirectory:Himall.Plugin.Payment.Alipay_WAP.Service 




 记录时间：2019-02-11 14:23:15,432 
日志级别：  INFO  
出错类：Himall.PaymentPlugin.PaymentBase`1[T].get_WorkDirectory  
错误描述：get WorkDirectory:Himall.Plugin.Payment.WeiXinPay.Service 




 记录时间：2019-02-11 14:34:29,012 
日志级别：  INFO  
出错类：Himall.Service.OrderService.AgreeToRefundBySeller  
错误描述：无法关闭此订单！ 

Himall.Core.HimallException: 无法关闭此订单！



 记录时间：2019-02-11 14:34:29,132 
日志级别：  INFO  
出错类：Himall.Service.OrderService.AgreeToRefundBySeller  
错误描述：无法关闭此订单！ 

Himall.Core.HimallException: 无法关闭此订单！



 记录时间：2019-02-11 14:34:29,358 
日志级别：  INFO  
出错类：Himall.Service.OrderService.AgreeToRefundBySeller  
错误描述：无法关闭此订单！ 

Himall.Core.HimallException: 无法关闭此订单！



 记录时间：2019-02-11 14:34:29,521 
日志级别：  INFO  
出错类：Himall.Service.OrderService.AgreeToRefundBySeller  
错误描述：无法关闭此订单！ 

Himall.Core.HimallException: 无法关闭此订单！



 记录时间：2019-02-11 14:34:29,742 
日志级别：  INFO  
出错类：Himall.Service.OrderService.AgreeToRefundBySeller  
错误描述：无法关闭此订单！ 

Himall.Core.HimallException: 无法关闭此订单！



 记录时间：2019-02-11 14:35:06,256 
日志级别：  INFO  
出错类：Himall.Service.OrderService.AgreeToRefundBySeller  
错误描述：无法关闭此订单！ 

Himall.Core.HimallException: 无法关闭此订单！



 记录时间：2019-02-11 14:35:06,335 
日志级别：  INFO  
出错类：Himall.Service.OrderService.AgreeToRefundBySeller  
错误描述：无法关闭此订单！ 

Himall.Core.HimallException: 无法关闭此订单！



 记录时间：2019-02-11 14:35:06,571 
日志级别：  INFO  
出错类：Himall.Service.OrderService.AgreeToRefundBySeller  
错误描述：无法关闭此订单！ 

Himall.Core.HimallException: 无法关闭此订单！



 记录时间：2019-02-11 14:35:06,648 
日志级别：  INFO  
出错类：Himall.Service.OrderService.AgreeToRefundBySeller  
错误描述：无法关闭此订单！ 

Himall.Core.HimallException: 无法关闭此订单！



 记录时间：2019-02-11 14:35:06,733 
日志级别：  INFO  
出错类：Himall.Service.OrderService.AgreeToRefundBySeller  
错误描述：无法关闭此订单！ 

Himall.Core.HimallException: 无法关闭此订单！



 记录时间：2019-02-11 14:35:08,941 
日志级别：  INFO  
出错类：Himall.Service.OrderService.AgreeToRefundBySeller  
错误描述：无法关闭此订单！ 

Himall.Core.HimallException: 无法关闭此订单！



 记录时间：2019-02-11 14:35:09,421 
日志级别：  INFO  
出错类：Himall.Service.OrderService.AgreeToRefundBySeller  
错误描述：无法关闭此订单！ 

Himall.Core.HimallException: 无法关闭此订单！



 记录时间：2019-02-11 14:35:09,509 
日志级别：  INFO  
出错类：Himall.Service.OrderService.AgreeToRefundBySeller  
错误描述：无法关闭此订单！ 

Himall.Core.HimallException: 无法关闭此订单！



 记录时间：2019-02-11 14:35:09,612 
日志级别：  INFO  
出错类：Himall.Service.OrderService.AgreeToRefundBySeller  
错误描述：无法关闭此订单！ 

Himall.Core.HimallException: 无法关闭此订单！



 记录时间：2019-02-11 14:35:09,690 
日志级别：  INFO  
出错类：Himall.Service.OrderService.AgreeToRefundBySeller  
错误描述：无法关闭此订单！ 

Himall.Core.HimallException: 无法关闭此订单！



 记录时间：2019-02-11 15:59:28,254 
日志级别：  INFO  
出错类：Himall.Plugin.Message.Email.EmailCore.GetMessageStatus  
错误描述：email3---sss 




 记录时间：2019-02-11 15:59:28,258 
日志级别：  INFO  
出错类：Himall.Plugin.Message.Email.EmailCore.GetMessageStatus  
错误描述：email2---:?<?xml version="1.0" encoding="utf-8" ?>
<MessageStatus>
  <OrderCreated>1</OrderCreated>
  <OrderPay>1</OrderPay>
  <OrderShipping>1</OrderShipping>
  <OrderRefund>1</OrderRefund>
  <RefundDeliver>1</RefundDeliver>
  <FindPassWord>1</FindPassWord>
  <ShopAudited>1</ShopAudited>
  <ShopHaveNewOrder>3</ShopHaveNewOrder>
  <ReceiveBonus>3</ReceiveBonus>
  <LimitTimeBuy>3</LimitTimeBuy>
  <SubscribeLimitTimeBuy>3</SubscribeLimitTimeBuy>
  <FightGroupOpenSuccess>3</FightGroupOpenSuccess>
  <FightGroupJoinSuccess>3</FightGroupJoinSuccess>
  <FightGroupNewJoin>3</FightGroupNewJoin>
  <FightGroupFailed>3</FightGroupFailed>
  <FightGroupSuccess>3</FightGroupSuccess>
  <SendCouponSuccess>1</SendCouponSuccess>
</MessageStatus> 




 记录时间：2019-02-11 15:59:28,260 
日志级别：  INFO  
出错类：Himall.Plugin.Message.Email.EmailCore.GetMessageStatus  
错误描述：email3---eee 




 记录时间：2019-02-11 16:33:41,310 
日志级别：  INFO  
出错类：Himall.Service.CouponService.AddCoupon  
错误描述：同步微信卡券失败，请检查参数是否有错！ 

Himall.Core.HimallException: 同步微信卡券失败，请检查参数是否有错！



 记录时间：2019-02-11 16:33:47,590 
日志级别：  INFO  
出错类：Himall.Service.CouponService.AddCoupon  
错误描述：同步微信卡券失败，请检查参数是否有错！ 

Himall.Core.HimallException: 同步微信卡券失败，请检查参数是否有错！



 记录时间：2019-02-11 16:33:54,756 
日志级别：  INFO  
出错类：Himall.Service.CouponService.AddCoupon  
错误描述：同步微信卡券失败，请检查参数是否有错！ 

Himall.Core.HimallException: 同步微信卡券失败，请检查参数是否有错！



 记录时间：2019-02-11 16:42:55,878 
日志级别：  INFO  
出错类：Himall.Plugin.Message.Email.EmailCore.GetMessageStatus  
错误描述：email3---sss 




 记录时间：2019-02-11 16:42:55,893 
日志级别：  INFO  
出错类：Himall.Plugin.Message.Email.EmailCore.GetMessageStatus  
错误描述：email2---:?<?xml version="1.0" encoding="utf-8" ?>
<MessageStatus>
  <OrderCreated>1</OrderCreated>
  <OrderPay>1</OrderPay>
  <OrderShipping>1</OrderShipping>
  <OrderRefund>1</OrderRefund>
  <RefundDeliver>1</RefundDeliver>
  <FindPassWord>1</FindPassWord>
  <ShopAudited>1</ShopAudited>
  <ShopHaveNewOrder>3</ShopHaveNewOrder>
  <ReceiveBonus>3</ReceiveBonus>
  <LimitTimeBuy>3</LimitTimeBuy>
  <SubscribeLimitTimeBuy>3</SubscribeLimitTimeBuy>
  <FightGroupOpenSuccess>3</FightGroupOpenSuccess>
  <FightGroupJoinSuccess>3</FightGroupJoinSuccess>
  <FightGroupNewJoin>3</FightGroupNewJoin>
  <FightGroupFailed>3</FightGroupFailed>
  <FightGroupSuccess>3</FightGroupSuccess>
  <SendCouponSuccess>1</SendCouponSuccess>
</MessageStatus> 




 记录时间：2019-02-11 16:42:55,894 
日志级别：  INFO  
出错类：Himall.Plugin.Message.Email.EmailCore.GetMessageStatus  
错误描述：email3---eee 




 记录时间：2019-02-11 16:42:58,174 
日志级别：  INFO  
出错类：Himall.Plugin.Message.Email.EmailCore.GetConfig  
错误描述：email1---sss 




 记录时间：2019-02-11 16:42:58,235 
日志级别：  INFO  
出错类：Himall.Plugin.Message.Email.EmailCore.GetConfig  
错误描述：email1---eee 




 记录时间：2019-02-11 16:42:59,920 
日志级别：  INFO  
出错类：Himall.Plugin.Message.Email.EmailCore.GetConfig  
错误描述：email1---sss 




 记录时间：2019-02-11 16:42:59,922 
日志级别：  INFO  
出错类：Himall.Plugin.Message.Email.EmailCore.GetConfig  
错误描述：email1---eee 




 记录时间：2019-02-11 16:44:27,039 
日志级别：  INFO  
出错类：Himall.Service.OrderService.AgreeToRefundBySeller  
错误描述：无法关闭此订单！ 

Himall.Core.HimallException: 无法关闭此订单！



 记录时间：2019-02-11 16:44:27,121 
日志级别：  INFO  
出错类：Himall.Service.OrderService.AgreeToRefundBySeller  
错误描述：无法关闭此订单！ 

Himall.Core.HimallException: 无法关闭此订单！



 记录时间：2019-02-11 16:44:27,194 
日志级别：  INFO  
出错类：Himall.Service.OrderService.AgreeToRefundBySeller  
错误描述：无法关闭此订单！ 

Himall.Core.HimallException: 无法关闭此订单！



 记录时间：2019-02-11 16:44:27,275 
日志级别：  INFO  
出错类：Himall.Service.OrderService.AgreeToRefundBySeller  
错误描述：无法关闭此订单！ 

Himall.Core.HimallException: 无法关闭此订单！



 记录时间：2019-02-11 16:44:27,355 
日志级别：  INFO  
出错类：Himall.Service.OrderService.AgreeToRefundBySeller  
错误描述：无法关闭此订单！ 

Himall.Core.HimallException: 无法关闭此订单！
