


 记录时间：2019-01-24 11:32:51,589 
日志级别：  INFO  
出错类：Himall.PaymentPlugin.PaymentBase`1[T].set_WorkDirectory  
错误描述：set WorkDirectory:Himall.Plugin.Payment.Alipay.Service 




 记录时间：2019-01-24 11:32:51,617 
日志级别：  INFO  
出错类：Himall.PaymentPlugin.PaymentBase`1[T].set_WorkDirectory  
错误描述：set WorkDirectory:Himall.Plugin.Payment.Alipay_App.Service 




 记录时间：2019-01-24 11:32:51,653 
日志级别：  INFO  
出错类：Himall.PaymentPlugin.PaymentBase`1[T].set_WorkDirectory  
错误描述：set WorkDirectory:Himall.Plugin.Payment.Alipay_QRCode.Service 




 记录时间：2019-01-24 11:32:51,675 
日志级别：  INFO  
出错类：Himall.PaymentPlugin.PaymentBase`1[T].set_WorkDirectory  
错误描述：set WorkDirectory:Himall.Plugin.Payment.Alipay_WAP.Service 




 记录时间：2019-01-24 11:32:51,693 
日志级别：  INFO  
出错类：Himall.PaymentPlugin.PaymentBase`1[T].set_WorkDirectory  
错误描述：set WorkDirectory:Himall.Plugin.Payment.UnionPay.UnionPay 




 记录时间：2019-01-24 11:32:51,718 
日志级别：  INFO  
出错类：Himall.PaymentPlugin.PaymentBase`1[T].set_WorkDirectory  
错误描述：set WorkDirectory:Himall.Plugin.Payment.WeiXinPay.Service 




 记录时间：2019-01-24 11:32:51,739 
日志级别：  INFO  
出错类：Himall.PaymentPlugin.PaymentBase`1[T].set_WorkDirectory  
错误描述：set WorkDirectory:Himall.Plugin.Payment.WeiXinPay_App.Service 




 记录时间：2019-01-24 11:32:51,759 
日志级别：  INFO  
出错类：Himall.PaymentPlugin.PaymentBase`1[T].set_WorkDirectory  
错误描述：set WorkDirectory:Himall.Plugin.Payment.WeiXinPay_H5.Service 




 记录时间：2019-01-24 11:32:51,777 
日志级别：  INFO  
出错类：Himall.PaymentPlugin.PaymentBase`1[T].set_WorkDirectory  
错误描述：set WorkDirectory:Himall.Plugin.Payment.WeiXinPay_Native.WeiXinPay 




 记录时间：2019-01-24 11:32:51,795 
日志级别：  INFO  
出错类：Himall.PaymentPlugin.PaymentBase`1[T].set_WorkDirectory  
错误描述：set WorkDirectory:Himall.Plugin.Payment.WeiXinPay_O2OSmallProg.Service 




 记录时间：2019-01-24 11:32:51,815 
日志级别：  INFO  
出错类：Himall.PaymentPlugin.PaymentBase`1[T].set_WorkDirectory  
错误描述：set WorkDirectory:Himall.Plugin.Payment.WeiXinPay_SmallProg.Service 




 记录时间：2019-01-24 12:46:58,393 
日志级别：  INFO  
出错类：Himall.Web.MvcApplication.Application_End  
错误描述：2019-01-24 12:46:58 -  http://localhost:62443 




 记录时间：2019-01-24 12:47:35,302 
日志级别：  INFO  
出错类：Himall.PaymentPlugin.PaymentBase`1[T].set_WorkDirectory  
错误描述：set WorkDirectory:Himall.Plugin.Payment.Alipay.Service 




 记录时间：2019-01-24 12:47:35,358 
日志级别：  INFO  
出错类：Himall.PaymentPlugin.PaymentBase`1[T].set_WorkDirectory  
错误描述：set WorkDirectory:Himall.Plugin.Payment.Alipay_App.Service 




 记录时间：2019-01-24 12:47:35,418 
日志级别：  INFO  
出错类：Himall.PaymentPlugin.PaymentBase`1[T].set_WorkDirectory  
错误描述：set WorkDirectory:Himall.Plugin.Payment.Alipay_QRCode.Service 




 记录时间：2019-01-24 12:47:35,452 
日志级别：  INFO  
出错类：Himall.PaymentPlugin.PaymentBase`1[T].set_WorkDirectory  
错误描述：set WorkDirectory:Himall.Plugin.Payment.Alipay_WAP.Service 




 记录时间：2019-01-24 12:47:35,490 
日志级别：  INFO  
出错类：Himall.PaymentPlugin.PaymentBase`1[T].set_WorkDirectory  
错误描述：set WorkDirectory:Himall.Plugin.Payment.UnionPay.UnionPay 




 记录时间：2019-01-24 12:47:35,523 
日志级别：  INFO  
出错类：Himall.PaymentPlugin.PaymentBase`1[T].set_WorkDirectory  
错误描述：set WorkDirectory:Himall.Plugin.Payment.WeiXinPay.Service 




 记录时间：2019-01-24 12:47:35,560 
日志级别：  INFO  
出错类：Himall.PaymentPlugin.PaymentBase`1[T].set_WorkDirectory  
错误描述：set WorkDirectory:Himall.Plugin.Payment.WeiXinPay_App.Service 




 记录时间：2019-01-24 12:47:35,602 
日志级别：  INFO  
出错类：Himall.PaymentPlugin.PaymentBase`1[T].set_WorkDirectory  
错误描述：set WorkDirectory:Himall.Plugin.Payment.WeiXinPay_H5.Service 




 记录时间：2019-01-24 12:47:35,630 
日志级别：  INFO  
出错类：Himall.PaymentPlugin.PaymentBase`1[T].set_WorkDirectory  
错误描述：set WorkDirectory:Himall.Plugin.Payment.WeiXinPay_Native.WeiXinPay 




 记录时间：2019-01-24 12:47:35,663 
日志级别：  INFO  
出错类：Himall.PaymentPlugin.PaymentBase`1[T].set_WorkDirectory  
错误描述：set WorkDirectory:Himall.Plugin.Payment.WeiXinPay_O2OSmallProg.Service 




 记录时间：2019-01-24 12:47:35,691 
日志级别：  INFO  
出错类：Himall.PaymentPlugin.PaymentBase`1[T].set_WorkDirectory  
错误描述：set WorkDirectory:Himall.Plugin.Payment.WeiXinPay_SmallProg.Service 




 记录时间：2019-01-24 12:51:18,334 
日志级别：  INFO  
出错类：Himall.Service.OrderService.AgreeToRefundBySeller  
错误描述：只可以关闭待发货订单！ 

Himall.Core.HimallException: 只可以关闭待发货订单！



 记录时间：2019-01-24 12:54:34,930 
日志级别：  INFO  
出错类：Himall.PaymentPlugin.PaymentBase`1[T].set_WorkDirectory  
错误描述：set WorkDirectory:Himall.Plugin.Payment.Alipay.Service 




 记录时间：2019-01-24 12:54:35,030 
日志级别：  INFO  
出错类：Himall.PaymentPlugin.PaymentBase`1[T].set_WorkDirectory  
错误描述：set WorkDirectory:Himall.Plugin.Payment.Alipay_App.Service 




 记录时间：2019-01-24 12:54:35,076 
日志级别：  INFO  
出错类：Himall.PaymentPlugin.PaymentBase`1[T].set_WorkDirectory  
错误描述：set WorkDirectory:Himall.Plugin.Payment.Alipay_QRCode.Service 




 记录时间：2019-01-24 12:54:35,121 
日志级别：  INFO  
出错类：Himall.PaymentPlugin.PaymentBase`1[T].set_WorkDirectory  
错误描述：set WorkDirectory:Himall.Plugin.Payment.Alipay_WAP.Service 




 记录时间：2019-01-24 12:54:35,159 
日志级别：  INFO  
出错类：Himall.PaymentPlugin.PaymentBase`1[T].set_WorkDirectory  
错误描述：set WorkDirectory:Himall.Plugin.Payment.UnionPay.UnionPay 




 记录时间：2019-01-24 12:54:35,192 
日志级别：  INFO  
出错类：Himall.PaymentPlugin.PaymentBase`1[T].set_WorkDirectory  
错误描述：set WorkDirectory:Himall.Plugin.Payment.WeiXinPay.Service 




 记录时间：2019-01-24 12:54:35,215 
日志级别：  INFO  
出错类：Himall.PaymentPlugin.PaymentBase`1[T].set_WorkDirectory  
错误描述：set WorkDirectory:Himall.Plugin.Payment.WeiXinPay_App.Service 




 记录时间：2019-01-24 12:54:35,242 
日志级别：  INFO  
出错类：Himall.PaymentPlugin.PaymentBase`1[T].set_WorkDirectory  
错误描述：set WorkDirectory:Himall.Plugin.Payment.WeiXinPay_H5.Service 




 记录时间：2019-01-24 12:54:35,264 
日志级别：  INFO  
出错类：Himall.PaymentPlugin.PaymentBase`1[T].set_WorkDirectory  
错误描述：set WorkDirectory:Himall.Plugin.Payment.WeiXinPay_Native.WeiXinPay 




 记录时间：2019-01-24 12:54:35,293 
日志级别：  INFO  
出错类：Himall.PaymentPlugin.PaymentBase`1[T].set_WorkDirectory  
错误描述：set WorkDirectory:Himall.Plugin.Payment.WeiXinPay_O2OSmallProg.Service 




 记录时间：2019-01-24 12:54:35,318 
日志级别：  INFO  
出错类：Himall.PaymentPlugin.PaymentBase`1[T].set_WorkDirectory  
错误描述：set WorkDirectory:Himall.Plugin.Payment.WeiXinPay_SmallProg.Service 




 记录时间：2019-01-24 12:55:51,838 
日志级别：  INFO  
出错类：Himall.Service.OrderService.AgreeToRefundBySeller  
错误描述：只可以关闭待发货订单！ 

Himall.Core.HimallException: 只可以关闭待发货订单！



 记录时间：2019-01-24 12:55:54,281 
日志级别：  INFO  
出错类：Himall.Service.OrderService.AgreeToRefundBySeller  
错误描述：只可以关闭待发货订单！ 

Himall.Core.HimallException: 只可以关闭待发货订单！



 记录时间：2019-01-24 12:55:55,480 
日志级别：  INFO  
出错类：Himall.Service.OrderService.AgreeToRefundBySeller  
错误描述：只可以关闭待发货订单！ 

Himall.Core.HimallException: 只可以关闭待发货订单！



 记录时间：2019-01-24 12:55:56,765 
日志级别：  INFO  
出错类：Himall.Service.OrderService.AgreeToRefundBySeller  
错误描述：只可以关闭待发货订单！ 

Himall.Core.HimallException: 只可以关闭待发货订单！



 记录时间：2019-01-24 12:55:57,891 
日志级别：  INFO  
出错类：Himall.Service.OrderService.AgreeToRefundBySeller  
错误描述：只可以关闭待发货订单！ 

Himall.Core.HimallException: 只可以关闭待发货订单！



 记录时间：2019-01-24 12:57:23,030 
日志级别：  INFO  
出错类：Himall.Service.OrderService.AgreeToRefundBySeller  
错误描述：只可以关闭待发货订单！ 

Himall.Core.HimallException: 只可以关闭待发货订单！



 记录时间：2019-01-24 12:57:23,220 
日志级别：  INFO  
出错类：Himall.Service.OrderService.AgreeToRefundBySeller  
错误描述：只可以关闭待发货订单！ 

Himall.Core.HimallException: 只可以关闭待发货订单！



 记录时间：2019-01-24 12:57:23,583 
日志级别：  INFO  
出错类：Himall.Service.OrderService.AgreeToRefundBySeller  
错误描述：只可以关闭待发货订单！ 

Himall.Core.HimallException: 只可以关闭待发货订单！



 记录时间：2019-01-24 12:57:23,898 
日志级别：  INFO  
出错类：Himall.Service.OrderService.AgreeToRefundBySeller  
错误描述：只可以关闭待发货订单！ 

Himall.Core.HimallException: 只可以关闭待发货订单！



 记录时间：2019-01-24 12:57:24,312 
日志级别：  INFO  
出错类：Himall.Service.OrderService.AgreeToRefundBySeller  
错误描述：只可以关闭待发货订单！ 

Himall.Core.HimallException: 只可以关闭待发货订单！



 记录时间：2019-01-24 12:58:58,561 
日志级别：  INFO  
出错类：Himall.Service.OrderService.AgreeToRefundBySeller  
错误描述：只可以关闭待发货订单！ 

Himall.Core.HimallException: 只可以关闭待发货订单！



 记录时间：2019-01-24 12:58:58,995 
日志级别：  INFO  
出错类：Himall.Service.OrderService.AgreeToRefundBySeller  
错误描述：只可以关闭待发货订单！ 

Himall.Core.HimallException: 只可以关闭待发货订单！



 记录时间：2019-01-24 12:58:59,172 
日志级别：  INFO  
出错类：Himall.Service.OrderService.AgreeToRefundBySeller  
错误描述：只可以关闭待发货订单！ 

Himall.Core.HimallException: 只可以关闭待发货订单！



 记录时间：2019-01-24 12:58:59,465 
日志级别：  INFO  
出错类：Himall.Service.OrderService.AgreeToRefundBySeller  
错误描述：只可以关闭待发货订单！ 

Himall.Core.HimallException: 只可以关闭待发货订单！



 记录时间：2019-01-24 12:58:59,735 
日志级别：  INFO  
出错类：Himall.Service.OrderService.AgreeToRefundBySeller  
错误描述：只可以关闭待发货订单！ 

Himall.Core.HimallException: 只可以关闭待发货订单！



 记录时间：2019-01-24 12:59:57,519 
日志级别：  INFO  
出错类：Himall.Web.MvcApplication.Application_End  
错误描述：2019-01-24 12:59:57 -  http://localhost:62443 




 记录时间：2019-01-24 13:00:07,867 
日志级别：  INFO  
出错类：Himall.PaymentPlugin.PaymentBase`1[T].set_WorkDirectory  
错误描述：set WorkDirectory:Himall.Plugin.Payment.Alipay.Service 




 记录时间：2019-01-24 13:00:07,911 
日志级别：  INFO  
出错类：Himall.PaymentPlugin.PaymentBase`1[T].set_WorkDirectory  
错误描述：set WorkDirectory:Himall.Plugin.Payment.Alipay_App.Service 




 记录时间：2019-01-24 13:00:07,960 
日志级别：  INFO  
出错类：Himall.PaymentPlugin.PaymentBase`1[T].set_WorkDirectory  
错误描述：set WorkDirectory:Himall.Plugin.Payment.Alipay_QRCode.Service 




 记录时间：2019-01-24 13:00:08,000 
日志级别：  INFO  
出错类：Himall.PaymentPlugin.PaymentBase`1[T].set_WorkDirectory  
错误描述：set WorkDirectory:Himall.Plugin.Payment.Alipay_WAP.Service 




 记录时间：2019-01-24 13:00:08,033 
日志级别：  INFO  
出错类：Himall.PaymentPlugin.PaymentBase`1[T].set_WorkDirectory  
错误描述：set WorkDirectory:Himall.Plugin.Payment.UnionPay.UnionPay 




 记录时间：2019-01-24 13:00:08,067 
日志级别：  INFO  
出错类：Himall.PaymentPlugin.PaymentBase`1[T].set_WorkDirectory  
错误描述：set WorkDirectory:Himall.Plugin.Payment.WeiXinPay.Service 




 记录时间：2019-01-24 13:00:08,185 
日志级别：  INFO  
出错类：Himall.PaymentPlugin.PaymentBase`1[T].set_WorkDirectory  
错误描述：set WorkDirectory:Himall.Plugin.Payment.WeiXinPay_App.Service 




 记录时间：2019-01-24 13:00:08,232 
日志级别：  INFO  
出错类：Himall.PaymentPlugin.PaymentBase`1[T].set_WorkDirectory  
错误描述：set WorkDirectory:Himall.Plugin.Payment.WeiXinPay_H5.Service 




 记录时间：2019-01-24 13:00:08,311 
日志级别：  INFO  
出错类：Himall.PaymentPlugin.PaymentBase`1[T].set_WorkDirectory  
错误描述：set WorkDirectory:Himall.Plugin.Payment.WeiXinPay_Native.WeiXinPay 




 记录时间：2019-01-24 13:00:08,372 
日志级别：  INFO  
出错类：Himall.PaymentPlugin.PaymentBase`1[T].set_WorkDirectory  
错误描述：set WorkDirectory:Himall.Plugin.Payment.WeiXinPay_O2OSmallProg.Service 




 记录时间：2019-01-24 13:00:08,448 
日志级别：  INFO  
出错类：Himall.PaymentPlugin.PaymentBase`1[T].set_WorkDirectory  
错误描述：set WorkDirectory:Himall.Plugin.Payment.WeiXinPay_SmallProg.Service 




 记录时间：2019-01-24 14:19:44,303 
日志级别：  INFO  
出错类：Himall.Web.MvcApplication.Application_End  
错误描述：2019-01-24 14:19:44 -  http://localhost:62443 




 记录时间：2019-01-24 14:20:19,679 
日志级别：  INFO  
出错类：Himall.PaymentPlugin.PaymentBase`1[T].set_WorkDirectory  
错误描述：set WorkDirectory:Himall.Plugin.Payment.Alipay.Service 




 记录时间：2019-01-24 14:20:19,689 
日志级别：  INFO  
出错类：Himall.PaymentPlugin.PaymentBase`1[T].set_WorkDirectory  
错误描述：set WorkDirectory:Himall.Plugin.Payment.Alipay_App.Service 




 记录时间：2019-01-24 14:20:19,701 
日志级别：  INFO  
出错类：Himall.PaymentPlugin.PaymentBase`1[T].set_WorkDirectory  
错误描述：set WorkDirectory:Himall.Plugin.Payment.Alipay_QRCode.Service 




 记录时间：2019-01-24 14:20:19,715 
日志级别：  INFO  
出错类：Himall.PaymentPlugin.PaymentBase`1[T].set_WorkDirectory  
错误描述：set WorkDirectory:Himall.Plugin.Payment.Alipay_WAP.Service 




 记录时间：2019-01-24 14:20:19,725 
日志级别：  INFO  
出错类：Himall.PaymentPlugin.PaymentBase`1[T].set_WorkDirectory  
错误描述：set WorkDirectory:Himall.Plugin.Payment.UnionPay.UnionPay 




 记录时间：2019-01-24 14:20:19,737 
日志级别：  INFO  
出错类：Himall.PaymentPlugin.PaymentBase`1[T].set_WorkDirectory  
错误描述：set WorkDirectory:Himall.Plugin.Payment.WeiXinPay.Service 




 记录时间：2019-01-24 14:20:19,751 
日志级别：  INFO  
出错类：Himall.PaymentPlugin.PaymentBase`1[T].set_WorkDirectory  
错误描述：set WorkDirectory:Himall.Plugin.Payment.WeiXinPay_App.Service 




 记录时间：2019-01-24 14:20:19,766 
日志级别：  INFO  
出错类：Himall.PaymentPlugin.PaymentBase`1[T].set_WorkDirectory  
错误描述：set WorkDirectory:Himall.Plugin.Payment.WeiXinPay_H5.Service 




 记录时间：2019-01-24 14:20:19,778 
日志级别：  INFO  
出错类：Himall.PaymentPlugin.PaymentBase`1[T].set_WorkDirectory  
错误描述：set WorkDirectory:Himall.Plugin.Payment.WeiXinPay_Native.WeiXinPay 




 记录时间：2019-01-24 14:20:19,789 
日志级别：  INFO  
出错类：Himall.PaymentPlugin.PaymentBase`1[T].set_WorkDirectory  
错误描述：set WorkDirectory:Himall.Plugin.Payment.WeiXinPay_O2OSmallProg.Service 




 记录时间：2019-01-24 14:20:19,808 
日志级别：  INFO  
出错类：Himall.PaymentPlugin.PaymentBase`1[T].set_WorkDirectory  
错误描述：set WorkDirectory:Himall.Plugin.Payment.WeiXinPay_SmallProg.Service 




 记录时间：2019-01-24 14:20:50,224 
日志级别：  INFO  
出错类：Himall.Web.MvcApplication.Application_End  
错误描述：2019-01-24 14:20:50 -  http://localhost:62443 




 记录时间：2019-01-24 14:21:04,277 
日志级别：  INFO  
出错类：Himall.PaymentPlugin.PaymentBase`1[T].set_WorkDirectory  
错误描述：set WorkDirectory:Himall.Plugin.Payment.Alipay.Service 




 记录时间：2019-01-24 14:21:04,291 
日志级别：  INFO  
出错类：Himall.PaymentPlugin.PaymentBase`1[T].set_WorkDirectory  
错误描述：set WorkDirectory:Himall.Plugin.Payment.Alipay_App.Service 




 记录时间：2019-01-24 14:21:04,303 
日志级别：  INFO  
出错类：Himall.PaymentPlugin.PaymentBase`1[T].set_WorkDirectory  
错误描述：set WorkDirectory:Himall.Plugin.Payment.Alipay_QRCode.Service 




 记录时间：2019-01-24 14:21:04,314 
日志级别：  INFO  
出错类：Himall.PaymentPlugin.PaymentBase`1[T].set_WorkDirectory  
错误描述：set WorkDirectory:Himall.Plugin.Payment.Alipay_WAP.Service 




 记录时间：2019-01-24 14:21:04,324 
日志级别：  INFO  
出错类：Himall.PaymentPlugin.PaymentBase`1[T].set_WorkDirectory  
错误描述：set WorkDirectory:Himall.Plugin.Payment.UnionPay.UnionPay 




 记录时间：2019-01-24 14:21:04,334 
日志级别：  INFO  
出错类：Himall.PaymentPlugin.PaymentBase`1[T].set_WorkDirectory  
错误描述：set WorkDirectory:Himall.Plugin.Payment.WeiXinPay.Service 




 记录时间：2019-01-24 14:21:04,343 
日志级别：  INFO  
出错类：Himall.PaymentPlugin.PaymentBase`1[T].set_WorkDirectory  
错误描述：set WorkDirectory:Himall.Plugin.Payment.WeiXinPay_App.Service 




 记录时间：2019-01-24 14:21:04,354 
日志级别：  INFO  
出错类：Himall.PaymentPlugin.PaymentBase`1[T].set_WorkDirectory  
错误描述：set WorkDirectory:Himall.Plugin.Payment.WeiXinPay_H5.Service 




 记录时间：2019-01-24 14:21:04,365 
日志级别：  INFO  
出错类：Himall.PaymentPlugin.PaymentBase`1[T].set_WorkDirectory  
错误描述：set WorkDirectory:Himall.Plugin.Payment.WeiXinPay_Native.WeiXinPay 




 记录时间：2019-01-24 14:21:04,372 
日志级别：  INFO  
出错类：Himall.PaymentPlugin.PaymentBase`1[T].set_WorkDirectory  
错误描述：set WorkDirectory:Himall.Plugin.Payment.WeiXinPay_O2OSmallProg.Service 




 记录时间：2019-01-24 14:21:04,383 
日志级别：  INFO  
出错类：Himall.PaymentPlugin.PaymentBase`1[T].set_WorkDirectory  
错误描述：set WorkDirectory:Himall.Plugin.Payment.WeiXinPay_SmallProg.Service 




 记录时间：2019-01-24 16:18:25,587 
日志级别：  INFO  
出错类：Himall.Service.OrderService.AgreeToRefundBySeller  
错误描述：只可以关闭待发货订单！ 

Himall.Core.HimallException: 只可以关闭待发货订单！



 记录时间：2019-01-24 16:18:26,050 
日志级别：  INFO  
出错类：Himall.Service.OrderService.AgreeToRefundBySeller  
错误描述：只可以关闭待发货订单！ 

Himall.Core.HimallException: 只可以关闭待发货订单！



 记录时间：2019-01-24 16:18:26,425 
日志级别：  INFO  
出错类：Himall.Service.OrderService.AgreeToRefundBySeller  
错误描述：只可以关闭待发货订单！ 

Himall.Core.HimallException: 只可以关闭待发货订单！



 记录时间：2019-01-24 16:18:26,575 
日志级别：  INFO  
出错类：Himall.Service.OrderService.AgreeToRefundBySeller  
错误描述：只可以关闭待发货订单！ 

Himall.Core.HimallException: 只可以关闭待发货订单！



 记录时间：2019-01-24 16:18:26,808 
日志级别：  INFO  
出错类：Himall.Service.OrderService.AgreeToRefundBySeller  
错误描述：只可以关闭待发货订单！ 

Himall.Core.HimallException: 只可以关闭待发货订单！



 记录时间：2019-01-24 16:20:35,564 
日志级别：  INFO  
出错类：Himall.Service.OrderService.AgreeToRefundBySeller  
错误描述：只可以关闭待发货订单！ 

Himall.Core.HimallException: 只可以关闭待发货订单！



 记录时间：2019-01-24 16:20:35,965 
日志级别：  INFO  
出错类：Himall.Service.OrderService.AgreeToRefundBySeller  
错误描述：只可以关闭待发货订单！ 

Himall.Core.HimallException: 只可以关闭待发货订单！



 记录时间：2019-01-24 16:20:36,486 
日志级别：  INFO  
出错类：Himall.Service.OrderService.AgreeToRefundBySeller  
错误描述：只可以关闭待发货订单！ 

Himall.Core.HimallException: 只可以关闭待发货订单！



 记录时间：2019-01-24 16:20:36,763 
日志级别：  INFO  
出错类：Himall.Service.OrderService.AgreeToRefundBySeller  
错误描述：只可以关闭待发货订单！ 

Himall.Core.HimallException: 只可以关闭待发货订单！



 记录时间：2019-01-24 16:20:37,074 
日志级别：  INFO  
出错类：Himall.Service.OrderService.AgreeToRefundBySeller  
错误描述：只可以关闭待发货订单！ 

Himall.Core.HimallException: 只可以关闭待发货订单！



 记录时间：2019-01-24 16:28:52,441 
日志级别：  INFO  
出错类：Himall.Web.MvcApplication.Application_End  
错误描述：2019-01-24 16:28:52 -  http://localhost:62443 




 记录时间：2019-01-24 16:29:23,074 
日志级别：  INFO  
出错类：Himall.PaymentPlugin.PaymentBase`1[T].set_WorkDirectory  
错误描述：set WorkDirectory:Himall.Plugin.Payment.Alipay.Service 




 记录时间：2019-01-24 16:29:23,091 
日志级别：  INFO  
出错类：Himall.PaymentPlugin.PaymentBase`1[T].set_WorkDirectory  
错误描述：set WorkDirectory:Himall.Plugin.Payment.Alipay_App.Service 




 记录时间：2019-01-24 16:29:23,106 
日志级别：  INFO  
出错类：Himall.PaymentPlugin.PaymentBase`1[T].set_WorkDirectory  
错误描述：set WorkDirectory:Himall.Plugin.Payment.Alipay_QRCode.Service 




 记录时间：2019-01-24 16:29:23,121 
日志级别：  INFO  
出错类：Himall.PaymentPlugin.PaymentBase`1[T].set_WorkDirectory  
错误描述：set WorkDirectory:Himall.Plugin.Payment.Alipay_WAP.Service 




 记录时间：2019-01-24 16:29:23,137 
日志级别：  INFO  
出错类：Himall.PaymentPlugin.PaymentBase`1[T].set_WorkDirectory  
错误描述：set WorkDirectory:Himall.Plugin.Payment.UnionPay.UnionPay 




 记录时间：2019-01-24 16:29:23,189 
日志级别：  INFO  
出错类：Himall.PaymentPlugin.PaymentBase`1[T].set_WorkDirectory  
错误描述：set WorkDirectory:Himall.Plugin.Payment.WeiXinPay.Service 




 记录时间：2019-01-24 16:29:23,203 
日志级别：  INFO  
出错类：Himall.PaymentPlugin.PaymentBase`1[T].set_WorkDirectory  
错误描述：set WorkDirectory:Himall.Plugin.Payment.WeiXinPay_App.Service 




 记录时间：2019-01-24 16:29:23,218 
日志级别：  INFO  
出错类：Himall.PaymentPlugin.PaymentBase`1[T].set_WorkDirectory  
错误描述：set WorkDirectory:Himall.Plugin.Payment.WeiXinPay_H5.Service 




 记录时间：2019-01-24 16:29:23,232 
日志级别：  INFO  
出错类：Himall.PaymentPlugin.PaymentBase`1[T].set_WorkDirectory  
错误描述：set WorkDirectory:Himall.Plugin.Payment.WeiXinPay_Native.WeiXinPay 




 记录时间：2019-01-24 16:29:23,247 
日志级别：  INFO  
出错类：Himall.PaymentPlugin.PaymentBase`1[T].set_WorkDirectory  
错误描述：set WorkDirectory:Himall.Plugin.Payment.WeiXinPay_O2OSmallProg.Service 




 记录时间：2019-01-24 16:29:23,260 
日志级别：  INFO  
出错类：Himall.PaymentPlugin.PaymentBase`1[T].set_WorkDirectory  
错误描述：set WorkDirectory:Himall.Plugin.Payment.WeiXinPay_SmallProg.Service 




 记录时间：2019-01-24 16:29:53,875 
日志级别：  INFO  
出错类：Himall.Web.MvcApplication.Application_End  
错误描述：2019-01-24 16:29:53 -  http://localhost:62443 




 记录时间：2019-01-24 16:30:15,056 
日志级别：  INFO  
出错类：Himall.PaymentPlugin.PaymentBase`1[T].set_WorkDirectory  
错误描述：set WorkDirectory:Himall.Plugin.Payment.Alipay.Service 




 记录时间：2019-01-24 16:30:15,067 
日志级别：  INFO  
出错类：Himall.PaymentPlugin.PaymentBase`1[T].set_WorkDirectory  
错误描述：set WorkDirectory:Himall.Plugin.Payment.Alipay_App.Service 




 记录时间：2019-01-24 16:30:15,089 
日志级别：  INFO  
出错类：Himall.PaymentPlugin.PaymentBase`1[T].set_WorkDirectory  
错误描述：set WorkDirectory:Himall.Plugin.Payment.Alipay_QRCode.Service 




 记录时间：2019-01-24 16:30:15,098 
日志级别：  INFO  
出错类：Himall.PaymentPlugin.PaymentBase`1[T].set_WorkDirectory  
错误描述：set WorkDirectory:Himall.Plugin.Payment.Alipay_WAP.Service 




 记录时间：2019-01-24 16:30:15,108 
日志级别：  INFO  
出错类：Himall.PaymentPlugin.PaymentBase`1[T].set_WorkDirectory  
错误描述：set WorkDirectory:Himall.Plugin.Payment.UnionPay.UnionPay 




 记录时间：2019-01-24 16:30:15,123 
日志级别：  INFO  
出错类：Himall.PaymentPlugin.PaymentBase`1[T].set_WorkDirectory  
错误描述：set WorkDirectory:Himall.Plugin.Payment.WeiXinPay.Service 




 记录时间：2019-01-24 16:30:15,133 
日志级别：  INFO  
出错类：Himall.PaymentPlugin.PaymentBase`1[T].set_WorkDirectory  
错误描述：set WorkDirectory:Himall.Plugin.Payment.WeiXinPay_App.Service 




 记录时间：2019-01-24 16:30:15,143 
日志级别：  INFO  
出错类：Himall.PaymentPlugin.PaymentBase`1[T].set_WorkDirectory  
错误描述：set WorkDirectory:Himall.Plugin.Payment.WeiXinPay_H5.Service 




 记录时间：2019-01-24 16:30:15,153 
日志级别：  INFO  
出错类：Himall.PaymentPlugin.PaymentBase`1[T].set_WorkDirectory  
错误描述：set WorkDirectory:Himall.Plugin.Payment.WeiXinPay_Native.WeiXinPay 




 记录时间：2019-01-24 16:30:15,162 
日志级别：  INFO  
出错类：Himall.PaymentPlugin.PaymentBase`1[T].set_WorkDirectory  
错误描述：set WorkDirectory:Himall.Plugin.Payment.WeiXinPay_O2OSmallProg.Service 




 记录时间：2019-01-24 16:30:15,172 
日志级别：  INFO  
出错类：Himall.PaymentPlugin.PaymentBase`1[T].set_WorkDirectory  
错误描述：set WorkDirectory:Himall.Plugin.Payment.WeiXinPay_SmallProg.Service 




 记录时间：2019-01-24 16:48:13,568 
日志级别：  INFO  
出错类：Himall.Service.OrderService.AgreeToRefundBySeller  
错误描述：只可以关闭待发货订单！ 

Himall.Core.HimallException: 只可以关闭待发货订单！



 记录时间：2019-01-24 16:48:14,050 
日志级别：  INFO  
出错类：Himall.Service.OrderService.AgreeToRefundBySeller  
错误描述：只可以关闭待发货订单！ 

Himall.Core.HimallException: 只可以关闭待发货订单！



 记录时间：2019-01-24 16:48:14,464 
日志级别：  INFO  
出错类：Himall.Service.OrderService.AgreeToRefundBySeller  
错误描述：只可以关闭待发货订单！ 

Himall.Core.HimallException: 只可以关闭待发货订单！



 记录时间：2019-01-24 16:48:14,733 
日志级别：  INFO  
出错类：Himall.Service.OrderService.AgreeToRefundBySeller  
错误描述：只可以关闭待发货订单！ 

Himall.Core.HimallException: 只可以关闭待发货订单！



 记录时间：2019-01-24 16:48:14,995 
日志级别：  INFO  
出错类：Himall.Service.OrderService.AgreeToRefundBySeller  
错误描述：只可以关闭待发货订单！ 

Himall.Core.HimallException: 只可以关闭待发货订单！



 记录时间：2019-01-24 16:48:16,937 
日志级别：  INFO  
出错类：Himall.Plugin.Message.Email.EmailCore.GetMessageStatus  
错误描述：email3---sss 




 记录时间：2019-01-24 16:48:17,001 
日志级别：  INFO  
出错类：Himall.Plugin.Message.Email.EmailCore.GetMessageStatus  
错误描述：email2---:?<?xml version="1.0" encoding="utf-8" ?>
<MessageStatus>
  <OrderCreated>1</OrderCreated>
  <OrderPay>1</OrderPay>
  <OrderShipping>1</OrderShipping>
  <OrderRefund>1</OrderRefund>
  <RefundDeliver>1</RefundDeliver>
  <FindPassWord>1</FindPassWord>
  <ShopAudited>1</ShopAudited>
  <ShopHaveNewOrder>3</ShopHaveNewOrder>
  <ReceiveBonus>3</ReceiveBonus>
  <LimitTimeBuy>3</LimitTimeBuy>
  <SubscribeLimitTimeBuy>3</SubscribeLimitTimeBuy>
  <FightGroupOpenSuccess>3</FightGroupOpenSuccess>
  <FightGroupJoinSuccess>3</FightGroupJoinSuccess>
  <FightGroupNewJoin>3</FightGroupNewJoin>
  <FightGroupFailed>3</FightGroupFailed>
  <FightGroupSuccess>3</FightGroupSuccess>
  <SendCouponSuccess>1</SendCouponSuccess>
</MessageStatus> 




 记录时间：2019-01-24 16:48:17,012 
日志级别：  INFO  
出错类：Himall.Plugin.Message.Email.EmailCore.GetMessageStatus  
错误描述：email3---eee 




 记录时间：2019-01-24 16:48:17,036 
日志级别：  INFO  
出错类：Himall.Service.MessageService.SendMessageOnRefundDeliver  
错误描述：[发送消息]数据：{"OrderId":"2019012328658439","UserName":"admin","ShopName":"sfsdfsd","ShopId":316,"ItemNumber":0,"Quantity":0,"TotalMoney":121.00,"PaymentType":null,"PayTime":"0001-01-01T00:00:00","PaymentStatus":null,"ShippingCompany":null,"ShippingNumber":null,"ShipTo":null,"SiteName":"HiMall","RefundOrderItemId":0,"RefundId":0,"RefundMoney":111.00,"RefundQuantity":0,"RefundTime":"0001-01-01T00:00:00","RefundAuditTime":"2019-01-24T16:48:16.9307992+08:00","OrderTime":"0001-01-01T00:00:00","ProductName":"1111111111","OrderStatus":null,"Remark":"卖家超时未处理，系统自动同意售后","MsgOrderType":0}[售后发货] 




 记录时间：2019-01-24 16:48:17,039 
日志级别：  INFO  
出错类：Himall.Plugin.Message.Email.EmailCore.GetMessageStatus  
错误描述：email3---sss 




 记录时间：2019-01-24 16:48:17,041 
日志级别：  INFO  
出错类：Himall.Plugin.Message.Email.EmailCore.GetMessageStatus  
错误描述：email2---:?<?xml version="1.0" encoding="utf-8" ?>
<MessageStatus>
  <OrderCreated>1</OrderCreated>
  <OrderPay>1</OrderPay>
  <OrderShipping>1</OrderShipping>
  <OrderRefund>1</OrderRefund>
  <RefundDeliver>1</RefundDeliver>
  <FindPassWord>1</FindPassWord>
  <ShopAudited>1</ShopAudited>
  <ShopHaveNewOrder>3</ShopHaveNewOrder>
  <ReceiveBonus>3</ReceiveBonus>
  <LimitTimeBuy>3</LimitTimeBuy>
  <SubscribeLimitTimeBuy>3</SubscribeLimitTimeBuy>
  <FightGroupOpenSuccess>3</FightGroupOpenSuccess>
  <FightGroupJoinSuccess>3</FightGroupJoinSuccess>
  <FightGroupNewJoin>3</FightGroupNewJoin>
  <FightGroupFailed>3</FightGroupFailed>
  <FightGroupSuccess>3</FightGroupSuccess>
  <SendCouponSuccess>1</SendCouponSuccess>
</MessageStatus> 




 记录时间：2019-01-24 16:48:17,042 
日志级别：  INFO  
出错类：Himall.Plugin.Message.Email.EmailCore.GetMessageStatus  
错误描述：email3---eee 




 记录时间：2019-01-24 16:48:21,928 
日志级别：  INFO  
出错类：Himall.Service.MessageService.SendMessageOnRefundDeliver  
错误描述：[发送消息]发送结束： : Himall.Plugin.Message.Email[售后发货] 




 记录时间：2019-01-24 16:48:22,150 
日志级别：  INFO  
出错类：Himall.Service.MessageService.SendMessageOnRefundDeliver  
错误描述：[发送消息]发送结束： : Himall.Plugin.Message.SMS[售后发货] 




 记录时间：2019-01-24 16:48:23,304 
日志级别：  INFO  
出错类：Himall.Service.WXMsgTemplateService.SendMessageByTemplate  
错误描述：[模板消息]开始准备数据：641[售后发货] 




 记录时间：2019-01-24 16:48:23,891 
日志级别：  INFO  
出错类：Himall.Service.WXMsgTemplateService.SendMessageByTemplate  
错误描述：消息类型=售后发货 userId=641 openId=oXdftwQe8wJz4-aMGDUfoVfGuKOY dataerr= 




 记录时间：2019-01-24 16:48:23,892 
日志级别：  INFO  
出错类：Himall.Service.WXMsgTemplateService.SendMessageByTemplate  
错误描述：[模板消息]开始发送前 




 记录时间：2019-01-24 16:48:23,896 
日志级别：  INFO  
出错类：Himall.Service.WXMsgTemplateService.SendMessageByTemplate  
错误描述：[模板消息]开始发送到openid:oXdftwQe8wJz4-aMGDUfoVfGuKOY 




 记录时间：2019-01-24 16:51:08,873 
日志级别：  INFO  
出错类：Himall.Service.OrderService.AgreeToRefundBySeller  
错误描述：只可以关闭待发货订单！ 

Himall.Core.HimallException: 只可以关闭待发货订单！



 记录时间：2019-01-24 16:51:09,430 
日志级别：  INFO  
出错类：Himall.Service.OrderService.AgreeToRefundBySeller  
错误描述：只可以关闭待发货订单！ 

Himall.Core.HimallException: 只可以关闭待发货订单！



 记录时间：2019-01-24 16:51:10,195 
日志级别：  INFO  
出错类：Himall.Service.OrderService.AgreeToRefundBySeller  
错误描述：只可以关闭待发货订单！ 

Himall.Core.HimallException: 只可以关闭待发货订单！



 记录时间：2019-01-24 16:51:10,705 
日志级别：  INFO  
出错类：Himall.Service.OrderService.AgreeToRefundBySeller  
错误描述：只可以关闭待发货订单！ 

Himall.Core.HimallException: 只可以关闭待发货订单！



 记录时间：2019-01-24 16:51:12,156 
日志级别：  INFO  
出错类：Himall.Service.OrderService.AgreeToRefundBySeller  
错误描述：只可以关闭待发货订单！ 

Himall.Core.HimallException: 只可以关闭待发货订单！



 记录时间：2019-01-24 16:53:36,562 
日志级别：  INFO  
出错类：Himall.Service.OrderService.AgreeToRefundBySeller  
错误描述：只可以关闭待发货订单！ 

Himall.Core.HimallException: 只可以关闭待发货订单！



 记录时间：2019-01-24 16:53:36,968 
日志级别：  INFO  
出错类：Himall.Service.OrderService.AgreeToRefundBySeller  
错误描述：只可以关闭待发货订单！ 

Himall.Core.HimallException: 只可以关闭待发货订单！



 记录时间：2019-01-24 16:53:38,079 
日志级别：  INFO  
出错类：Himall.Service.OrderService.AgreeToRefundBySeller  
错误描述：只可以关闭待发货订单！ 

Himall.Core.HimallException: 只可以关闭待发货订单！



 记录时间：2019-01-24 16:53:39,760 
日志级别：  INFO  
出错类：Himall.Service.OrderService.AgreeToRefundBySeller  
错误描述：只可以关闭待发货订单！ 

Himall.Core.HimallException: 只可以关闭待发货订单！



 记录时间：2019-01-24 16:53:41,426 
日志级别：  INFO  
出错类：Himall.Service.OrderService.AgreeToRefundBySeller  
错误描述：只可以关闭待发货订单！ 

Himall.Core.HimallException: 只可以关闭待发货订单！



 记录时间：2019-01-24 16:56:24,219 
日志级别：  INFO  
出错类：Himall.Web.MvcApplication.Application_End  
错误描述：2019-01-24 16:56:24 -  http://localhost:62443 




 记录时间：2019-01-24 16:56:30,874 
日志级别：  INFO  
出错类：Himall.PaymentPlugin.PaymentBase`1[T].set_WorkDirectory  
错误描述：set WorkDirectory:Himall.Plugin.Payment.Alipay.Service 




 记录时间：2019-01-24 16:56:30,885 
日志级别：  INFO  
出错类：Himall.PaymentPlugin.PaymentBase`1[T].set_WorkDirectory  
错误描述：set WorkDirectory:Himall.Plugin.Payment.Alipay_App.Service 




 记录时间：2019-01-24 16:56:30,899 
日志级别：  INFO  
出错类：Himall.PaymentPlugin.PaymentBase`1[T].set_WorkDirectory  
错误描述：set WorkDirectory:Himall.Plugin.Payment.Alipay_QRCode.Service 




 记录时间：2019-01-24 16:56:30,911 
日志级别：  INFO  
出错类：Himall.PaymentPlugin.PaymentBase`1[T].set_WorkDirectory  
错误描述：set WorkDirectory:Himall.Plugin.Payment.Alipay_WAP.Service 




 记录时间：2019-01-24 16:56:30,922 
日志级别：  INFO  
出错类：Himall.PaymentPlugin.PaymentBase`1[T].set_WorkDirectory  
错误描述：set WorkDirectory:Himall.Plugin.Payment.UnionPay.UnionPay 




 记录时间：2019-01-24 16:56:30,939 
日志级别：  INFO  
出错类：Himall.PaymentPlugin.PaymentBase`1[T].set_WorkDirectory  
错误描述：set WorkDirectory:Himall.Plugin.Payment.WeiXinPay.Service 




 记录时间：2019-01-24 16:56:30,952 
日志级别：  INFO  
出错类：Himall.PaymentPlugin.PaymentBase`1[T].set_WorkDirectory  
错误描述：set WorkDirectory:Himall.Plugin.Payment.WeiXinPay_App.Service 




 记录时间：2019-01-24 16:56:30,976 
日志级别：  INFO  
出错类：Himall.PaymentPlugin.PaymentBase`1[T].set_WorkDirectory  
错误描述：set WorkDirectory:Himall.Plugin.Payment.WeiXinPay_H5.Service 




 记录时间：2019-01-24 16:56:31,007 
日志级别：  INFO  
出错类：Himall.PaymentPlugin.PaymentBase`1[T].set_WorkDirectory  
错误描述：set WorkDirectory:Himall.Plugin.Payment.WeiXinPay_Native.WeiXinPay 




 记录时间：2019-01-24 16:56:31,029 
日志级别：  INFO  
出错类：Himall.PaymentPlugin.PaymentBase`1[T].set_WorkDirectory  
错误描述：set WorkDirectory:Himall.Plugin.Payment.WeiXinPay_O2OSmallProg.Service 




 记录时间：2019-01-24 16:56:31,045 
日志级别：  INFO  
出错类：Himall.PaymentPlugin.PaymentBase`1[T].set_WorkDirectory  
错误描述：set WorkDirectory:Himall.Plugin.Payment.WeiXinPay_SmallProg.Service 




 记录时间：2019-01-24 17:07:58,153 
日志级别：  INFO  
出错类：Himall.Web.MvcApplication.Application_End  
错误描述：2019-01-24 17:07:58 -  http://localhost:62443 




 记录时间：2019-01-24 17:08:24,632 
日志级别：  INFO  
出错类：Himall.PaymentPlugin.PaymentBase`1[T].set_WorkDirectory  
错误描述：set WorkDirectory:Himall.Plugin.Payment.Alipay.Service 




 记录时间：2019-01-24 17:08:24,645 
日志级别：  INFO  
出错类：Himall.PaymentPlugin.PaymentBase`1[T].set_WorkDirectory  
错误描述：set WorkDirectory:Himall.Plugin.Payment.Alipay_App.Service 




 记录时间：2019-01-24 17:08:24,656 
日志级别：  INFO  
出错类：Himall.PaymentPlugin.PaymentBase`1[T].set_WorkDirectory  
错误描述：set WorkDirectory:Himall.Plugin.Payment.Alipay_QRCode.Service 




 记录时间：2019-01-24 17:08:24,669 
日志级别：  INFO  
出错类：Himall.PaymentPlugin.PaymentBase`1[T].set_WorkDirectory  
错误描述：set WorkDirectory:Himall.Plugin.Payment.Alipay_WAP.Service 




 记录时间：2019-01-24 17:08:24,680 
日志级别：  INFO  
出错类：Himall.PaymentPlugin.PaymentBase`1[T].set_WorkDirectory  
错误描述：set WorkDirectory:Himall.Plugin.Payment.UnionPay.UnionPay 




 记录时间：2019-01-24 17:08:24,689 
日志级别：  INFO  
出错类：Himall.PaymentPlugin.PaymentBase`1[T].set_WorkDirectory  
错误描述：set WorkDirectory:Himall.Plugin.Payment.WeiXinPay.Service 




 记录时间：2019-01-24 17:08:24,701 
日志级别：  INFO  
出错类：Himall.PaymentPlugin.PaymentBase`1[T].set_WorkDirectory  
错误描述：set WorkDirectory:Himall.Plugin.Payment.WeiXinPay_App.Service 




 记录时间：2019-01-24 17:08:24,712 
日志级别：  INFO  
出错类：Himall.PaymentPlugin.PaymentBase`1[T].set_WorkDirectory  
错误描述：set WorkDirectory:Himall.Plugin.Payment.WeiXinPay_H5.Service 




 记录时间：2019-01-24 17:08:24,722 
日志级别：  INFO  
出错类：Himall.PaymentPlugin.PaymentBase`1[T].set_WorkDirectory  
错误描述：set WorkDirectory:Himall.Plugin.Payment.WeiXinPay_Native.WeiXinPay 




 记录时间：2019-01-24 17:08:24,732 
日志级别：  INFO  
出错类：Himall.PaymentPlugin.PaymentBase`1[T].set_WorkDirectory  
错误描述：set WorkDirectory:Himall.Plugin.Payment.WeiXinPay_O2OSmallProg.Service 




 记录时间：2019-01-24 17:08:24,742 
日志级别：  INFO  
出错类：Himall.PaymentPlugin.PaymentBase`1[T].set_WorkDirectory  
错误描述：set WorkDirectory:Himall.Plugin.Payment.WeiXinPay_SmallProg.Service 




 记录时间：2019-01-24 17:08:55,340 
日志级别：  INFO  
出错类：Himall.Web.MvcApplication.Application_End  
错误描述：2019-01-24 17:08:55 -  http://localhost:62443 




 记录时间：2019-01-24 17:09:09,639 
日志级别：  INFO  
出错类：Himall.PaymentPlugin.PaymentBase`1[T].set_WorkDirectory  
错误描述：set WorkDirectory:Himall.Plugin.Payment.Alipay.Service 




 记录时间：2019-01-24 17:09:09,651 
日志级别：  INFO  
出错类：Himall.PaymentPlugin.PaymentBase`1[T].set_WorkDirectory  
错误描述：set WorkDirectory:Himall.Plugin.Payment.Alipay_App.Service 




 记录时间：2019-01-24 17:09:09,663 
日志级别：  INFO  
出错类：Himall.PaymentPlugin.PaymentBase`1[T].set_WorkDirectory  
错误描述：set WorkDirectory:Himall.Plugin.Payment.Alipay_QRCode.Service 




 记录时间：2019-01-24 17:09:09,672 
日志级别：  INFO  
出错类：Himall.PaymentPlugin.PaymentBase`1[T].set_WorkDirectory  
错误描述：set WorkDirectory:Himall.Plugin.Payment.Alipay_WAP.Service 




 记录时间：2019-01-24 17:09:09,682 
日志级别：  INFO  
出错类：Himall.PaymentPlugin.PaymentBase`1[T].set_WorkDirectory  
错误描述：set WorkDirectory:Himall.Plugin.Payment.UnionPay.UnionPay 




 记录时间：2019-01-24 17:09:09,693 
日志级别：  INFO  
出错类：Himall.PaymentPlugin.PaymentBase`1[T].set_WorkDirectory  
错误描述：set WorkDirectory:Himall.Plugin.Payment.WeiXinPay.Service 




 记录时间：2019-01-24 17:09:09,702 
日志级别：  INFO  
出错类：Himall.PaymentPlugin.PaymentBase`1[T].set_WorkDirectory  
错误描述：set WorkDirectory:Himall.Plugin.Payment.WeiXinPay_App.Service 




 记录时间：2019-01-24 17:09:09,712 
日志级别：  INFO  
出错类：Himall.PaymentPlugin.PaymentBase`1[T].set_WorkDirectory  
错误描述：set WorkDirectory:Himall.Plugin.Payment.WeiXinPay_H5.Service 




 记录时间：2019-01-24 17:09:09,722 
日志级别：  INFO  
出错类：Himall.PaymentPlugin.PaymentBase`1[T].set_WorkDirectory  
错误描述：set WorkDirectory:Himall.Plugin.Payment.WeiXinPay_Native.WeiXinPay 




 记录时间：2019-01-24 17:09:09,733 
日志级别：  INFO  
出错类：Himall.PaymentPlugin.PaymentBase`1[T].set_WorkDirectory  
错误描述：set WorkDirectory:Himall.Plugin.Payment.WeiXinPay_O2OSmallProg.Service 




 记录时间：2019-01-24 17:09:09,744 
日志级别：  INFO  
出错类：Himall.PaymentPlugin.PaymentBase`1[T].set_WorkDirectory  
错误描述：set WorkDirectory:Himall.Plugin.Payment.WeiXinPay_SmallProg.Service 

