


 记录时间：2019-01-25 11:21:17,127 
日志级别：  INFO  
出错类：Himall.PaymentPlugin.PaymentBase`1[T].set_WorkDirectory  
错误描述：set WorkDirectory:Himall.Plugin.Payment.Alipay.Service 




 记录时间：2019-01-25 11:21:17,149 
日志级别：  INFO  
出错类：Himall.PaymentPlugin.PaymentBase`1[T].set_WorkDirectory  
错误描述：set WorkDirectory:Himall.Plugin.Payment.Alipay_App.Service 




 记录时间：2019-01-25 11:21:17,169 
日志级别：  INFO  
出错类：Himall.PaymentPlugin.PaymentBase`1[T].set_WorkDirectory  
错误描述：set WorkDirectory:Himall.Plugin.Payment.Alipay_QRCode.Service 




 记录时间：2019-01-25 11:21:17,192 
日志级别：  INFO  
出错类：Himall.PaymentPlugin.PaymentBase`1[T].set_WorkDirectory  
错误描述：set WorkDirectory:Himall.Plugin.Payment.Alipay_WAP.Service 




 记录时间：2019-01-25 11:21:17,225 
日志级别：  INFO  
出错类：Himall.PaymentPlugin.PaymentBase`1[T].set_WorkDirectory  
错误描述：set WorkDirectory:Himall.Plugin.Payment.UnionPay.UnionPay 




 记录时间：2019-01-25 11:21:17,263 
日志级别：  INFO  
出错类：Himall.PaymentPlugin.PaymentBase`1[T].set_WorkDirectory  
错误描述：set WorkDirectory:Himall.Plugin.Payment.WeiXinPay.Service 




 记录时间：2019-01-25 11:21:17,287 
日志级别：  INFO  
出错类：Himall.PaymentPlugin.PaymentBase`1[T].set_WorkDirectory  
错误描述：set WorkDirectory:Himall.Plugin.Payment.WeiXinPay_App.Service 




 记录时间：2019-01-25 11:21:17,347 
日志级别：  INFO  
出错类：Himall.PaymentPlugin.PaymentBase`1[T].set_WorkDirectory  
错误描述：set WorkDirectory:Himall.Plugin.Payment.WeiXinPay_H5.Service 




 记录时间：2019-01-25 11:21:17,380 
日志级别：  INFO  
出错类：Himall.PaymentPlugin.PaymentBase`1[T].set_WorkDirectory  
错误描述：set WorkDirectory:Himall.Plugin.Payment.WeiXinPay_Native.WeiXinPay 




 记录时间：2019-01-25 11:21:17,414 
日志级别：  INFO  
出错类：Himall.PaymentPlugin.PaymentBase`1[T].set_WorkDirectory  
错误描述：set WorkDirectory:Himall.Plugin.Payment.WeiXinPay_O2OSmallProg.Service 




 记录时间：2019-01-25 11:21:17,450 
日志级别：  INFO  
出错类：Himall.PaymentPlugin.PaymentBase`1[T].set_WorkDirectory  
错误描述：set WorkDirectory:Himall.Plugin.Payment.WeiXinPay_SmallProg.Service 




 记录时间：2019-01-25 11:22:14,780 
日志级别：  INFO  
出错类：Himall.Service.OrderService.AgreeToRefundBySeller  
错误描述：只可以关闭待发货订单！ 

Himall.Core.HimallException: 只可以关闭待发货订单！



 记录时间：2019-01-25 11:22:15,193 
日志级别：  INFO  
出错类：Himall.Service.OrderService.AgreeToRefundBySeller  
错误描述：只可以关闭待发货订单！ 

Himall.Core.HimallException: 只可以关闭待发货订单！



 记录时间：2019-01-25 11:22:15,574 
日志级别：  INFO  
出错类：Himall.Service.OrderService.AgreeToRefundBySeller  
错误描述：只可以关闭待发货订单！ 

Himall.Core.HimallException: 只可以关闭待发货订单！



 记录时间：2019-01-25 11:22:15,918 
日志级别：  INFO  
出错类：Himall.Service.OrderService.AgreeToRefundBySeller  
错误描述：只可以关闭待发货订单！ 

Himall.Core.HimallException: 只可以关闭待发货订单！



 记录时间：2019-01-25 11:22:16,190 
日志级别：  INFO  
出错类：Himall.Service.OrderService.AgreeToRefundBySeller  
错误描述：只可以关闭待发货订单！ 

Himall.Core.HimallException: 只可以关闭待发货订单！



 记录时间：2019-01-25 11:24:38,174 
日志级别：  INFO  
出错类：Himall.Service.OrderService.AgreeToRefundBySeller  
错误描述：只可以关闭待发货订单！ 

Himall.Core.HimallException: 只可以关闭待发货订单！



 记录时间：2019-01-25 11:24:38,309 
日志级别：  INFO  
出错类：Himall.Service.OrderService.AgreeToRefundBySeller  
错误描述：只可以关闭待发货订单！ 

Himall.Core.HimallException: 只可以关闭待发货订单！



 记录时间：2019-01-25 11:24:38,441 
日志级别：  INFO  
出错类：Himall.Service.OrderService.AgreeToRefundBySeller  
错误描述：只可以关闭待发货订单！ 

Himall.Core.HimallException: 只可以关闭待发货订单！



 记录时间：2019-01-25 11:24:38,779 
日志级别：  INFO  
出错类：Himall.Service.OrderService.AgreeToRefundBySeller  
错误描述：只可以关闭待发货订单！ 

Himall.Core.HimallException: 只可以关闭待发货订单！



 记录时间：2019-01-25 11:24:39,078 
日志级别：  INFO  
出错类：Himall.Service.OrderService.AgreeToRefundBySeller  
错误描述：只可以关闭待发货订单！ 

Himall.Core.HimallException: 只可以关闭待发货订单！



 记录时间：2019-01-25 11:26:06,415 
日志级别：  INFO  
出错类：Himall.Service.OrderService.AgreeToRefundBySeller  
错误描述：只可以关闭待发货订单！ 

Himall.Core.HimallException: 只可以关闭待发货订单！



 记录时间：2019-01-25 11:26:06,823 
日志级别：  INFO  
出错类：Himall.Service.OrderService.AgreeToRefundBySeller  
错误描述：只可以关闭待发货订单！ 

Himall.Core.HimallException: 只可以关闭待发货订单！



 记录时间：2019-01-25 11:26:06,999 
日志级别：  INFO  
出错类：Himall.Service.OrderService.AgreeToRefundBySeller  
错误描述：只可以关闭待发货订单！ 

Himall.Core.HimallException: 只可以关闭待发货订单！



 记录时间：2019-01-25 11:26:07,341 
日志级别：  INFO  
出错类：Himall.Service.OrderService.AgreeToRefundBySeller  
错误描述：只可以关闭待发货订单！ 

Himall.Core.HimallException: 只可以关闭待发货订单！



 记录时间：2019-01-25 11:26:07,440 
日志级别：  INFO  
出错类：Himall.Service.OrderService.AgreeToRefundBySeller  
错误描述：只可以关闭待发货订单！ 

Himall.Core.HimallException: 只可以关闭待发货订单！



 记录时间：2019-01-25 11:27:57,371 
日志级别：  INFO  
出错类：Himall.Service.OrderService.AgreeToRefundBySeller  
错误描述：只可以关闭待发货订单！ 

Himall.Core.HimallException: 只可以关闭待发货订单！



 记录时间：2019-01-25 11:27:57,577 
日志级别：  INFO  
出错类：Himall.Service.OrderService.AgreeToRefundBySeller  
错误描述：只可以关闭待发货订单！ 

Himall.Core.HimallException: 只可以关闭待发货订单！



 记录时间：2019-01-25 11:27:57,843 
日志级别：  INFO  
出错类：Himall.Service.OrderService.AgreeToRefundBySeller  
错误描述：只可以关闭待发货订单！ 

Himall.Core.HimallException: 只可以关闭待发货订单！



 记录时间：2019-01-25 11:27:58,098 
日志级别：  INFO  
出错类：Himall.Service.OrderService.AgreeToRefundBySeller  
错误描述：只可以关闭待发货订单！ 

Himall.Core.HimallException: 只可以关闭待发货订单！



 记录时间：2019-01-25 11:27:58,215 
日志级别：  INFO  
出错类：Himall.Service.OrderService.AgreeToRefundBySeller  
错误描述：只可以关闭待发货订单！ 

Himall.Core.HimallException: 只可以关闭待发货订单！



 记录时间：2019-01-25 12:35:54,698 
日志级别：  INFO  
出错类：Himall.Service.OrderService.AgreeToRefundBySeller  
错误描述：只可以关闭待发货订单！ 

Himall.Core.HimallException: 只可以关闭待发货订单！



 记录时间：2019-01-25 12:35:55,023 
日志级别：  INFO  
出错类：Himall.Service.OrderService.AgreeToRefundBySeller  
错误描述：只可以关闭待发货订单！ 

Himall.Core.HimallException: 只可以关闭待发货订单！



 记录时间：2019-01-25 12:35:55,328 
日志级别：  INFO  
出错类：Himall.Service.OrderService.AgreeToRefundBySeller  
错误描述：只可以关闭待发货订单！ 

Himall.Core.HimallException: 只可以关闭待发货订单！



 记录时间：2019-01-25 12:35:55,493 
日志级别：  INFO  
出错类：Himall.Service.OrderService.AgreeToRefundBySeller  
错误描述：只可以关闭待发货订单！ 

Himall.Core.HimallException: 只可以关闭待发货订单！



 记录时间：2019-01-25 12:35:55,786 
日志级别：  INFO  
出错类：Himall.Service.OrderService.AgreeToRefundBySeller  
错误描述：只可以关闭待发货订单！ 

Himall.Core.HimallException: 只可以关闭待发货订单！



 记录时间：2019-01-25 12:45:48,360 
日志级别：  INFO  
出错类：Himall.Web.MvcApplication.Application_End  
错误描述：2019-01-25 12:45:48 -  http://localhost:62443 




 记录时间：2019-01-25 12:46:15,164 
日志级别：  INFO  
出错类：Himall.PaymentPlugin.PaymentBase`1[T].set_WorkDirectory  
错误描述：set WorkDirectory:Himall.Plugin.Payment.Alipay.Service 




 记录时间：2019-01-25 12:46:15,263 
日志级别：  INFO  
出错类：Himall.PaymentPlugin.PaymentBase`1[T].set_WorkDirectory  
错误描述：set WorkDirectory:Himall.Plugin.Payment.Alipay_App.Service 




 记录时间：2019-01-25 12:46:15,320 
日志级别：  INFO  
出错类：Himall.PaymentPlugin.PaymentBase`1[T].set_WorkDirectory  
错误描述：set WorkDirectory:Himall.Plugin.Payment.Alipay_QRCode.Service 




 记录时间：2019-01-25 12:46:15,380 
日志级别：  INFO  
出错类：Himall.PaymentPlugin.PaymentBase`1[T].set_WorkDirectory  
错误描述：set WorkDirectory:Himall.Plugin.Payment.Alipay_WAP.Service 




 记录时间：2019-01-25 12:46:15,451 
日志级别：  INFO  
出错类：Himall.PaymentPlugin.PaymentBase`1[T].set_WorkDirectory  
错误描述：set WorkDirectory:Himall.Plugin.Payment.UnionPay.UnionPay 




 记录时间：2019-01-25 12:46:15,533 
日志级别：  INFO  
出错类：Himall.PaymentPlugin.PaymentBase`1[T].set_WorkDirectory  
错误描述：set WorkDirectory:Himall.Plugin.Payment.WeiXinPay.Service 




 记录时间：2019-01-25 12:46:15,584 
日志级别：  INFO  
出错类：Himall.PaymentPlugin.PaymentBase`1[T].set_WorkDirectory  
错误描述：set WorkDirectory:Himall.Plugin.Payment.WeiXinPay_App.Service 




 记录时间：2019-01-25 12:46:15,617 
日志级别：  INFO  
出错类：Himall.PaymentPlugin.PaymentBase`1[T].set_WorkDirectory  
错误描述：set WorkDirectory:Himall.Plugin.Payment.WeiXinPay_H5.Service 




 记录时间：2019-01-25 12:46:15,699 
日志级别：  INFO  
出错类：Himall.PaymentPlugin.PaymentBase`1[T].set_WorkDirectory  
错误描述：set WorkDirectory:Himall.Plugin.Payment.WeiXinPay_Native.WeiXinPay 




 记录时间：2019-01-25 12:46:15,747 
日志级别：  INFO  
出错类：Himall.PaymentPlugin.PaymentBase`1[T].set_WorkDirectory  
错误描述：set WorkDirectory:Himall.Plugin.Payment.WeiXinPay_O2OSmallProg.Service 




 记录时间：2019-01-25 12:46:15,810 
日志级别：  INFO  
出错类：Himall.PaymentPlugin.PaymentBase`1[T].set_WorkDirectory  
错误描述：set WorkDirectory:Himall.Plugin.Payment.WeiXinPay_SmallProg.Service 




 记录时间：2019-01-25 12:46:41,093 
日志级别：  INFO  
出错类：Himall.PaymentPlugin.PaymentBase`1[T].set_WorkDirectory  
错误描述：set WorkDirectory:Himall.Plugin.Payment.Alipay.Service 




 记录时间：2019-01-25 12:46:41,128 
日志级别：  INFO  
出错类：Himall.PaymentPlugin.PaymentBase`1[T].set_WorkDirectory  
错误描述：set WorkDirectory:Himall.Plugin.Payment.Alipay_App.Service 




 记录时间：2019-01-25 12:46:41,146 
日志级别：  INFO  
出错类：Himall.PaymentPlugin.PaymentBase`1[T].set_WorkDirectory  
错误描述：set WorkDirectory:Himall.Plugin.Payment.Alipay_QRCode.Service 




 记录时间：2019-01-25 12:46:41,159 
日志级别：  INFO  
出错类：Himall.PaymentPlugin.PaymentBase`1[T].set_WorkDirectory  
错误描述：set WorkDirectory:Himall.Plugin.Payment.Alipay_WAP.Service 




 记录时间：2019-01-25 12:46:41,178 
日志级别：  INFO  
出错类：Himall.PaymentPlugin.PaymentBase`1[T].set_WorkDirectory  
错误描述：set WorkDirectory:Himall.Plugin.Payment.UnionPay.UnionPay 




 记录时间：2019-01-25 12:46:41,194 
日志级别：  INFO  
出错类：Himall.PaymentPlugin.PaymentBase`1[T].set_WorkDirectory  
错误描述：set WorkDirectory:Himall.Plugin.Payment.WeiXinPay.Service 




 记录时间：2019-01-25 12:46:41,212 
日志级别：  INFO  
出错类：Himall.PaymentPlugin.PaymentBase`1[T].set_WorkDirectory  
错误描述：set WorkDirectory:Himall.Plugin.Payment.WeiXinPay_App.Service 




 记录时间：2019-01-25 12:46:41,230 
日志级别：  INFO  
出错类：Himall.PaymentPlugin.PaymentBase`1[T].set_WorkDirectory  
错误描述：set WorkDirectory:Himall.Plugin.Payment.WeiXinPay_H5.Service 




 记录时间：2019-01-25 12:46:41,247 
日志级别：  INFO  
出错类：Himall.PaymentPlugin.PaymentBase`1[T].set_WorkDirectory  
错误描述：set WorkDirectory:Himall.Plugin.Payment.WeiXinPay_Native.WeiXinPay 




 记录时间：2019-01-25 12:46:41,263 
日志级别：  INFO  
出错类：Himall.PaymentPlugin.PaymentBase`1[T].set_WorkDirectory  
错误描述：set WorkDirectory:Himall.Plugin.Payment.WeiXinPay_O2OSmallProg.Service 




 记录时间：2019-01-25 12:46:41,279 
日志级别：  INFO  
出错类：Himall.PaymentPlugin.PaymentBase`1[T].set_WorkDirectory  
错误描述：set WorkDirectory:Himall.Plugin.Payment.WeiXinPay_SmallProg.Service 




 记录时间：2019-01-25 12:46:46,192 
日志级别：  INFO  
出错类：Himall.Web.MvcApplication.Application_End  
错误描述：2019-01-25 12:46:46 -  http://localhost:62443 




 记录时间：2019-01-25 12:53:51,021 
日志级别：  INFO  
出错类：Himall.Service.OrderService.AgreeToRefundBySeller  
错误描述：只可以关闭待发货订单！ 

Himall.Core.HimallException: 只可以关闭待发货订单！



 记录时间：2019-01-25 12:53:51,442 
日志级别：  INFO  
出错类：Himall.Service.OrderService.AgreeToRefundBySeller  
错误描述：只可以关闭待发货订单！ 

Himall.Core.HimallException: 只可以关闭待发货订单！



 记录时间：2019-01-25 12:53:51,657 
日志级别：  INFO  
出错类：Himall.Service.OrderService.AgreeToRefundBySeller  
错误描述：只可以关闭待发货订单！ 

Himall.Core.HimallException: 只可以关闭待发货订单！



 记录时间：2019-01-25 12:53:51,899 
日志级别：  INFO  
出错类：Himall.Service.OrderService.AgreeToRefundBySeller  
错误描述：只可以关闭待发货订单！ 

Himall.Core.HimallException: 只可以关闭待发货订单！



 记录时间：2019-01-25 12:53:52,221 
日志级别：  INFO  
出错类：Himall.Service.OrderService.AgreeToRefundBySeller  
错误描述：只可以关闭待发货订单！ 

Himall.Core.HimallException: 只可以关闭待发货订单！



 记录时间：2019-01-25 12:55:26,263 
日志级别：  INFO  
出错类：Himall.Service.OrderService.AgreeToRefundBySeller  
错误描述：只可以关闭待发货订单！ 

Himall.Core.HimallException: 只可以关闭待发货订单！



 记录时间：2019-01-25 12:55:26,706 
日志级别：  INFO  
出错类：Himall.Service.OrderService.AgreeToRefundBySeller  
错误描述：只可以关闭待发货订单！ 

Himall.Core.HimallException: 只可以关闭待发货订单！



 记录时间：2019-01-25 12:55:26,978 
日志级别：  INFO  
出错类：Himall.Service.OrderService.AgreeToRefundBySeller  
错误描述：只可以关闭待发货订单！ 

Himall.Core.HimallException: 只可以关闭待发货订单！



 记录时间：2019-01-25 12:55:27,249 
日志级别：  INFO  
出错类：Himall.Service.OrderService.AgreeToRefundBySeller  
错误描述：只可以关闭待发货订单！ 

Himall.Core.HimallException: 只可以关闭待发货订单！



 记录时间：2019-01-25 12:55:27,405 
日志级别：  INFO  
出错类：Himall.Service.OrderService.AgreeToRefundBySeller  
错误描述：只可以关闭待发货订单！ 

Himall.Core.HimallException: 只可以关闭待发货订单！



 记录时间：2019-01-25 12:55:56,816 
日志级别：  INFO  
出错类：Himall.Service.OrderService.AgreeToRefundBySeller  
错误描述：只可以关闭待发货订单！ 

Himall.Core.HimallException: 只可以关闭待发货订单！



 记录时间：2019-01-25 12:55:57,257 
日志级别：  INFO  
出错类：Himall.Service.OrderService.AgreeToRefundBySeller  
错误描述：只可以关闭待发货订单！ 

Himall.Core.HimallException: 只可以关闭待发货订单！



 记录时间：2019-01-25 12:55:57,680 
日志级别：  INFO  
出错类：Himall.Service.OrderService.AgreeToRefundBySeller  
错误描述：只可以关闭待发货订单！ 

Himall.Core.HimallException: 只可以关闭待发货订单！



 记录时间：2019-01-25 12:55:58,300 
日志级别：  INFO  
出错类：Himall.Service.OrderService.AgreeToRefundBySeller  
错误描述：只可以关闭待发货订单！ 

Himall.Core.HimallException: 只可以关闭待发货订单！



 记录时间：2019-01-25 12:55:58,505 
日志级别：  INFO  
出错类：Himall.Service.OrderService.AgreeToRefundBySeller  
错误描述：只可以关闭待发货订单！ 

Himall.Core.HimallException: 只可以关闭待发货订单！



 记录时间：2019-01-25 12:57:38,034 
日志级别：  INFO  
出错类：Himall.Service.OrderService.SendMessage  
错误描述：进入SendMessage发送短信通知方法里面 




 记录时间：2019-01-25 12:57:38,119 
日志级别：  INFO  
出错类：Himall.Service.OrderService.SendMessage  
错误描述：准备进入SendMessageOnOrderCreate发送短信通知方法里面 




 记录时间：2019-01-25 12:57:38,130 
日志级别：  INFO  
出错类：Himall.Plugin.Message.Email.EmailCore.GetMessageStatus  
错误描述：email3---sss 




 记录时间：2019-01-25 12:57:38,257 
日志级别：  INFO  
出错类：Himall.Plugin.Message.Email.EmailCore.GetMessageStatus  
错误描述：email2---:?<?xml version="1.0" encoding="utf-8" ?>
<MessageStatus>
  <OrderCreated>1</OrderCreated>
  <OrderPay>1</OrderPay>
  <OrderShipping>1</OrderShipping>
  <OrderRefund>1</OrderRefund>
  <RefundDeliver>1</RefundDeliver>
  <FindPassWord>1</FindPassWord>
  <ShopAudited>1</ShopAudited>
  <ShopHaveNewOrder>3</ShopHaveNewOrder>
  <ReceiveBonus>3</ReceiveBonus>
  <LimitTimeBuy>3</LimitTimeBuy>
  <SubscribeLimitTimeBuy>3</SubscribeLimitTimeBuy>
  <FightGroupOpenSuccess>3</FightGroupOpenSuccess>
  <FightGroupJoinSuccess>3</FightGroupJoinSuccess>
  <FightGroupNewJoin>3</FightGroupNewJoin>
  <FightGroupFailed>3</FightGroupFailed>
  <FightGroupSuccess>3</FightGroupSuccess>
  <SendCouponSuccess>1</SendCouponSuccess>
</MessageStatus> 




 记录时间：2019-01-25 12:57:38,272 
日志级别：  INFO  
出错类：Himall.Plugin.Message.Email.EmailCore.GetMessageStatus  
错误描述：email3---eee 




 记录时间：2019-01-25 12:57:38,287 
日志级别：  INFO  
出错类：Himall.Plugin.Message.Email.EmailCore.GetMessageStatus  
错误描述：email3---sss 




 记录时间：2019-01-25 12:57:38,289 
日志级别：  INFO  
出错类：Himall.Plugin.Message.Email.EmailCore.GetMessageStatus  
错误描述：email2---:?<?xml version="1.0" encoding="utf-8" ?>
<MessageStatus>
  <OrderCreated>1</OrderCreated>
  <OrderPay>1</OrderPay>
  <OrderShipping>1</OrderShipping>
  <OrderRefund>1</OrderRefund>
  <RefundDeliver>1</RefundDeliver>
  <FindPassWord>1</FindPassWord>
  <ShopAudited>1</ShopAudited>
  <ShopHaveNewOrder>3</ShopHaveNewOrder>
  <ReceiveBonus>3</ReceiveBonus>
  <LimitTimeBuy>3</LimitTimeBuy>
  <SubscribeLimitTimeBuy>3</SubscribeLimitTimeBuy>
  <FightGroupOpenSuccess>3</FightGroupOpenSuccess>
  <FightGroupJoinSuccess>3</FightGroupJoinSuccess>
  <FightGroupNewJoin>3</FightGroupNewJoin>
  <FightGroupFailed>3</FightGroupFailed>
  <FightGroupSuccess>3</FightGroupSuccess>
  <SendCouponSuccess>1</SendCouponSuccess>
</MessageStatus> 




 记录时间：2019-01-25 12:57:38,291 
日志级别：  INFO  
出错类：Himall.Plugin.Message.Email.EmailCore.GetMessageStatus  
错误描述：email3---eee 




 记录时间：2019-01-25 12:57:38,897 
日志级别：  INFO  
出错类：Himall.PaymentPlugin.PaymentBase`1[T].get_WorkDirectory  
错误描述：get WorkDirectory:Himall.Plugin.Payment.Alipay_WAP.Service 




 记录时间：2019-01-25 12:57:39,031 
日志级别：  INFO  
出错类：Himall.PaymentPlugin.PaymentBase`1[T].get_WorkDirectory  
错误描述：get WorkDirectory:Himall.Plugin.Payment.WeiXinPay.Service 




 记录时间：2019-01-25 12:57:43,110 
日志级别：  INFO  
出错类：Himall.Service.OrderService.PaySucceed  
错误描述：PaySucceed1502进入 




 记录时间：2019-01-25 12:57:44,187 
日志级别：  INFO  
出错类：Himall.Service.OrderService.AddDistributionBrokerage  
错误描述：AddDistributionBrokerage，增加分佣，订单ID：2019012571533670 




 记录时间：2019-01-25 12:57:47,683 
日志级别：  INFO  
出错类：Himall.Plugin.Message.Email.EmailCore.GetMessageStatus  
错误描述：email3---sss 




 记录时间：2019-01-25 12:57:47,686 
日志级别：  INFO  
出错类：Himall.Plugin.Message.Email.EmailCore.GetMessageStatus  
错误描述：email2---:?<?xml version="1.0" encoding="utf-8" ?>
<MessageStatus>
  <OrderCreated>1</OrderCreated>
  <OrderPay>1</OrderPay>
  <OrderShipping>1</OrderShipping>
  <OrderRefund>1</OrderRefund>
  <RefundDeliver>1</RefundDeliver>
  <FindPassWord>1</FindPassWord>
  <ShopAudited>1</ShopAudited>
  <ShopHaveNewOrder>3</ShopHaveNewOrder>
  <ReceiveBonus>3</ReceiveBonus>
  <LimitTimeBuy>3</LimitTimeBuy>
  <SubscribeLimitTimeBuy>3</SubscribeLimitTimeBuy>
  <FightGroupOpenSuccess>3</FightGroupOpenSuccess>
  <FightGroupJoinSuccess>3</FightGroupJoinSuccess>
  <FightGroupNewJoin>3</FightGroupNewJoin>
  <FightGroupFailed>3</FightGroupFailed>
  <FightGroupSuccess>3</FightGroupSuccess>
  <SendCouponSuccess>1</SendCouponSuccess>
</MessageStatus> 




 记录时间：2019-01-25 12:57:47,687 
日志级别：  INFO  
出错类：Himall.Plugin.Message.Email.EmailCore.GetMessageStatus  
错误描述：email3---eee 




 记录时间：2019-01-25 12:57:47,854 
日志级别：  INFO  
出错类：Himall.Service.WXMsgTemplateService.SendMessageByTemplate  
错误描述：[模板消息]开始准备数据：641[订单支付成功通知] 




 记录时间：2019-01-25 12:57:48,262 
日志级别：  INFO  
出错类：Himall.Service.WXMsgTemplateService.SendMessageByTemplate  
错误描述：消息类型=订单支付成功通知 userId=641 openId=oXdftwQe8wJz4-aMGDUfoVfGuKOY dataerr= 




 记录时间：2019-01-25 12:57:48,265 
日志级别：  INFO  
出错类：Himall.Service.WXMsgTemplateService.SendMessageByTemplate  
错误描述：[模板消息]开始发送前 




 记录时间：2019-01-25 12:57:48,269 
日志级别：  INFO  
出错类：Himall.Service.WXMsgTemplateService.SendMessageByTemplate  
错误描述：[模板消息]开始发送到openid:oXdftwQe8wJz4-aMGDUfoVfGuKOY 




 记录时间：2019-01-25 12:57:49,201 
日志级别：  INFO  
出错类：Himall.Service.OrderService.AgreeToRefundBySeller  
错误描述：只可以关闭待发货订单！ 

Himall.Core.HimallException: 只可以关闭待发货订单！



 记录时间：2019-01-25 12:57:49,383 
日志级别：  INFO  
出错类：Himall.Service.OrderService.AgreeToRefundBySeller  
错误描述：只可以关闭待发货订单！ 

Himall.Core.HimallException: 只可以关闭待发货订单！



 记录时间：2019-01-25 12:57:52,828 
日志级别：  INFO  
出错类：Himall.Service.OrderService.AgreeToRefundBySeller  
错误描述：只可以关闭待发货订单！ 

Himall.Core.HimallException: 只可以关闭待发货订单！



 记录时间：2019-01-25 12:57:53,324 
日志级别：  INFO  
出错类：Himall.Service.OrderService.AgreeToRefundBySeller  
错误描述：只可以关闭待发货订单！ 

Himall.Core.HimallException: 只可以关闭待发货订单！



 记录时间：2019-01-25 12:57:53,494 
日志级别：  INFO  
出错类：Himall.Service.OrderService.AgreeToRefundBySeller  
错误描述：只可以关闭待发货订单！ 

Himall.Core.HimallException: 只可以关闭待发货订单！



 记录时间：2019-01-25 12:57:56,468 
日志级别：  INFO  
出错类：Himall.Application.OrderApplication.PayByCapital  
错误描述：错误的订单编号 

Himall.Core.HimallException: 错误的订单编号



 记录时间：2019-01-25 12:58:40,619 
日志级别：  INFO  
出错类：Himall.Service.OrderService.AgreeToRefundBySeller  
错误描述：只可以关闭待发货订单！ 

Himall.Core.HimallException: 只可以关闭待发货订单！



 记录时间：2019-01-25 12:58:40,802 
日志级别：  INFO  
出错类：Himall.Service.OrderService.AgreeToRefundBySeller  
错误描述：只可以关闭待发货订单！ 

Himall.Core.HimallException: 只可以关闭待发货订单！



 记录时间：2019-01-25 12:58:40,911 
日志级别：  INFO  
出错类：Himall.Service.OrderService.AgreeToRefundBySeller  
错误描述：只可以关闭待发货订单！ 

Himall.Core.HimallException: 只可以关闭待发货订单！



 记录时间：2019-01-25 12:58:41,062 
日志级别：  INFO  
出错类：Himall.Service.OrderService.AgreeToRefundBySeller  
错误描述：只可以关闭待发货订单！ 

Himall.Core.HimallException: 只可以关闭待发货订单！



 记录时间：2019-01-25 12:58:41,278 
日志级别：  INFO  
出错类：Himall.Service.OrderService.AgreeToRefundBySeller  
错误描述：只可以关闭待发货订单！ 

Himall.Core.HimallException: 只可以关闭待发货订单！



 记录时间：2019-01-25 13:02:23,419 
日志级别：  INFO  
出错类：Himall.Web.MvcApplication.Application_End  
错误描述：2019-01-25 13:02:23 -  http://localhost:62443 




 记录时间：2019-01-25 13:02:31,014 
日志级别：  INFO  
出错类：Himall.PaymentPlugin.PaymentBase`1[T].set_WorkDirectory  
错误描述：set WorkDirectory:Himall.Plugin.Payment.Alipay.Service 




 记录时间：2019-01-25 13:02:31,030 
日志级别：  INFO  
出错类：Himall.PaymentPlugin.PaymentBase`1[T].set_WorkDirectory  
错误描述：set WorkDirectory:Himall.Plugin.Payment.Alipay_App.Service 




 记录时间：2019-01-25 13:02:31,048 
日志级别：  INFO  
出错类：Himall.PaymentPlugin.PaymentBase`1[T].set_WorkDirectory  
错误描述：set WorkDirectory:Himall.Plugin.Payment.Alipay_QRCode.Service 




 记录时间：2019-01-25 13:02:31,064 
日志级别：  INFO  
出错类：Himall.PaymentPlugin.PaymentBase`1[T].set_WorkDirectory  
错误描述：set WorkDirectory:Himall.Plugin.Payment.Alipay_WAP.Service 




 记录时间：2019-01-25 13:02:31,102 
日志级别：  INFO  
出错类：Himall.PaymentPlugin.PaymentBase`1[T].set_WorkDirectory  
错误描述：set WorkDirectory:Himall.Plugin.Payment.UnionPay.UnionPay 




 记录时间：2019-01-25 13:02:31,117 
日志级别：  INFO  
出错类：Himall.PaymentPlugin.PaymentBase`1[T].set_WorkDirectory  
错误描述：set WorkDirectory:Himall.Plugin.Payment.WeiXinPay.Service 




 记录时间：2019-01-25 13:02:31,131 
日志级别：  INFO  
出错类：Himall.PaymentPlugin.PaymentBase`1[T].set_WorkDirectory  
错误描述：set WorkDirectory:Himall.Plugin.Payment.WeiXinPay_App.Service 




 记录时间：2019-01-25 13:02:31,143 
日志级别：  INFO  
出错类：Himall.PaymentPlugin.PaymentBase`1[T].set_WorkDirectory  
错误描述：set WorkDirectory:Himall.Plugin.Payment.WeiXinPay_H5.Service 




 记录时间：2019-01-25 13:02:31,157 
日志级别：  INFO  
出错类：Himall.PaymentPlugin.PaymentBase`1[T].set_WorkDirectory  
错误描述：set WorkDirectory:Himall.Plugin.Payment.WeiXinPay_Native.WeiXinPay 




 记录时间：2019-01-25 13:02:31,171 
日志级别：  INFO  
出错类：Himall.PaymentPlugin.PaymentBase`1[T].set_WorkDirectory  
错误描述：set WorkDirectory:Himall.Plugin.Payment.WeiXinPay_O2OSmallProg.Service 




 记录时间：2019-01-25 13:02:31,195 
日志级别：  INFO  
出错类：Himall.PaymentPlugin.PaymentBase`1[T].set_WorkDirectory  
错误描述：set WorkDirectory:Himall.Plugin.Payment.WeiXinPay_SmallProg.Service 




 记录时间：2019-01-25 13:39:31,053 
日志级别：  INFO  
出错类：Himall.Web.Areas.Admin.Controllers.LoginController.Login  
错误描述：用户名和密码不匹配 

Himall.Core.HimallException: 用户名和密码不匹配



 记录时间：2019-01-25 13:40:37,967 
日志级别：  INFO  
出错类：Himall.Service.OrderService.AgreeToRefundBySeller  
错误描述：只可以关闭待发货订单！ 

Himall.Core.HimallException: 只可以关闭待发货订单！



 记录时间：2019-01-25 13:40:38,572 
日志级别：  INFO  
出错类：Himall.Service.OrderService.AgreeToRefundBySeller  
错误描述：只可以关闭待发货订单！ 

Himall.Core.HimallException: 只可以关闭待发货订单！



 记录时间：2019-01-25 13:40:38,757 
日志级别：  INFO  
出错类：Himall.Service.OrderService.AgreeToRefundBySeller  
错误描述：只可以关闭待发货订单！ 

Himall.Core.HimallException: 只可以关闭待发货订单！



 记录时间：2019-01-25 13:40:38,951 
日志级别：  INFO  
出错类：Himall.Service.OrderService.AgreeToRefundBySeller  
错误描述：只可以关闭待发货订单！ 

Himall.Core.HimallException: 只可以关闭待发货订单！



 记录时间：2019-01-25 13:40:39,062 
日志级别：  INFO  
出错类：Himall.Service.OrderService.AgreeToRefundBySeller  
错误描述：只可以关闭待发货订单！ 

Himall.Core.HimallException: 只可以关闭待发货订单！



 记录时间：2019-01-25 14:14:33,291 
日志级别：  INFO  
出错类：Himall.Web.MvcApplication.Application_End  
错误描述：2019-01-25 14:14:33 -  http://localhost:62443 




 记录时间：2019-01-25 14:14:59,106 
日志级别：  INFO  
出错类：Himall.PaymentPlugin.PaymentBase`1[T].set_WorkDirectory  
错误描述：set WorkDirectory:Himall.Plugin.Payment.Alipay.Service 




 记录时间：2019-01-25 14:14:59,119 
日志级别：  INFO  
出错类：Himall.PaymentPlugin.PaymentBase`1[T].set_WorkDirectory  
错误描述：set WorkDirectory:Himall.Plugin.Payment.Alipay_App.Service 




 记录时间：2019-01-25 14:14:59,136 
日志级别：  INFO  
出错类：Himall.PaymentPlugin.PaymentBase`1[T].set_WorkDirectory  
错误描述：set WorkDirectory:Himall.Plugin.Payment.Alipay_QRCode.Service 




 记录时间：2019-01-25 14:14:59,152 
日志级别：  INFO  
出错类：Himall.PaymentPlugin.PaymentBase`1[T].set_WorkDirectory  
错误描述：set WorkDirectory:Himall.Plugin.Payment.Alipay_WAP.Service 




 记录时间：2019-01-25 14:14:59,167 
日志级别：  INFO  
出错类：Himall.PaymentPlugin.PaymentBase`1[T].set_WorkDirectory  
错误描述：set WorkDirectory:Himall.Plugin.Payment.UnionPay.UnionPay 




 记录时间：2019-01-25 14:14:59,183 
日志级别：  INFO  
出错类：Himall.PaymentPlugin.PaymentBase`1[T].set_WorkDirectory  
错误描述：set WorkDirectory:Himall.Plugin.Payment.WeiXinPay.Service 




 记录时间：2019-01-25 14:14:59,200 
日志级别：  INFO  
出错类：Himall.PaymentPlugin.PaymentBase`1[T].set_WorkDirectory  
错误描述：set WorkDirectory:Himall.Plugin.Payment.WeiXinPay_App.Service 




 记录时间：2019-01-25 14:14:59,215 
日志级别：  INFO  
出错类：Himall.PaymentPlugin.PaymentBase`1[T].set_WorkDirectory  
错误描述：set WorkDirectory:Himall.Plugin.Payment.WeiXinPay_H5.Service 




 记录时间：2019-01-25 14:14:59,232 
日志级别：  INFO  
出错类：Himall.PaymentPlugin.PaymentBase`1[T].set_WorkDirectory  
错误描述：set WorkDirectory:Himall.Plugin.Payment.WeiXinPay_Native.WeiXinPay 




 记录时间：2019-01-25 14:14:59,363 
日志级别：  INFO  
出错类：Himall.PaymentPlugin.PaymentBase`1[T].set_WorkDirectory  
错误描述：set WorkDirectory:Himall.Plugin.Payment.WeiXinPay_O2OSmallProg.Service 




 记录时间：2019-01-25 14:14:59,376 
日志级别：  INFO  
出错类：Himall.PaymentPlugin.PaymentBase`1[T].set_WorkDirectory  
错误描述：set WorkDirectory:Himall.Plugin.Payment.WeiXinPay_SmallProg.Service 




 记录时间：2019-01-25 14:15:30,740 
日志级别：  INFO  
出错类：Himall.Web.MvcApplication.Application_End  
错误描述：2019-01-25 14:15:30 -  http://localhost:62443 




 记录时间：2019-01-25 14:15:43,423 
日志级别：  INFO  
出错类：Himall.PaymentPlugin.PaymentBase`1[T].set_WorkDirectory  
错误描述：set WorkDirectory:Himall.Plugin.Payment.Alipay.Service 




 记录时间：2019-01-25 14:15:43,432 
日志级别：  INFO  
出错类：Himall.PaymentPlugin.PaymentBase`1[T].set_WorkDirectory  
错误描述：set WorkDirectory:Himall.Plugin.Payment.Alipay_App.Service 




 记录时间：2019-01-25 14:15:43,439 
日志级别：  INFO  
出错类：Himall.PaymentPlugin.PaymentBase`1[T].set_WorkDirectory  
错误描述：set WorkDirectory:Himall.Plugin.Payment.Alipay_QRCode.Service 




 记录时间：2019-01-25 14:15:43,449 
日志级别：  INFO  
出错类：Himall.PaymentPlugin.PaymentBase`1[T].set_WorkDirectory  
错误描述：set WorkDirectory:Himall.Plugin.Payment.Alipay_WAP.Service 




 记录时间：2019-01-25 14:15:43,456 
日志级别：  INFO  
出错类：Himall.PaymentPlugin.PaymentBase`1[T].set_WorkDirectory  
错误描述：set WorkDirectory:Himall.Plugin.Payment.UnionPay.UnionPay 




 记录时间：2019-01-25 14:15:43,466 
日志级别：  INFO  
出错类：Himall.PaymentPlugin.PaymentBase`1[T].set_WorkDirectory  
错误描述：set WorkDirectory:Himall.Plugin.Payment.WeiXinPay.Service 




 记录时间：2019-01-25 14:15:43,476 
日志级别：  INFO  
出错类：Himall.PaymentPlugin.PaymentBase`1[T].set_WorkDirectory  
错误描述：set WorkDirectory:Himall.Plugin.Payment.WeiXinPay_App.Service 




 记录时间：2019-01-25 14:15:43,483 
日志级别：  INFO  
出错类：Himall.PaymentPlugin.PaymentBase`1[T].set_WorkDirectory  
错误描述：set WorkDirectory:Himall.Plugin.Payment.WeiXinPay_H5.Service 




 记录时间：2019-01-25 14:15:43,492 
日志级别：  INFO  
出错类：Himall.PaymentPlugin.PaymentBase`1[T].set_WorkDirectory  
错误描述：set WorkDirectory:Himall.Plugin.Payment.WeiXinPay_Native.WeiXinPay 




 记录时间：2019-01-25 14:15:43,499 
日志级别：  INFO  
出错类：Himall.PaymentPlugin.PaymentBase`1[T].set_WorkDirectory  
错误描述：set WorkDirectory:Himall.Plugin.Payment.WeiXinPay_O2OSmallProg.Service 




 记录时间：2019-01-25 14:15:43,507 
日志级别：  INFO  
出错类：Himall.PaymentPlugin.PaymentBase`1[T].set_WorkDirectory  
错误描述：set WorkDirectory:Himall.Plugin.Payment.WeiXinPay_SmallProg.Service 




 记录时间：2019-01-25 14:24:53,148 
日志级别：  INFO  
出错类：Himall.Service.OrderService.AgreeToRefundBySeller  
错误描述：只可以关闭待发货订单！ 

Himall.Core.HimallException: 只可以关闭待发货订单！



 记录时间：2019-01-25 14:24:53,627 
日志级别：  INFO  
出错类：Himall.Service.OrderService.AgreeToRefundBySeller  
错误描述：只可以关闭待发货订单！ 

Himall.Core.HimallException: 只可以关闭待发货订单！



 记录时间：2019-01-25 14:24:55,070 
日志级别：  INFO  
出错类：Himall.Service.OrderService.AgreeToRefundBySeller  
错误描述：只可以关闭待发货订单！ 

Himall.Core.HimallException: 只可以关闭待发货订单！



 记录时间：2019-01-25 14:24:56,342 
日志级别：  INFO  
出错类：Himall.Service.OrderService.AgreeToRefundBySeller  
错误描述：只可以关闭待发货订单！ 

Himall.Core.HimallException: 只可以关闭待发货订单！



 记录时间：2019-01-25 14:24:56,566 
日志级别：  INFO  
出错类：Himall.Service.OrderService.AgreeToRefundBySeller  
错误描述：只可以关闭待发货订单！ 

Himall.Core.HimallException: 只可以关闭待发货订单！



 记录时间：2019-01-25 14:24:58,239 
日志级别：  INFO  
出错类：Himall.Service.OrderService.AgreeToRefundBySeller  
错误描述：只可以关闭待发货订单！ 

Himall.Core.HimallException: 只可以关闭待发货订单！



 记录时间：2019-01-25 14:24:58,593 
日志级别：  INFO  
出错类：Himall.Service.OrderService.AgreeToRefundBySeller  
错误描述：只可以关闭待发货订单！ 

Himall.Core.HimallException: 只可以关闭待发货订单！



 记录时间：2019-01-25 14:24:59,087 
日志级别：  INFO  
出错类：Himall.Service.OrderService.AgreeToRefundBySeller  
错误描述：只可以关闭待发货订单！ 

Himall.Core.HimallException: 只可以关闭待发货订单！



 记录时间：2019-01-25 14:24:59,863 
日志级别：  INFO  
出错类：Himall.Service.OrderService.AgreeToRefundBySeller  
错误描述：只可以关闭待发货订单！ 

Himall.Core.HimallException: 只可以关闭待发货订单！



 记录时间：2019-01-25 14:25:00,278 
日志级别：  INFO  
出错类：Himall.Service.OrderService.AgreeToRefundBySeller  
错误描述：只可以关闭待发货订单！ 

Himall.Core.HimallException: 只可以关闭待发货订单！



 记录时间：2019-01-25 14:25:28,469 
日志级别：  INFO  
出错类：Himall.Service.OrderService.AgreeToRefundBySeller  
错误描述：只可以关闭待发货订单！ 

Himall.Core.HimallException: 只可以关闭待发货订单！



 记录时间：2019-01-25 14:25:28,780 
日志级别：  INFO  
出错类：Himall.Service.OrderService.AgreeToRefundBySeller  
错误描述：只可以关闭待发货订单！ 

Himall.Core.HimallException: 只可以关闭待发货订单！



 记录时间：2019-01-25 14:25:29,032 
日志级别：  INFO  
出错类：Himall.Service.OrderService.AgreeToRefundBySeller  
错误描述：只可以关闭待发货订单！ 

Himall.Core.HimallException: 只可以关闭待发货订单！



 记录时间：2019-01-25 14:25:29,182 
日志级别：  INFO  
出错类：Himall.Service.OrderService.AgreeToRefundBySeller  
错误描述：只可以关闭待发货订单！ 

Himall.Core.HimallException: 只可以关闭待发货订单！



 记录时间：2019-01-25 14:25:29,320 
日志级别：  INFO  
出错类：Himall.Service.OrderService.AgreeToRefundBySeller  
错误描述：只可以关闭待发货订单！ 

Himall.Core.HimallException: 只可以关闭待发货订单！



 记录时间：2019-01-25 14:26:29,415 
日志级别：  INFO  
出错类：Himall.Service.OrderService.AgreeToRefundBySeller  
错误描述：只可以关闭待发货订单！ 

Himall.Core.HimallException: 只可以关闭待发货订单！



 记录时间：2019-01-25 14:26:30,725 
日志级别：  INFO  
出错类：Himall.Service.OrderService.AgreeToRefundBySeller  
错误描述：只可以关闭待发货订单！ 

Himall.Core.HimallException: 只可以关闭待发货订单！



 记录时间：2019-01-25 14:26:31,135 
日志级别：  INFO  
出错类：Himall.Service.OrderService.AgreeToRefundBySeller  
错误描述：只可以关闭待发货订单！ 

Himall.Core.HimallException: 只可以关闭待发货订单！



 记录时间：2019-01-25 14:26:32,486 
日志级别：  INFO  
出错类：Himall.Service.OrderService.AgreeToRefundBySeller  
错误描述：只可以关闭待发货订单！ 

Himall.Core.HimallException: 只可以关闭待发货订单！



 记录时间：2019-01-25 14:26:33,949 
日志级别：  INFO  
出错类：Himall.Service.OrderService.AgreeToRefundBySeller  
错误描述：只可以关闭待发货订单！ 

Himall.Core.HimallException: 只可以关闭待发货订单！



 记录时间：2019-01-25 14:29:54,605 
日志级别：  INFO  
出错类：Himall.Service.OrderService.AgreeToRefundBySeller  
错误描述：只可以关闭待发货订单！ 

Himall.Core.HimallException: 只可以关闭待发货订单！



 记录时间：2019-01-25 14:29:54,835 
日志级别：  INFO  
出错类：Himall.Service.OrderService.AgreeToRefundBySeller  
错误描述：只可以关闭待发货订单！ 

Himall.Core.HimallException: 只可以关闭待发货订单！



 记录时间：2019-01-25 14:29:55,171 
日志级别：  INFO  
出错类：Himall.Service.OrderService.AgreeToRefundBySeller  
错误描述：只可以关闭待发货订单！ 

Himall.Core.HimallException: 只可以关闭待发货订单！



 记录时间：2019-01-25 14:29:55,429 
日志级别：  INFO  
出错类：Himall.Service.OrderService.AgreeToRefundBySeller  
错误描述：只可以关闭待发货订单！ 

Himall.Core.HimallException: 只可以关闭待发货订单！



 记录时间：2019-01-25 14:29:55,633 
日志级别：  INFO  
出错类：Himall.Service.OrderService.AgreeToRefundBySeller  
错误描述：只可以关闭待发货订单！ 

Himall.Core.HimallException: 只可以关闭待发货订单！



 记录时间：2019-01-25 15:04:59,524 
日志级别：  INFO  
出错类：Himall.Service.OrderService.AgreeToRefundBySeller  
错误描述：只可以关闭待发货订单！ 

Himall.Core.HimallException: 只可以关闭待发货订单！



 记录时间：2019-01-25 15:05:00,002 
日志级别：  INFO  
出错类：Himall.Service.OrderService.AgreeToRefundBySeller  
错误描述：只可以关闭待发货订单！ 

Himall.Core.HimallException: 只可以关闭待发货订单！



 记录时间：2019-01-25 15:05:01,242 
日志级别：  INFO  
出错类：Himall.Service.OrderService.AgreeToRefundBySeller  
错误描述：只可以关闭待发货订单！ 

Himall.Core.HimallException: 只可以关闭待发货订单！



 记录时间：2019-01-25 15:05:03,963 
日志级别：  INFO  
出错类：Himall.Service.OrderService.AgreeToRefundBySeller  
错误描述：只可以关闭待发货订单！ 

Himall.Core.HimallException: 只可以关闭待发货订单！



 记录时间：2019-01-25 15:05:05,841 
日志级别：  INFO  
出错类：Himall.Service.OrderService.AgreeToRefundBySeller  
错误描述：只可以关闭待发货订单！ 

Himall.Core.HimallException: 只可以关闭待发货订单！



 记录时间：2019-01-25 15:37:37,136 
日志级别：  INFO  
出错类：Himall.Web.MvcApplication.Application_End  
错误描述：2019-01-25 15:37:37 -  http://localhost:62443 




 记录时间：2019-01-25 15:37:57,646 
日志级别：  INFO  
出错类：Himall.PaymentPlugin.PaymentBase`1[T].set_WorkDirectory  
错误描述：set WorkDirectory:Himall.Plugin.Payment.Alipay.Service 




 记录时间：2019-01-25 15:37:57,656 
日志级别：  INFO  
出错类：Himall.PaymentPlugin.PaymentBase`1[T].set_WorkDirectory  
错误描述：set WorkDirectory:Himall.Plugin.Payment.Alipay_App.Service 




 记录时间：2019-01-25 15:37:57,672 
日志级别：  INFO  
出错类：Himall.PaymentPlugin.PaymentBase`1[T].set_WorkDirectory  
错误描述：set WorkDirectory:Himall.Plugin.Payment.Alipay_QRCode.Service 




 记录时间：2019-01-25 15:37:57,685 
日志级别：  INFO  
出错类：Himall.PaymentPlugin.PaymentBase`1[T].set_WorkDirectory  
错误描述：set WorkDirectory:Himall.Plugin.Payment.Alipay_WAP.Service 




 记录时间：2019-01-25 15:37:57,698 
日志级别：  INFO  
出错类：Himall.PaymentPlugin.PaymentBase`1[T].set_WorkDirectory  
错误描述：set WorkDirectory:Himall.Plugin.Payment.UnionPay.UnionPay 




 记录时间：2019-01-25 15:37:57,709 
日志级别：  INFO  
出错类：Himall.PaymentPlugin.PaymentBase`1[T].set_WorkDirectory  
错误描述：set WorkDirectory:Himall.Plugin.Payment.WeiXinPay.Service 




 记录时间：2019-01-25 15:37:57,721 
日志级别：  INFO  
出错类：Himall.PaymentPlugin.PaymentBase`1[T].set_WorkDirectory  
错误描述：set WorkDirectory:Himall.Plugin.Payment.WeiXinPay_App.Service 




 记录时间：2019-01-25 15:37:57,738 
日志级别：  INFO  
出错类：Himall.PaymentPlugin.PaymentBase`1[T].set_WorkDirectory  
错误描述：set WorkDirectory:Himall.Plugin.Payment.WeiXinPay_H5.Service 




 记录时间：2019-01-25 15:37:57,754 
日志级别：  INFO  
出错类：Himall.PaymentPlugin.PaymentBase`1[T].set_WorkDirectory  
错误描述：set WorkDirectory:Himall.Plugin.Payment.WeiXinPay_Native.WeiXinPay 




 记录时间：2019-01-25 15:37:57,766 
日志级别：  INFO  
出错类：Himall.PaymentPlugin.PaymentBase`1[T].set_WorkDirectory  
错误描述：set WorkDirectory:Himall.Plugin.Payment.WeiXinPay_O2OSmallProg.Service 




 记录时间：2019-01-25 15:37:57,779 
日志级别：  INFO  
出错类：Himall.PaymentPlugin.PaymentBase`1[T].set_WorkDirectory  
错误描述：set WorkDirectory:Himall.Plugin.Payment.WeiXinPay_SmallProg.Service 




 记录时间：2019-01-25 15:38:37,584 
日志级别：  INFO  
出错类：Himall.Web.MvcApplication.Application_End  
错误描述：2019-01-25 15:38:37 -  http://localhost:62443 




 记录时间：2019-01-25 15:39:06,173 
日志级别：  INFO  
出错类：Himall.PaymentPlugin.PaymentBase`1[T].set_WorkDirectory  
错误描述：set WorkDirectory:Himall.Plugin.Payment.Alipay.Service 




 记录时间：2019-01-25 15:39:06,211 
日志级别：  INFO  
出错类：Himall.PaymentPlugin.PaymentBase`1[T].set_WorkDirectory  
错误描述：set WorkDirectory:Himall.Plugin.Payment.Alipay_App.Service 




 记录时间：2019-01-25 15:39:06,238 
日志级别：  INFO  
出错类：Himall.PaymentPlugin.PaymentBase`1[T].set_WorkDirectory  
错误描述：set WorkDirectory:Himall.Plugin.Payment.Alipay_QRCode.Service 




 记录时间：2019-01-25 15:39:06,257 
日志级别：  INFO  
出错类：Himall.PaymentPlugin.PaymentBase`1[T].set_WorkDirectory  
错误描述：set WorkDirectory:Himall.Plugin.Payment.Alipay_WAP.Service 




 记录时间：2019-01-25 15:39:06,281 
日志级别：  INFO  
出错类：Himall.PaymentPlugin.PaymentBase`1[T].set_WorkDirectory  
错误描述：set WorkDirectory:Himall.Plugin.Payment.UnionPay.UnionPay 




 记录时间：2019-01-25 15:39:06,311 
日志级别：  INFO  
出错类：Himall.PaymentPlugin.PaymentBase`1[T].set_WorkDirectory  
错误描述：set WorkDirectory:Himall.Plugin.Payment.WeiXinPay.Service 




 记录时间：2019-01-25 15:39:06,361 
日志级别：  INFO  
出错类：Himall.PaymentPlugin.PaymentBase`1[T].set_WorkDirectory  
错误描述：set WorkDirectory:Himall.Plugin.Payment.WeiXinPay_App.Service 




 记录时间：2019-01-25 15:39:06,382 
日志级别：  INFO  
出错类：Himall.PaymentPlugin.PaymentBase`1[T].set_WorkDirectory  
错误描述：set WorkDirectory:Himall.Plugin.Payment.WeiXinPay_H5.Service 




 记录时间：2019-01-25 15:39:06,401 
日志级别：  INFO  
出错类：Himall.PaymentPlugin.PaymentBase`1[T].set_WorkDirectory  
错误描述：set WorkDirectory:Himall.Plugin.Payment.WeiXinPay_Native.WeiXinPay 




 记录时间：2019-01-25 15:39:06,419 
日志级别：  INFO  
出错类：Himall.PaymentPlugin.PaymentBase`1[T].set_WorkDirectory  
错误描述：set WorkDirectory:Himall.Plugin.Payment.WeiXinPay_O2OSmallProg.Service 




 记录时间：2019-01-25 15:39:06,439 
日志级别：  INFO  
出错类：Himall.PaymentPlugin.PaymentBase`1[T].set_WorkDirectory  
错误描述：set WorkDirectory:Himall.Plugin.Payment.WeiXinPay_SmallProg.Service 




 记录时间：2019-01-25 15:41:48,071 
日志级别：  INFO  
出错类：Himall.Service.OrderService.AgreeToRefundBySeller  
错误描述：只可以关闭待发货订单！ 

Himall.Core.HimallException: 只可以关闭待发货订单！



 记录时间：2019-01-25 15:41:48,475 
日志级别：  INFO  
出错类：Himall.Service.OrderService.AgreeToRefundBySeller  
错误描述：只可以关闭待发货订单！ 

Himall.Core.HimallException: 只可以关闭待发货订单！



 记录时间：2019-01-25 15:41:48,780 
日志级别：  INFO  
出错类：Himall.Service.OrderService.AgreeToRefundBySeller  
错误描述：只可以关闭待发货订单！ 

Himall.Core.HimallException: 只可以关闭待发货订单！



 记录时间：2019-01-25 15:41:49,341 
日志级别：  INFO  
出错类：Himall.Service.OrderService.AgreeToRefundBySeller  
错误描述：只可以关闭待发货订单！ 

Himall.Core.HimallException: 只可以关闭待发货订单！



 记录时间：2019-01-25 15:41:49,467 
日志级别：  INFO  
出错类：Himall.Service.OrderService.AgreeToRefundBySeller  
错误描述：只可以关闭待发货订单！ 

Himall.Core.HimallException: 只可以关闭待发货订单！



 记录时间：2019-01-25 16:06:50,666 
日志级别：  INFO  
出错类：Himall.Web.MvcApplication.Application_End  
错误描述：2019-01-25 16:06:50 -  http://localhost:62443 




 记录时间：2019-01-25 16:07:25,153 
日志级别：  INFO  
出错类：Himall.PaymentPlugin.PaymentBase`1[T].set_WorkDirectory  
错误描述：set WorkDirectory:Himall.Plugin.Payment.Alipay.Service 




 记录时间：2019-01-25 16:07:25,168 
日志级别：  INFO  
出错类：Himall.PaymentPlugin.PaymentBase`1[T].set_WorkDirectory  
错误描述：set WorkDirectory:Himall.Plugin.Payment.Alipay_App.Service 




 记录时间：2019-01-25 16:07:25,183 
日志级别：  INFO  
出错类：Himall.PaymentPlugin.PaymentBase`1[T].set_WorkDirectory  
错误描述：set WorkDirectory:Himall.Plugin.Payment.Alipay_QRCode.Service 




 记录时间：2019-01-25 16:07:25,199 
日志级别：  INFO  
出错类：Himall.PaymentPlugin.PaymentBase`1[T].set_WorkDirectory  
错误描述：set WorkDirectory:Himall.Plugin.Payment.Alipay_WAP.Service 




 记录时间：2019-01-25 16:07:25,218 
日志级别：  INFO  
出错类：Himall.PaymentPlugin.PaymentBase`1[T].set_WorkDirectory  
错误描述：set WorkDirectory:Himall.Plugin.Payment.UnionPay.UnionPay 




 记录时间：2019-01-25 16:07:25,233 
日志级别：  INFO  
出错类：Himall.PaymentPlugin.PaymentBase`1[T].set_WorkDirectory  
错误描述：set WorkDirectory:Himall.Plugin.Payment.WeiXinPay.Service 




 记录时间：2019-01-25 16:07:25,250 
日志级别：  INFO  
出错类：Himall.PaymentPlugin.PaymentBase`1[T].set_WorkDirectory  
错误描述：set WorkDirectory:Himall.Plugin.Payment.WeiXinPay_App.Service 




 记录时间：2019-01-25 16:07:25,263 
日志级别：  INFO  
出错类：Himall.PaymentPlugin.PaymentBase`1[T].set_WorkDirectory  
错误描述：set WorkDirectory:Himall.Plugin.Payment.WeiXinPay_H5.Service 




 记录时间：2019-01-25 16:07:25,280 
日志级别：  INFO  
出错类：Himall.PaymentPlugin.PaymentBase`1[T].set_WorkDirectory  
错误描述：set WorkDirectory:Himall.Plugin.Payment.WeiXinPay_Native.WeiXinPay 




 记录时间：2019-01-25 16:07:25,297 
日志级别：  INFO  
出错类：Himall.PaymentPlugin.PaymentBase`1[T].set_WorkDirectory  
错误描述：set WorkDirectory:Himall.Plugin.Payment.WeiXinPay_O2OSmallProg.Service 




 记录时间：2019-01-25 16:07:25,320 
日志级别：  INFO  
出错类：Himall.PaymentPlugin.PaymentBase`1[T].set_WorkDirectory  
错误描述：set WorkDirectory:Himall.Plugin.Payment.WeiXinPay_SmallProg.Service 




 记录时间：2019-01-25 16:07:25,822 
日志级别：  INFO  
出错类：Himall.Web.MvcApplication.Application_End  
错误描述：2019-01-25 16:07:25 -  http://localhost:62443 




 记录时间：2019-01-25 16:07:46,636 
日志级别：  INFO  
出错类：Himall.PaymentPlugin.PaymentBase`1[T].set_WorkDirectory  
错误描述：set WorkDirectory:Himall.Plugin.Payment.Alipay.Service 




 记录时间：2019-01-25 16:07:46,669 
日志级别：  INFO  
出错类：Himall.PaymentPlugin.PaymentBase`1[T].set_WorkDirectory  
错误描述：set WorkDirectory:Himall.Plugin.Payment.Alipay_App.Service 




 记录时间：2019-01-25 16:07:46,679 
日志级别：  INFO  
出错类：Himall.PaymentPlugin.PaymentBase`1[T].set_WorkDirectory  
错误描述：set WorkDirectory:Himall.Plugin.Payment.Alipay_QRCode.Service 




 记录时间：2019-01-25 16:07:46,710 
日志级别：  INFO  
出错类：Himall.PaymentPlugin.PaymentBase`1[T].set_WorkDirectory  
错误描述：set WorkDirectory:Himall.Plugin.Payment.Alipay_WAP.Service 




 记录时间：2019-01-25 16:07:46,727 
日志级别：  INFO  
出错类：Himall.PaymentPlugin.PaymentBase`1[T].set_WorkDirectory  
错误描述：set WorkDirectory:Himall.Plugin.Payment.UnionPay.UnionPay 




 记录时间：2019-01-25 16:07:46,738 
日志级别：  INFO  
出错类：Himall.PaymentPlugin.PaymentBase`1[T].set_WorkDirectory  
错误描述：set WorkDirectory:Himall.Plugin.Payment.WeiXinPay.Service 




 记录时间：2019-01-25 16:07:46,748 
日志级别：  INFO  
出错类：Himall.PaymentPlugin.PaymentBase`1[T].set_WorkDirectory  
错误描述：set WorkDirectory:Himall.Plugin.Payment.WeiXinPay_App.Service 




 记录时间：2019-01-25 16:07:46,789 
日志级别：  INFO  
出错类：Himall.PaymentPlugin.PaymentBase`1[T].set_WorkDirectory  
错误描述：set WorkDirectory:Himall.Plugin.Payment.WeiXinPay_H5.Service 




 记录时间：2019-01-25 16:07:46,799 
日志级别：  INFO  
出错类：Himall.PaymentPlugin.PaymentBase`1[T].set_WorkDirectory  
错误描述：set WorkDirectory:Himall.Plugin.Payment.WeiXinPay_Native.WeiXinPay 




 记录时间：2019-01-25 16:07:46,809 
日志级别：  INFO  
出错类：Himall.PaymentPlugin.PaymentBase`1[T].set_WorkDirectory  
错误描述：set WorkDirectory:Himall.Plugin.Payment.WeiXinPay_O2OSmallProg.Service 




 记录时间：2019-01-25 16:07:46,840 
日志级别：  INFO  
出错类：Himall.PaymentPlugin.PaymentBase`1[T].set_WorkDirectory  
错误描述：set WorkDirectory:Himall.Plugin.Payment.WeiXinPay_SmallProg.Service 




 记录时间：2019-01-25 16:33:42,280 
日志级别：  INFO  
出错类：Himall.Web.MvcApplication.Application_End  
错误描述：2019-01-25 16:33:42 -  http://localhost:62443 




 记录时间：2019-01-25 16:34:04,882 
日志级别：  INFO  
出错类：Himall.PaymentPlugin.PaymentBase`1[T].set_WorkDirectory  
错误描述：set WorkDirectory:Himall.Plugin.Payment.Alipay.Service 




 记录时间：2019-01-25 16:34:04,898 
日志级别：  INFO  
出错类：Himall.PaymentPlugin.PaymentBase`1[T].set_WorkDirectory  
错误描述：set WorkDirectory:Himall.Plugin.Payment.Alipay_App.Service 




 记录时间：2019-01-25 16:34:04,912 
日志级别：  INFO  
出错类：Himall.PaymentPlugin.PaymentBase`1[T].set_WorkDirectory  
错误描述：set WorkDirectory:Himall.Plugin.Payment.Alipay_QRCode.Service 




 记录时间：2019-01-25 16:34:04,926 
日志级别：  INFO  
出错类：Himall.PaymentPlugin.PaymentBase`1[T].set_WorkDirectory  
错误描述：set WorkDirectory:Himall.Plugin.Payment.Alipay_WAP.Service 




 记录时间：2019-01-25 16:34:04,943 
日志级别：  INFO  
出错类：Himall.PaymentPlugin.PaymentBase`1[T].set_WorkDirectory  
错误描述：set WorkDirectory:Himall.Plugin.Payment.UnionPay.UnionPay 




 记录时间：2019-01-25 16:34:04,961 
日志级别：  INFO  
出错类：Himall.PaymentPlugin.PaymentBase`1[T].set_WorkDirectory  
错误描述：set WorkDirectory:Himall.Plugin.Payment.WeiXinPay.Service 




 记录时间：2019-01-25 16:34:05,026 
日志级别：  INFO  
出错类：Himall.PaymentPlugin.PaymentBase`1[T].set_WorkDirectory  
错误描述：set WorkDirectory:Himall.Plugin.Payment.WeiXinPay_App.Service 




 记录时间：2019-01-25 16:34:05,041 
日志级别：  INFO  
出错类：Himall.PaymentPlugin.PaymentBase`1[T].set_WorkDirectory  
错误描述：set WorkDirectory:Himall.Plugin.Payment.WeiXinPay_H5.Service 




 记录时间：2019-01-25 16:34:05,056 
日志级别：  INFO  
出错类：Himall.PaymentPlugin.PaymentBase`1[T].set_WorkDirectory  
错误描述：set WorkDirectory:Himall.Plugin.Payment.WeiXinPay_Native.WeiXinPay 




 记录时间：2019-01-25 16:34:05,068 
日志级别：  INFO  
出错类：Himall.PaymentPlugin.PaymentBase`1[T].set_WorkDirectory  
错误描述：set WorkDirectory:Himall.Plugin.Payment.WeiXinPay_O2OSmallProg.Service 




 记录时间：2019-01-25 16:34:05,079 
日志级别：  INFO  
出错类：Himall.PaymentPlugin.PaymentBase`1[T].set_WorkDirectory  
错误描述：set WorkDirectory:Himall.Plugin.Payment.WeiXinPay_SmallProg.Service 




 记录时间：2019-01-25 16:34:35,493 
日志级别：  INFO  
出错类：Himall.Web.MvcApplication.Application_End  
错误描述：2019-01-25 16:34:35 -  http://localhost:62443 




 记录时间：2019-01-25 16:34:48,464 
日志级别：  INFO  
出错类：Himall.PaymentPlugin.PaymentBase`1[T].set_WorkDirectory  
错误描述：set WorkDirectory:Himall.Plugin.Payment.Alipay.Service 




 记录时间：2019-01-25 16:34:48,473 
日志级别：  INFO  
出错类：Himall.PaymentPlugin.PaymentBase`1[T].set_WorkDirectory  
错误描述：set WorkDirectory:Himall.Plugin.Payment.Alipay_App.Service 




 记录时间：2019-01-25 16:34:48,480 
日志级别：  INFO  
出错类：Himall.PaymentPlugin.PaymentBase`1[T].set_WorkDirectory  
错误描述：set WorkDirectory:Himall.Plugin.Payment.Alipay_QRCode.Service 




 记录时间：2019-01-25 16:34:48,489 
日志级别：  INFO  
出错类：Himall.PaymentPlugin.PaymentBase`1[T].set_WorkDirectory  
错误描述：set WorkDirectory:Himall.Plugin.Payment.Alipay_WAP.Service 




 记录时间：2019-01-25 16:34:48,499 
日志级别：  INFO  
出错类：Himall.PaymentPlugin.PaymentBase`1[T].set_WorkDirectory  
错误描述：set WorkDirectory:Himall.Plugin.Payment.UnionPay.UnionPay 




 记录时间：2019-01-25 16:34:48,508 
日志级别：  INFO  
出错类：Himall.PaymentPlugin.PaymentBase`1[T].set_WorkDirectory  
错误描述：set WorkDirectory:Himall.Plugin.Payment.WeiXinPay.Service 




 记录时间：2019-01-25 16:34:48,517 
日志级别：  INFO  
出错类：Himall.PaymentPlugin.PaymentBase`1[T].set_WorkDirectory  
错误描述：set WorkDirectory:Himall.Plugin.Payment.WeiXinPay_App.Service 




 记录时间：2019-01-25 16:34:48,528 
日志级别：  INFO  
出错类：Himall.PaymentPlugin.PaymentBase`1[T].set_WorkDirectory  
错误描述：set WorkDirectory:Himall.Plugin.Payment.WeiXinPay_H5.Service 




 记录时间：2019-01-25 16:34:48,535 
日志级别：  INFO  
出错类：Himall.PaymentPlugin.PaymentBase`1[T].set_WorkDirectory  
错误描述：set WorkDirectory:Himall.Plugin.Payment.WeiXinPay_Native.WeiXinPay 




 记录时间：2019-01-25 16:34:48,543 
日志级别：  INFO  
出错类：Himall.PaymentPlugin.PaymentBase`1[T].set_WorkDirectory  
错误描述：set WorkDirectory:Himall.Plugin.Payment.WeiXinPay_O2OSmallProg.Service 




 记录时间：2019-01-25 16:34:48,552 
日志级别：  INFO  
出错类：Himall.PaymentPlugin.PaymentBase`1[T].set_WorkDirectory  
错误描述：set WorkDirectory:Himall.Plugin.Payment.WeiXinPay_SmallProg.Service 

