


 记录时间：2019-01-02 09:49:37,414 
日志级别：  INFO  
出错类：Himall.PaymentPlugin.PaymentBase`1[T].set_WorkDirectory  
错误描述：set WorkDirectory:Himall.Plugin.Payment.Alipay.Service 




 记录时间：2019-01-02 09:49:37,447 
日志级别：  INFO  
出错类：Himall.PaymentPlugin.PaymentBase`1[T].set_WorkDirectory  
错误描述：set WorkDirectory:Himall.Plugin.Payment.Alipay_App.Service 




 记录时间：2019-01-02 09:49:37,487 
日志级别：  INFO  
出错类：Himall.PaymentPlugin.PaymentBase`1[T].set_WorkDirectory  
错误描述：set WorkDirectory:Himall.Plugin.Payment.Alipay_QRCode.Service 




 记录时间：2019-01-02 09:49:37,508 
日志级别：  INFO  
出错类：Himall.PaymentPlugin.PaymentBase`1[T].set_WorkDirectory  
错误描述：set WorkDirectory:Himall.Plugin.Payment.Alipay_WAP.Service 




 记录时间：2019-01-02 09:49:37,526 
日志级别：  INFO  
出错类：Himall.PaymentPlugin.PaymentBase`1[T].set_WorkDirectory  
错误描述：set WorkDirectory:Himall.Plugin.Payment.UnionPay.UnionPay 




 记录时间：2019-01-02 09:49:37,552 
日志级别：  INFO  
出错类：Himall.PaymentPlugin.PaymentBase`1[T].set_WorkDirectory  
错误描述：set WorkDirectory:Himall.Plugin.Payment.WeiXinPay.Service 




 记录时间：2019-01-02 09:49:37,572 
日志级别：  INFO  
出错类：Himall.PaymentPlugin.PaymentBase`1[T].set_WorkDirectory  
错误描述：set WorkDirectory:Himall.Plugin.Payment.WeiXinPay_App.Service 




 记录时间：2019-01-02 09:49:37,592 
日志级别：  INFO  
出错类：Himall.PaymentPlugin.PaymentBase`1[T].set_WorkDirectory  
错误描述：set WorkDirectory:Himall.Plugin.Payment.WeiXinPay_H5.Service 




 记录时间：2019-01-02 09:49:37,615 
日志级别：  INFO  
出错类：Himall.PaymentPlugin.PaymentBase`1[T].set_WorkDirectory  
错误描述：set WorkDirectory:Himall.Plugin.Payment.WeiXinPay_Native.WeiXinPay 




 记录时间：2019-01-02 09:49:37,639 
日志级别：  INFO  
出错类：Himall.PaymentPlugin.PaymentBase`1[T].set_WorkDirectory  
错误描述：set WorkDirectory:Himall.Plugin.Payment.WeiXinPay_O2OSmallProg.Service 




 记录时间：2019-01-02 09:49:37,662 
日志级别：  INFO  
出错类：Himall.PaymentPlugin.PaymentBase`1[T].set_WorkDirectory  
错误描述：set WorkDirectory:Himall.Plugin.Payment.WeiXinPay_SmallProg.Service 




 记录时间：2019-01-02 10:09:13,349 
日志级别：  INFO  
出错类：Himall.Web.MvcApplication.Application_End  
错误描述：2019-01-02 10:09:13 -  http://localhost:62443 




 记录时间：2019-01-02 11:18:37,244 
日志级别：  INFO  
出错类：Himall.PaymentPlugin.PaymentBase`1[T].set_WorkDirectory  
错误描述：set WorkDirectory:Himall.Plugin.Payment.Alipay.Service 




 记录时间：2019-01-02 11:18:37,399 
日志级别：  INFO  
出错类：Himall.PaymentPlugin.PaymentBase`1[T].set_WorkDirectory  
错误描述：set WorkDirectory:Himall.Plugin.Payment.Alipay_App.Service 




 记录时间：2019-01-02 11:18:37,435 
日志级别：  INFO  
出错类：Himall.PaymentPlugin.PaymentBase`1[T].set_WorkDirectory  
错误描述：set WorkDirectory:Himall.Plugin.Payment.Alipay_QRCode.Service 




 记录时间：2019-01-02 11:18:37,463 
日志级别：  INFO  
出错类：Himall.PaymentPlugin.PaymentBase`1[T].set_WorkDirectory  
错误描述：set WorkDirectory:Himall.Plugin.Payment.Alipay_WAP.Service 




 记录时间：2019-01-02 11:18:37,498 
日志级别：  INFO  
出错类：Himall.PaymentPlugin.PaymentBase`1[T].set_WorkDirectory  
错误描述：set WorkDirectory:Himall.Plugin.Payment.UnionPay.UnionPay 




 记录时间：2019-01-02 11:18:37,551 
日志级别：  INFO  
出错类：Himall.PaymentPlugin.PaymentBase`1[T].set_WorkDirectory  
错误描述：set WorkDirectory:Himall.Plugin.Payment.WeiXinPay.Service 




 记录时间：2019-01-02 11:18:37,578 
日志级别：  INFO  
出错类：Himall.PaymentPlugin.PaymentBase`1[T].set_WorkDirectory  
错误描述：set WorkDirectory:Himall.Plugin.Payment.WeiXinPay_App.Service 




 记录时间：2019-01-02 11:18:37,616 
日志级别：  INFO  
出错类：Himall.PaymentPlugin.PaymentBase`1[T].set_WorkDirectory  
错误描述：set WorkDirectory:Himall.Plugin.Payment.WeiXinPay_H5.Service 




 记录时间：2019-01-02 11:18:37,652 
日志级别：  INFO  
出错类：Himall.PaymentPlugin.PaymentBase`1[T].set_WorkDirectory  
错误描述：set WorkDirectory:Himall.Plugin.Payment.WeiXinPay_Native.WeiXinPay 




 记录时间：2019-01-02 11:18:37,699 
日志级别：  INFO  
出错类：Himall.PaymentPlugin.PaymentBase`1[T].set_WorkDirectory  
错误描述：set WorkDirectory:Himall.Plugin.Payment.WeiXinPay_O2OSmallProg.Service 




 记录时间：2019-01-02 11:18:37,731 
日志级别：  INFO  
出错类：Himall.PaymentPlugin.PaymentBase`1[T].set_WorkDirectory  
错误描述：set WorkDirectory:Himall.Plugin.Payment.WeiXinPay_SmallProg.Service 




 记录时间：2019-01-02 11:26:04,130 
日志级别：  INFO  
出错类：Himall.Service.OrderService.SendMessage  
错误描述：进入SendMessage发送短信通知方法里面 




 记录时间：2019-01-02 11:26:04,236 
日志级别：  INFO  
出错类：Himall.Service.OrderService.SendMessage  
错误描述：准备进入SendMessageOnOrderCreate发送短信通知方法里面 




 记录时间：2019-01-02 11:26:04,244 
日志级别：  INFO  
出错类：Himall.Plugin.Message.Email.EmailCore.GetMessageStatus  
错误描述：email3---sss 




 记录时间：2019-01-02 11:26:04,292 
日志级别：  INFO  
出错类：Himall.Plugin.Message.Email.EmailCore.GetMessageStatus  
错误描述：email2---:?<?xml version="1.0" encoding="utf-8" ?>
<MessageStatus>
  <OrderCreated>1</OrderCreated>
  <OrderPay>1</OrderPay>
  <OrderShipping>1</OrderShipping>
  <OrderRefund>1</OrderRefund>
  <RefundDeliver>1</RefundDeliver>
  <FindPassWord>1</FindPassWord>
  <ShopAudited>1</ShopAudited>
  <ShopHaveNewOrder>3</ShopHaveNewOrder>
  <ReceiveBonus>3</ReceiveBonus>
  <LimitTimeBuy>3</LimitTimeBuy>
  <SubscribeLimitTimeBuy>3</SubscribeLimitTimeBuy>
  <FightGroupOpenSuccess>3</FightGroupOpenSuccess>
  <FightGroupJoinSuccess>3</FightGroupJoinSuccess>
  <FightGroupNewJoin>3</FightGroupNewJoin>
  <FightGroupFailed>3</FightGroupFailed>
  <FightGroupSuccess>3</FightGroupSuccess>
  <SendCouponSuccess>1</SendCouponSuccess>
</MessageStatus> 




 记录时间：2019-01-02 11:26:04,304 
日志级别：  INFO  
出错类：Himall.Plugin.Message.Email.EmailCore.GetMessageStatus  
错误描述：email3---eee 




 记录时间：2019-01-02 11:26:04,316 
日志级别：  INFO  
出错类：Himall.Plugin.Message.Email.EmailCore.GetMessageStatus  
错误描述：email3---sss 




 记录时间：2019-01-02 11:26:04,318 
日志级别：  INFO  
出错类：Himall.Plugin.Message.Email.EmailCore.GetMessageStatus  
错误描述：email2---:?<?xml version="1.0" encoding="utf-8" ?>
<MessageStatus>
  <OrderCreated>1</OrderCreated>
  <OrderPay>1</OrderPay>
  <OrderShipping>1</OrderShipping>
  <OrderRefund>1</OrderRefund>
  <RefundDeliver>1</RefundDeliver>
  <FindPassWord>1</FindPassWord>
  <ShopAudited>1</ShopAudited>
  <ShopHaveNewOrder>3</ShopHaveNewOrder>
  <ReceiveBonus>3</ReceiveBonus>
  <LimitTimeBuy>3</LimitTimeBuy>
  <SubscribeLimitTimeBuy>3</SubscribeLimitTimeBuy>
  <FightGroupOpenSuccess>3</FightGroupOpenSuccess>
  <FightGroupJoinSuccess>3</FightGroupJoinSuccess>
  <FightGroupNewJoin>3</FightGroupNewJoin>
  <FightGroupFailed>3</FightGroupFailed>
  <FightGroupSuccess>3</FightGroupSuccess>
  <SendCouponSuccess>1</SendCouponSuccess>
</MessageStatus> 




 记录时间：2019-01-02 11:26:04,319 
日志级别：  INFO  
出错类：Himall.Plugin.Message.Email.EmailCore.GetMessageStatus  
错误描述：email3---eee 




 记录时间：2019-01-02 11:26:05,028 
日志级别：  INFO  
出错类：Himall.PaymentPlugin.PaymentBase`1[T].get_WorkDirectory  
错误描述：get WorkDirectory:Himall.Plugin.Payment.Alipay_WAP.Service 




 记录时间：2019-01-02 11:26:05,116 
日志级别：  INFO  
出错类：Himall.PaymentPlugin.PaymentBase`1[T].get_WorkDirectory  
错误描述：get WorkDirectory:Himall.Plugin.Payment.WeiXinPay.Service 




 记录时间：2019-01-02 11:26:10,432 
日志级别：  INFO  
出错类：Himall.Web.Areas.Mobile.Controllers.PaymentController.Pay  
错误描述：其他详情 :  returnPre = http://localhost:62443/m-Wap/vshop/detail/20 notifyPre = http://localhost:62443/m-Wap/Payment/Notify/Himall-Plugin-Payment-WeiXinPay ids = 2019010225627477 totalAmount=121.00 productInfos=1111111111 openId= 




 记录时间：2019-01-02 11:26:10,438 
日志级别：  INFO  
出错类：Himall.PaymentPlugin.PaymentBase`1[T].get_WorkDirectory  
错误描述：get WorkDirectory:Himall.Plugin.Payment.WeiXinPay.Service 




 记录时间：2019-01-02 11:26:10,964 
日志级别：  INFO  
出错类：Himall.Web.Areas.Mobile.Controllers.PaymentController.Pay  
错误描述：错误的支付方式 

Himall.Core.HimallException: 错误的支付方式



 记录时间：2019-01-02 11:26:45,572 
日志级别：  INFO  
出错类：Himall.Web.Areas.Mobile.Controllers.PaymentController.Pay  
错误描述：其他详情 :  returnPre = http://localhost:62443/m-Wap/Member/PaymentToOrders?ids=2019010225627477 notifyPre = http://localhost:62443/m-Wap/Payment/Notify/Himall-Plugin-Payment-Alipay_WAP ids = 2019010225627477 totalAmount=121.00 productInfos=1111111111 openId= 




 记录时间：2019-01-02 11:26:45,578 
日志级别：  INFO  
出错类：Himall.PaymentPlugin.PaymentBase`1[T].get_WorkDirectory  
错误描述：get WorkDirectory:Himall.Plugin.Payment.Alipay_WAP.Service 




 记录时间：2019-01-02 11:26:45,838 
日志级别：  INFO  
出错类：Himall.Web.Areas.Mobile.Controllers.PaymentController.Pay  
错误描述：错误的支付方式 

Himall.Core.HimallException: 错误的支付方式



 记录时间：2019-01-02 11:28:11,612 
日志级别：  INFO  
出错类：Himall.Web.MvcApplication.Application_End  
错误描述：2019-01-02 11:28:11 -  http://localhost:62443 




 记录时间：2019-01-02 11:30:05,590 
日志级别：  INFO  
出错类：Himall.PaymentPlugin.PaymentBase`1[T].set_WorkDirectory  
错误描述：set WorkDirectory:Himall.Plugin.Payment.Alipay.Service 




 记录时间：2019-01-02 11:30:05,638 
日志级别：  INFO  
出错类：Himall.PaymentPlugin.PaymentBase`1[T].set_WorkDirectory  
错误描述：set WorkDirectory:Himall.Plugin.Payment.Alipay_App.Service 




 记录时间：2019-01-02 11:30:05,667 
日志级别：  INFO  
出错类：Himall.PaymentPlugin.PaymentBase`1[T].set_WorkDirectory  
错误描述：set WorkDirectory:Himall.Plugin.Payment.Alipay_QRCode.Service 




 记录时间：2019-01-02 11:30:05,699 
日志级别：  INFO  
出错类：Himall.PaymentPlugin.PaymentBase`1[T].set_WorkDirectory  
错误描述：set WorkDirectory:Himall.Plugin.Payment.Alipay_WAP.Service 




 记录时间：2019-01-02 11:30:05,727 
日志级别：  INFO  
出错类：Himall.PaymentPlugin.PaymentBase`1[T].set_WorkDirectory  
错误描述：set WorkDirectory:Himall.Plugin.Payment.UnionPay.UnionPay 




 记录时间：2019-01-02 11:30:05,762 
日志级别：  INFO  
出错类：Himall.PaymentPlugin.PaymentBase`1[T].set_WorkDirectory  
错误描述：set WorkDirectory:Himall.Plugin.Payment.WeiXinPay.Service 




 记录时间：2019-01-02 11:30:05,792 
日志级别：  INFO  
出错类：Himall.PaymentPlugin.PaymentBase`1[T].set_WorkDirectory  
错误描述：set WorkDirectory:Himall.Plugin.Payment.WeiXinPay_App.Service 




 记录时间：2019-01-02 11:30:05,829 
日志级别：  INFO  
出错类：Himall.PaymentPlugin.PaymentBase`1[T].set_WorkDirectory  
错误描述：set WorkDirectory:Himall.Plugin.Payment.WeiXinPay_H5.Service 




 记录时间：2019-01-02 11:30:05,889 
日志级别：  INFO  
出错类：Himall.PaymentPlugin.PaymentBase`1[T].set_WorkDirectory  
错误描述：set WorkDirectory:Himall.Plugin.Payment.WeiXinPay_Native.WeiXinPay 




 记录时间：2019-01-02 11:30:05,939 
日志级别：  INFO  
出错类：Himall.PaymentPlugin.PaymentBase`1[T].set_WorkDirectory  
错误描述：set WorkDirectory:Himall.Plugin.Payment.WeiXinPay_O2OSmallProg.Service 




 记录时间：2019-01-02 11:30:05,967 
日志级别：  INFO  
出错类：Himall.PaymentPlugin.PaymentBase`1[T].set_WorkDirectory  
错误描述：set WorkDirectory:Himall.Plugin.Payment.WeiXinPay_SmallProg.Service 




 记录时间：2019-01-02 11:32:08,515 
日志级别：  INFO  
出错类：Himall.Service.OrderService.SendMessage  
错误描述：进入SendMessage发送短信通知方法里面 




 记录时间：2019-01-02 11:32:08,573 
日志级别：  INFO  
出错类：Himall.Service.OrderService.SendMessage  
错误描述：准备进入SendMessageOnOrderCreate发送短信通知方法里面 




 记录时间：2019-01-02 11:32:08,580 
日志级别：  INFO  
出错类：Himall.Plugin.Message.Email.EmailCore.GetMessageStatus  
错误描述：email3---sss 




 记录时间：2019-01-02 11:32:08,657 
日志级别：  INFO  
出错类：Himall.Plugin.Message.Email.EmailCore.GetMessageStatus  
错误描述：email2---:?<?xml version="1.0" encoding="utf-8" ?>
<MessageStatus>
  <OrderCreated>1</OrderCreated>
  <OrderPay>1</OrderPay>
  <OrderShipping>1</OrderShipping>
  <OrderRefund>1</OrderRefund>
  <RefundDeliver>1</RefundDeliver>
  <FindPassWord>1</FindPassWord>
  <ShopAudited>1</ShopAudited>
  <ShopHaveNewOrder>3</ShopHaveNewOrder>
  <ReceiveBonus>3</ReceiveBonus>
  <LimitTimeBuy>3</LimitTimeBuy>
  <SubscribeLimitTimeBuy>3</SubscribeLimitTimeBuy>
  <FightGroupOpenSuccess>3</FightGroupOpenSuccess>
  <FightGroupJoinSuccess>3</FightGroupJoinSuccess>
  <FightGroupNewJoin>3</FightGroupNewJoin>
  <FightGroupFailed>3</FightGroupFailed>
  <FightGroupSuccess>3</FightGroupSuccess>
  <SendCouponSuccess>1</SendCouponSuccess>
</MessageStatus> 




 记录时间：2019-01-02 11:32:08,674 
日志级别：  INFO  
出错类：Himall.Plugin.Message.Email.EmailCore.GetMessageStatus  
错误描述：email3---eee 




 记录时间：2019-01-02 11:32:08,692 
日志级别：  INFO  
出错类：Himall.Plugin.Message.Email.EmailCore.GetMessageStatus  
错误描述：email3---sss 




 记录时间：2019-01-02 11:32:08,695 
日志级别：  INFO  
出错类：Himall.Plugin.Message.Email.EmailCore.GetMessageStatus  
错误描述：email2---:?<?xml version="1.0" encoding="utf-8" ?>
<MessageStatus>
  <OrderCreated>1</OrderCreated>
  <OrderPay>1</OrderPay>
  <OrderShipping>1</OrderShipping>
  <OrderRefund>1</OrderRefund>
  <RefundDeliver>1</RefundDeliver>
  <FindPassWord>1</FindPassWord>
  <ShopAudited>1</ShopAudited>
  <ShopHaveNewOrder>3</ShopHaveNewOrder>
  <ReceiveBonus>3</ReceiveBonus>
  <LimitTimeBuy>3</LimitTimeBuy>
  <SubscribeLimitTimeBuy>3</SubscribeLimitTimeBuy>
  <FightGroupOpenSuccess>3</FightGroupOpenSuccess>
  <FightGroupJoinSuccess>3</FightGroupJoinSuccess>
  <FightGroupNewJoin>3</FightGroupNewJoin>
  <FightGroupFailed>3</FightGroupFailed>
  <FightGroupSuccess>3</FightGroupSuccess>
  <SendCouponSuccess>1</SendCouponSuccess>
</MessageStatus> 




 记录时间：2019-01-02 11:32:08,697 
日志级别：  INFO  
出错类：Himall.Plugin.Message.Email.EmailCore.GetMessageStatus  
错误描述：email3---eee 




 记录时间：2019-01-02 11:32:09,855 
日志级别：  INFO  
出错类：Himall.PaymentPlugin.PaymentBase`1[T].get_WorkDirectory  
错误描述：get WorkDirectory:Himall.Plugin.Payment.Alipay_WAP.Service 




 记录时间：2019-01-02 11:32:09,945 
日志级别：  INFO  
出错类：Himall.PaymentPlugin.PaymentBase`1[T].get_WorkDirectory  
错误描述：get WorkDirectory:Himall.Plugin.Payment.WeiXinPay.Service 




 记录时间：2019-01-02 11:32:16,780 
日志级别：  INFO  
出错类：Himall.Web.Areas.Mobile.Controllers.PaymentController.Pay  
错误描述：其他详情 :  returnPre = http://localhost:62443/m-Wap/vshop/detail/20 notifyPre = http://localhost:62443/m-Wap/Payment/Notify/Himall-Plugin-Payment-WeiXinPay ids = 2019010209732171 totalAmount=121.00 productInfos=1111111111 openId= 




 记录时间：2019-01-02 11:32:16,786 
日志级别：  INFO  
出错类：Himall.PaymentPlugin.PaymentBase`1[T].get_WorkDirectory  
错误描述：get WorkDirectory:Himall.Plugin.Payment.WeiXinPay.Service 




 记录时间：2019-01-02 11:32:17,216 
日志级别：  INFO  
出错类：Himall.Web.Areas.Mobile.Controllers.PaymentController.Pay  
错误描述：错误的支付方式 

Himall.Core.HimallException: 错误的支付方式



 记录时间：2019-01-02 11:33:44,880 
日志级别：  INFO  
出错类：Himall.Web.MvcApplication.Application_End  
错误描述：2019-01-02 11:33:44 -  http://localhost:62443 




 记录时间：2019-01-02 11:34:26,702 
日志级别：  INFO  
出错类：Himall.PaymentPlugin.PaymentBase`1[T].set_WorkDirectory  
错误描述：set WorkDirectory:Himall.Plugin.Payment.Alipay.Service 




 记录时间：2019-01-02 11:34:26,735 
日志级别：  INFO  
出错类：Himall.PaymentPlugin.PaymentBase`1[T].set_WorkDirectory  
错误描述：set WorkDirectory:Himall.Plugin.Payment.Alipay_App.Service 




 记录时间：2019-01-02 11:34:26,809 
日志级别：  INFO  
出错类：Himall.PaymentPlugin.PaymentBase`1[T].set_WorkDirectory  
错误描述：set WorkDirectory:Himall.Plugin.Payment.Alipay_QRCode.Service 




 记录时间：2019-01-02 11:34:26,855 
日志级别：  INFO  
出错类：Himall.PaymentPlugin.PaymentBase`1[T].set_WorkDirectory  
错误描述：set WorkDirectory:Himall.Plugin.Payment.Alipay_WAP.Service 




 记录时间：2019-01-02 11:34:26,886 
日志级别：  INFO  
出错类：Himall.PaymentPlugin.PaymentBase`1[T].set_WorkDirectory  
错误描述：set WorkDirectory:Himall.Plugin.Payment.UnionPay.UnionPay 




 记录时间：2019-01-02 11:34:26,922 
日志级别：  INFO  
出错类：Himall.PaymentPlugin.PaymentBase`1[T].set_WorkDirectory  
错误描述：set WorkDirectory:Himall.Plugin.Payment.WeiXinPay.Service 




 记录时间：2019-01-02 11:34:26,952 
日志级别：  INFO  
出错类：Himall.PaymentPlugin.PaymentBase`1[T].set_WorkDirectory  
错误描述：set WorkDirectory:Himall.Plugin.Payment.WeiXinPay_App.Service 




 记录时间：2019-01-02 11:34:26,986 
日志级别：  INFO  
出错类：Himall.PaymentPlugin.PaymentBase`1[T].set_WorkDirectory  
错误描述：set WorkDirectory:Himall.Plugin.Payment.WeiXinPay_H5.Service 




 记录时间：2019-01-02 11:34:27,019 
日志级别：  INFO  
出错类：Himall.PaymentPlugin.PaymentBase`1[T].set_WorkDirectory  
错误描述：set WorkDirectory:Himall.Plugin.Payment.WeiXinPay_Native.WeiXinPay 




 记录时间：2019-01-02 11:34:27,057 
日志级别：  INFO  
出错类：Himall.PaymentPlugin.PaymentBase`1[T].set_WorkDirectory  
错误描述：set WorkDirectory:Himall.Plugin.Payment.WeiXinPay_O2OSmallProg.Service 




 记录时间：2019-01-02 11:34:27,088 
日志级别：  INFO  
出错类：Himall.PaymentPlugin.PaymentBase`1[T].set_WorkDirectory  
错误描述：set WorkDirectory:Himall.Plugin.Payment.WeiXinPay_SmallProg.Service 




 记录时间：2019-01-02 11:34:57,595 
日志级别：  INFO  
出错类：Himall.Web.MvcApplication.Application_End  
错误描述：2019-01-02 11:34:57 -  http://localhost:62443 




 记录时间：2019-01-02 11:35:08,412 
日志级别：  INFO  
出错类：Himall.PaymentPlugin.PaymentBase`1[T].set_WorkDirectory  
错误描述：set WorkDirectory:Himall.Plugin.Payment.Alipay.Service 




 记录时间：2019-01-02 11:35:08,428 
日志级别：  INFO  
出错类：Himall.PaymentPlugin.PaymentBase`1[T].set_WorkDirectory  
错误描述：set WorkDirectory:Himall.Plugin.Payment.Alipay_App.Service 




 记录时间：2019-01-02 11:35:08,449 
日志级别：  INFO  
出错类：Himall.PaymentPlugin.PaymentBase`1[T].set_WorkDirectory  
错误描述：set WorkDirectory:Himall.Plugin.Payment.Alipay_QRCode.Service 




 记录时间：2019-01-02 11:35:08,475 
日志级别：  INFO  
出错类：Himall.PaymentPlugin.PaymentBase`1[T].set_WorkDirectory  
错误描述：set WorkDirectory:Himall.Plugin.Payment.Alipay_WAP.Service 




 记录时间：2019-01-02 11:35:08,490 
日志级别：  INFO  
出错类：Himall.PaymentPlugin.PaymentBase`1[T].set_WorkDirectory  
错误描述：set WorkDirectory:Himall.Plugin.Payment.UnionPay.UnionPay 




 记录时间：2019-01-02 11:35:08,517 
日志级别：  INFO  
出错类：Himall.PaymentPlugin.PaymentBase`1[T].set_WorkDirectory  
错误描述：set WorkDirectory:Himall.Plugin.Payment.WeiXinPay.Service 




 记录时间：2019-01-02 11:35:08,532 
日志级别：  INFO  
出错类：Himall.PaymentPlugin.PaymentBase`1[T].set_WorkDirectory  
错误描述：set WorkDirectory:Himall.Plugin.Payment.WeiXinPay_App.Service 




 记录时间：2019-01-02 11:35:08,546 
日志级别：  INFO  
出错类：Himall.PaymentPlugin.PaymentBase`1[T].set_WorkDirectory  
错误描述：set WorkDirectory:Himall.Plugin.Payment.WeiXinPay_H5.Service 




 记录时间：2019-01-02 11:35:08,561 
日志级别：  INFO  
出错类：Himall.PaymentPlugin.PaymentBase`1[T].set_WorkDirectory  
错误描述：set WorkDirectory:Himall.Plugin.Payment.WeiXinPay_Native.WeiXinPay 




 记录时间：2019-01-02 11:35:08,574 
日志级别：  INFO  
出错类：Himall.PaymentPlugin.PaymentBase`1[T].set_WorkDirectory  
错误描述：set WorkDirectory:Himall.Plugin.Payment.WeiXinPay_O2OSmallProg.Service 




 记录时间：2019-01-02 11:35:08,587 
日志级别：  INFO  
出错类：Himall.PaymentPlugin.PaymentBase`1[T].set_WorkDirectory  
错误描述：set WorkDirectory:Himall.Plugin.Payment.WeiXinPay_SmallProg.Service 




 记录时间：2019-01-02 12:50:44,996 
日志级别：  INFO  
出错类：Himall.Service.OrderService.SendMessage  
错误描述：进入SendMessage发送短信通知方法里面 




 记录时间：2019-01-02 12:50:45,294 
日志级别：  INFO  
出错类：Himall.Service.OrderService.SendMessage  
错误描述：准备进入SendMessageOnOrderCreate发送短信通知方法里面 




 记录时间：2019-01-02 12:50:45,596 
日志级别：  INFO  
出错类：Himall.Plugin.Message.Email.EmailCore.GetMessageStatus  
错误描述：email3---sss 




 记录时间：2019-01-02 12:50:45,694 
日志级别：  INFO  
出错类：Himall.Plugin.Message.Email.EmailCore.GetMessageStatus  
错误描述：email2---:?<?xml version="1.0" encoding="utf-8" ?>
<MessageStatus>
  <OrderCreated>1</OrderCreated>
  <OrderPay>1</OrderPay>
  <OrderShipping>1</OrderShipping>
  <OrderRefund>1</OrderRefund>
  <RefundDeliver>1</RefundDeliver>
  <FindPassWord>1</FindPassWord>
  <ShopAudited>1</ShopAudited>
  <ShopHaveNewOrder>3</ShopHaveNewOrder>
  <ReceiveBonus>3</ReceiveBonus>
  <LimitTimeBuy>3</LimitTimeBuy>
  <SubscribeLimitTimeBuy>3</SubscribeLimitTimeBuy>
  <FightGroupOpenSuccess>3</FightGroupOpenSuccess>
  <FightGroupJoinSuccess>3</FightGroupJoinSuccess>
  <FightGroupNewJoin>3</FightGroupNewJoin>
  <FightGroupFailed>3</FightGroupFailed>
  <FightGroupSuccess>3</FightGroupSuccess>
  <SendCouponSuccess>1</SendCouponSuccess>
</MessageStatus> 




 记录时间：2019-01-02 12:50:45,706 
日志级别：  INFO  
出错类：Himall.Plugin.Message.Email.EmailCore.GetMessageStatus  
错误描述：email3---eee 




 记录时间：2019-01-02 12:50:45,719 
日志级别：  INFO  
出错类：Himall.Plugin.Message.Email.EmailCore.GetMessageStatus  
错误描述：email3---sss 




 记录时间：2019-01-02 12:50:45,720 
日志级别：  INFO  
出错类：Himall.Plugin.Message.Email.EmailCore.GetMessageStatus  
错误描述：email2---:?<?xml version="1.0" encoding="utf-8" ?>
<MessageStatus>
  <OrderCreated>1</OrderCreated>
  <OrderPay>1</OrderPay>
  <OrderShipping>1</OrderShipping>
  <OrderRefund>1</OrderRefund>
  <RefundDeliver>1</RefundDeliver>
  <FindPassWord>1</FindPassWord>
  <ShopAudited>1</ShopAudited>
  <ShopHaveNewOrder>3</ShopHaveNewOrder>
  <ReceiveBonus>3</ReceiveBonus>
  <LimitTimeBuy>3</LimitTimeBuy>
  <SubscribeLimitTimeBuy>3</SubscribeLimitTimeBuy>
  <FightGroupOpenSuccess>3</FightGroupOpenSuccess>
  <FightGroupJoinSuccess>3</FightGroupJoinSuccess>
  <FightGroupNewJoin>3</FightGroupNewJoin>
  <FightGroupFailed>3</FightGroupFailed>
  <FightGroupSuccess>3</FightGroupSuccess>
  <SendCouponSuccess>1</SendCouponSuccess>
</MessageStatus> 




 记录时间：2019-01-02 12:50:45,722 
日志级别：  INFO  
出错类：Himall.Plugin.Message.Email.EmailCore.GetMessageStatus  
错误描述：email3---eee 




 记录时间：2019-01-02 12:50:45,857 
日志级别：  INFO  
出错类：Himall.PaymentPlugin.PaymentBase`1[T].get_WorkDirectory  
错误描述：get WorkDirectory:Himall.Plugin.Payment.Alipay_WAP.Service 




 记录时间：2019-01-02 12:50:45,970 
日志级别：  INFO  
出错类：Himall.PaymentPlugin.PaymentBase`1[T].get_WorkDirectory  
错误描述：get WorkDirectory:Himall.Plugin.Payment.WeiXinPay.Service 




 记录时间：2019-01-02 12:50:48,789 
日志级别：  INFO  
出错类：Himall.Web.Areas.Mobile.Controllers.PaymentController.Pay  
错误描述：其他详情 :  returnPre = http://localhost:62443/m-Wap/vshop/detail/20 notifyPre = http://localhost:62443/m-Wap/Payment/Notify/Himall-Plugin-Payment-WeiXinPay ids = 2019010284371924 totalAmount=121.00 productInfos=1111111111 openId=oXdftwcoJyBxYqq_S7_pCRvIUYg8 




 记录时间：2019-01-02 12:50:48,795 
日志级别：  INFO  
出错类：Himall.PaymentPlugin.PaymentBase`1[T].get_WorkDirectory  
错误描述：get WorkDirectory:Himall.Plugin.Payment.WeiXinPay.Service 




 记录时间：2019-01-02 12:50:49,146 
日志级别：  INFO  
出错类：Himall.Web.Areas.Mobile.Controllers.PaymentController.Pay  
错误描述：支付方式详情 :  id = Himall.Plugin.Payment.WeiXinPay name = 微信支付 url = javascript:WeixinJSBridge.invoke('getBrandWCPayRequest', {'appId': 'wx8b2369d7a650c5eb','timeStamp': '1546404649','nonceStr': '6C4B761A28B734FE93831E3FB400CE87','package': 'prepay_id=wx0212465418229184287d0bdc2670339168','signType': 'MD5','paySign': 'FB82E37AF7813B2383FF28D8DA135C74'}, function (res) {if (res.err_msg == 'get_brand_wcpay_request:ok') {update('190102501248805196');}else{close()}}); 




 记录时间：2019-01-02 12:59:27,520 
日志级别：  INFO  
出错类：Himall.Web.Areas.Mobile.Controllers.PaymentController.Pay  
错误描述：其他详情 :  returnPre = http://localhost:62443/m-Wap/vshop/detail/20 notifyPre = http://localhost:62443/m-Wap/Payment/Notify/Himall-Plugin-Payment-WeiXinPay ids = 2019010284371924 totalAmount=121.00 productInfos=1111111111 openId=oXdftwcoJyBxYqq_S7_pCRvIUYg8 




 记录时间：2019-01-02 12:59:27,521 
日志级别：  INFO  
出错类：Himall.PaymentPlugin.PaymentBase`1[T].get_WorkDirectory  
错误描述：get WorkDirectory:Himall.Plugin.Payment.WeiXinPay.Service 




 记录时间：2019-01-02 12:59:27,752 
日志级别：  INFO  
出错类：Himall.Web.Areas.Mobile.Controllers.PaymentController.Pay  
错误描述：支付方式详情 :  id = Himall.Plugin.Payment.WeiXinPay name = 微信支付 url = javascript:WeixinJSBridge.invoke('getBrandWCPayRequest', {'appId': 'wx8b2369d7a650c5eb','timeStamp': '1546405168','nonceStr': '1CC3633C579A90CFDD895E64021E2163','package': 'prepay_id=wx021255327897551c44a4aa3c2807436482','signType': 'MD5','paySign': 'DFADB17C3AC119D78D07252DB2DE4032'}, function (res) {if (res.err_msg == 'get_brand_wcpay_request:ok') {update('190102591227325440');}else{close()}}); 




 记录时间：2019-01-02 13:01:08,342 
日志级别：  INFO  
出错类：Himall.Service.OrderService.SendMessage  
错误描述：进入SendMessage发送短信通知方法里面 




 记录时间：2019-01-02 13:01:08,722 
日志级别：  INFO  
出错类：Himall.Service.OrderService.SendMessage  
错误描述：准备进入SendMessageOnOrderCreate发送短信通知方法里面 




 记录时间：2019-01-02 13:01:08,724 
日志级别：  INFO  
出错类：Himall.Plugin.Message.Email.EmailCore.GetMessageStatus  
错误描述：email3---sss 




 记录时间：2019-01-02 13:01:08,727 
日志级别：  INFO  
出错类：Himall.Plugin.Message.Email.EmailCore.GetMessageStatus  
错误描述：email2---:?<?xml version="1.0" encoding="utf-8" ?>
<MessageStatus>
  <OrderCreated>1</OrderCreated>
  <OrderPay>1</OrderPay>
  <OrderShipping>1</OrderShipping>
  <OrderRefund>1</OrderRefund>
  <RefundDeliver>1</RefundDeliver>
  <FindPassWord>1</FindPassWord>
  <ShopAudited>1</ShopAudited>
  <ShopHaveNewOrder>3</ShopHaveNewOrder>
  <ReceiveBonus>3</ReceiveBonus>
  <LimitTimeBuy>3</LimitTimeBuy>
  <SubscribeLimitTimeBuy>3</SubscribeLimitTimeBuy>
  <FightGroupOpenSuccess>3</FightGroupOpenSuccess>
  <FightGroupJoinSuccess>3</FightGroupJoinSuccess>
  <FightGroupNewJoin>3</FightGroupNewJoin>
  <FightGroupFailed>3</FightGroupFailed>
  <FightGroupSuccess>3</FightGroupSuccess>
  <SendCouponSuccess>1</SendCouponSuccess>
</MessageStatus> 




 记录时间：2019-01-02 13:01:08,728 
日志级别：  INFO  
出错类：Himall.Plugin.Message.Email.EmailCore.GetMessageStatus  
错误描述：email3---eee 




 记录时间：2019-01-02 13:01:08,732 
日志级别：  INFO  
出错类：Himall.Plugin.Message.Email.EmailCore.GetMessageStatus  
错误描述：email3---sss 




 记录时间：2019-01-02 13:01:08,734 
日志级别：  INFO  
出错类：Himall.Plugin.Message.Email.EmailCore.GetMessageStatus  
错误描述：email2---:?<?xml version="1.0" encoding="utf-8" ?>
<MessageStatus>
  <OrderCreated>1</OrderCreated>
  <OrderPay>1</OrderPay>
  <OrderShipping>1</OrderShipping>
  <OrderRefund>1</OrderRefund>
  <RefundDeliver>1</RefundDeliver>
  <FindPassWord>1</FindPassWord>
  <ShopAudited>1</ShopAudited>
  <ShopHaveNewOrder>3</ShopHaveNewOrder>
  <ReceiveBonus>3</ReceiveBonus>
  <LimitTimeBuy>3</LimitTimeBuy>
  <SubscribeLimitTimeBuy>3</SubscribeLimitTimeBuy>
  <FightGroupOpenSuccess>3</FightGroupOpenSuccess>
  <FightGroupJoinSuccess>3</FightGroupJoinSuccess>
  <FightGroupNewJoin>3</FightGroupNewJoin>
  <FightGroupFailed>3</FightGroupFailed>
  <FightGroupSuccess>3</FightGroupSuccess>
  <SendCouponSuccess>1</SendCouponSuccess>
</MessageStatus> 




 记录时间：2019-01-02 13:01:08,735 
日志级别：  INFO  
出错类：Himall.Plugin.Message.Email.EmailCore.GetMessageStatus  
错误描述：email3---eee 




 记录时间：2019-01-02 13:01:08,817 
日志级别：  INFO  
出错类：Himall.PaymentPlugin.PaymentBase`1[T].get_WorkDirectory  
错误描述：get WorkDirectory:Himall.Plugin.Payment.Alipay_WAP.Service 




 记录时间：2019-01-02 13:01:08,820 
日志级别：  INFO  
出错类：Himall.PaymentPlugin.PaymentBase`1[T].get_WorkDirectory  
错误描述：get WorkDirectory:Himall.Plugin.Payment.WeiXinPay.Service 




 记录时间：2019-01-02 13:01:11,349 
日志级别：  INFO  
出错类：Himall.Web.Areas.Mobile.Controllers.PaymentController.Pay  
错误描述：其他详情 :  returnPre = http://localhost:62443/m-Wap/vshop/detail/20 notifyPre = http://localhost:62443/m-Wap/Payment/Notify/Himall-Plugin-Payment-WeiXinPay ids = 2019010236720396 totalAmount=121.00 productInfos=1111111111 openId=oXdftwcoJyBxYqq_S7_pCRvIUYg8 




 记录时间：2019-01-02 13:01:11,350 
日志级别：  INFO  
出错类：Himall.PaymentPlugin.PaymentBase`1[T].get_WorkDirectory  
错误描述：get WorkDirectory:Himall.Plugin.Payment.WeiXinPay.Service 




 记录时间：2019-01-02 13:01:11,618 
日志级别：  INFO  
出错类：Himall.Web.Areas.Mobile.Controllers.PaymentController.Pay  
错误描述：支付方式详情 :  id = Himall.Plugin.Payment.WeiXinPay name = 微信支付 url = javascript:WeixinJSBridge.invoke('getBrandWCPayRequest', {'appId': 'wx8b2369d7a650c5eb','timeStamp': '1546405271','nonceStr': 'B2EB7349035754953B57A32E2841BDA5','package': 'prepay_id=wx0212571661116925a2a9f2751109172348','signType': 'MD5','paySign': 'B62D5CB144F9A65E84A90251AE1CB080'}, function (res) {if (res.err_msg == 'get_brand_wcpay_request:ok') {update('190102011311721607');}else{close()}}); 




 记录时间：2019-01-02 13:02:20,985 
日志级别：  INFO  
出错类：Himall.Service.OrderService.SendMessage  
错误描述：进入SendMessage发送短信通知方法里面 




 记录时间：2019-01-02 13:02:21,048 
日志级别：  INFO  
出错类：Himall.Service.OrderService.SendMessage  
错误描述：准备进入SendMessageOnOrderCreate发送短信通知方法里面 




 记录时间：2019-01-02 13:02:21,051 
日志级别：  INFO  
出错类：Himall.Plugin.Message.Email.EmailCore.GetMessageStatus  
错误描述：email3---sss 




 记录时间：2019-01-02 13:02:21,054 
日志级别：  INFO  
出错类：Himall.Plugin.Message.Email.EmailCore.GetMessageStatus  
错误描述：email2---:?<?xml version="1.0" encoding="utf-8" ?>
<MessageStatus>
  <OrderCreated>1</OrderCreated>
  <OrderPay>1</OrderPay>
  <OrderShipping>1</OrderShipping>
  <OrderRefund>1</OrderRefund>
  <RefundDeliver>1</RefundDeliver>
  <FindPassWord>1</FindPassWord>
  <ShopAudited>1</ShopAudited>
  <ShopHaveNewOrder>3</ShopHaveNewOrder>
  <ReceiveBonus>3</ReceiveBonus>
  <LimitTimeBuy>3</LimitTimeBuy>
  <SubscribeLimitTimeBuy>3</SubscribeLimitTimeBuy>
  <FightGroupOpenSuccess>3</FightGroupOpenSuccess>
  <FightGroupJoinSuccess>3</FightGroupJoinSuccess>
  <FightGroupNewJoin>3</FightGroupNewJoin>
  <FightGroupFailed>3</FightGroupFailed>
  <FightGroupSuccess>3</FightGroupSuccess>
  <SendCouponSuccess>1</SendCouponSuccess>
</MessageStatus> 




 记录时间：2019-01-02 13:02:21,055 
日志级别：  INFO  
出错类：Himall.Plugin.Message.Email.EmailCore.GetMessageStatus  
错误描述：email3---eee 




 记录时间：2019-01-02 13:02:21,057 
日志级别：  INFO  
出错类：Himall.Plugin.Message.Email.EmailCore.GetMessageStatus  
错误描述：email3---sss 




 记录时间：2019-01-02 13:02:21,059 
日志级别：  INFO  
出错类：Himall.Plugin.Message.Email.EmailCore.GetMessageStatus  
错误描述：email2---:?<?xml version="1.0" encoding="utf-8" ?>
<MessageStatus>
  <OrderCreated>1</OrderCreated>
  <OrderPay>1</OrderPay>
  <OrderShipping>1</OrderShipping>
  <OrderRefund>1</OrderRefund>
  <RefundDeliver>1</RefundDeliver>
  <FindPassWord>1</FindPassWord>
  <ShopAudited>1</ShopAudited>
  <ShopHaveNewOrder>3</ShopHaveNewOrder>
  <ReceiveBonus>3</ReceiveBonus>
  <LimitTimeBuy>3</LimitTimeBuy>
  <SubscribeLimitTimeBuy>3</SubscribeLimitTimeBuy>
  <FightGroupOpenSuccess>3</FightGroupOpenSuccess>
  <FightGroupJoinSuccess>3</FightGroupJoinSuccess>
  <FightGroupNewJoin>3</FightGroupNewJoin>
  <FightGroupFailed>3</FightGroupFailed>
  <FightGroupSuccess>3</FightGroupSuccess>
  <SendCouponSuccess>1</SendCouponSuccess>
</MessageStatus> 




 记录时间：2019-01-02 13:02:21,060 
日志级别：  INFO  
出错类：Himall.Plugin.Message.Email.EmailCore.GetMessageStatus  
错误描述：email3---eee 




 记录时间：2019-01-02 13:02:21,502 
日志级别：  INFO  
出错类：Himall.PaymentPlugin.PaymentBase`1[T].get_WorkDirectory  
错误描述：get WorkDirectory:Himall.Plugin.Payment.Alipay_WAP.Service 




 记录时间：2019-01-02 13:02:21,504 
日志级别：  INFO  
出错类：Himall.PaymentPlugin.PaymentBase`1[T].get_WorkDirectory  
错误描述：get WorkDirectory:Himall.Plugin.Payment.WeiXinPay.Service 




 记录时间：2019-01-02 13:02:32,884 
日志级别：  INFO  
出错类：Himall.Web.Areas.Mobile.Controllers.PaymentController.Pay  
错误描述：其他详情 :  returnPre = http://localhost:62443/m-Wap/vshop/detail/20 notifyPre = http://localhost:62443/m-Wap/Payment/Notify/Himall-Plugin-Payment-WeiXinPay ids = 2019010223980647 totalAmount=121.00 productInfos=1111111111 openId=oXdftwcoJyBxYqq_S7_pCRvIUYg8 




 记录时间：2019-01-02 13:02:32,885 
日志级别：  INFO  
出错类：Himall.PaymentPlugin.PaymentBase`1[T].get_WorkDirectory  
错误描述：get WorkDirectory:Himall.Plugin.Payment.WeiXinPay.Service 




 记录时间：2019-01-02 13:02:33,471 
日志级别：  INFO  
出错类：Himall.Web.Areas.Mobile.Controllers.PaymentController.Pay  
错误描述：支付方式详情 :  id = Himall.Plugin.Payment.WeiXinPay name = 微信支付 url = javascript:WeixinJSBridge.invoke('getBrandWCPayRequest', {'appId': 'wx8b2369d7a650c5eb','timeStamp': '1546405353','nonceStr': '109A0CA3BC27F3E96597370D5C8CF03D','package': 'prepay_id=wx0212583851440503335eafcb2662645203','signType': 'MD5','paySign': '6E61ECD70D1664EA3E981921C2859B39'}, function (res) {if (res.err_msg == 'get_brand_wcpay_request:ok') {update('190102021332597306');}else{close()}}); 




 记录时间：2019-01-02 13:07:27,488 
日志级别：  INFO  
出错类：Himall.Service.OrderService.CheckWhenCreateOrder  
错误描述：商品“1111111111”库存不够，仅剩0件 

Himall.Core.HimallException: 商品“1111111111”库存不够，仅剩0件



 记录时间：2019-01-02 13:14:31,459 
日志级别：  INFO  
出错类：Himall.Service.OrderService.CreateOrderInfo  
错误描述：订单中有失效的商品，请返回重新提交！ 

Himall.Core.HimallException: 订单中有失效的商品，请返回重新提交！



 记录时间：2019-01-02 13:14:57,281 
日志级别：  INFO  
出错类：Himall.Service.OrderService.CreateOrderInfo  
错误描述：订单中有失效的商品，请返回重新提交！ 

Himall.Core.HimallException: 订单中有失效的商品，请返回重新提交！



 记录时间：2019-01-02 13:15:27,892 
日志级别：  INFO  
出错类：Himall.PaymentPlugin.PaymentBase`1[T].get_WorkDirectory  
错误描述：get WorkDirectory:Himall.Plugin.Payment.Alipay_WAP.Service 




 记录时间：2019-01-02 13:15:27,895 
日志级别：  INFO  
出错类：Himall.PaymentPlugin.PaymentBase`1[T].get_WorkDirectory  
错误描述：get WorkDirectory:Himall.Plugin.Payment.WeiXinPay.Service 




 记录时间：2019-01-02 13:15:30,490 
日志级别：  INFO  
出错类：Himall.Web.Areas.Mobile.Controllers.PaymentController.Pay  
错误描述：其他详情 :  returnPre = http://localhost:62443/m-Wap/vshop/detail/20 notifyPre = http://localhost:62443/m-Wap/Payment/Notify/Himall-Plugin-Payment-WeiXinPay ids = 2019010223980647 totalAmount=121.00 productInfos=1111111111 openId=oXdftwcoJyBxYqq_S7_pCRvIUYg8 




 记录时间：2019-01-02 13:15:30,491 
日志级别：  INFO  
出错类：Himall.PaymentPlugin.PaymentBase`1[T].get_WorkDirectory  
错误描述：get WorkDirectory:Himall.Plugin.Payment.WeiXinPay.Service 




 记录时间：2019-01-02 13:15:30,842 
日志级别：  INFO  
出错类：Himall.Web.Areas.Mobile.Controllers.PaymentController.Pay  
错误描述：支付方式详情 :  id = Himall.Plugin.Payment.WeiXinPay name = 微信支付 url = javascript:WeixinJSBridge.invoke('getBrandWCPayRequest', {'appId': 'wx8b2369d7a650c5eb','timeStamp': '1546406130','nonceStr': '158F3069A435B314A80BDCB024F8E422','package': 'prepay_id=wx02131135834240aac081aa4f2081656152','signType': 'MD5','paySign': '7478D5901E7BD3E0493DA3D9A687A880'}, function (res) {if (res.err_msg == 'get_brand_wcpay_request:ok') {update('190102151330273460');}else{close()}}); 




 记录时间：2019-01-02 13:21:30,574 
日志级别：  INFO  
出错类：Himall.PaymentPlugin.PaymentBase`1[T].get_WorkDirectory  
错误描述：get WorkDirectory:Himall.Plugin.Payment.Alipay_WAP.Service 




 记录时间：2019-01-02 13:21:30,578 
日志级别：  INFO  
出错类：Himall.PaymentPlugin.PaymentBase`1[T].get_WorkDirectory  
错误描述：get WorkDirectory:Himall.Plugin.Payment.WeiXinPay.Service 




 记录时间：2019-01-02 13:21:33,485 
日志级别：  INFO  
出错类：Himall.Web.Areas.Mobile.Controllers.PaymentController.Pay  
错误描述：其他详情 :  returnPre = http://localhost:62443/m-Wap/vshop/detail/20 notifyPre = http://localhost:62443/m-Wap/Payment/Notify/Himall-Plugin-Payment-WeiXinPay ids = 2019010223980647 totalAmount=121.00 productInfos=1111111111 openId=oXdftwcoJyBxYqq_S7_pCRvIUYg8 




 记录时间：2019-01-02 13:21:33,486 
日志级别：  INFO  
出错类：Himall.PaymentPlugin.PaymentBase`1[T].get_WorkDirectory  
错误描述：get WorkDirectory:Himall.Plugin.Payment.WeiXinPay.Service 




 记录时间：2019-01-02 13:21:33,807 
日志级别：  INFO  
出错类：Himall.Web.Areas.Mobile.Controllers.PaymentController.Pay  
错误描述：支付方式详情 :  id = Himall.Plugin.Payment.WeiXinPay name = 微信支付 url = javascript:WeixinJSBridge.invoke('getBrandWCPayRequest', {'appId': 'wx8b2369d7a650c5eb','timeStamp': '1546406493','nonceStr': 'B1EEC33C726A60554BC78518D5F9B32C','package': 'prepay_id=wx0213173881246199e3e6e8161133013335','signType': 'MD5','paySign': '62A24D3258879A53A876F024E37DA6E0'}, function (res) {if (res.err_msg == 'get_brand_wcpay_request:ok') {update('190102211332008525');}else{close()}}); 




 记录时间：2019-01-02 13:25:28,280 
日志级别：  INFO  
出错类：Himall.PaymentPlugin.PaymentBase`1[T].get_WorkDirectory  
错误描述：get WorkDirectory:Himall.Plugin.Payment.Alipay_WAP.Service 




 记录时间：2019-01-02 13:25:28,284 
日志级别：  INFO  
出错类：Himall.PaymentPlugin.PaymentBase`1[T].get_WorkDirectory  
错误描述：get WorkDirectory:Himall.Plugin.Payment.WeiXinPay.Service 




 记录时间：2019-01-02 13:25:31,638 
日志级别：  INFO  
出错类：Himall.Web.Areas.Mobile.Controllers.PaymentController.Pay  
错误描述：其他详情 :  returnPre = http://localhost:62443/m-Wap/vshop/detail/20 notifyPre = http://localhost:62443/m-Wap/Payment/Notify/Himall-Plugin-Payment-WeiXinPay ids = 2019010223980647 totalAmount=121.00 productInfos=1111111111 openId=oXdftwcoJyBxYqq_S7_pCRvIUYg8 




 记录时间：2019-01-02 13:25:31,639 
日志级别：  INFO  
出错类：Himall.PaymentPlugin.PaymentBase`1[T].get_WorkDirectory  
错误描述：get WorkDirectory:Himall.Plugin.Payment.WeiXinPay.Service 




 记录时间：2019-01-02 13:25:31,874 
日志级别：  INFO  
出错类：Himall.Web.Areas.Mobile.Controllers.PaymentController.Pay  
错误描述：支付方式详情 :  id = Himall.Plugin.Payment.WeiXinPay name = 微信支付 url = javascript:WeixinJSBridge.invoke('getBrandWCPayRequest', {'appId': 'wx8b2369d7a650c5eb','timeStamp': '1546406732','nonceStr': 'DACA41214B39C5DC66674D09081940F0','package': 'prepay_id=wx021321369178680d6b9cbe6e2768318374','signType': 'MD5','paySign': '796D64145CD79995773A03FA33B31FEC'}, function (res) {if (res.err_msg == 'get_brand_wcpay_request:ok') {update('190102251331208683');}else{close()}}); 




 记录时间：2019-01-02 13:26:18,408 
日志级别：  INFO  
出错类：Himall.Web.MvcApplication.Application_End  
错误描述：2019-01-02 13:26:18 -  http://localhost:62443 




 记录时间：2019-01-02 13:28:18,266 
日志级别：  INFO  
出错类：Himall.PaymentPlugin.PaymentBase`1[T].set_WorkDirectory  
错误描述：set WorkDirectory:Himall.Plugin.Payment.Alipay.Service 




 记录时间：2019-01-02 13:28:18,294 
日志级别：  INFO  
出错类：Himall.PaymentPlugin.PaymentBase`1[T].set_WorkDirectory  
错误描述：set WorkDirectory:Himall.Plugin.Payment.Alipay_App.Service 




 记录时间：2019-01-02 13:28:18,366 
日志级别：  INFO  
出错类：Himall.PaymentPlugin.PaymentBase`1[T].set_WorkDirectory  
错误描述：set WorkDirectory:Himall.Plugin.Payment.Alipay_QRCode.Service 




 记录时间：2019-01-02 13:28:18,414 
日志级别：  INFO  
出错类：Himall.PaymentPlugin.PaymentBase`1[T].set_WorkDirectory  
错误描述：set WorkDirectory:Himall.Plugin.Payment.Alipay_WAP.Service 




 记录时间：2019-01-02 13:28:18,449 
日志级别：  INFO  
出错类：Himall.PaymentPlugin.PaymentBase`1[T].set_WorkDirectory  
错误描述：set WorkDirectory:Himall.Plugin.Payment.UnionPay.UnionPay 




 记录时间：2019-01-02 13:28:18,480 
日志级别：  INFO  
出错类：Himall.PaymentPlugin.PaymentBase`1[T].set_WorkDirectory  
错误描述：set WorkDirectory:Himall.Plugin.Payment.WeiXinPay.Service 




 记录时间：2019-01-02 13:28:18,503 
日志级别：  INFO  
出错类：Himall.PaymentPlugin.PaymentBase`1[T].set_WorkDirectory  
错误描述：set WorkDirectory:Himall.Plugin.Payment.WeiXinPay_App.Service 




 记录时间：2019-01-02 13:28:18,527 
日志级别：  INFO  
出错类：Himall.PaymentPlugin.PaymentBase`1[T].set_WorkDirectory  
错误描述：set WorkDirectory:Himall.Plugin.Payment.WeiXinPay_H5.Service 




 记录时间：2019-01-02 13:28:18,551 
日志级别：  INFO  
出错类：Himall.PaymentPlugin.PaymentBase`1[T].set_WorkDirectory  
错误描述：set WorkDirectory:Himall.Plugin.Payment.WeiXinPay_Native.WeiXinPay 




 记录时间：2019-01-02 13:28:18,577 
日志级别：  INFO  
出错类：Himall.PaymentPlugin.PaymentBase`1[T].set_WorkDirectory  
错误描述：set WorkDirectory:Himall.Plugin.Payment.WeiXinPay_O2OSmallProg.Service 




 记录时间：2019-01-02 13:28:18,615 
日志级别：  INFO  
出错类：Himall.PaymentPlugin.PaymentBase`1[T].set_WorkDirectory  
错误描述：set WorkDirectory:Himall.Plugin.Payment.WeiXinPay_SmallProg.Service 




 记录时间：2019-01-02 13:29:23,836 
日志级别：  INFO  
出错类：Himall.PaymentPlugin.PaymentBase`1[T].get_WorkDirectory  
错误描述：get WorkDirectory:Himall.Plugin.Payment.Alipay_WAP.Service 




 记录时间：2019-01-02 13:29:23,926 
日志级别：  INFO  
出错类：Himall.PaymentPlugin.PaymentBase`1[T].get_WorkDirectory  
错误描述：get WorkDirectory:Himall.Plugin.Payment.WeiXinPay.Service 




 记录时间：2019-01-02 13:29:27,129 
日志级别：  INFO  
出错类：Himall.Web.Areas.Mobile.Controllers.PaymentController.Pay  
错误描述：其他详情 :  returnPre = http://localhost:62443/m-Wap/vshop/detail/20 notifyPre = http://localhost:62443/m-Wap/Payment/Notify/Himall-Plugin-Payment-WeiXinPay ids = 2019010223980647 totalAmount=121.00 productInfos=1111111111 openId=oXdftwcoJyBxYqq_S7_pCRvIUYg8 




 记录时间：2019-01-02 13:29:27,133 
日志级别：  INFO  
出错类：Himall.PaymentPlugin.PaymentBase`1[T].get_WorkDirectory  
错误描述：get WorkDirectory:Himall.Plugin.Payment.WeiXinPay.Service 




 记录时间：2019-01-02 13:29:27,404 
日志级别：  INFO  
出错类：Himall.Web.Areas.Mobile.Controllers.PaymentController.Pay  
错误描述：支付方式详情 :  id = Himall.Plugin.Payment.WeiXinPay name = 微信支付 url = javascript:WeixinJSBridge.invoke('getBrandWCPayRequest', {'appId': 'wx8b2369d7a650c5eb','timeStamp': '1546406967','nonceStr': 'B137FDD1F79D56C7EDF3365FEA7520F2','package': 'prepay_id=wx02132532434892511091ad8d4274398505','signType': 'MD5','paySign': '3D93766AB46E61DAF25FD2FA1F62C555'}, function (res) {if (res.err_msg == 'get_brand_wcpay_request:ok') {update('190102291326276128');}else{close()}}); 




 记录时间：2019-01-02 13:32:25,284 
日志级别：  INFO  
出错类：Himall.PaymentPlugin.PaymentBase`1[T].get_WorkDirectory  
错误描述：get WorkDirectory:Himall.Plugin.Payment.Alipay_WAP.Service 




 记录时间：2019-01-02 13:32:25,287 
日志级别：  INFO  
出错类：Himall.PaymentPlugin.PaymentBase`1[T].get_WorkDirectory  
错误描述：get WorkDirectory:Himall.Plugin.Payment.WeiXinPay.Service 




 记录时间：2019-01-02 13:32:29,464 
日志级别：  INFO  
出错类：Himall.Web.Areas.Mobile.Controllers.PaymentController.Pay  
错误描述：其他详情 :  returnPre = http://localhost:62443/m-Wap/vshop/detail/20 notifyPre = http://localhost:62443/m-Wap/Payment/Notify/Himall-Plugin-Payment-WeiXinPay ids = 2019010223980647 totalAmount=121.00 productInfos=1111111111 openId=oXdftwcoJyBxYqq_S7_pCRvIUYg8 




 记录时间：2019-01-02 13:32:29,465 
日志级别：  INFO  
出错类：Himall.PaymentPlugin.PaymentBase`1[T].get_WorkDirectory  
错误描述：get WorkDirectory:Himall.Plugin.Payment.WeiXinPay.Service 




 记录时间：2019-01-02 13:32:29,784 
日志级别：  INFO  
出错类：Himall.Web.Areas.Mobile.Controllers.PaymentController.Pay  
错误描述：支付方式详情 :  id = Himall.Plugin.Payment.WeiXinPay name = 微信支付 url = javascript:WeixinJSBridge.invoke('getBrandWCPayRequest', {'appId': 'wx8b2369d7a650c5eb','timeStamp': '1546407149','nonceStr': '3DC4876F3F08201C7C76CB71FA1DA439','package': 'prepay_id=wx02132834795503f2ce51f4560849276737','signType': 'MD5','paySign': 'C84629761873EF9F991A468B0C0EC9B4'}, function (res) {if (res.err_msg == 'get_brand_wcpay_request:ok') {update('190102321329243328');}else{close()}}); 




 记录时间：2019-01-02 13:33:21,115 
日志级别：  INFO  
出错类：Himall.PaymentPlugin.PaymentBase`1[T].get_WorkDirectory  
错误描述：get WorkDirectory:Himall.Plugin.Payment.Alipay_WAP.Service 




 记录时间：2019-01-02 13:33:21,118 
日志级别：  INFO  
出错类：Himall.PaymentPlugin.PaymentBase`1[T].get_WorkDirectory  
错误描述：get WorkDirectory:Himall.Plugin.Payment.WeiXinPay.Service 




 记录时间：2019-01-02 13:33:25,694 
日志级别：  INFO  
出错类：Himall.Web.Areas.Mobile.Controllers.PaymentController.Pay  
错误描述：其他详情 :  returnPre = http://localhost:62443/m-Wap/vshop/detail/20 notifyPre = http://localhost:62443/m-Wap/Payment/Notify/Himall-Plugin-Payment-WeiXinPay ids = 2019010223980647 totalAmount=121.00 productInfos=1111111111 openId=oXdftwcoJyBxYqq_S7_pCRvIUYg8 




 记录时间：2019-01-02 13:33:25,696 
日志级别：  INFO  
出错类：Himall.PaymentPlugin.PaymentBase`1[T].get_WorkDirectory  
错误描述：get WorkDirectory:Himall.Plugin.Payment.WeiXinPay.Service 




 记录时间：2019-01-02 13:33:26,207 
日志级别：  INFO  
出错类：Himall.Web.Areas.Mobile.Controllers.PaymentController.Pay  
错误描述：支付方式详情 :  id = Himall.Plugin.Payment.WeiXinPay name = 微信支付 url = javascript:WeixinJSBridge.invoke('getBrandWCPayRequest', {'appId': 'wx8b2369d7a650c5eb','timeStamp': '1546407206','nonceStr': 'A8849B052492B5106526B2331E526138','package': 'prepay_id=wx021329312121244b1ecd6a5a3519502243','signType': 'MD5','paySign': '4FA57E6D979A96D9C84DB46AFD9BFB5C'}, function (res) {if (res.err_msg == 'get_brand_wcpay_request:ok') {update('190102331325471424');}else{close()}}); 




 记录时间：2019-01-02 13:42:06,187 
日志级别：  INFO  
出错类：Himall.PaymentPlugin.PaymentBase`1[T].get_WorkDirectory  
错误描述：get WorkDirectory:Himall.Plugin.Payment.Alipay_WAP.Service 




 记录时间：2019-01-02 13:42:06,192 
日志级别：  INFO  
出错类：Himall.PaymentPlugin.PaymentBase`1[T].get_WorkDirectory  
错误描述：get WorkDirectory:Himall.Plugin.Payment.WeiXinPay.Service 




 记录时间：2019-01-02 13:42:11,751 
日志级别：  INFO  
出错类：Himall.Web.Areas.Mobile.Controllers.PaymentController.Pay  
错误描述：其他详情 :  returnPre = http://localhost:62443/m-Wap/vshop/detail/20 notifyPre = http://localhost:62443/m-Wap/Payment/Notify/Himall-Plugin-Payment-WeiXinPay ids = 2019010223980647 totalAmount=121.00 productInfos=1111111111 openId=oXdftwcoJyBxYqq_S7_pCRvIUYg8 




 记录时间：2019-01-02 13:42:11,752 
日志级别：  INFO  
出错类：Himall.PaymentPlugin.PaymentBase`1[T].get_WorkDirectory  
错误描述：get WorkDirectory:Himall.Plugin.Payment.WeiXinPay.Service 




 记录时间：2019-01-02 13:42:12,236 
日志级别：  INFO  
出错类：Himall.Web.Areas.Mobile.Controllers.PaymentController.Pay  
错误描述：支付方式详情 :  id = Himall.Plugin.Payment.WeiXinPay name = 微信支付 url = javascript:WeixinJSBridge.invoke('getBrandWCPayRequest', {'appId': 'wx8b2369d7a650c5eb','timeStamp': '1546407732','nonceStr': '7EABE3A1649FFA2B3FF8C02EBFD5659F','package': 'prepay_id=wx02133817239919738247c45e0055706756','signType': 'MD5','paySign': 'F32A4834096847CA4A6B35D037FA0FAB'}, function (res) {if (res.err_msg == 'get_brand_wcpay_request:ok') {update('190102421311045278');}else{close()}}); 




 记录时间：2019-01-02 13:42:41,262 
日志级别：  INFO  
出错类：Himall.PaymentPlugin.PaymentBase`1[T].get_WorkDirectory  
错误描述：get WorkDirectory:Himall.Plugin.Payment.Alipay_WAP.Service 




 记录时间：2019-01-02 13:42:41,265 
日志级别：  INFO  
出错类：Himall.PaymentPlugin.PaymentBase`1[T].get_WorkDirectory  
错误描述：get WorkDirectory:Himall.Plugin.Payment.WeiXinPay.Service 




 记录时间：2019-01-02 13:42:46,414 
日志级别：  INFO  
出错类：Himall.Web.Areas.Mobile.Controllers.PaymentController.Pay  
错误描述：其他详情 :  returnPre = http://localhost:62443/m-Wap/vshop/detail/20 notifyPre = http://localhost:62443/m-Wap/Payment/Notify/Himall-Plugin-Payment-WeiXinPay ids = 2019010223980647 totalAmount=121.00 productInfos=1111111111 openId=oXdftwcoJyBxYqq_S7_pCRvIUYg8 




 记录时间：2019-01-02 13:42:46,416 
日志级别：  INFO  
出错类：Himall.PaymentPlugin.PaymentBase`1[T].get_WorkDirectory  
错误描述：get WorkDirectory:Himall.Plugin.Payment.WeiXinPay.Service 




 记录时间：2019-01-02 13:42:46,779 
日志级别：  INFO  
出错类：Himall.Web.Areas.Mobile.Controllers.PaymentController.Pay  
错误描述：支付方式详情 :  id = Himall.Plugin.Payment.WeiXinPay name = 微信支付 url = javascript:WeixinJSBridge.invoke('getBrandWCPayRequest', {'appId': 'wx8b2369d7a650c5eb','timeStamp': '1546407766','nonceStr': 'D34AB169B70C9DCD35E62896010CD9FF','package': 'prepay_id=wx02133851732790625cf6ac5b1010915578','signType': 'MD5','paySign': 'F6C06895C3AA7110AD0D0925573C93F6'}, function (res) {if (res.err_msg == 'get_brand_wcpay_request:ok') {update('190102421346809969');}else{close()}}); 




 记录时间：2019-01-02 14:07:30,029 
日志级别：  INFO  
出错类：Himall.Web.MvcApplication.Application_End  
错误描述：2019-01-02 14:07:30 -  http://localhost:62443 

