


 记录时间：2019-01-23 09:16:22,905 
日志级别：  INFO  
出错类：Himall.PaymentPlugin.PaymentBase`1[T].set_WorkDirectory  
错误描述：set WorkDirectory:Himall.Plugin.Payment.Alipay.Service 




 记录时间：2019-01-23 09:16:22,929 
日志级别：  INFO  
出错类：Himall.PaymentPlugin.PaymentBase`1[T].set_WorkDirectory  
错误描述：set WorkDirectory:Himall.Plugin.Payment.Alipay_App.Service 




 记录时间：2019-01-23 09:16:22,958 
日志级别：  INFO  
出错类：Himall.PaymentPlugin.PaymentBase`1[T].set_WorkDirectory  
错误描述：set WorkDirectory:Himall.Plugin.Payment.Alipay_QRCode.Service 




 记录时间：2019-01-23 09:16:22,980 
日志级别：  INFO  
出错类：Himall.PaymentPlugin.PaymentBase`1[T].set_WorkDirectory  
错误描述：set WorkDirectory:Himall.Plugin.Payment.Alipay_WAP.Service 




 记录时间：2019-01-23 09:16:23,024 
日志级别：  INFO  
出错类：Himall.PaymentPlugin.PaymentBase`1[T].set_WorkDirectory  
错误描述：set WorkDirectory:Himall.Plugin.Payment.UnionPay.UnionPay 




 记录时间：2019-01-23 09:16:23,050 
日志级别：  INFO  
出错类：Himall.PaymentPlugin.PaymentBase`1[T].set_WorkDirectory  
错误描述：set WorkDirectory:Himall.Plugin.Payment.WeiXinPay.Service 




 记录时间：2019-01-23 09:16:23,074 
日志级别：  INFO  
出错类：Himall.PaymentPlugin.PaymentBase`1[T].set_WorkDirectory  
错误描述：set WorkDirectory:Himall.Plugin.Payment.WeiXinPay_App.Service 




 记录时间：2019-01-23 09:16:23,096 
日志级别：  INFO  
出错类：Himall.PaymentPlugin.PaymentBase`1[T].set_WorkDirectory  
错误描述：set WorkDirectory:Himall.Plugin.Payment.WeiXinPay_H5.Service 




 记录时间：2019-01-23 09:16:23,115 
日志级别：  INFO  
出错类：Himall.PaymentPlugin.PaymentBase`1[T].set_WorkDirectory  
错误描述：set WorkDirectory:Himall.Plugin.Payment.WeiXinPay_Native.WeiXinPay 




 记录时间：2019-01-23 09:16:23,134 
日志级别：  INFO  
出错类：Himall.PaymentPlugin.PaymentBase`1[T].set_WorkDirectory  
错误描述：set WorkDirectory:Himall.Plugin.Payment.WeiXinPay_O2OSmallProg.Service 




 记录时间：2019-01-23 09:16:23,164 
日志级别：  INFO  
出错类：Himall.PaymentPlugin.PaymentBase`1[T].set_WorkDirectory  
错误描述：set WorkDirectory:Himall.Plugin.Payment.WeiXinPay_SmallProg.Service 




 记录时间：2019-01-23 09:19:25,101 
日志级别：  INFO  
出错类：Quartz.Impl.StdSchedulerFactory  
错误描述：Default Quartz.NET properties loaded from embedded resource file 




 记录时间：2019-01-23 09:19:25,200 
日志级别：  INFO  
出错类：Quartz.Core.SchedulerSignalerImpl  
错误描述：Initialized Scheduler Signaller of type: Quartz.Core.SchedulerSignalerImpl 




 记录时间：2019-01-23 09:19:25,209 
日志级别：  INFO  
出错类：Quartz.Core.QuartzScheduler  
错误描述：Quartz Scheduler v.3.0.7.0 created. 




 记录时间：2019-01-23 09:19:25,211 
日志级别：  INFO  
出错类：Quartz.Simpl.RAMJobStore  
错误描述：RAMJobStore initialized. 




 记录时间：2019-01-23 09:19:25,217 
日志级别：  INFO  
出错类：Quartz.Core.QuartzScheduler  
错误描述：Scheduler meta-data: Quartz Scheduler (v3.0.7.0) 'DefaultQuartzScheduler' with instanceId 'NON_CLUSTERED'
  Scheduler class: 'Quartz.Core.QuartzScheduler' - running locally.
  NOT STARTED.
  Currently in standby mode.
  Number of jobs executed: 0
  Using thread pool 'Quartz.Simpl.DefaultThreadPool' - with 10 threads.
  Using job-store 'Quartz.Simpl.RAMJobStore' - which does not support persistence. and is not clustered.
 




 记录时间：2019-01-23 09:19:25,218 
日志级别：  INFO  
出错类：Quartz.Impl.StdSchedulerFactory  
错误描述：Quartz scheduler 'DefaultQuartzScheduler' initialized 




 记录时间：2019-01-23 09:19:25,219 
日志级别：  INFO  
出错类：Quartz.Impl.StdSchedulerFactory  
错误描述：Quartz scheduler version: 3.0.7.0 




 记录时间：2019-01-23 09:19:25,328 
日志级别：  INFO  
出错类：Quartz.Core.QuartzScheduler  
错误描述：Scheduler DefaultQuartzScheduler_$_NON_CLUSTERED started. 




 记录时间：2019-01-23 09:19:30,037 
日志级别：  INFO  
出错类：Quartz.Simpl.RAMJobStore  
错误描述：All triggers of Job group.job set to ERROR state. 




 记录时间：2019-01-23 09:20:46,685 
日志级别：  INFO  
出错类：Himall.Web.MvcApplication.Application_End  
错误描述：2019-01-23 09:20:46 -  http://localhost:62443 




 记录时间：2019-01-23 09:21:12,567 
日志级别：  INFO  
出错类：Himall.PaymentPlugin.PaymentBase`1[T].set_WorkDirectory  
错误描述：set WorkDirectory:Himall.Plugin.Payment.Alipay.Service 




 记录时间：2019-01-23 09:21:12,601 
日志级别：  INFO  
出错类：Himall.PaymentPlugin.PaymentBase`1[T].set_WorkDirectory  
错误描述：set WorkDirectory:Himall.Plugin.Payment.Alipay_App.Service 




 记录时间：2019-01-23 09:21:12,628 
日志级别：  INFO  
出错类：Himall.PaymentPlugin.PaymentBase`1[T].set_WorkDirectory  
错误描述：set WorkDirectory:Himall.Plugin.Payment.Alipay_QRCode.Service 




 记录时间：2019-01-23 09:21:12,652 
日志级别：  INFO  
出错类：Himall.PaymentPlugin.PaymentBase`1[T].set_WorkDirectory  
错误描述：set WorkDirectory:Himall.Plugin.Payment.Alipay_WAP.Service 




 记录时间：2019-01-23 09:21:12,676 
日志级别：  INFO  
出错类：Himall.PaymentPlugin.PaymentBase`1[T].set_WorkDirectory  
错误描述：set WorkDirectory:Himall.Plugin.Payment.UnionPay.UnionPay 




 记录时间：2019-01-23 09:21:12,702 
日志级别：  INFO  
出错类：Himall.PaymentPlugin.PaymentBase`1[T].set_WorkDirectory  
错误描述：set WorkDirectory:Himall.Plugin.Payment.WeiXinPay.Service 




 记录时间：2019-01-23 09:21:12,735 
日志级别：  INFO  
出错类：Himall.PaymentPlugin.PaymentBase`1[T].set_WorkDirectory  
错误描述：set WorkDirectory:Himall.Plugin.Payment.WeiXinPay_App.Service 




 记录时间：2019-01-23 09:21:12,764 
日志级别：  INFO  
出错类：Himall.PaymentPlugin.PaymentBase`1[T].set_WorkDirectory  
错误描述：set WorkDirectory:Himall.Plugin.Payment.WeiXinPay_H5.Service 




 记录时间：2019-01-23 09:21:12,789 
日志级别：  INFO  
出错类：Himall.PaymentPlugin.PaymentBase`1[T].set_WorkDirectory  
错误描述：set WorkDirectory:Himall.Plugin.Payment.WeiXinPay_Native.WeiXinPay 




 记录时间：2019-01-23 09:21:12,812 
日志级别：  INFO  
出错类：Himall.PaymentPlugin.PaymentBase`1[T].set_WorkDirectory  
错误描述：set WorkDirectory:Himall.Plugin.Payment.WeiXinPay_O2OSmallProg.Service 




 记录时间：2019-01-23 09:21:12,833 
日志级别：  INFO  
出错类：Himall.PaymentPlugin.PaymentBase`1[T].set_WorkDirectory  
错误描述：set WorkDirectory:Himall.Plugin.Payment.WeiXinPay_SmallProg.Service 




 记录时间：2019-01-23 09:23:33,202 
日志级别：  INFO  
出错类：Quartz.Impl.StdSchedulerFactory  
错误描述：Default Quartz.NET properties loaded from embedded resource file 




 记录时间：2019-01-23 09:23:33,276 
日志级别：  INFO  
出错类：Quartz.Core.SchedulerSignalerImpl  
错误描述：Initialized Scheduler Signaller of type: Quartz.Core.SchedulerSignalerImpl 




 记录时间：2019-01-23 09:23:33,282 
日志级别：  INFO  
出错类：Quartz.Core.QuartzScheduler  
错误描述：Quartz Scheduler v.3.0.7.0 created. 




 记录时间：2019-01-23 09:23:33,283 
日志级别：  INFO  
出错类：Quartz.Simpl.RAMJobStore  
错误描述：RAMJobStore initialized. 




 记录时间：2019-01-23 09:23:33,291 
日志级别：  INFO  
出错类：Quartz.Core.QuartzScheduler  
错误描述：Scheduler meta-data: Quartz Scheduler (v3.0.7.0) 'DefaultQuartzScheduler' with instanceId 'NON_CLUSTERED'
  Scheduler class: 'Quartz.Core.QuartzScheduler' - running locally.
  NOT STARTED.
  Currently in standby mode.
  Number of jobs executed: 0
  Using thread pool 'Quartz.Simpl.DefaultThreadPool' - with 10 threads.
  Using job-store 'Quartz.Simpl.RAMJobStore' - which does not support persistence. and is not clustered.
 




 记录时间：2019-01-23 09:23:33,292 
日志级别：  INFO  
出错类：Quartz.Impl.StdSchedulerFactory  
错误描述：Quartz scheduler 'DefaultQuartzScheduler' initialized 




 记录时间：2019-01-23 09:23:33,293 
日志级别：  INFO  
出错类：Quartz.Impl.StdSchedulerFactory  
错误描述：Quartz scheduler version: 3.0.7.0 




 记录时间：2019-01-23 09:23:37,669 
日志级别：  INFO  
出错类：Quartz.Core.QuartzScheduler  
错误描述：Scheduler DefaultQuartzScheduler_$_NON_CLUSTERED started. 




 记录时间：2019-01-23 09:24:30,036 
日志级别：  INFO  
出错类：Quartz.Simpl.RAMJobStore  
错误描述：All triggers of Job group.job set to ERROR state. 




 记录时间：2019-01-23 09:29:34,630 
日志级别：  INFO  
出错类：Himall.Web.MvcApplication.Application_End  
错误描述：2019-01-23 09:29:34 -  http://localhost:62443 




 记录时间：2019-01-23 09:45:27,814 
日志级别：  INFO  
出错类：Himall.PaymentPlugin.PaymentBase`1[T].set_WorkDirectory  
错误描述：set WorkDirectory:Himall.Plugin.Payment.Alipay.Service 




 记录时间：2019-01-23 09:45:27,835 
日志级别：  INFO  
出错类：Himall.PaymentPlugin.PaymentBase`1[T].set_WorkDirectory  
错误描述：set WorkDirectory:Himall.Plugin.Payment.Alipay_App.Service 




 记录时间：2019-01-23 09:45:27,851 
日志级别：  INFO  
出错类：Himall.PaymentPlugin.PaymentBase`1[T].set_WorkDirectory  
错误描述：set WorkDirectory:Himall.Plugin.Payment.Alipay_QRCode.Service 




 记录时间：2019-01-23 09:45:27,870 
日志级别：  INFO  
出错类：Himall.PaymentPlugin.PaymentBase`1[T].set_WorkDirectory  
错误描述：set WorkDirectory:Himall.Plugin.Payment.Alipay_WAP.Service 




 记录时间：2019-01-23 09:45:27,887 
日志级别：  INFO  
出错类：Himall.PaymentPlugin.PaymentBase`1[T].set_WorkDirectory  
错误描述：set WorkDirectory:Himall.Plugin.Payment.UnionPay.UnionPay 




 记录时间：2019-01-23 09:45:27,909 
日志级别：  INFO  
出错类：Himall.PaymentPlugin.PaymentBase`1[T].set_WorkDirectory  
错误描述：set WorkDirectory:Himall.Plugin.Payment.WeiXinPay.Service 




 记录时间：2019-01-23 09:45:27,928 
日志级别：  INFO  
出错类：Himall.PaymentPlugin.PaymentBase`1[T].set_WorkDirectory  
错误描述：set WorkDirectory:Himall.Plugin.Payment.WeiXinPay_App.Service 




 记录时间：2019-01-23 09:45:27,945 
日志级别：  INFO  
出错类：Himall.PaymentPlugin.PaymentBase`1[T].set_WorkDirectory  
错误描述：set WorkDirectory:Himall.Plugin.Payment.WeiXinPay_H5.Service 




 记录时间：2019-01-23 09:45:27,962 
日志级别：  INFO  
出错类：Himall.PaymentPlugin.PaymentBase`1[T].set_WorkDirectory  
错误描述：set WorkDirectory:Himall.Plugin.Payment.WeiXinPay_Native.WeiXinPay 




 记录时间：2019-01-23 09:45:27,978 
日志级别：  INFO  
出错类：Himall.PaymentPlugin.PaymentBase`1[T].set_WorkDirectory  
错误描述：set WorkDirectory:Himall.Plugin.Payment.WeiXinPay_O2OSmallProg.Service 




 记录时间：2019-01-23 09:45:27,996 
日志级别：  INFO  
出错类：Himall.PaymentPlugin.PaymentBase`1[T].set_WorkDirectory  
错误描述：set WorkDirectory:Himall.Plugin.Payment.WeiXinPay_SmallProg.Service 




 记录时间：2019-01-23 09:50:13,223 
日志级别：  INFO  
出错类：Himall.Web.MvcApplication.Application_End  
错误描述：2019-01-23 09:50:13 -  http://localhost:62443 




 记录时间：2019-01-23 09:50:42,650 
日志级别：  INFO  
出错类：Himall.PaymentPlugin.PaymentBase`1[T].set_WorkDirectory  
错误描述：set WorkDirectory:Himall.Plugin.Payment.Alipay.Service 




 记录时间：2019-01-23 09:50:42,674 
日志级别：  INFO  
出错类：Himall.PaymentPlugin.PaymentBase`1[T].set_WorkDirectory  
错误描述：set WorkDirectory:Himall.Plugin.Payment.Alipay_App.Service 




 记录时间：2019-01-23 09:50:42,695 
日志级别：  INFO  
出错类：Himall.PaymentPlugin.PaymentBase`1[T].set_WorkDirectory  
错误描述：set WorkDirectory:Himall.Plugin.Payment.Alipay_QRCode.Service 




 记录时间：2019-01-23 09:50:42,717 
日志级别：  INFO  
出错类：Himall.PaymentPlugin.PaymentBase`1[T].set_WorkDirectory  
错误描述：set WorkDirectory:Himall.Plugin.Payment.Alipay_WAP.Service 




 记录时间：2019-01-23 09:50:42,752 
日志级别：  INFO  
出错类：Himall.PaymentPlugin.PaymentBase`1[T].set_WorkDirectory  
错误描述：set WorkDirectory:Himall.Plugin.Payment.UnionPay.UnionPay 




 记录时间：2019-01-23 09:50:42,782 
日志级别：  INFO  
出错类：Himall.PaymentPlugin.PaymentBase`1[T].set_WorkDirectory  
错误描述：set WorkDirectory:Himall.Plugin.Payment.WeiXinPay.Service 




 记录时间：2019-01-23 09:50:42,805 
日志级别：  INFO  
出错类：Himall.PaymentPlugin.PaymentBase`1[T].set_WorkDirectory  
错误描述：set WorkDirectory:Himall.Plugin.Payment.WeiXinPay_App.Service 




 记录时间：2019-01-23 09:50:42,832 
日志级别：  INFO  
出错类：Himall.PaymentPlugin.PaymentBase`1[T].set_WorkDirectory  
错误描述：set WorkDirectory:Himall.Plugin.Payment.WeiXinPay_H5.Service 




 记录时间：2019-01-23 09:50:42,854 
日志级别：  INFO  
出错类：Himall.PaymentPlugin.PaymentBase`1[T].set_WorkDirectory  
错误描述：set WorkDirectory:Himall.Plugin.Payment.WeiXinPay_Native.WeiXinPay 




 记录时间：2019-01-23 09:50:42,878 
日志级别：  INFO  
出错类：Himall.PaymentPlugin.PaymentBase`1[T].set_WorkDirectory  
错误描述：set WorkDirectory:Himall.Plugin.Payment.WeiXinPay_O2OSmallProg.Service 




 记录时间：2019-01-23 09:50:42,903 
日志级别：  INFO  
出错类：Himall.PaymentPlugin.PaymentBase`1[T].set_WorkDirectory  
错误描述：set WorkDirectory:Himall.Plugin.Payment.WeiXinPay_SmallProg.Service 




 记录时间：2019-01-23 10:02:49,352 
日志级别：  INFO  
出错类：Himall.Web.MvcApplication.Application_End  
错误描述：2019-01-23 10:02:49 -  http://localhost:62443 




 记录时间：2019-01-23 10:16:33,032 
日志级别：  INFO  
出错类：Himall.PaymentPlugin.PaymentBase`1[T].set_WorkDirectory  
错误描述：set WorkDirectory:Himall.Plugin.Payment.Alipay.Service 




 记录时间：2019-01-23 10:16:33,063 
日志级别：  INFO  
出错类：Himall.PaymentPlugin.PaymentBase`1[T].set_WorkDirectory  
错误描述：set WorkDirectory:Himall.Plugin.Payment.Alipay_App.Service 




 记录时间：2019-01-23 10:16:33,091 
日志级别：  INFO  
出错类：Himall.PaymentPlugin.PaymentBase`1[T].set_WorkDirectory  
错误描述：set WorkDirectory:Himall.Plugin.Payment.Alipay_QRCode.Service 




 记录时间：2019-01-23 10:16:33,121 
日志级别：  INFO  
出错类：Himall.PaymentPlugin.PaymentBase`1[T].set_WorkDirectory  
错误描述：set WorkDirectory:Himall.Plugin.Payment.Alipay_WAP.Service 




 记录时间：2019-01-23 10:16:33,148 
日志级别：  INFO  
出错类：Himall.PaymentPlugin.PaymentBase`1[T].set_WorkDirectory  
错误描述：set WorkDirectory:Himall.Plugin.Payment.UnionPay.UnionPay 




 记录时间：2019-01-23 10:16:33,183 
日志级别：  INFO  
出错类：Himall.PaymentPlugin.PaymentBase`1[T].set_WorkDirectory  
错误描述：set WorkDirectory:Himall.Plugin.Payment.WeiXinPay.Service 




 记录时间：2019-01-23 10:16:33,210 
日志级别：  INFO  
出错类：Himall.PaymentPlugin.PaymentBase`1[T].set_WorkDirectory  
错误描述：set WorkDirectory:Himall.Plugin.Payment.WeiXinPay_App.Service 




 记录时间：2019-01-23 10:16:33,240 
日志级别：  INFO  
出错类：Himall.PaymentPlugin.PaymentBase`1[T].set_WorkDirectory  
错误描述：set WorkDirectory:Himall.Plugin.Payment.WeiXinPay_H5.Service 




 记录时间：2019-01-23 10:16:33,265 
日志级别：  INFO  
出错类：Himall.PaymentPlugin.PaymentBase`1[T].set_WorkDirectory  
错误描述：set WorkDirectory:Himall.Plugin.Payment.WeiXinPay_Native.WeiXinPay 




 记录时间：2019-01-23 10:16:33,292 
日志级别：  INFO  
出错类：Himall.PaymentPlugin.PaymentBase`1[T].set_WorkDirectory  
错误描述：set WorkDirectory:Himall.Plugin.Payment.WeiXinPay_O2OSmallProg.Service 




 记录时间：2019-01-23 10:16:33,322 
日志级别：  INFO  
出错类：Himall.PaymentPlugin.PaymentBase`1[T].set_WorkDirectory  
错误描述：set WorkDirectory:Himall.Plugin.Payment.WeiXinPay_SmallProg.Service 




 记录时间：2019-01-23 10:17:30,668 
日志级别：  INFO  
出错类：Himall.Service.OrderService.AgreeToRefundBySeller  
错误描述：只可以关闭待发货订单！ 

Himall.Core.HimallException: 只可以关闭待发货订单！



 记录时间：2019-01-23 10:17:31,645 
日志级别：  INFO  
出错类：Himall.Service.OrderService.AgreeToRefundBySeller  
错误描述：只可以关闭待发货订单！ 

Himall.Core.HimallException: 只可以关闭待发货订单！



 记录时间：2019-01-23 10:17:32,623 
日志级别：  INFO  
出错类：Himall.Service.OrderService.AgreeToRefundBySeller  
错误描述：只可以关闭待发货订单！ 

Himall.Core.HimallException: 只可以关闭待发货订单！



 记录时间：2019-01-23 10:17:32,872 
日志级别：  INFO  
出错类：Himall.Service.OrderService.AgreeToRefundBySeller  
错误描述：只可以关闭待发货订单！ 

Himall.Core.HimallException: 只可以关闭待发货订单！



 记录时间：2019-01-23 10:17:33,353 
日志级别：  INFO  
出错类：Himall.Service.OrderService.AgreeToRefundBySeller  
错误描述：只可以关闭待发货订单！ 

Himall.Core.HimallException: 只可以关闭待发货订单！



 记录时间：2019-01-23 10:28:41,096 
日志级别：  INFO  
出错类：Himall.Web.MvcApplication.Application_End  
错误描述：2019-01-23 10:28:41 -  http://localhost:62443 




 记录时间：2019-01-23 10:29:17,654 
日志级别：  INFO  
出错类：Himall.PaymentPlugin.PaymentBase`1[T].set_WorkDirectory  
错误描述：set WorkDirectory:Himall.Plugin.Payment.Alipay.Service 




 记录时间：2019-01-23 10:29:17,760 
日志级别：  INFO  
出错类：Himall.PaymentPlugin.PaymentBase`1[T].set_WorkDirectory  
错误描述：set WorkDirectory:Himall.Plugin.Payment.Alipay_App.Service 




 记录时间：2019-01-23 10:29:17,816 
日志级别：  INFO  
出错类：Himall.PaymentPlugin.PaymentBase`1[T].set_WorkDirectory  
错误描述：set WorkDirectory:Himall.Plugin.Payment.Alipay_QRCode.Service 




 记录时间：2019-01-23 10:29:17,890 
日志级别：  INFO  
出错类：Himall.PaymentPlugin.PaymentBase`1[T].set_WorkDirectory  
错误描述：set WorkDirectory:Himall.Plugin.Payment.Alipay_WAP.Service 




 记录时间：2019-01-23 10:29:17,945 
日志级别：  INFO  
出错类：Himall.PaymentPlugin.PaymentBase`1[T].set_WorkDirectory  
错误描述：set WorkDirectory:Himall.Plugin.Payment.UnionPay.UnionPay 




 记录时间：2019-01-23 10:29:18,111 
日志级别：  INFO  
出错类：Himall.PaymentPlugin.PaymentBase`1[T].set_WorkDirectory  
错误描述：set WorkDirectory:Himall.Plugin.Payment.WeiXinPay.Service 




 记录时间：2019-01-23 10:29:18,249 
日志级别：  INFO  
出错类：Himall.PaymentPlugin.PaymentBase`1[T].set_WorkDirectory  
错误描述：set WorkDirectory:Himall.Plugin.Payment.WeiXinPay_App.Service 




 记录时间：2019-01-23 10:29:18,328 
日志级别：  INFO  
出错类：Himall.PaymentPlugin.PaymentBase`1[T].set_WorkDirectory  
错误描述：set WorkDirectory:Himall.Plugin.Payment.WeiXinPay_H5.Service 




 记录时间：2019-01-23 10:29:18,522 
日志级别：  INFO  
出错类：Himall.PaymentPlugin.PaymentBase`1[T].set_WorkDirectory  
错误描述：set WorkDirectory:Himall.Plugin.Payment.WeiXinPay_Native.WeiXinPay 




 记录时间：2019-01-23 10:29:18,567 
日志级别：  INFO  
出错类：Himall.PaymentPlugin.PaymentBase`1[T].set_WorkDirectory  
错误描述：set WorkDirectory:Himall.Plugin.Payment.WeiXinPay_O2OSmallProg.Service 




 记录时间：2019-01-23 10:29:18,603 
日志级别：  INFO  
出错类：Himall.PaymentPlugin.PaymentBase`1[T].set_WorkDirectory  
错误描述：set WorkDirectory:Himall.Plugin.Payment.WeiXinPay_SmallProg.Service 




 记录时间：2019-01-23 11:03:30,123 
日志级别：  INFO  
出错类：Himall.Web.MvcApplication.Application_End  
错误描述：2019-01-23 11:03:30 -  http://localhost:62443 




 记录时间：2019-01-23 11:04:00,718 
日志级别：  INFO  
出错类：Himall.PaymentPlugin.PaymentBase`1[T].set_WorkDirectory  
错误描述：set WorkDirectory:Himall.Plugin.Payment.Alipay.Service 




 记录时间：2019-01-23 11:04:00,739 
日志级别：  INFO  
出错类：Himall.PaymentPlugin.PaymentBase`1[T].set_WorkDirectory  
错误描述：set WorkDirectory:Himall.Plugin.Payment.Alipay_App.Service 




 记录时间：2019-01-23 11:04:00,758 
日志级别：  INFO  
出错类：Himall.PaymentPlugin.PaymentBase`1[T].set_WorkDirectory  
错误描述：set WorkDirectory:Himall.Plugin.Payment.Alipay_QRCode.Service 




 记录时间：2019-01-23 11:04:00,777 
日志级别：  INFO  
出错类：Himall.PaymentPlugin.PaymentBase`1[T].set_WorkDirectory  
错误描述：set WorkDirectory:Himall.Plugin.Payment.Alipay_WAP.Service 




 记录时间：2019-01-23 11:04:00,796 
日志级别：  INFO  
出错类：Himall.PaymentPlugin.PaymentBase`1[T].set_WorkDirectory  
错误描述：set WorkDirectory:Himall.Plugin.Payment.UnionPay.UnionPay 




 记录时间：2019-01-23 11:04:00,818 
日志级别：  INFO  
出错类：Himall.PaymentPlugin.PaymentBase`1[T].set_WorkDirectory  
错误描述：set WorkDirectory:Himall.Plugin.Payment.WeiXinPay.Service 




 记录时间：2019-01-23 11:04:00,837 
日志级别：  INFO  
出错类：Himall.PaymentPlugin.PaymentBase`1[T].set_WorkDirectory  
错误描述：set WorkDirectory:Himall.Plugin.Payment.WeiXinPay_App.Service 




 记录时间：2019-01-23 11:04:00,871 
日志级别：  INFO  
出错类：Himall.PaymentPlugin.PaymentBase`1[T].set_WorkDirectory  
错误描述：set WorkDirectory:Himall.Plugin.Payment.WeiXinPay_H5.Service 




 记录时间：2019-01-23 11:04:00,889 
日志级别：  INFO  
出错类：Himall.PaymentPlugin.PaymentBase`1[T].set_WorkDirectory  
错误描述：set WorkDirectory:Himall.Plugin.Payment.WeiXinPay_Native.WeiXinPay 




 记录时间：2019-01-23 11:04:00,908 
日志级别：  INFO  
出错类：Himall.PaymentPlugin.PaymentBase`1[T].set_WorkDirectory  
错误描述：set WorkDirectory:Himall.Plugin.Payment.WeiXinPay_O2OSmallProg.Service 




 记录时间：2019-01-23 11:04:00,930 
日志级别：  INFO  
出错类：Himall.PaymentPlugin.PaymentBase`1[T].set_WorkDirectory  
错误描述：set WorkDirectory:Himall.Plugin.Payment.WeiXinPay_SmallProg.Service 




 记录时间：2019-01-23 11:05:15,998 
日志级别：  INFO  
出错类：Himall.Web.MvcApplication.Application_End  
错误描述：2019-01-23 11:05:15 -  http://localhost:62443 




 记录时间：2019-01-23 11:05:48,603 
日志级别：  INFO  
出错类：Himall.PaymentPlugin.PaymentBase`1[T].set_WorkDirectory  
错误描述：set WorkDirectory:Himall.Plugin.Payment.Alipay.Service 




 记录时间：2019-01-23 11:05:48,647 
日志级别：  INFO  
出错类：Himall.PaymentPlugin.PaymentBase`1[T].set_WorkDirectory  
错误描述：set WorkDirectory:Himall.Plugin.Payment.Alipay_App.Service 




 记录时间：2019-01-23 11:05:48,761 
日志级别：  INFO  
出错类：Himall.PaymentPlugin.PaymentBase`1[T].set_WorkDirectory  
错误描述：set WorkDirectory:Himall.Plugin.Payment.Alipay_QRCode.Service 




 记录时间：2019-01-23 11:05:48,803 
日志级别：  INFO  
出错类：Himall.PaymentPlugin.PaymentBase`1[T].set_WorkDirectory  
错误描述：set WorkDirectory:Himall.Plugin.Payment.Alipay_WAP.Service 




 记录时间：2019-01-23 11:05:48,840 
日志级别：  INFO  
出错类：Himall.PaymentPlugin.PaymentBase`1[T].set_WorkDirectory  
错误描述：set WorkDirectory:Himall.Plugin.Payment.UnionPay.UnionPay 




 记录时间：2019-01-23 11:05:48,891 
日志级别：  INFO  
出错类：Himall.PaymentPlugin.PaymentBase`1[T].set_WorkDirectory  
错误描述：set WorkDirectory:Himall.Plugin.Payment.WeiXinPay.Service 




 记录时间：2019-01-23 11:05:48,964 
日志级别：  INFO  
出错类：Himall.PaymentPlugin.PaymentBase`1[T].set_WorkDirectory  
错误描述：set WorkDirectory:Himall.Plugin.Payment.WeiXinPay_App.Service 




 记录时间：2019-01-23 11:05:48,988 
日志级别：  INFO  
出错类：Himall.PaymentPlugin.PaymentBase`1[T].set_WorkDirectory  
错误描述：set WorkDirectory:Himall.Plugin.Payment.WeiXinPay_H5.Service 




 记录时间：2019-01-23 11:05:49,010 
日志级别：  INFO  
出错类：Himall.PaymentPlugin.PaymentBase`1[T].set_WorkDirectory  
错误描述：set WorkDirectory:Himall.Plugin.Payment.WeiXinPay_Native.WeiXinPay 




 记录时间：2019-01-23 11:05:49,030 
日志级别：  INFO  
出错类：Himall.PaymentPlugin.PaymentBase`1[T].set_WorkDirectory  
错误描述：set WorkDirectory:Himall.Plugin.Payment.WeiXinPay_O2OSmallProg.Service 




 记录时间：2019-01-23 11:05:49,053 
日志级别：  INFO  
出错类：Himall.PaymentPlugin.PaymentBase`1[T].set_WorkDirectory  
错误描述：set WorkDirectory:Himall.Plugin.Payment.WeiXinPay_SmallProg.Service 




 记录时间：2019-01-23 11:09:01,755 
日志级别：  INFO  
出错类：Himall.PaymentPlugin.PaymentBase`1[T].set_WorkDirectory  
错误描述：set WorkDirectory:Himall.Plugin.Payment.Alipay.Service 




 记录时间：2019-01-23 11:09:01,781 
日志级别：  INFO  
出错类：Himall.PaymentPlugin.PaymentBase`1[T].set_WorkDirectory  
错误描述：set WorkDirectory:Himall.Plugin.Payment.Alipay_App.Service 




 记录时间：2019-01-23 11:09:01,827 
日志级别：  INFO  
出错类：Himall.PaymentPlugin.PaymentBase`1[T].set_WorkDirectory  
错误描述：set WorkDirectory:Himall.Plugin.Payment.Alipay_QRCode.Service 




 记录时间：2019-01-23 11:09:01,884 
日志级别：  INFO  
出错类：Himall.PaymentPlugin.PaymentBase`1[T].set_WorkDirectory  
错误描述：set WorkDirectory:Himall.Plugin.Payment.Alipay_WAP.Service 




 记录时间：2019-01-23 11:09:01,905 
日志级别：  INFO  
出错类：Himall.PaymentPlugin.PaymentBase`1[T].set_WorkDirectory  
错误描述：set WorkDirectory:Himall.Plugin.Payment.UnionPay.UnionPay 




 记录时间：2019-01-23 11:09:01,933 
日志级别：  INFO  
出错类：Himall.PaymentPlugin.PaymentBase`1[T].set_WorkDirectory  
错误描述：set WorkDirectory:Himall.Plugin.Payment.WeiXinPay.Service 




 记录时间：2019-01-23 11:09:01,956 
日志级别：  INFO  
出错类：Himall.PaymentPlugin.PaymentBase`1[T].set_WorkDirectory  
错误描述：set WorkDirectory:Himall.Plugin.Payment.WeiXinPay_App.Service 




 记录时间：2019-01-23 11:09:01,984 
日志级别：  INFO  
出错类：Himall.PaymentPlugin.PaymentBase`1[T].set_WorkDirectory  
错误描述：set WorkDirectory:Himall.Plugin.Payment.WeiXinPay_H5.Service 




 记录时间：2019-01-23 11:09:02,009 
日志级别：  INFO  
出错类：Himall.PaymentPlugin.PaymentBase`1[T].set_WorkDirectory  
错误描述：set WorkDirectory:Himall.Plugin.Payment.WeiXinPay_Native.WeiXinPay 




 记录时间：2019-01-23 11:09:02,029 
日志级别：  INFO  
出错类：Himall.PaymentPlugin.PaymentBase`1[T].set_WorkDirectory  
错误描述：set WorkDirectory:Himall.Plugin.Payment.WeiXinPay_O2OSmallProg.Service 




 记录时间：2019-01-23 11:09:02,049 
日志级别：  INFO  
出错类：Himall.PaymentPlugin.PaymentBase`1[T].set_WorkDirectory  
错误描述：set WorkDirectory:Himall.Plugin.Payment.WeiXinPay_SmallProg.Service 




 记录时间：2019-01-23 11:10:28,029 
日志级别：  INFO  
出错类：Himall.Web.MvcApplication.Application_End  
错误描述：2019-01-23 11:10:28 -  http://localhost:62443 




 记录时间：2019-01-23 11:10:56,951 
日志级别：  INFO  
出错类：Himall.PaymentPlugin.PaymentBase`1[T].set_WorkDirectory  
错误描述：set WorkDirectory:Himall.Plugin.Payment.Alipay.Service 




 记录时间：2019-01-23 11:10:56,978 
日志级别：  INFO  
出错类：Himall.PaymentPlugin.PaymentBase`1[T].set_WorkDirectory  
错误描述：set WorkDirectory:Himall.Plugin.Payment.Alipay_App.Service 




 记录时间：2019-01-23 11:10:57,027 
日志级别：  INFO  
出错类：Himall.PaymentPlugin.PaymentBase`1[T].set_WorkDirectory  
错误描述：set WorkDirectory:Himall.Plugin.Payment.Alipay_QRCode.Service 




 记录时间：2019-01-23 11:10:57,071 
日志级别：  INFO  
出错类：Himall.PaymentPlugin.PaymentBase`1[T].set_WorkDirectory  
错误描述：set WorkDirectory:Himall.Plugin.Payment.Alipay_WAP.Service 




 记录时间：2019-01-23 11:10:57,093 
日志级别：  INFO  
出错类：Himall.PaymentPlugin.PaymentBase`1[T].set_WorkDirectory  
错误描述：set WorkDirectory:Himall.Plugin.Payment.UnionPay.UnionPay 




 记录时间：2019-01-23 11:10:57,118 
日志级别：  INFO  
出错类：Himall.PaymentPlugin.PaymentBase`1[T].set_WorkDirectory  
错误描述：set WorkDirectory:Himall.Plugin.Payment.WeiXinPay.Service 




 记录时间：2019-01-23 11:10:57,141 
日志级别：  INFO  
出错类：Himall.PaymentPlugin.PaymentBase`1[T].set_WorkDirectory  
错误描述：set WorkDirectory:Himall.Plugin.Payment.WeiXinPay_App.Service 




 记录时间：2019-01-23 11:10:57,163 
日志级别：  INFO  
出错类：Himall.PaymentPlugin.PaymentBase`1[T].set_WorkDirectory  
错误描述：set WorkDirectory:Himall.Plugin.Payment.WeiXinPay_H5.Service 




 记录时间：2019-01-23 11:10:57,186 
日志级别：  INFO  
出错类：Himall.PaymentPlugin.PaymentBase`1[T].set_WorkDirectory  
错误描述：set WorkDirectory:Himall.Plugin.Payment.WeiXinPay_Native.WeiXinPay 




 记录时间：2019-01-23 11:10:57,209 
日志级别：  INFO  
出错类：Himall.PaymentPlugin.PaymentBase`1[T].set_WorkDirectory  
错误描述：set WorkDirectory:Himall.Plugin.Payment.WeiXinPay_O2OSmallProg.Service 




 记录时间：2019-01-23 11:10:57,233 
日志级别：  INFO  
出错类：Himall.PaymentPlugin.PaymentBase`1[T].set_WorkDirectory  
错误描述：set WorkDirectory:Himall.Plugin.Payment.WeiXinPay_SmallProg.Service 




 记录时间：2019-01-23 11:17:41,148 
日志级别：  INFO  
出错类：Himall.Web.MvcApplication.Application_End  
错误描述：2019-01-23 11:17:41 -  http://localhost:62443 




 记录时间：2019-01-23 11:19:08,571 
日志级别：  INFO  
出错类：Himall.PaymentPlugin.PaymentBase`1[T].set_WorkDirectory  
错误描述：set WorkDirectory:Himall.Plugin.Payment.Alipay.Service 




 记录时间：2019-01-23 11:19:08,584 
日志级别：  INFO  
出错类：Himall.PaymentPlugin.PaymentBase`1[T].set_WorkDirectory  
错误描述：set WorkDirectory:Himall.Plugin.Payment.Alipay_App.Service 




 记录时间：2019-01-23 11:19:08,595 
日志级别：  INFO  
出错类：Himall.PaymentPlugin.PaymentBase`1[T].set_WorkDirectory  
错误描述：set WorkDirectory:Himall.Plugin.Payment.Alipay_QRCode.Service 




 记录时间：2019-01-23 11:19:08,608 
日志级别：  INFO  
出错类：Himall.PaymentPlugin.PaymentBase`1[T].set_WorkDirectory  
错误描述：set WorkDirectory:Himall.Plugin.Payment.Alipay_WAP.Service 




 记录时间：2019-01-23 11:19:08,619 
日志级别：  INFO  
出错类：Himall.PaymentPlugin.PaymentBase`1[T].set_WorkDirectory  
错误描述：set WorkDirectory:Himall.Plugin.Payment.UnionPay.UnionPay 




 记录时间：2019-01-23 11:19:08,700 
日志级别：  INFO  
出错类：Himall.PaymentPlugin.PaymentBase`1[T].set_WorkDirectory  
错误描述：set WorkDirectory:Himall.Plugin.Payment.WeiXinPay.Service 




 记录时间：2019-01-23 11:19:08,710 
日志级别：  INFO  
出错类：Himall.PaymentPlugin.PaymentBase`1[T].set_WorkDirectory  
错误描述：set WorkDirectory:Himall.Plugin.Payment.WeiXinPay_App.Service 




 记录时间：2019-01-23 11:19:08,719 
日志级别：  INFO  
出错类：Himall.PaymentPlugin.PaymentBase`1[T].set_WorkDirectory  
错误描述：set WorkDirectory:Himall.Plugin.Payment.WeiXinPay_H5.Service 




 记录时间：2019-01-23 11:19:08,730 
日志级别：  INFO  
出错类：Himall.PaymentPlugin.PaymentBase`1[T].set_WorkDirectory  
错误描述：set WorkDirectory:Himall.Plugin.Payment.WeiXinPay_Native.WeiXinPay 




 记录时间：2019-01-23 11:19:08,761 
日志级别：  INFO  
出错类：Himall.PaymentPlugin.PaymentBase`1[T].set_WorkDirectory  
错误描述：set WorkDirectory:Himall.Plugin.Payment.WeiXinPay_O2OSmallProg.Service 




 记录时间：2019-01-23 11:19:08,774 
日志级别：  INFO  
出错类：Himall.PaymentPlugin.PaymentBase`1[T].set_WorkDirectory  
错误描述：set WorkDirectory:Himall.Plugin.Payment.WeiXinPay_SmallProg.Service 




 记录时间：2019-01-23 11:20:21,130 
日志级别：  INFO  
出错类：Himall.Web.MvcApplication.Application_End  
错误描述：2019-01-23 11:20:21 -  http://localhost:62443 




 记录时间：2019-01-23 11:20:49,541 
日志级别：  INFO  
出错类：Himall.PaymentPlugin.PaymentBase`1[T].set_WorkDirectory  
错误描述：set WorkDirectory:Himall.Plugin.Payment.Alipay.Service 




 记录时间：2019-01-23 11:20:49,568 
日志级别：  INFO  
出错类：Himall.PaymentPlugin.PaymentBase`1[T].set_WorkDirectory  
错误描述：set WorkDirectory:Himall.Plugin.Payment.Alipay_App.Service 




 记录时间：2019-01-23 11:20:49,593 
日志级别：  INFO  
出错类：Himall.PaymentPlugin.PaymentBase`1[T].set_WorkDirectory  
错误描述：set WorkDirectory:Himall.Plugin.Payment.Alipay_QRCode.Service 




 记录时间：2019-01-23 11:20:49,622 
日志级别：  INFO  
出错类：Himall.PaymentPlugin.PaymentBase`1[T].set_WorkDirectory  
错误描述：set WorkDirectory:Himall.Plugin.Payment.Alipay_WAP.Service 




 记录时间：2019-01-23 11:20:49,647 
日志级别：  INFO  
出错类：Himall.PaymentPlugin.PaymentBase`1[T].set_WorkDirectory  
错误描述：set WorkDirectory:Himall.Plugin.Payment.UnionPay.UnionPay 




 记录时间：2019-01-23 11:20:49,674 
日志级别：  INFO  
出错类：Himall.PaymentPlugin.PaymentBase`1[T].set_WorkDirectory  
错误描述：set WorkDirectory:Himall.Plugin.Payment.WeiXinPay.Service 




 记录时间：2019-01-23 11:20:49,697 
日志级别：  INFO  
出错类：Himall.PaymentPlugin.PaymentBase`1[T].set_WorkDirectory  
错误描述：set WorkDirectory:Himall.Plugin.Payment.WeiXinPay_App.Service 




 记录时间：2019-01-23 11:20:49,725 
日志级别：  INFO  
出错类：Himall.PaymentPlugin.PaymentBase`1[T].set_WorkDirectory  
错误描述：set WorkDirectory:Himall.Plugin.Payment.WeiXinPay_H5.Service 




 记录时间：2019-01-23 11:20:49,751 
日志级别：  INFO  
出错类：Himall.PaymentPlugin.PaymentBase`1[T].set_WorkDirectory  
错误描述：set WorkDirectory:Himall.Plugin.Payment.WeiXinPay_Native.WeiXinPay 




 记录时间：2019-01-23 11:20:49,777 
日志级别：  INFO  
出错类：Himall.PaymentPlugin.PaymentBase`1[T].set_WorkDirectory  
错误描述：set WorkDirectory:Himall.Plugin.Payment.WeiXinPay_O2OSmallProg.Service 




 记录时间：2019-01-23 11:20:49,801 
日志级别：  INFO  
出错类：Himall.PaymentPlugin.PaymentBase`1[T].set_WorkDirectory  
错误描述：set WorkDirectory:Himall.Plugin.Payment.WeiXinPay_SmallProg.Service 




 记录时间：2019-01-23 11:22:41,950 
日志级别：  INFO  
出错类：Himall.Service.OrderService.SendMessage  
错误描述：进入SendMessage发送短信通知方法里面 




 记录时间：2019-01-23 11:22:42,159 
日志级别：  INFO  
出错类：Himall.Service.OrderService.SendMessage  
错误描述：准备进入SendMessageOnOrderCreate发送短信通知方法里面 




 记录时间：2019-01-23 11:22:42,210 
日志级别：  INFO  
出错类：Himall.Plugin.Message.Email.EmailCore.GetMessageStatus  
错误描述：email3---sss 




 记录时间：2019-01-23 11:22:42,279 
日志级别：  INFO  
出错类：Himall.Plugin.Message.Email.EmailCore.GetMessageStatus  
错误描述：email2---:?<?xml version="1.0" encoding="utf-8" ?>
<MessageStatus>
  <OrderCreated>1</OrderCreated>
  <OrderPay>1</OrderPay>
  <OrderShipping>1</OrderShipping>
  <OrderRefund>1</OrderRefund>
  <RefundDeliver>1</RefundDeliver>
  <FindPassWord>1</FindPassWord>
  <ShopAudited>1</ShopAudited>
  <ShopHaveNewOrder>3</ShopHaveNewOrder>
  <ReceiveBonus>3</ReceiveBonus>
  <LimitTimeBuy>3</LimitTimeBuy>
  <SubscribeLimitTimeBuy>3</SubscribeLimitTimeBuy>
  <FightGroupOpenSuccess>3</FightGroupOpenSuccess>
  <FightGroupJoinSuccess>3</FightGroupJoinSuccess>
  <FightGroupNewJoin>3</FightGroupNewJoin>
  <FightGroupFailed>3</FightGroupFailed>
  <FightGroupSuccess>3</FightGroupSuccess>
  <SendCouponSuccess>1</SendCouponSuccess>
</MessageStatus> 




 记录时间：2019-01-23 11:22:42,291 
日志级别：  INFO  
出错类：Himall.Plugin.Message.Email.EmailCore.GetMessageStatus  
错误描述：email3---eee 




 记录时间：2019-01-23 11:22:42,303 
日志级别：  INFO  
出错类：Himall.Plugin.Message.Email.EmailCore.GetMessageStatus  
错误描述：email3---sss 




 记录时间：2019-01-23 11:22:42,304 
日志级别：  INFO  
出错类：Himall.Plugin.Message.Email.EmailCore.GetMessageStatus  
错误描述：email2---:?<?xml version="1.0" encoding="utf-8" ?>
<MessageStatus>
  <OrderCreated>1</OrderCreated>
  <OrderPay>1</OrderPay>
  <OrderShipping>1</OrderShipping>
  <OrderRefund>1</OrderRefund>
  <RefundDeliver>1</RefundDeliver>
  <FindPassWord>1</FindPassWord>
  <ShopAudited>1</ShopAudited>
  <ShopHaveNewOrder>3</ShopHaveNewOrder>
  <ReceiveBonus>3</ReceiveBonus>
  <LimitTimeBuy>3</LimitTimeBuy>
  <SubscribeLimitTimeBuy>3</SubscribeLimitTimeBuy>
  <FightGroupOpenSuccess>3</FightGroupOpenSuccess>
  <FightGroupJoinSuccess>3</FightGroupJoinSuccess>
  <FightGroupNewJoin>3</FightGroupNewJoin>
  <FightGroupFailed>3</FightGroupFailed>
  <FightGroupSuccess>3</FightGroupSuccess>
  <SendCouponSuccess>1</SendCouponSuccess>
</MessageStatus> 




 记录时间：2019-01-23 11:22:42,305 
日志级别：  INFO  
出错类：Himall.Plugin.Message.Email.EmailCore.GetMessageStatus  
错误描述：email3---eee 




 记录时间：2019-01-23 11:22:43,209 
日志级别：  INFO  
出错类：Himall.PaymentPlugin.PaymentBase`1[T].get_WorkDirectory  
错误描述：get WorkDirectory:Himall.Plugin.Payment.Alipay_WAP.Service 




 记录时间：2019-01-23 11:22:43,271 
日志级别：  INFO  
出错类：Himall.PaymentPlugin.PaymentBase`1[T].get_WorkDirectory  
错误描述：get WorkDirectory:Himall.Plugin.Payment.WeiXinPay.Service 




 记录时间：2019-01-23 11:27:42,819 
日志级别：  INFO  
出错类：Himall.Plugin.Message.Email.EmailCore.GetMessageStatus  
错误描述：email3---sss 




 记录时间：2019-01-23 11:27:42,821 
日志级别：  INFO  
出错类：Himall.Plugin.Message.Email.EmailCore.GetMessageStatus  
错误描述：email2---:?<?xml version="1.0" encoding="utf-8" ?>
<MessageStatus>
  <OrderCreated>1</OrderCreated>
  <OrderPay>1</OrderPay>
  <OrderShipping>1</OrderShipping>
  <OrderRefund>1</OrderRefund>
  <RefundDeliver>1</RefundDeliver>
  <FindPassWord>1</FindPassWord>
  <ShopAudited>1</ShopAudited>
  <ShopHaveNewOrder>3</ShopHaveNewOrder>
  <ReceiveBonus>3</ReceiveBonus>
  <LimitTimeBuy>3</LimitTimeBuy>
  <SubscribeLimitTimeBuy>3</SubscribeLimitTimeBuy>
  <FightGroupOpenSuccess>3</FightGroupOpenSuccess>
  <FightGroupJoinSuccess>3</FightGroupJoinSuccess>
  <FightGroupNewJoin>3</FightGroupNewJoin>
  <FightGroupFailed>3</FightGroupFailed>
  <FightGroupSuccess>3</FightGroupSuccess>
  <SendCouponSuccess>1</SendCouponSuccess>
</MessageStatus> 




 记录时间：2019-01-23 11:27:42,823 
日志级别：  INFO  
出错类：Himall.Plugin.Message.Email.EmailCore.GetMessageStatus  
错误描述：email3---eee 




 记录时间：2019-01-23 11:27:43,460 
日志级别：  INFO  
出错类：Himall.Service.WXMsgTemplateService.SendMessageByTemplate  
错误描述：[模板消息]开始准备数据：641[待付款提醒] 




 记录时间：2019-01-23 11:27:44,236 
日志级别：  INFO  
出错类：Himall.Service.WXMsgTemplateService.SendMessageByTemplate  
错误描述：消息类型=待付款提醒 userId=641 openId=oXdftwQe8wJz4-aMGDUfoVfGuKOY dataerr= 




 记录时间：2019-01-23 11:27:44,237 
日志级别：  INFO  
出错类：Himall.Service.WXMsgTemplateService.SendMessageByTemplate  
错误描述：[模板消息]开始发送前 




 记录时间：2019-01-23 11:27:44,240 
日志级别：  INFO  
出错类：Himall.Service.WXMsgTemplateService.SendMessageByTemplate  
错误描述：[模板消息]开始发送到openid:oXdftwQe8wJz4-aMGDUfoVfGuKOY 




 记录时间：2019-01-23 13:34:25,407 
日志级别：  INFO  
出错类：Himall.Service.OrderService.AgreeToRefundBySeller  
错误描述：只可以关闭待发货订单！ 

Himall.Core.HimallException: 只可以关闭待发货订单！



 记录时间：2019-01-23 13:34:25,672 
日志级别：  INFO  
出错类：Himall.Service.OrderService.AgreeToRefundBySeller  
错误描述：只可以关闭待发货订单！ 

Himall.Core.HimallException: 只可以关闭待发货订单！



 记录时间：2019-01-23 13:34:26,738 
日志级别：  INFO  
出错类：Himall.Service.OrderService.AgreeToRefundBySeller  
错误描述：只可以关闭待发货订单！ 

Himall.Core.HimallException: 只可以关闭待发货订单！



 记录时间：2019-01-23 13:34:27,197 
日志级别：  INFO  
出错类：Himall.Service.OrderService.AgreeToRefundBySeller  
错误描述：只可以关闭待发货订单！ 

Himall.Core.HimallException: 只可以关闭待发货订单！



 记录时间：2019-01-23 13:34:27,727 
日志级别：  INFO  
出错类：Himall.Service.OrderService.AgreeToRefundBySeller  
错误描述：只可以关闭待发货订单！ 

Himall.Core.HimallException: 只可以关闭待发货订单！



 记录时间：2019-01-23 13:44:54,566 
日志级别：  INFO  
出错类：Himall.Service.OrderService.AgreeToRefundBySeller  
错误描述：只可以关闭待发货订单！ 

Himall.Core.HimallException: 只可以关闭待发货订单！



 记录时间：2019-01-23 13:44:54,919 
日志级别：  INFO  
出错类：Himall.Service.OrderService.AgreeToRefundBySeller  
错误描述：只可以关闭待发货订单！ 

Himall.Core.HimallException: 只可以关闭待发货订单！



 记录时间：2019-01-23 13:44:55,237 
日志级别：  INFO  
出错类：Himall.Service.OrderService.AgreeToRefundBySeller  
错误描述：只可以关闭待发货订单！ 

Himall.Core.HimallException: 只可以关闭待发货订单！



 记录时间：2019-01-23 13:44:55,546 
日志级别：  INFO  
出错类：Himall.Service.OrderService.AgreeToRefundBySeller  
错误描述：只可以关闭待发货订单！ 

Himall.Core.HimallException: 只可以关闭待发货订单！



 记录时间：2019-01-23 13:44:55,960 
日志级别：  INFO  
出错类：Himall.Service.OrderService.AgreeToRefundBySeller  
错误描述：只可以关闭待发货订单！ 

Himall.Core.HimallException: 只可以关闭待发货订单！



 记录时间：2019-01-23 13:48:11,184 
日志级别：  INFO  
出错类：Himall.Service.OrderService.AgreeToRefundBySeller  
错误描述：只可以关闭待发货订单！ 

Himall.Core.HimallException: 只可以关闭待发货订单！



 记录时间：2019-01-23 13:48:11,584 
日志级别：  INFO  
出错类：Himall.Service.OrderService.AgreeToRefundBySeller  
错误描述：只可以关闭待发货订单！ 

Himall.Core.HimallException: 只可以关闭待发货订单！



 记录时间：2019-01-23 13:48:11,941 
日志级别：  INFO  
出错类：Himall.Service.OrderService.AgreeToRefundBySeller  
错误描述：只可以关闭待发货订单！ 

Himall.Core.HimallException: 只可以关闭待发货订单！



 记录时间：2019-01-23 13:48:13,802 
日志级别：  INFO  
出错类：Himall.Service.OrderService.AgreeToRefundBySeller  
错误描述：只可以关闭待发货订单！ 

Himall.Core.HimallException: 只可以关闭待发货订单！



 记录时间：2019-01-23 13:48:13,996 
日志级别：  INFO  
出错类：Himall.Service.OrderService.AgreeToRefundBySeller  
错误描述：只可以关闭待发货订单！ 

Himall.Core.HimallException: 只可以关闭待发货订单！



 记录时间：2019-01-23 13:59:53,990 
日志级别：  INFO  
出错类：Himall.Web.MvcApplication.Application_End  
错误描述：2019-01-23 13:59:53 -  http://localhost:62443 




 记录时间：2019-01-23 14:00:17,125 
日志级别：  INFO  
出错类：Himall.PaymentPlugin.PaymentBase`1[T].set_WorkDirectory  
错误描述：set WorkDirectory:Himall.Plugin.Payment.Alipay.Service 




 记录时间：2019-01-23 14:00:17,135 
日志级别：  INFO  
出错类：Himall.PaymentPlugin.PaymentBase`1[T].set_WorkDirectory  
错误描述：set WorkDirectory:Himall.Plugin.Payment.Alipay_App.Service 




 记录时间：2019-01-23 14:00:17,146 
日志级别：  INFO  
出错类：Himall.PaymentPlugin.PaymentBase`1[T].set_WorkDirectory  
错误描述：set WorkDirectory:Himall.Plugin.Payment.Alipay_QRCode.Service 




 记录时间：2019-01-23 14:00:17,157 
日志级别：  INFO  
出错类：Himall.PaymentPlugin.PaymentBase`1[T].set_WorkDirectory  
错误描述：set WorkDirectory:Himall.Plugin.Payment.Alipay_WAP.Service 




 记录时间：2019-01-23 14:00:17,169 
日志级别：  INFO  
出错类：Himall.PaymentPlugin.PaymentBase`1[T].set_WorkDirectory  
错误描述：set WorkDirectory:Himall.Plugin.Payment.UnionPay.UnionPay 




 记录时间：2019-01-23 14:00:17,181 
日志级别：  INFO  
出错类：Himall.PaymentPlugin.PaymentBase`1[T].set_WorkDirectory  
错误描述：set WorkDirectory:Himall.Plugin.Payment.WeiXinPay.Service 




 记录时间：2019-01-23 14:00:17,190 
日志级别：  INFO  
出错类：Himall.PaymentPlugin.PaymentBase`1[T].set_WorkDirectory  
错误描述：set WorkDirectory:Himall.Plugin.Payment.WeiXinPay_App.Service 




 记录时间：2019-01-23 14:00:17,200 
日志级别：  INFO  
出错类：Himall.PaymentPlugin.PaymentBase`1[T].set_WorkDirectory  
错误描述：set WorkDirectory:Himall.Plugin.Payment.WeiXinPay_H5.Service 




 记录时间：2019-01-23 14:00:17,210 
日志级别：  INFO  
出错类：Himall.PaymentPlugin.PaymentBase`1[T].set_WorkDirectory  
错误描述：set WorkDirectory:Himall.Plugin.Payment.WeiXinPay_Native.WeiXinPay 




 记录时间：2019-01-23 14:00:17,219 
日志级别：  INFO  
出错类：Himall.PaymentPlugin.PaymentBase`1[T].set_WorkDirectory  
错误描述：set WorkDirectory:Himall.Plugin.Payment.WeiXinPay_O2OSmallProg.Service 




 记录时间：2019-01-23 14:00:17,231 
日志级别：  INFO  
出错类：Himall.PaymentPlugin.PaymentBase`1[T].set_WorkDirectory  
错误描述：set WorkDirectory:Himall.Plugin.Payment.WeiXinPay_SmallProg.Service 




 记录时间：2019-01-23 14:00:47,680 
日志级别：  INFO  
出错类：Himall.Web.MvcApplication.Application_End  
错误描述：2019-01-23 14:00:47 -  http://localhost:62443 




 记录时间：2019-01-23 14:01:09,837 
日志级别：  INFO  
出错类：Himall.PaymentPlugin.PaymentBase`1[T].set_WorkDirectory  
错误描述：set WorkDirectory:Himall.Plugin.Payment.Alipay.Service 




 记录时间：2019-01-23 14:01:09,866 
日志级别：  INFO  
出错类：Himall.PaymentPlugin.PaymentBase`1[T].set_WorkDirectory  
错误描述：set WorkDirectory:Himall.Plugin.Payment.Alipay_App.Service 




 记录时间：2019-01-23 14:01:09,891 
日志级别：  INFO  
出错类：Himall.PaymentPlugin.PaymentBase`1[T].set_WorkDirectory  
错误描述：set WorkDirectory:Himall.Plugin.Payment.Alipay_QRCode.Service 




 记录时间：2019-01-23 14:01:09,908 
日志级别：  INFO  
出错类：Himall.PaymentPlugin.PaymentBase`1[T].set_WorkDirectory  
错误描述：set WorkDirectory:Himall.Plugin.Payment.Alipay_WAP.Service 




 记录时间：2019-01-23 14:01:09,922 
日志级别：  INFO  
出错类：Himall.PaymentPlugin.PaymentBase`1[T].set_WorkDirectory  
错误描述：set WorkDirectory:Himall.Plugin.Payment.UnionPay.UnionPay 




 记录时间：2019-01-23 14:01:09,941 
日志级别：  INFO  
出错类：Himall.PaymentPlugin.PaymentBase`1[T].set_WorkDirectory  
错误描述：set WorkDirectory:Himall.Plugin.Payment.WeiXinPay.Service 




 记录时间：2019-01-23 14:01:09,961 
日志级别：  INFO  
出错类：Himall.PaymentPlugin.PaymentBase`1[T].set_WorkDirectory  
错误描述：set WorkDirectory:Himall.Plugin.Payment.WeiXinPay_App.Service 




 记录时间：2019-01-23 14:01:09,986 
日志级别：  INFO  
出错类：Himall.PaymentPlugin.PaymentBase`1[T].set_WorkDirectory  
错误描述：set WorkDirectory:Himall.Plugin.Payment.WeiXinPay_H5.Service 




 记录时间：2019-01-23 14:01:10,009 
日志级别：  INFO  
出错类：Himall.PaymentPlugin.PaymentBase`1[T].set_WorkDirectory  
错误描述：set WorkDirectory:Himall.Plugin.Payment.WeiXinPay_Native.WeiXinPay 




 记录时间：2019-01-23 14:01:10,045 
日志级别：  INFO  
出错类：Himall.PaymentPlugin.PaymentBase`1[T].set_WorkDirectory  
错误描述：set WorkDirectory:Himall.Plugin.Payment.WeiXinPay_O2OSmallProg.Service 




 记录时间：2019-01-23 14:01:10,101 
日志级别：  INFO  
出错类：Himall.PaymentPlugin.PaymentBase`1[T].set_WorkDirectory  
错误描述：set WorkDirectory:Himall.Plugin.Payment.WeiXinPay_SmallProg.Service 




 记录时间：2019-01-23 14:02:09,826 
日志级别：  INFO  
出错类：Himall.Service.OrderService.AgreeToRefundBySeller  
错误描述：只可以关闭待发货订单！ 

Himall.Core.HimallException: 只可以关闭待发货订单！



 记录时间：2019-01-23 14:02:10,270 
日志级别：  INFO  
出错类：Himall.Service.OrderService.AgreeToRefundBySeller  
错误描述：只可以关闭待发货订单！ 

Himall.Core.HimallException: 只可以关闭待发货订单！



 记录时间：2019-01-23 14:02:10,407 
日志级别：  INFO  
出错类：Himall.Service.OrderService.AgreeToRefundBySeller  
错误描述：只可以关闭待发货订单！ 

Himall.Core.HimallException: 只可以关闭待发货订单！



 记录时间：2019-01-23 14:02:10,626 
日志级别：  INFO  
出错类：Himall.Service.OrderService.AgreeToRefundBySeller  
错误描述：只可以关闭待发货订单！ 

Himall.Core.HimallException: 只可以关闭待发货订单！



 记录时间：2019-01-23 14:02:11,163 
日志级别：  INFO  
出错类：Himall.Service.OrderService.AgreeToRefundBySeller  
错误描述：只可以关闭待发货订单！ 

Himall.Core.HimallException: 只可以关闭待发货订单！



 记录时间：2019-01-23 14:12:40,341 
日志级别：  INFO  
出错类：Himall.Web.MvcApplication.Application_End  
错误描述：2019-01-23 14:12:40 -  http://localhost:62443 




 记录时间：2019-01-23 14:12:49,564 
日志级别：  INFO  
出错类：Himall.PaymentPlugin.PaymentBase`1[T].set_WorkDirectory  
错误描述：set WorkDirectory:Himall.Plugin.Payment.Alipay.Service 




 记录时间：2019-01-23 14:12:49,595 
日志级别：  INFO  
出错类：Himall.PaymentPlugin.PaymentBase`1[T].set_WorkDirectory  
错误描述：set WorkDirectory:Himall.Plugin.Payment.Alipay_App.Service 




 记录时间：2019-01-23 14:12:49,609 
日志级别：  INFO  
出错类：Himall.PaymentPlugin.PaymentBase`1[T].set_WorkDirectory  
错误描述：set WorkDirectory:Himall.Plugin.Payment.Alipay_QRCode.Service 




 记录时间：2019-01-23 14:12:49,627 
日志级别：  INFO  
出错类：Himall.PaymentPlugin.PaymentBase`1[T].set_WorkDirectory  
错误描述：set WorkDirectory:Himall.Plugin.Payment.Alipay_WAP.Service 




 记录时间：2019-01-23 14:12:49,640 
日志级别：  INFO  
出错类：Himall.PaymentPlugin.PaymentBase`1[T].set_WorkDirectory  
错误描述：set WorkDirectory:Himall.Plugin.Payment.UnionPay.UnionPay 




 记录时间：2019-01-23 14:12:49,663 
日志级别：  INFO  
出错类：Himall.PaymentPlugin.PaymentBase`1[T].set_WorkDirectory  
错误描述：set WorkDirectory:Himall.Plugin.Payment.WeiXinPay.Service 




 记录时间：2019-01-23 14:12:49,682 
日志级别：  INFO  
出错类：Himall.PaymentPlugin.PaymentBase`1[T].set_WorkDirectory  
错误描述：set WorkDirectory:Himall.Plugin.Payment.WeiXinPay_App.Service 




 记录时间：2019-01-23 14:12:49,695 
日志级别：  INFO  
出错类：Himall.PaymentPlugin.PaymentBase`1[T].set_WorkDirectory  
错误描述：set WorkDirectory:Himall.Plugin.Payment.WeiXinPay_H5.Service 




 记录时间：2019-01-23 14:12:49,709 
日志级别：  INFO  
出错类：Himall.PaymentPlugin.PaymentBase`1[T].set_WorkDirectory  
错误描述：set WorkDirectory:Himall.Plugin.Payment.WeiXinPay_Native.WeiXinPay 




 记录时间：2019-01-23 14:12:49,723 
日志级别：  INFO  
出错类：Himall.PaymentPlugin.PaymentBase`1[T].set_WorkDirectory  
错误描述：set WorkDirectory:Himall.Plugin.Payment.WeiXinPay_O2OSmallProg.Service 




 记录时间：2019-01-23 14:12:49,739 
日志级别：  INFO  
出错类：Himall.PaymentPlugin.PaymentBase`1[T].set_WorkDirectory  
错误描述：set WorkDirectory:Himall.Plugin.Payment.WeiXinPay_SmallProg.Service 




 记录时间：2019-01-23 14:14:12,683 
日志级别：  INFO  
出错类：Himall.Web.MvcApplication.Application_End  
错误描述：2019-01-23 14:14:12 -  http://localhost:62443 




 记录时间：2019-01-23 14:14:40,959 
日志级别：  INFO  
出错类：Himall.PaymentPlugin.PaymentBase`1[T].set_WorkDirectory  
错误描述：set WorkDirectory:Himall.Plugin.Payment.Alipay.Service 




 记录时间：2019-01-23 14:14:40,976 
日志级别：  INFO  
出错类：Himall.PaymentPlugin.PaymentBase`1[T].set_WorkDirectory  
错误描述：set WorkDirectory:Himall.Plugin.Payment.Alipay_App.Service 




 记录时间：2019-01-23 14:14:40,992 
日志级别：  INFO  
出错类：Himall.PaymentPlugin.PaymentBase`1[T].set_WorkDirectory  
错误描述：set WorkDirectory:Himall.Plugin.Payment.Alipay_QRCode.Service 




 记录时间：2019-01-23 14:14:41,005 
日志级别：  INFO  
出错类：Himall.PaymentPlugin.PaymentBase`1[T].set_WorkDirectory  
错误描述：set WorkDirectory:Himall.Plugin.Payment.Alipay_WAP.Service 




 记录时间：2019-01-23 14:14:41,022 
日志级别：  INFO  
出错类：Himall.PaymentPlugin.PaymentBase`1[T].set_WorkDirectory  
错误描述：set WorkDirectory:Himall.Plugin.Payment.UnionPay.UnionPay 




 记录时间：2019-01-23 14:14:41,038 
日志级别：  INFO  
出错类：Himall.PaymentPlugin.PaymentBase`1[T].set_WorkDirectory  
错误描述：set WorkDirectory:Himall.Plugin.Payment.WeiXinPay.Service 




 记录时间：2019-01-23 14:14:41,053 
日志级别：  INFO  
出错类：Himall.PaymentPlugin.PaymentBase`1[T].set_WorkDirectory  
错误描述：set WorkDirectory:Himall.Plugin.Payment.WeiXinPay_App.Service 




 记录时间：2019-01-23 14:14:41,072 
日志级别：  INFO  
出错类：Himall.PaymentPlugin.PaymentBase`1[T].set_WorkDirectory  
错误描述：set WorkDirectory:Himall.Plugin.Payment.WeiXinPay_H5.Service 




 记录时间：2019-01-23 14:14:41,086 
日志级别：  INFO  
出错类：Himall.PaymentPlugin.PaymentBase`1[T].set_WorkDirectory  
错误描述：set WorkDirectory:Himall.Plugin.Payment.WeiXinPay_Native.WeiXinPay 




 记录时间：2019-01-23 14:14:41,102 
日志级别：  INFO  
出错类：Himall.PaymentPlugin.PaymentBase`1[T].set_WorkDirectory  
错误描述：set WorkDirectory:Himall.Plugin.Payment.WeiXinPay_O2OSmallProg.Service 




 记录时间：2019-01-23 14:14:41,124 
日志级别：  INFO  
出错类：Himall.PaymentPlugin.PaymentBase`1[T].set_WorkDirectory  
错误描述：set WorkDirectory:Himall.Plugin.Payment.WeiXinPay_SmallProg.Service 




 记录时间：2019-01-23 14:15:11,586 
日志级别：  INFO  
出错类：Himall.Web.MvcApplication.Application_End  
错误描述：2019-01-23 14:15:11 -  http://localhost:62443 




 记录时间：2019-01-23 14:15:25,072 
日志级别：  INFO  
出错类：Himall.PaymentPlugin.PaymentBase`1[T].set_WorkDirectory  
错误描述：set WorkDirectory:Himall.Plugin.Payment.Alipay.Service 




 记录时间：2019-01-23 14:15:25,082 
日志级别：  INFO  
出错类：Himall.PaymentPlugin.PaymentBase`1[T].set_WorkDirectory  
错误描述：set WorkDirectory:Himall.Plugin.Payment.Alipay_App.Service 




 记录时间：2019-01-23 14:15:25,091 
日志级别：  INFO  
出错类：Himall.PaymentPlugin.PaymentBase`1[T].set_WorkDirectory  
错误描述：set WorkDirectory:Himall.Plugin.Payment.Alipay_QRCode.Service 




 记录时间：2019-01-23 14:15:25,100 
日志级别：  INFO  
出错类：Himall.PaymentPlugin.PaymentBase`1[T].set_WorkDirectory  
错误描述：set WorkDirectory:Himall.Plugin.Payment.Alipay_WAP.Service 




 记录时间：2019-01-23 14:15:25,109 
日志级别：  INFO  
出错类：Himall.PaymentPlugin.PaymentBase`1[T].set_WorkDirectory  
错误描述：set WorkDirectory:Himall.Plugin.Payment.UnionPay.UnionPay 




 记录时间：2019-01-23 14:15:25,120 
日志级别：  INFO  
出错类：Himall.PaymentPlugin.PaymentBase`1[T].set_WorkDirectory  
错误描述：set WorkDirectory:Himall.Plugin.Payment.WeiXinPay.Service 




 记录时间：2019-01-23 14:15:25,130 
日志级别：  INFO  
出错类：Himall.PaymentPlugin.PaymentBase`1[T].set_WorkDirectory  
错误描述：set WorkDirectory:Himall.Plugin.Payment.WeiXinPay_App.Service 




 记录时间：2019-01-23 14:15:25,141 
日志级别：  INFO  
出错类：Himall.PaymentPlugin.PaymentBase`1[T].set_WorkDirectory  
错误描述：set WorkDirectory:Himall.Plugin.Payment.WeiXinPay_H5.Service 




 记录时间：2019-01-23 14:15:25,150 
日志级别：  INFO  
出错类：Himall.PaymentPlugin.PaymentBase`1[T].set_WorkDirectory  
错误描述：set WorkDirectory:Himall.Plugin.Payment.WeiXinPay_Native.WeiXinPay 




 记录时间：2019-01-23 14:15:25,159 
日志级别：  INFO  
出错类：Himall.PaymentPlugin.PaymentBase`1[T].set_WorkDirectory  
错误描述：set WorkDirectory:Himall.Plugin.Payment.WeiXinPay_O2OSmallProg.Service 




 记录时间：2019-01-23 14:15:25,168 
日志级别：  INFO  
出错类：Himall.PaymentPlugin.PaymentBase`1[T].set_WorkDirectory  
错误描述：set WorkDirectory:Himall.Plugin.Payment.WeiXinPay_SmallProg.Service 




 记录时间：2019-01-23 14:15:50,271 
日志级别：  INFO  
出错类：Himall.Web.MvcApplication.Application_End  
错误描述：2019-01-23 14:15:50 -  http://localhost:62443 




 记录时间：2019-01-23 14:15:58,100 
日志级别：  INFO  
出错类：Himall.PaymentPlugin.PaymentBase`1[T].set_WorkDirectory  
错误描述：set WorkDirectory:Himall.Plugin.Payment.Alipay.Service 




 记录时间：2019-01-23 14:15:58,111 
日志级别：  INFO  
出错类：Himall.PaymentPlugin.PaymentBase`1[T].set_WorkDirectory  
错误描述：set WorkDirectory:Himall.Plugin.Payment.Alipay_App.Service 




 记录时间：2019-01-23 14:15:58,126 
日志级别：  INFO  
出错类：Himall.PaymentPlugin.PaymentBase`1[T].set_WorkDirectory  
错误描述：set WorkDirectory:Himall.Plugin.Payment.Alipay_QRCode.Service 




 记录时间：2019-01-23 14:15:58,141 
日志级别：  INFO  
出错类：Himall.PaymentPlugin.PaymentBase`1[T].set_WorkDirectory  
错误描述：set WorkDirectory:Himall.Plugin.Payment.Alipay_WAP.Service 




 记录时间：2019-01-23 14:15:58,159 
日志级别：  INFO  
出错类：Himall.PaymentPlugin.PaymentBase`1[T].set_WorkDirectory  
错误描述：set WorkDirectory:Himall.Plugin.Payment.UnionPay.UnionPay 




 记录时间：2019-01-23 14:15:58,179 
日志级别：  INFO  
出错类：Himall.PaymentPlugin.PaymentBase`1[T].set_WorkDirectory  
错误描述：set WorkDirectory:Himall.Plugin.Payment.WeiXinPay.Service 




 记录时间：2019-01-23 14:15:58,193 
日志级别：  INFO  
出错类：Himall.PaymentPlugin.PaymentBase`1[T].set_WorkDirectory  
错误描述：set WorkDirectory:Himall.Plugin.Payment.WeiXinPay_App.Service 




 记录时间：2019-01-23 14:15:58,204 
日志级别：  INFO  
出错类：Himall.PaymentPlugin.PaymentBase`1[T].set_WorkDirectory  
错误描述：set WorkDirectory:Himall.Plugin.Payment.WeiXinPay_H5.Service 




 记录时间：2019-01-23 14:15:58,222 
日志级别：  INFO  
出错类：Himall.PaymentPlugin.PaymentBase`1[T].set_WorkDirectory  
错误描述：set WorkDirectory:Himall.Plugin.Payment.WeiXinPay_Native.WeiXinPay 




 记录时间：2019-01-23 14:15:58,235 
日志级别：  INFO  
出错类：Himall.PaymentPlugin.PaymentBase`1[T].set_WorkDirectory  
错误描述：set WorkDirectory:Himall.Plugin.Payment.WeiXinPay_O2OSmallProg.Service 




 记录时间：2019-01-23 14:15:58,250 
日志级别：  INFO  
出错类：Himall.PaymentPlugin.PaymentBase`1[T].set_WorkDirectory  
错误描述：set WorkDirectory:Himall.Plugin.Payment.WeiXinPay_SmallProg.Service 




 记录时间：2019-01-23 14:21:13,279 
日志级别：  INFO  
出错类：Himall.Service.OrderService.AgreeToRefundBySeller  
错误描述：只可以关闭待发货订单！ 

Himall.Core.HimallException: 只可以关闭待发货订单！



 记录时间：2019-01-23 14:21:13,478 
日志级别：  INFO  
出错类：Himall.Service.OrderService.AgreeToRefundBySeller  
错误描述：只可以关闭待发货订单！ 

Himall.Core.HimallException: 只可以关闭待发货订单！



 记录时间：2019-01-23 14:21:13,565 
日志级别：  INFO  
出错类：Himall.Service.OrderService.AgreeToRefundBySeller  
错误描述：只可以关闭待发货订单！ 

Himall.Core.HimallException: 只可以关闭待发货订单！



 记录时间：2019-01-23 14:21:13,670 
日志级别：  INFO  
出错类：Himall.Service.OrderService.AgreeToRefundBySeller  
错误描述：只可以关闭待发货订单！ 

Himall.Core.HimallException: 只可以关闭待发货订单！



 记录时间：2019-01-23 14:21:13,917 
日志级别：  INFO  
出错类：Himall.Service.OrderService.AgreeToRefundBySeller  
错误描述：只可以关闭待发货订单！ 

Himall.Core.HimallException: 只可以关闭待发货订单！



 记录时间：2019-01-23 14:24:25,724 
日志级别：  INFO  
出错类：Himall.Service.OrderService.AgreeToRefundBySeller  
错误描述：只可以关闭待发货订单！ 

Himall.Core.HimallException: 只可以关闭待发货订单！



 记录时间：2019-01-23 14:24:26,067 
日志级别：  INFO  
出错类：Himall.Service.OrderService.AgreeToRefundBySeller  
错误描述：只可以关闭待发货订单！ 

Himall.Core.HimallException: 只可以关闭待发货订单！



 记录时间：2019-01-23 14:24:26,266 
日志级别：  INFO  
出错类：Himall.Service.OrderService.AgreeToRefundBySeller  
错误描述：只可以关闭待发货订单！ 

Himall.Core.HimallException: 只可以关闭待发货订单！



 记录时间：2019-01-23 14:24:26,521 
日志级别：  INFO  
出错类：Himall.Service.OrderService.AgreeToRefundBySeller  
错误描述：只可以关闭待发货订单！ 

Himall.Core.HimallException: 只可以关闭待发货订单！



 记录时间：2019-01-23 14:24:26,713 
日志级别：  INFO  
出错类：Himall.Service.OrderService.AgreeToRefundBySeller  
错误描述：只可以关闭待发货订单！ 

Himall.Core.HimallException: 只可以关闭待发货订单！



 记录时间：2019-01-23 15:49:16,827 
日志级别：  INFO  
出错类：Himall.Service.OrderService.AgreeToRefundBySeller  
错误描述：只可以关闭待发货订单！ 

Himall.Core.HimallException: 只可以关闭待发货订单！



 记录时间：2019-01-23 15:49:17,650 
日志级别：  INFO  
出错类：Himall.Service.OrderService.AgreeToRefundBySeller  
错误描述：只可以关闭待发货订单！ 

Himall.Core.HimallException: 只可以关闭待发货订单！



 记录时间：2019-01-23 15:49:18,764 
日志级别：  INFO  
出错类：Himall.Service.OrderService.AgreeToRefundBySeller  
错误描述：只可以关闭待发货订单！ 

Himall.Core.HimallException: 只可以关闭待发货订单！



 记录时间：2019-01-23 15:49:19,166 
日志级别：  INFO  
出错类：Himall.Service.OrderService.AgreeToRefundBySeller  
错误描述：只可以关闭待发货订单！ 

Himall.Core.HimallException: 只可以关闭待发货订单！



 记录时间：2019-01-23 15:49:19,533 
日志级别：  INFO  
出错类：Himall.Service.OrderService.AgreeToRefundBySeller  
错误描述：只可以关闭待发货订单！ 

Himall.Core.HimallException: 只可以关闭待发货订单！



 记录时间：2019-01-23 15:54:57,183 
日志级别：  INFO  
出错类：Himall.Service.OrderService.SendMessage  
错误描述：进入SendMessage发送短信通知方法里面 




 记录时间：2019-01-23 15:54:58,197 
日志级别：  INFO  
出错类：Himall.Service.OrderService.SendMessage  
错误描述：准备进入SendMessageOnOrderCreate发送短信通知方法里面 




 记录时间：2019-01-23 15:54:58,216 
日志级别：  INFO  
出错类：Himall.Plugin.Message.Email.EmailCore.GetMessageStatus  
错误描述：email3---sss 




 记录时间：2019-01-23 15:54:58,313 
日志级别：  INFO  
出错类：Himall.Plugin.Message.Email.EmailCore.GetMessageStatus  
错误描述：email2---:?<?xml version="1.0" encoding="utf-8" ?>
<MessageStatus>
  <OrderCreated>1</OrderCreated>
  <OrderPay>1</OrderPay>
  <OrderShipping>1</OrderShipping>
  <OrderRefund>1</OrderRefund>
  <RefundDeliver>1</RefundDeliver>
  <FindPassWord>1</FindPassWord>
  <ShopAudited>1</ShopAudited>
  <ShopHaveNewOrder>3</ShopHaveNewOrder>
  <ReceiveBonus>3</ReceiveBonus>
  <LimitTimeBuy>3</LimitTimeBuy>
  <SubscribeLimitTimeBuy>3</SubscribeLimitTimeBuy>
  <FightGroupOpenSuccess>3</FightGroupOpenSuccess>
  <FightGroupJoinSuccess>3</FightGroupJoinSuccess>
  <FightGroupNewJoin>3</FightGroupNewJoin>
  <FightGroupFailed>3</FightGroupFailed>
  <FightGroupSuccess>3</FightGroupSuccess>
  <SendCouponSuccess>1</SendCouponSuccess>
</MessageStatus> 




 记录时间：2019-01-23 15:54:58,321 
日志级别：  INFO  
出错类：Himall.Plugin.Message.Email.EmailCore.GetMessageStatus  
错误描述：email3---eee 




 记录时间：2019-01-23 15:54:58,339 
日志级别：  INFO  
出错类：Himall.Plugin.Message.Email.EmailCore.GetMessageStatus  
错误描述：email3---sss 




 记录时间：2019-01-23 15:54:58,341 
日志级别：  INFO  
出错类：Himall.Plugin.Message.Email.EmailCore.GetMessageStatus  
错误描述：email2---:?<?xml version="1.0" encoding="utf-8" ?>
<MessageStatus>
  <OrderCreated>1</OrderCreated>
  <OrderPay>1</OrderPay>
  <OrderShipping>1</OrderShipping>
  <OrderRefund>1</OrderRefund>
  <RefundDeliver>1</RefundDeliver>
  <FindPassWord>1</FindPassWord>
  <ShopAudited>1</ShopAudited>
  <ShopHaveNewOrder>3</ShopHaveNewOrder>
  <ReceiveBonus>3</ReceiveBonus>
  <LimitTimeBuy>3</LimitTimeBuy>
  <SubscribeLimitTimeBuy>3</SubscribeLimitTimeBuy>
  <FightGroupOpenSuccess>3</FightGroupOpenSuccess>
  <FightGroupJoinSuccess>3</FightGroupJoinSuccess>
  <FightGroupNewJoin>3</FightGroupNewJoin>
  <FightGroupFailed>3</FightGroupFailed>
  <FightGroupSuccess>3</FightGroupSuccess>
  <SendCouponSuccess>1</SendCouponSuccess>
</MessageStatus> 




 记录时间：2019-01-23 15:54:58,343 
日志级别：  INFO  
出错类：Himall.Plugin.Message.Email.EmailCore.GetMessageStatus  
错误描述：email3---eee 




 记录时间：2019-01-23 15:55:05,626 
日志级别：  INFO  
出错类：Himall.PaymentPlugin.PaymentBase`1[T].get_WorkDirectory  
错误描述：get WorkDirectory:Himall.Plugin.Payment.Alipay_WAP.Service 




 记录时间：2019-01-23 15:55:05,782 
日志级别：  INFO  
出错类：Himall.PaymentPlugin.PaymentBase`1[T].get_WorkDirectory  
错误描述：get WorkDirectory:Himall.Plugin.Payment.WeiXinPay.Service 




 记录时间：2019-01-23 15:55:16,233 
日志级别：  INFO  
出错类：Himall.Service.OrderService.PaySucceed  
错误描述：PaySucceed1502进入 




 记录时间：2019-01-23 15:55:27,846 
日志级别：  INFO  
出错类：Himall.Service.OrderService.AddDistributionBrokerage  
错误描述：AddDistributionBrokerage，增加分佣，订单ID：2019012305481582 




 记录时间：2019-01-23 15:55:41,041 
日志级别：  INFO  
出错类：Himall.Plugin.Message.Email.EmailCore.GetMessageStatus  
错误描述：email3---sss 




 记录时间：2019-01-23 15:55:41,047 
日志级别：  INFO  
出错类：Himall.Plugin.Message.Email.EmailCore.GetMessageStatus  
错误描述：email2---:?<?xml version="1.0" encoding="utf-8" ?>
<MessageStatus>
  <OrderCreated>1</OrderCreated>
  <OrderPay>1</OrderPay>
  <OrderShipping>1</OrderShipping>
  <OrderRefund>1</OrderRefund>
  <RefundDeliver>1</RefundDeliver>
  <FindPassWord>1</FindPassWord>
  <ShopAudited>1</ShopAudited>
  <ShopHaveNewOrder>3</ShopHaveNewOrder>
  <ReceiveBonus>3</ReceiveBonus>
  <LimitTimeBuy>3</LimitTimeBuy>
  <SubscribeLimitTimeBuy>3</SubscribeLimitTimeBuy>
  <FightGroupOpenSuccess>3</FightGroupOpenSuccess>
  <FightGroupJoinSuccess>3</FightGroupJoinSuccess>
  <FightGroupNewJoin>3</FightGroupNewJoin>
  <FightGroupFailed>3</FightGroupFailed>
  <FightGroupSuccess>3</FightGroupSuccess>
  <SendCouponSuccess>1</SendCouponSuccess>
</MessageStatus> 




 记录时间：2019-01-23 15:55:41,049 
日志级别：  INFO  
出错类：Himall.Plugin.Message.Email.EmailCore.GetMessageStatus  
错误描述：email3---eee 




 记录时间：2019-01-23 15:55:41,469 
日志级别：  INFO  
出错类：Himall.Service.WXMsgTemplateService.SendMessageByTemplate  
错误描述：[模板消息]开始准备数据：641[订单支付成功通知] 




 记录时间：2019-01-23 15:55:42,138 
日志级别：  INFO  
出错类：Himall.Service.WXMsgTemplateService.SendMessageByTemplate  
错误描述：消息类型=订单支付成功通知 userId=641 openId=oXdftwQe8wJz4-aMGDUfoVfGuKOY dataerr= 




 记录时间：2019-01-23 15:55:42,139 
日志级别：  INFO  
出错类：Himall.Service.WXMsgTemplateService.SendMessageByTemplate  
错误描述：[模板消息]开始发送前 




 记录时间：2019-01-23 15:55:42,144 
日志级别：  INFO  
出错类：Himall.Service.WXMsgTemplateService.SendMessageByTemplate  
错误描述：[模板消息]开始发送到openid:oXdftwQe8wJz4-aMGDUfoVfGuKOY 




 记录时间：2019-01-23 15:55:43,425 
日志级别：  INFO  
出错类：Himall.Service.OrderService.AgreeToRefundBySeller  
错误描述：只可以关闭待发货订单！ 

Himall.Core.HimallException: 只可以关闭待发货订单！



 记录时间：2019-01-23 15:55:52,070 
日志级别：  INFO  
出错类：Himall.Service.OrderService.AgreeToRefundBySeller  
错误描述：只可以关闭待发货订单！ 

Himall.Core.HimallException: 只可以关闭待发货订单！



 记录时间：2019-01-23 15:55:52,392 
日志级别：  INFO  
出错类：Himall.Service.OrderService.AgreeToRefundBySeller  
错误描述：只可以关闭待发货订单！ 

Himall.Core.HimallException: 只可以关闭待发货订单！



 记录时间：2019-01-23 15:55:52,582 
日志级别：  INFO  
出错类：Himall.Service.OrderService.AgreeToRefundBySeller  
错误描述：只可以关闭待发货订单！ 

Himall.Core.HimallException: 只可以关闭待发货订单！



 记录时间：2019-01-23 15:55:52,956 
日志级别：  INFO  
出错类：Himall.Service.OrderService.AgreeToRefundBySeller  
错误描述：只可以关闭待发货订单！ 

Himall.Core.HimallException: 只可以关闭待发货订单！



 记录时间：2019-01-23 15:56:04,484 
日志级别：  INFO  
出错类：Himall.Application.OrderApplication.PayByCapital  
错误描述：错误的订单编号 

Himall.Core.HimallException: 错误的订单编号



 记录时间：2019-01-23 15:56:23,945 
日志级别：  INFO  
出错类：Himall.Application.OrderApplication.PayByCapital  
错误描述：错误的订单编号 

Himall.Core.HimallException: 错误的订单编号



 记录时间：2019-01-23 15:59:11,222 
日志级别：  INFO  
出错类：Himall.Service.OrderService.SendMessage  
错误描述：进入SendMessage发送短信通知方法里面 




 记录时间：2019-01-23 15:59:11,344 
日志级别：  INFO  
出错类：Himall.Service.OrderService.SendMessage  
错误描述：准备进入SendMessageOnOrderCreate发送短信通知方法里面 




 记录时间：2019-01-23 15:59:11,347 
日志级别：  INFO  
出错类：Himall.Plugin.Message.Email.EmailCore.GetMessageStatus  
错误描述：email3---sss 




 记录时间：2019-01-23 15:59:11,350 
日志级别：  INFO  
出错类：Himall.Plugin.Message.Email.EmailCore.GetMessageStatus  
错误描述：email2---:?<?xml version="1.0" encoding="utf-8" ?>
<MessageStatus>
  <OrderCreated>1</OrderCreated>
  <OrderPay>1</OrderPay>
  <OrderShipping>1</OrderShipping>
  <OrderRefund>1</OrderRefund>
  <RefundDeliver>1</RefundDeliver>
  <FindPassWord>1</FindPassWord>
  <ShopAudited>1</ShopAudited>
  <ShopHaveNewOrder>3</ShopHaveNewOrder>
  <ReceiveBonus>3</ReceiveBonus>
  <LimitTimeBuy>3</LimitTimeBuy>
  <SubscribeLimitTimeBuy>3</SubscribeLimitTimeBuy>
  <FightGroupOpenSuccess>3</FightGroupOpenSuccess>
  <FightGroupJoinSuccess>3</FightGroupJoinSuccess>
  <FightGroupNewJoin>3</FightGroupNewJoin>
  <FightGroupFailed>3</FightGroupFailed>
  <FightGroupSuccess>3</FightGroupSuccess>
  <SendCouponSuccess>1</SendCouponSuccess>
</MessageStatus> 




 记录时间：2019-01-23 15:59:11,352 
日志级别：  INFO  
出错类：Himall.Plugin.Message.Email.EmailCore.GetMessageStatus  
错误描述：email3---eee 




 记录时间：2019-01-23 15:59:11,356 
日志级别：  INFO  
出错类：Himall.Plugin.Message.Email.EmailCore.GetMessageStatus  
错误描述：email3---sss 




 记录时间：2019-01-23 15:59:11,359 
日志级别：  INFO  
出错类：Himall.Plugin.Message.Email.EmailCore.GetMessageStatus  
错误描述：email2---:?<?xml version="1.0" encoding="utf-8" ?>
<MessageStatus>
  <OrderCreated>1</OrderCreated>
  <OrderPay>1</OrderPay>
  <OrderShipping>1</OrderShipping>
  <OrderRefund>1</OrderRefund>
  <RefundDeliver>1</RefundDeliver>
  <FindPassWord>1</FindPassWord>
  <ShopAudited>1</ShopAudited>
  <ShopHaveNewOrder>3</ShopHaveNewOrder>
  <ReceiveBonus>3</ReceiveBonus>
  <LimitTimeBuy>3</LimitTimeBuy>
  <SubscribeLimitTimeBuy>3</SubscribeLimitTimeBuy>
  <FightGroupOpenSuccess>3</FightGroupOpenSuccess>
  <FightGroupJoinSuccess>3</FightGroupJoinSuccess>
  <FightGroupNewJoin>3</FightGroupNewJoin>
  <FightGroupFailed>3</FightGroupFailed>
  <FightGroupSuccess>3</FightGroupSuccess>
  <SendCouponSuccess>1</SendCouponSuccess>
</MessageStatus> 




 记录时间：2019-01-23 15:59:11,361 
日志级别：  INFO  
出错类：Himall.Plugin.Message.Email.EmailCore.GetMessageStatus  
错误描述：email3---eee 




 记录时间：2019-01-23 15:59:12,505 
日志级别：  INFO  
出错类：Himall.PaymentPlugin.PaymentBase`1[T].get_WorkDirectory  
错误描述：get WorkDirectory:Himall.Plugin.Payment.Alipay_WAP.Service 




 记录时间：2019-01-23 15:59:12,510 
日志级别：  INFO  
出错类：Himall.PaymentPlugin.PaymentBase`1[T].get_WorkDirectory  
错误描述：get WorkDirectory:Himall.Plugin.Payment.WeiXinPay.Service 




 记录时间：2019-01-23 15:59:30,026 
日志级别：  INFO  
出错类：Himall.Service.OrderService.PaySucceed  
错误描述：PaySucceed1502进入 




 记录时间：2019-01-23 15:59:32,028 
日志级别：  INFO  
出错类：Himall.Service.OrderService.AddDistributionBrokerage  
错误描述：AddDistributionBrokerage，增加分佣，订单ID：2019012395730640 




 记录时间：2019-01-23 15:59:38,136 
日志级别：  INFO  
出错类：Himall.Plugin.Message.Email.EmailCore.GetMessageStatus  
错误描述：email3---sss 




 记录时间：2019-01-23 15:59:38,140 
日志级别：  INFO  
出错类：Himall.Plugin.Message.Email.EmailCore.GetMessageStatus  
错误描述：email2---:?<?xml version="1.0" encoding="utf-8" ?>
<MessageStatus>
  <OrderCreated>1</OrderCreated>
  <OrderPay>1</OrderPay>
  <OrderShipping>1</OrderShipping>
  <OrderRefund>1</OrderRefund>
  <RefundDeliver>1</RefundDeliver>
  <FindPassWord>1</FindPassWord>
  <ShopAudited>1</ShopAudited>
  <ShopHaveNewOrder>3</ShopHaveNewOrder>
  <ReceiveBonus>3</ReceiveBonus>
  <LimitTimeBuy>3</LimitTimeBuy>
  <SubscribeLimitTimeBuy>3</SubscribeLimitTimeBuy>
  <FightGroupOpenSuccess>3</FightGroupOpenSuccess>
  <FightGroupJoinSuccess>3</FightGroupJoinSuccess>
  <FightGroupNewJoin>3</FightGroupNewJoin>
  <FightGroupFailed>3</FightGroupFailed>
  <FightGroupSuccess>3</FightGroupSuccess>
  <SendCouponSuccess>1</SendCouponSuccess>
</MessageStatus> 




 记录时间：2019-01-23 15:59:38,142 
日志级别：  INFO  
出错类：Himall.Plugin.Message.Email.EmailCore.GetMessageStatus  
错误描述：email3---eee 




 记录时间：2019-01-23 15:59:38,578 
日志级别：  INFO  
出错类：Himall.Service.WXMsgTemplateService.SendMessageByTemplate  
错误描述：[模板消息]开始准备数据：641[订单支付成功通知] 




 记录时间：2019-01-23 15:59:39,763 
日志级别：  INFO  
出错类：Himall.Service.WXMsgTemplateService.SendMessageByTemplate  
错误描述：消息类型=订单支付成功通知 userId=641 openId=oXdftwQe8wJz4-aMGDUfoVfGuKOY dataerr= 




 记录时间：2019-01-23 15:59:39,764 
日志级别：  INFO  
出错类：Himall.Service.WXMsgTemplateService.SendMessageByTemplate  
错误描述：[模板消息]开始发送前 




 记录时间：2019-01-23 15:59:39,765 
日志级别：  INFO  
出错类：Himall.Service.WXMsgTemplateService.SendMessageByTemplate  
错误描述：[模板消息]开始发送到openid:oXdftwQe8wJz4-aMGDUfoVfGuKOY 




 记录时间：2019-01-23 15:59:50,297 
日志级别：  INFO  
出错类：Himall.Service.OrderService.AgreeToRefundBySeller  
错误描述：只可以关闭待发货订单！ 

Himall.Core.HimallException: 只可以关闭待发货订单！



 记录时间：2019-01-23 15:59:50,724 
日志级别：  INFO  
出错类：Himall.Service.OrderService.AgreeToRefundBySeller  
错误描述：只可以关闭待发货订单！ 

Himall.Core.HimallException: 只可以关闭待发货订单！



 记录时间：2019-01-23 15:59:52,277 
日志级别：  INFO  
出错类：Himall.Service.OrderService.AgreeToRefundBySeller  
错误描述：只可以关闭待发货订单！ 

Himall.Core.HimallException: 只可以关闭待发货订单！



 记录时间：2019-01-23 15:59:52,634 
日志级别：  INFO  
出错类：Himall.Service.OrderService.AgreeToRefundBySeller  
错误描述：只可以关闭待发货订单！ 

Himall.Core.HimallException: 只可以关闭待发货订单！



 记录时间：2019-01-23 15:59:53,900 
日志级别：  INFO  
出错类：Himall.Service.OrderService.AgreeToRefundBySeller  
错误描述：只可以关闭待发货订单！ 

Himall.Core.HimallException: 只可以关闭待发货订单！



 记录时间：2019-01-23 16:00:56,946 
日志级别：  INFO  
出错类：Himall.Service.OrderService.SendMessage  
错误描述：进入SendMessage发送短信通知方法里面 




 记录时间：2019-01-23 16:00:57,461 
日志级别：  INFO  
出错类：Himall.Service.OrderService.SendMessage  
错误描述：准备进入SendMessageOnOrderCreate发送短信通知方法里面 




 记录时间：2019-01-23 16:00:57,463 
日志级别：  INFO  
出错类：Himall.Plugin.Message.Email.EmailCore.GetMessageStatus  
错误描述：email3---sss 




 记录时间：2019-01-23 16:00:57,465 
日志级别：  INFO  
出错类：Himall.Plugin.Message.Email.EmailCore.GetMessageStatus  
错误描述：email2---:?<?xml version="1.0" encoding="utf-8" ?>
<MessageStatus>
  <OrderCreated>1</OrderCreated>
  <OrderPay>1</OrderPay>
  <OrderShipping>1</OrderShipping>
  <OrderRefund>1</OrderRefund>
  <RefundDeliver>1</RefundDeliver>
  <FindPassWord>1</FindPassWord>
  <ShopAudited>1</ShopAudited>
  <ShopHaveNewOrder>3</ShopHaveNewOrder>
  <ReceiveBonus>3</ReceiveBonus>
  <LimitTimeBuy>3</LimitTimeBuy>
  <SubscribeLimitTimeBuy>3</SubscribeLimitTimeBuy>
  <FightGroupOpenSuccess>3</FightGroupOpenSuccess>
  <FightGroupJoinSuccess>3</FightGroupJoinSuccess>
  <FightGroupNewJoin>3</FightGroupNewJoin>
  <FightGroupFailed>3</FightGroupFailed>
  <FightGroupSuccess>3</FightGroupSuccess>
  <SendCouponSuccess>1</SendCouponSuccess>
</MessageStatus> 




 记录时间：2019-01-23 16:00:57,466 
日志级别：  INFO  
出错类：Himall.Plugin.Message.Email.EmailCore.GetMessageStatus  
错误描述：email3---eee 




 记录时间：2019-01-23 16:00:57,468 
日志级别：  INFO  
出错类：Himall.Plugin.Message.Email.EmailCore.GetMessageStatus  
错误描述：email3---sss 




 记录时间：2019-01-23 16:00:57,470 
日志级别：  INFO  
出错类：Himall.Plugin.Message.Email.EmailCore.GetMessageStatus  
错误描述：email2---:?<?xml version="1.0" encoding="utf-8" ?>
<MessageStatus>
  <OrderCreated>1</OrderCreated>
  <OrderPay>1</OrderPay>
  <OrderShipping>1</OrderShipping>
  <OrderRefund>1</OrderRefund>
  <RefundDeliver>1</RefundDeliver>
  <FindPassWord>1</FindPassWord>
  <ShopAudited>1</ShopAudited>
  <ShopHaveNewOrder>3</ShopHaveNewOrder>
  <ReceiveBonus>3</ReceiveBonus>
  <LimitTimeBuy>3</LimitTimeBuy>
  <SubscribeLimitTimeBuy>3</SubscribeLimitTimeBuy>
  <FightGroupOpenSuccess>3</FightGroupOpenSuccess>
  <FightGroupJoinSuccess>3</FightGroupJoinSuccess>
  <FightGroupNewJoin>3</FightGroupNewJoin>
  <FightGroupFailed>3</FightGroupFailed>
  <FightGroupSuccess>3</FightGroupSuccess>
  <SendCouponSuccess>1</SendCouponSuccess>
</MessageStatus> 




 记录时间：2019-01-23 16:00:57,471 
日志级别：  INFO  
出错类：Himall.Plugin.Message.Email.EmailCore.GetMessageStatus  
错误描述：email3---eee 




 记录时间：2019-01-23 16:00:58,189 
日志级别：  INFO  
出错类：Himall.PaymentPlugin.PaymentBase`1[T].get_WorkDirectory  
错误描述：get WorkDirectory:Himall.Plugin.Payment.Alipay_WAP.Service 




 记录时间：2019-01-23 16:00:58,192 
日志级别：  INFO  
出错类：Himall.PaymentPlugin.PaymentBase`1[T].get_WorkDirectory  
错误描述：get WorkDirectory:Himall.Plugin.Payment.WeiXinPay.Service 




 记录时间：2019-01-23 16:01:09,419 
日志级别：  INFO  
出错类：Himall.Service.OrderService.PaySucceed  
错误描述：PaySucceed1502进入 




 记录时间：2019-01-23 16:01:11,151 
日志级别：  INFO  
出错类：Himall.Service.OrderService.AddDistributionBrokerage  
错误描述：AddDistributionBrokerage，增加分佣，订单ID：2019012316396582 




 记录时间：2019-01-23 16:01:12,853 
日志级别：  INFO  
出错类：Himall.Plugin.Message.Email.EmailCore.GetMessageStatus  
错误描述：email3---sss 




 记录时间：2019-01-23 16:01:12,855 
日志级别：  INFO  
出错类：Himall.Plugin.Message.Email.EmailCore.GetMessageStatus  
错误描述：email2---:?<?xml version="1.0" encoding="utf-8" ?>
<MessageStatus>
  <OrderCreated>1</OrderCreated>
  <OrderPay>1</OrderPay>
  <OrderShipping>1</OrderShipping>
  <OrderRefund>1</OrderRefund>
  <RefundDeliver>1</RefundDeliver>
  <FindPassWord>1</FindPassWord>
  <ShopAudited>1</ShopAudited>
  <ShopHaveNewOrder>3</ShopHaveNewOrder>
  <ReceiveBonus>3</ReceiveBonus>
  <LimitTimeBuy>3</LimitTimeBuy>
  <SubscribeLimitTimeBuy>3</SubscribeLimitTimeBuy>
  <FightGroupOpenSuccess>3</FightGroupOpenSuccess>
  <FightGroupJoinSuccess>3</FightGroupJoinSuccess>
  <FightGroupNewJoin>3</FightGroupNewJoin>
  <FightGroupFailed>3</FightGroupFailed>
  <FightGroupSuccess>3</FightGroupSuccess>
  <SendCouponSuccess>1</SendCouponSuccess>
</MessageStatus> 




 记录时间：2019-01-23 16:01:12,856 
日志级别：  INFO  
出错类：Himall.Plugin.Message.Email.EmailCore.GetMessageStatus  
错误描述：email3---eee 




 记录时间：2019-01-23 16:01:13,565 
日志级别：  INFO  
出错类：Himall.Service.WXMsgTemplateService.SendMessageByTemplate  
错误描述：[模板消息]开始准备数据：641[订单支付成功通知] 




 记录时间：2019-01-23 16:01:13,879 
日志级别：  INFO  
出错类：Himall.Service.WXMsgTemplateService.SendMessageByTemplate  
错误描述：消息类型=订单支付成功通知 userId=641 openId=oXdftwQe8wJz4-aMGDUfoVfGuKOY dataerr= 




 记录时间：2019-01-23 16:01:13,880 
日志级别：  INFO  
出错类：Himall.Service.WXMsgTemplateService.SendMessageByTemplate  
错误描述：[模板消息]开始发送前 




 记录时间：2019-01-23 16:01:13,881 
日志级别：  INFO  
出错类：Himall.Service.WXMsgTemplateService.SendMessageByTemplate  
错误描述：[模板消息]开始发送到openid:oXdftwQe8wJz4-aMGDUfoVfGuKOY 




 记录时间：2019-01-23 16:01:14,498 
日志级别：  INFO  
出错类：Himall.Service.OrderService.AgreeToRefundBySeller  
错误描述：只可以关闭待发货订单！ 

Himall.Core.HimallException: 只可以关闭待发货订单！



 记录时间：2019-01-23 16:01:20,153 
日志级别：  INFO  
出错类：Himall.Service.OrderService.AgreeToRefundBySeller  
错误描述：只可以关闭待发货订单！ 

Himall.Core.HimallException: 只可以关闭待发货订单！



 记录时间：2019-01-23 16:01:20,909 
日志级别：  INFO  
出错类：Himall.Service.OrderService.AgreeToRefundBySeller  
错误描述：只可以关闭待发货订单！ 

Himall.Core.HimallException: 只可以关闭待发货订单！



 记录时间：2019-01-23 16:01:21,749 
日志级别：  INFO  
出错类：Himall.Service.OrderService.AgreeToRefundBySeller  
错误描述：只可以关闭待发货订单！ 

Himall.Core.HimallException: 只可以关闭待发货订单！



 记录时间：2019-01-23 16:01:22,490 
日志级别：  INFO  
出错类：Himall.Service.OrderService.AgreeToRefundBySeller  
错误描述：只可以关闭待发货订单！ 

Himall.Core.HimallException: 只可以关闭待发货订单！



 记录时间：2019-01-23 16:07:50,767 
日志级别：  INFO  
出错类：Himall.Web.Areas.Mobile.Controllers.OrderRefundController.RefundApply  
错误描述：错误的退货数量 

Himall.Core.HimallException: 错误的退货数量



 记录时间：2019-01-23 16:14:23,464 
日志级别：  INFO  
出错类：Himall.Web.Areas.Mobile.Controllers.OrderRefundController.RefundApply  
错误描述：错误的退货数量 

Himall.Core.HimallException: 错误的退货数量



 记录时间：2019-01-23 16:15:15,054 
日志级别：  INFO  
出错类：Himall.Web.MvcApplication.Application_End  
错误描述：2019-01-23 16:15:15 -  http://localhost:62443 




 记录时间：2019-01-23 16:15:59,661 
日志级别：  INFO  
出错类：Himall.PaymentPlugin.PaymentBase`1[T].set_WorkDirectory  
错误描述：set WorkDirectory:Himall.Plugin.Payment.Alipay.Service 




 记录时间：2019-01-23 16:15:59,738 
日志级别：  INFO  
出错类：Himall.PaymentPlugin.PaymentBase`1[T].set_WorkDirectory  
错误描述：set WorkDirectory:Himall.Plugin.Payment.Alipay_App.Service 




 记录时间：2019-01-23 16:15:59,794 
日志级别：  INFO  
出错类：Himall.PaymentPlugin.PaymentBase`1[T].set_WorkDirectory  
错误描述：set WorkDirectory:Himall.Plugin.Payment.Alipay_QRCode.Service 




 记录时间：2019-01-23 16:15:59,872 
日志级别：  INFO  
出错类：Himall.PaymentPlugin.PaymentBase`1[T].set_WorkDirectory  
错误描述：set WorkDirectory:Himall.Plugin.Payment.Alipay_WAP.Service 




 记录时间：2019-01-23 16:15:59,926 
日志级别：  INFO  
出错类：Himall.PaymentPlugin.PaymentBase`1[T].set_WorkDirectory  
错误描述：set WorkDirectory:Himall.Plugin.Payment.UnionPay.UnionPay 




 记录时间：2019-01-23 16:15:59,968 
日志级别：  INFO  
出错类：Himall.PaymentPlugin.PaymentBase`1[T].set_WorkDirectory  
错误描述：set WorkDirectory:Himall.Plugin.Payment.WeiXinPay.Service 




 记录时间：2019-01-23 16:15:59,995 
日志级别：  INFO  
出错类：Himall.PaymentPlugin.PaymentBase`1[T].set_WorkDirectory  
错误描述：set WorkDirectory:Himall.Plugin.Payment.WeiXinPay_App.Service 




 记录时间：2019-01-23 16:16:00,117 
日志级别：  INFO  
出错类：Himall.PaymentPlugin.PaymentBase`1[T].set_WorkDirectory  
错误描述：set WorkDirectory:Himall.Plugin.Payment.WeiXinPay_H5.Service 




 记录时间：2019-01-23 16:16:00,150 
日志级别：  INFO  
出错类：Himall.PaymentPlugin.PaymentBase`1[T].set_WorkDirectory  
错误描述：set WorkDirectory:Himall.Plugin.Payment.WeiXinPay_Native.WeiXinPay 




 记录时间：2019-01-23 16:16:00,184 
日志级别：  INFO  
出错类：Himall.PaymentPlugin.PaymentBase`1[T].set_WorkDirectory  
错误描述：set WorkDirectory:Himall.Plugin.Payment.WeiXinPay_O2OSmallProg.Service 




 记录时间：2019-01-23 16:16:00,211 
日志级别：  INFO  
出错类：Himall.PaymentPlugin.PaymentBase`1[T].set_WorkDirectory  
错误描述：set WorkDirectory:Himall.Plugin.Payment.WeiXinPay_SmallProg.Service 




 记录时间：2019-01-23 16:20:37,289 
日志级别：  INFO  
出错类：Himall.Service.OrderService.SendMessage  
错误描述：进入SendMessage发送短信通知方法里面 




 记录时间：2019-01-23 16:20:37,348 
日志级别：  INFO  
出错类：Himall.Service.OrderService.SendMessage  
错误描述：准备进入SendMessageOnOrderCreate发送短信通知方法里面 




 记录时间：2019-01-23 16:20:37,459 
日志级别：  INFO  
出错类：Himall.Plugin.Message.Email.EmailCore.GetMessageStatus  
错误描述：email3---sss 




 记录时间：2019-01-23 16:20:37,536 
日志级别：  INFO  
出错类：Himall.Plugin.Message.Email.EmailCore.GetMessageStatus  
错误描述：email2---:?<?xml version="1.0" encoding="utf-8" ?>
<MessageStatus>
  <OrderCreated>1</OrderCreated>
  <OrderPay>1</OrderPay>
  <OrderShipping>1</OrderShipping>
  <OrderRefund>1</OrderRefund>
  <RefundDeliver>1</RefundDeliver>
  <FindPassWord>1</FindPassWord>
  <ShopAudited>1</ShopAudited>
  <ShopHaveNewOrder>3</ShopHaveNewOrder>
  <ReceiveBonus>3</ReceiveBonus>
  <LimitTimeBuy>3</LimitTimeBuy>
  <SubscribeLimitTimeBuy>3</SubscribeLimitTimeBuy>
  <FightGroupOpenSuccess>3</FightGroupOpenSuccess>
  <FightGroupJoinSuccess>3</FightGroupJoinSuccess>
  <FightGroupNewJoin>3</FightGroupNewJoin>
  <FightGroupFailed>3</FightGroupFailed>
  <FightGroupSuccess>3</FightGroupSuccess>
  <SendCouponSuccess>1</SendCouponSuccess>
</MessageStatus> 




 记录时间：2019-01-23 16:20:37,544 
日志级别：  INFO  
出错类：Himall.Plugin.Message.Email.EmailCore.GetMessageStatus  
错误描述：email3---eee 




 记录时间：2019-01-23 16:20:37,557 
日志级别：  INFO  
出错类：Himall.Plugin.Message.Email.EmailCore.GetMessageStatus  
错误描述：email3---sss 




 记录时间：2019-01-23 16:20:37,559 
日志级别：  INFO  
出错类：Himall.Plugin.Message.Email.EmailCore.GetMessageStatus  
错误描述：email2---:?<?xml version="1.0" encoding="utf-8" ?>
<MessageStatus>
  <OrderCreated>1</OrderCreated>
  <OrderPay>1</OrderPay>
  <OrderShipping>1</OrderShipping>
  <OrderRefund>1</OrderRefund>
  <RefundDeliver>1</RefundDeliver>
  <FindPassWord>1</FindPassWord>
  <ShopAudited>1</ShopAudited>
  <ShopHaveNewOrder>3</ShopHaveNewOrder>
  <ReceiveBonus>3</ReceiveBonus>
  <LimitTimeBuy>3</LimitTimeBuy>
  <SubscribeLimitTimeBuy>3</SubscribeLimitTimeBuy>
  <FightGroupOpenSuccess>3</FightGroupOpenSuccess>
  <FightGroupJoinSuccess>3</FightGroupJoinSuccess>
  <FightGroupNewJoin>3</FightGroupNewJoin>
  <FightGroupFailed>3</FightGroupFailed>
  <FightGroupSuccess>3</FightGroupSuccess>
  <SendCouponSuccess>1</SendCouponSuccess>
</MessageStatus> 




 记录时间：2019-01-23 16:20:37,560 
日志级别：  INFO  
出错类：Himall.Plugin.Message.Email.EmailCore.GetMessageStatus  
错误描述：email3---eee 




 记录时间：2019-01-23 16:20:38,683 
日志级别：  INFO  
出错类：Himall.PaymentPlugin.PaymentBase`1[T].get_WorkDirectory  
错误描述：get WorkDirectory:Himall.Plugin.Payment.Alipay_WAP.Service 




 记录时间：2019-01-23 16:20:38,765 
日志级别：  INFO  
出错类：Himall.PaymentPlugin.PaymentBase`1[T].get_WorkDirectory  
错误描述：get WorkDirectory:Himall.Plugin.Payment.WeiXinPay.Service 




 记录时间：2019-01-23 16:20:42,340 
日志级别：  INFO  
出错类：Himall.Service.OrderService.PaySucceed  
错误描述：PaySucceed1502进入 




 记录时间：2019-01-23 16:20:44,125 
日志级别：  INFO  
出错类：Himall.Service.OrderService.AddDistributionBrokerage  
错误描述：AddDistributionBrokerage，增加分佣，订单ID：2019012328658439 




 记录时间：2019-01-23 16:20:46,076 
日志级别：  INFO  
出错类：Himall.Plugin.Message.Email.EmailCore.GetMessageStatus  
错误描述：email3---sss 




 记录时间：2019-01-23 16:20:46,078 
日志级别：  INFO  
出错类：Himall.Plugin.Message.Email.EmailCore.GetMessageStatus  
错误描述：email2---:?<?xml version="1.0" encoding="utf-8" ?>
<MessageStatus>
  <OrderCreated>1</OrderCreated>
  <OrderPay>1</OrderPay>
  <OrderShipping>1</OrderShipping>
  <OrderRefund>1</OrderRefund>
  <RefundDeliver>1</RefundDeliver>
  <FindPassWord>1</FindPassWord>
  <ShopAudited>1</ShopAudited>
  <ShopHaveNewOrder>3</ShopHaveNewOrder>
  <ReceiveBonus>3</ReceiveBonus>
  <LimitTimeBuy>3</LimitTimeBuy>
  <SubscribeLimitTimeBuy>3</SubscribeLimitTimeBuy>
  <FightGroupOpenSuccess>3</FightGroupOpenSuccess>
  <FightGroupJoinSuccess>3</FightGroupJoinSuccess>
  <FightGroupNewJoin>3</FightGroupNewJoin>
  <FightGroupFailed>3</FightGroupFailed>
  <FightGroupSuccess>3</FightGroupSuccess>
  <SendCouponSuccess>1</SendCouponSuccess>
</MessageStatus> 




 记录时间：2019-01-23 16:20:46,080 
日志级别：  INFO  
出错类：Himall.Plugin.Message.Email.EmailCore.GetMessageStatus  
错误描述：email3---eee 




 记录时间：2019-01-23 16:20:46,286 
日志级别：  INFO  
出错类：Himall.Service.WXMsgTemplateService.SendMessageByTemplate  
错误描述：[模板消息]开始准备数据：641[订单支付成功通知] 




 记录时间：2019-01-23 16:20:46,584 
日志级别：  INFO  
出错类：Himall.Service.WXMsgTemplateService.SendMessageByTemplate  
错误描述：消息类型=订单支付成功通知 userId=641 openId=oXdftwQe8wJz4-aMGDUfoVfGuKOY dataerr= 




 记录时间：2019-01-23 16:20:46,585 
日志级别：  INFO  
出错类：Himall.Service.WXMsgTemplateService.SendMessageByTemplate  
错误描述：[模板消息]开始发送前 




 记录时间：2019-01-23 16:20:46,590 
日志级别：  INFO  
出错类：Himall.Service.WXMsgTemplateService.SendMessageByTemplate  
错误描述：[模板消息]开始发送到openid:oXdftwQe8wJz4-aMGDUfoVfGuKOY 




 记录时间：2019-01-23 16:20:51,273 
日志级别：  INFO  
出错类：Himall.Service.OrderService.AgreeToRefundBySeller  
错误描述：只可以关闭待发货订单！ 

Himall.Core.HimallException: 只可以关闭待发货订单！



 记录时间：2019-01-23 16:20:51,966 
日志级别：  INFO  
出错类：Himall.Service.OrderService.AgreeToRefundBySeller  
错误描述：只可以关闭待发货订单！ 

Himall.Core.HimallException: 只可以关闭待发货订单！



 记录时间：2019-01-23 16:20:52,384 
日志级别：  INFO  
出错类：Himall.Service.OrderService.AgreeToRefundBySeller  
错误描述：只可以关闭待发货订单！ 

Himall.Core.HimallException: 只可以关闭待发货订单！



 记录时间：2019-01-23 16:20:52,947 
日志级别：  INFO  
出错类：Himall.Service.OrderService.AgreeToRefundBySeller  
错误描述：只可以关闭待发货订单！ 

Himall.Core.HimallException: 只可以关闭待发货订单！



 记录时间：2019-01-23 16:20:53,383 
日志级别：  INFO  
出错类：Himall.Service.OrderService.AgreeToRefundBySeller  
错误描述：只可以关闭待发货订单！ 

Himall.Core.HimallException: 只可以关闭待发货订单！



 记录时间：2019-01-23 16:26:36,603 
日志级别：  INFO  
出错类：Himall.Web.MvcApplication.Application_End  
错误描述：2019-01-23 16:26:36 -  http://localhost:62443 




 记录时间：2019-01-23 16:26:45,745 
日志级别：  INFO  
出错类：Himall.PaymentPlugin.PaymentBase`1[T].set_WorkDirectory  
错误描述：set WorkDirectory:Himall.Plugin.Payment.Alipay.Service 




 记录时间：2019-01-23 16:26:45,795 
日志级别：  INFO  
出错类：Himall.PaymentPlugin.PaymentBase`1[T].set_WorkDirectory  
错误描述：set WorkDirectory:Himall.Plugin.Payment.Alipay_App.Service 




 记录时间：2019-01-23 16:26:45,845 
日志级别：  INFO  
出错类：Himall.PaymentPlugin.PaymentBase`1[T].set_WorkDirectory  
错误描述：set WorkDirectory:Himall.Plugin.Payment.Alipay_QRCode.Service 




 记录时间：2019-01-23 16:26:45,864 
日志级别：  INFO  
出错类：Himall.PaymentPlugin.PaymentBase`1[T].set_WorkDirectory  
错误描述：set WorkDirectory:Himall.Plugin.Payment.Alipay_WAP.Service 




 记录时间：2019-01-23 16:26:45,886 
日志级别：  INFO  
出错类：Himall.PaymentPlugin.PaymentBase`1[T].set_WorkDirectory  
错误描述：set WorkDirectory:Himall.Plugin.Payment.UnionPay.UnionPay 




 记录时间：2019-01-23 16:26:45,918 
日志级别：  INFO  
出错类：Himall.PaymentPlugin.PaymentBase`1[T].set_WorkDirectory  
错误描述：set WorkDirectory:Himall.Plugin.Payment.WeiXinPay.Service 




 记录时间：2019-01-23 16:26:45,938 
日志级别：  INFO  
出错类：Himall.PaymentPlugin.PaymentBase`1[T].set_WorkDirectory  
错误描述：set WorkDirectory:Himall.Plugin.Payment.WeiXinPay_App.Service 




 记录时间：2019-01-23 16:26:45,992 
日志级别：  INFO  
出错类：Himall.PaymentPlugin.PaymentBase`1[T].set_WorkDirectory  
错误描述：set WorkDirectory:Himall.Plugin.Payment.WeiXinPay_H5.Service 




 记录时间：2019-01-23 16:26:46,019 
日志级别：  INFO  
出错类：Himall.PaymentPlugin.PaymentBase`1[T].set_WorkDirectory  
错误描述：set WorkDirectory:Himall.Plugin.Payment.WeiXinPay_Native.WeiXinPay 




 记录时间：2019-01-23 16:26:46,041 
日志级别：  INFO  
出错类：Himall.PaymentPlugin.PaymentBase`1[T].set_WorkDirectory  
错误描述：set WorkDirectory:Himall.Plugin.Payment.WeiXinPay_O2OSmallProg.Service 




 记录时间：2019-01-23 16:26:46,054 
日志级别：  INFO  
出错类：Himall.PaymentPlugin.PaymentBase`1[T].set_WorkDirectory  
错误描述：set WorkDirectory:Himall.Plugin.Payment.WeiXinPay_SmallProg.Service 




 记录时间：2019-01-23 16:36:00,314 
日志级别：  INFO  
出错类：Himall.Web.MvcApplication.Application_End  
错误描述：2019-01-23 16:36:00 -  http://localhost:62443 




 记录时间：2019-01-23 16:36:08,961 
日志级别：  INFO  
出错类：Himall.PaymentPlugin.PaymentBase`1[T].set_WorkDirectory  
错误描述：set WorkDirectory:Himall.Plugin.Payment.Alipay.Service 




 记录时间：2019-01-23 16:36:08,977 
日志级别：  INFO  
出错类：Himall.PaymentPlugin.PaymentBase`1[T].set_WorkDirectory  
错误描述：set WorkDirectory:Himall.Plugin.Payment.Alipay_App.Service 




 记录时间：2019-01-23 16:36:08,991 
日志级别：  INFO  
出错类：Himall.PaymentPlugin.PaymentBase`1[T].set_WorkDirectory  
错误描述：set WorkDirectory:Himall.Plugin.Payment.Alipay_QRCode.Service 




 记录时间：2019-01-23 16:36:09,006 
日志级别：  INFO  
出错类：Himall.PaymentPlugin.PaymentBase`1[T].set_WorkDirectory  
错误描述：set WorkDirectory:Himall.Plugin.Payment.Alipay_WAP.Service 




 记录时间：2019-01-23 16:36:09,022 
日志级别：  INFO  
出错类：Himall.PaymentPlugin.PaymentBase`1[T].set_WorkDirectory  
错误描述：set WorkDirectory:Himall.Plugin.Payment.UnionPay.UnionPay 




 记录时间：2019-01-23 16:36:09,044 
日志级别：  INFO  
出错类：Himall.PaymentPlugin.PaymentBase`1[T].set_WorkDirectory  
错误描述：set WorkDirectory:Himall.Plugin.Payment.WeiXinPay.Service 




 记录时间：2019-01-23 16:36:09,060 
日志级别：  INFO  
出错类：Himall.PaymentPlugin.PaymentBase`1[T].set_WorkDirectory  
错误描述：set WorkDirectory:Himall.Plugin.Payment.WeiXinPay_App.Service 




 记录时间：2019-01-23 16:36:09,081 
日志级别：  INFO  
出错类：Himall.PaymentPlugin.PaymentBase`1[T].set_WorkDirectory  
错误描述：set WorkDirectory:Himall.Plugin.Payment.WeiXinPay_H5.Service 




 记录时间：2019-01-23 16:36:09,099 
日志级别：  INFO  
出错类：Himall.PaymentPlugin.PaymentBase`1[T].set_WorkDirectory  
错误描述：set WorkDirectory:Himall.Plugin.Payment.WeiXinPay_Native.WeiXinPay 




 记录时间：2019-01-23 16:36:09,120 
日志级别：  INFO  
出错类：Himall.PaymentPlugin.PaymentBase`1[T].set_WorkDirectory  
错误描述：set WorkDirectory:Himall.Plugin.Payment.WeiXinPay_O2OSmallProg.Service 




 记录时间：2019-01-23 16:36:09,141 
日志级别：  INFO  
出错类：Himall.PaymentPlugin.PaymentBase`1[T].set_WorkDirectory  
错误描述：set WorkDirectory:Himall.Plugin.Payment.WeiXinPay_SmallProg.Service 




 记录时间：2019-01-23 16:53:09,218 
日志级别：  INFO  
出错类：Himall.Web.MvcApplication.Application_End  
错误描述：2019-01-23 16:53:09 -  http://localhost:62443 




 记录时间：2019-01-23 16:53:39,696 
日志级别：  INFO  
出错类：Himall.PaymentPlugin.PaymentBase`1[T].set_WorkDirectory  
错误描述：set WorkDirectory:Himall.Plugin.Payment.Alipay.Service 




 记录时间：2019-01-23 16:53:39,712 
日志级别：  INFO  
出错类：Himall.PaymentPlugin.PaymentBase`1[T].set_WorkDirectory  
错误描述：set WorkDirectory:Himall.Plugin.Payment.Alipay_App.Service 




 记录时间：2019-01-23 16:53:39,727 
日志级别：  INFO  
出错类：Himall.PaymentPlugin.PaymentBase`1[T].set_WorkDirectory  
错误描述：set WorkDirectory:Himall.Plugin.Payment.Alipay_QRCode.Service 




 记录时间：2019-01-23 16:53:39,743 
日志级别：  INFO  
出错类：Himall.PaymentPlugin.PaymentBase`1[T].set_WorkDirectory  
错误描述：set WorkDirectory:Himall.Plugin.Payment.Alipay_WAP.Service 




 记录时间：2019-01-23 16:53:39,770 
日志级别：  INFO  
出错类：Himall.PaymentPlugin.PaymentBase`1[T].set_WorkDirectory  
错误描述：set WorkDirectory:Himall.Plugin.Payment.UnionPay.UnionPay 




 记录时间：2019-01-23 16:53:39,786 
日志级别：  INFO  
出错类：Himall.PaymentPlugin.PaymentBase`1[T].set_WorkDirectory  
错误描述：set WorkDirectory:Himall.Plugin.Payment.WeiXinPay.Service 




 记录时间：2019-01-23 16:53:39,798 
日志级别：  INFO  
出错类：Himall.PaymentPlugin.PaymentBase`1[T].set_WorkDirectory  
错误描述：set WorkDirectory:Himall.Plugin.Payment.WeiXinPay_App.Service 




 记录时间：2019-01-23 16:53:39,817 
日志级别：  INFO  
出错类：Himall.PaymentPlugin.PaymentBase`1[T].set_WorkDirectory  
错误描述：set WorkDirectory:Himall.Plugin.Payment.WeiXinPay_H5.Service 




 记录时间：2019-01-23 16:53:39,830 
日志级别：  INFO  
出错类：Himall.PaymentPlugin.PaymentBase`1[T].set_WorkDirectory  
错误描述：set WorkDirectory:Himall.Plugin.Payment.WeiXinPay_Native.WeiXinPay 




 记录时间：2019-01-23 16:53:39,858 
日志级别：  INFO  
出错类：Himall.PaymentPlugin.PaymentBase`1[T].set_WorkDirectory  
错误描述：set WorkDirectory:Himall.Plugin.Payment.WeiXinPay_O2OSmallProg.Service 




 记录时间：2019-01-23 16:53:39,871 
日志级别：  INFO  
出错类：Himall.PaymentPlugin.PaymentBase`1[T].set_WorkDirectory  
错误描述：set WorkDirectory:Himall.Plugin.Payment.WeiXinPay_SmallProg.Service 




 记录时间：2019-01-23 16:54:10,460 
日志级别：  INFO  
出错类：Himall.Web.MvcApplication.Application_End  
错误描述：2019-01-23 16:54:10 -  http://localhost:62443 




 记录时间：2019-01-23 16:54:28,811 
日志级别：  INFO  
出错类：Himall.PaymentPlugin.PaymentBase`1[T].set_WorkDirectory  
错误描述：set WorkDirectory:Himall.Plugin.Payment.Alipay.Service 




 记录时间：2019-01-23 16:54:28,828 
日志级别：  INFO  
出错类：Himall.PaymentPlugin.PaymentBase`1[T].set_WorkDirectory  
错误描述：set WorkDirectory:Himall.Plugin.Payment.Alipay_App.Service 




 记录时间：2019-01-23 16:54:28,846 
日志级别：  INFO  
出错类：Himall.PaymentPlugin.PaymentBase`1[T].set_WorkDirectory  
错误描述：set WorkDirectory:Himall.Plugin.Payment.Alipay_QRCode.Service 




 记录时间：2019-01-23 16:54:28,862 
日志级别：  INFO  
出错类：Himall.PaymentPlugin.PaymentBase`1[T].set_WorkDirectory  
错误描述：set WorkDirectory:Himall.Plugin.Payment.Alipay_WAP.Service 




 记录时间：2019-01-23 16:54:28,878 
日志级别：  INFO  
出错类：Himall.PaymentPlugin.PaymentBase`1[T].set_WorkDirectory  
错误描述：set WorkDirectory:Himall.Plugin.Payment.UnionPay.UnionPay 




 记录时间：2019-01-23 16:54:28,897 
日志级别：  INFO  
出错类：Himall.PaymentPlugin.PaymentBase`1[T].set_WorkDirectory  
错误描述：set WorkDirectory:Himall.Plugin.Payment.WeiXinPay.Service 




 记录时间：2019-01-23 16:54:28,913 
日志级别：  INFO  
出错类：Himall.PaymentPlugin.PaymentBase`1[T].set_WorkDirectory  
错误描述：set WorkDirectory:Himall.Plugin.Payment.WeiXinPay_App.Service 




 记录时间：2019-01-23 16:54:28,928 
日志级别：  INFO  
出错类：Himall.PaymentPlugin.PaymentBase`1[T].set_WorkDirectory  
错误描述：set WorkDirectory:Himall.Plugin.Payment.WeiXinPay_H5.Service 




 记录时间：2019-01-23 16:54:28,945 
日志级别：  INFO  
出错类：Himall.PaymentPlugin.PaymentBase`1[T].set_WorkDirectory  
错误描述：set WorkDirectory:Himall.Plugin.Payment.WeiXinPay_Native.WeiXinPay 




 记录时间：2019-01-23 16:54:28,960 
日志级别：  INFO  
出错类：Himall.PaymentPlugin.PaymentBase`1[T].set_WorkDirectory  
错误描述：set WorkDirectory:Himall.Plugin.Payment.WeiXinPay_O2OSmallProg.Service 




 记录时间：2019-01-23 16:54:28,974 
日志级别：  INFO  
出错类：Himall.PaymentPlugin.PaymentBase`1[T].set_WorkDirectory  
错误描述：set WorkDirectory:Himall.Plugin.Payment.WeiXinPay_SmallProg.Service 

