


 记录时间：2019-01-22 11:00:32,683 
日志级别：  INFO  
出错类：Himall.PaymentPlugin.PaymentBase`1[T].set_WorkDirectory  
错误描述：set WorkDirectory:Himall.Plugin.Payment.Alipay.Service 




 记录时间：2019-01-22 11:00:32,812 
日志级别：  INFO  
出错类：Himall.PaymentPlugin.PaymentBase`1[T].set_WorkDirectory  
错误描述：set WorkDirectory:Himall.Plugin.Payment.Alipay_App.Service 




 记录时间：2019-01-22 11:00:32,884 
日志级别：  INFO  
出错类：Himall.PaymentPlugin.PaymentBase`1[T].set_WorkDirectory  
错误描述：set WorkDirectory:Himall.Plugin.Payment.Alipay_QRCode.Service 




 记录时间：2019-01-22 11:00:32,947 
日志级别：  INFO  
出错类：Himall.PaymentPlugin.PaymentBase`1[T].set_WorkDirectory  
错误描述：set WorkDirectory:Himall.Plugin.Payment.Alipay_WAP.Service 




 记录时间：2019-01-22 11:00:32,995 
日志级别：  INFO  
出错类：Himall.PaymentPlugin.PaymentBase`1[T].set_WorkDirectory  
错误描述：set WorkDirectory:Himall.Plugin.Payment.UnionPay.UnionPay 




 记录时间：2019-01-22 11:00:33,068 
日志级别：  INFO  
出错类：Himall.PaymentPlugin.PaymentBase`1[T].set_WorkDirectory  
错误描述：set WorkDirectory:Himall.Plugin.Payment.WeiXinPay.Service 




 记录时间：2019-01-22 11:00:33,111 
日志级别：  INFO  
出错类：Himall.PaymentPlugin.PaymentBase`1[T].set_WorkDirectory  
错误描述：set WorkDirectory:Himall.Plugin.Payment.WeiXinPay_App.Service 




 记录时间：2019-01-22 11:00:33,167 
日志级别：  INFO  
出错类：Himall.PaymentPlugin.PaymentBase`1[T].set_WorkDirectory  
错误描述：set WorkDirectory:Himall.Plugin.Payment.WeiXinPay_H5.Service 




 记录时间：2019-01-22 11:00:33,227 
日志级别：  INFO  
出错类：Himall.PaymentPlugin.PaymentBase`1[T].set_WorkDirectory  
错误描述：set WorkDirectory:Himall.Plugin.Payment.WeiXinPay_Native.WeiXinPay 




 记录时间：2019-01-22 11:00:33,330 
日志级别：  INFO  
出错类：Himall.PaymentPlugin.PaymentBase`1[T].set_WorkDirectory  
错误描述：set WorkDirectory:Himall.Plugin.Payment.WeiXinPay_O2OSmallProg.Service 




 记录时间：2019-01-22 11:00:33,544 
日志级别：  INFO  
出错类：Himall.PaymentPlugin.PaymentBase`1[T].set_WorkDirectory  
错误描述：set WorkDirectory:Himall.Plugin.Payment.WeiXinPay_SmallProg.Service 




 记录时间：2019-01-22 11:03:00,216 
日志级别：  INFO  
出错类：Himall.Web.MvcApplication.Application_End  
错误描述：2019-01-22 11:03:00 -  http://localhost:62443 




 记录时间：2019-01-22 11:03:45,528 
日志级别：  INFO  
出错类：Himall.PaymentPlugin.PaymentBase`1[T].set_WorkDirectory  
错误描述：set WorkDirectory:Himall.Plugin.Payment.Alipay.Service 




 记录时间：2019-01-22 11:03:45,563 
日志级别：  INFO  
出错类：Himall.PaymentPlugin.PaymentBase`1[T].set_WorkDirectory  
错误描述：set WorkDirectory:Himall.Plugin.Payment.Alipay_App.Service 




 记录时间：2019-01-22 11:03:45,611 
日志级别：  INFO  
出错类：Himall.PaymentPlugin.PaymentBase`1[T].set_WorkDirectory  
错误描述：set WorkDirectory:Himall.Plugin.Payment.Alipay_QRCode.Service 




 记录时间：2019-01-22 11:03:45,746 
日志级别：  INFO  
出错类：Himall.PaymentPlugin.PaymentBase`1[T].set_WorkDirectory  
错误描述：set WorkDirectory:Himall.Plugin.Payment.Alipay_WAP.Service 




 记录时间：2019-01-22 11:03:45,791 
日志级别：  INFO  
出错类：Himall.PaymentPlugin.PaymentBase`1[T].set_WorkDirectory  
错误描述：set WorkDirectory:Himall.Plugin.Payment.UnionPay.UnionPay 




 记录时间：2019-01-22 11:03:45,833 
日志级别：  INFO  
出错类：Himall.PaymentPlugin.PaymentBase`1[T].set_WorkDirectory  
错误描述：set WorkDirectory:Himall.Plugin.Payment.WeiXinPay.Service 




 记录时间：2019-01-22 11:03:45,865 
日志级别：  INFO  
出错类：Himall.PaymentPlugin.PaymentBase`1[T].set_WorkDirectory  
错误描述：set WorkDirectory:Himall.Plugin.Payment.WeiXinPay_App.Service 




 记录时间：2019-01-22 11:03:45,897 
日志级别：  INFO  
出错类：Himall.PaymentPlugin.PaymentBase`1[T].set_WorkDirectory  
错误描述：set WorkDirectory:Himall.Plugin.Payment.WeiXinPay_H5.Service 




 记录时间：2019-01-22 11:03:45,927 
日志级别：  INFO  
出错类：Himall.PaymentPlugin.PaymentBase`1[T].set_WorkDirectory  
错误描述：set WorkDirectory:Himall.Plugin.Payment.WeiXinPay_Native.WeiXinPay 




 记录时间：2019-01-22 11:03:45,956 
日志级别：  INFO  
出错类：Himall.PaymentPlugin.PaymentBase`1[T].set_WorkDirectory  
错误描述：set WorkDirectory:Himall.Plugin.Payment.WeiXinPay_O2OSmallProg.Service 




 记录时间：2019-01-22 11:03:45,987 
日志级别：  INFO  
出错类：Himall.PaymentPlugin.PaymentBase`1[T].set_WorkDirectory  
错误描述：set WorkDirectory:Himall.Plugin.Payment.WeiXinPay_SmallProg.Service 




 记录时间：2019-01-22 11:17:35,171 
日志级别：  INFO  
出错类：Himall.Web.MvcApplication.Application_End  
错误描述：2019-01-22 11:17:35 -  http://localhost:62443 




 记录时间：2019-01-22 11:18:17,053 
日志级别：  INFO  
出错类：Himall.PaymentPlugin.PaymentBase`1[T].set_WorkDirectory  
错误描述：set WorkDirectory:Himall.Plugin.Payment.Alipay.Service 




 记录时间：2019-01-22 11:18:17,078 
日志级别：  INFO  
出错类：Himall.PaymentPlugin.PaymentBase`1[T].set_WorkDirectory  
错误描述：set WorkDirectory:Himall.Plugin.Payment.Alipay_App.Service 




 记录时间：2019-01-22 11:18:17,120 
日志级别：  INFO  
出错类：Himall.PaymentPlugin.PaymentBase`1[T].set_WorkDirectory  
错误描述：set WorkDirectory:Himall.Plugin.Payment.Alipay_QRCode.Service 




 记录时间：2019-01-22 11:18:17,161 
日志级别：  INFO  
出错类：Himall.PaymentPlugin.PaymentBase`1[T].set_WorkDirectory  
错误描述：set WorkDirectory:Himall.Plugin.Payment.Alipay_WAP.Service 




 记录时间：2019-01-22 11:18:17,208 
日志级别：  INFO  
出错类：Himall.PaymentPlugin.PaymentBase`1[T].set_WorkDirectory  
错误描述：set WorkDirectory:Himall.Plugin.Payment.UnionPay.UnionPay 




 记录时间：2019-01-22 11:18:17,242 
日志级别：  INFO  
出错类：Himall.PaymentPlugin.PaymentBase`1[T].set_WorkDirectory  
错误描述：set WorkDirectory:Himall.Plugin.Payment.WeiXinPay.Service 




 记录时间：2019-01-22 11:18:17,265 
日志级别：  INFO  
出错类：Himall.PaymentPlugin.PaymentBase`1[T].set_WorkDirectory  
错误描述：set WorkDirectory:Himall.Plugin.Payment.WeiXinPay_App.Service 




 记录时间：2019-01-22 11:18:17,290 
日志级别：  INFO  
出错类：Himall.PaymentPlugin.PaymentBase`1[T].set_WorkDirectory  
错误描述：set WorkDirectory:Himall.Plugin.Payment.WeiXinPay_H5.Service 




 记录时间：2019-01-22 11:18:17,314 
日志级别：  INFO  
出错类：Himall.PaymentPlugin.PaymentBase`1[T].set_WorkDirectory  
错误描述：set WorkDirectory:Himall.Plugin.Payment.WeiXinPay_Native.WeiXinPay 




 记录时间：2019-01-22 11:18:17,385 
日志级别：  INFO  
出错类：Himall.PaymentPlugin.PaymentBase`1[T].set_WorkDirectory  
错误描述：set WorkDirectory:Himall.Plugin.Payment.WeiXinPay_O2OSmallProg.Service 




 记录时间：2019-01-22 11:18:17,411 
日志级别：  INFO  
出错类：Himall.PaymentPlugin.PaymentBase`1[T].set_WorkDirectory  
错误描述：set WorkDirectory:Himall.Plugin.Payment.WeiXinPay_SmallProg.Service 




 记录时间：2019-01-22 11:21:27,953 
日志级别：  INFO  
出错类：Himall.Web.MvcApplication.Application_End  
错误描述：2019-01-22 11:21:27 -  http://localhost:62443 




 记录时间：2019-01-22 11:22:08,910 
日志级别：  INFO  
出错类：Himall.PaymentPlugin.PaymentBase`1[T].set_WorkDirectory  
错误描述：set WorkDirectory:Himall.Plugin.Payment.Alipay.Service 




 记录时间：2019-01-22 11:22:08,951 
日志级别：  INFO  
出错类：Himall.PaymentPlugin.PaymentBase`1[T].set_WorkDirectory  
错误描述：set WorkDirectory:Himall.Plugin.Payment.Alipay_App.Service 




 记录时间：2019-01-22 11:22:08,976 
日志级别：  INFO  
出错类：Himall.PaymentPlugin.PaymentBase`1[T].set_WorkDirectory  
错误描述：set WorkDirectory:Himall.Plugin.Payment.Alipay_QRCode.Service 




 记录时间：2019-01-22 11:22:09,066 
日志级别：  INFO  
出错类：Himall.PaymentPlugin.PaymentBase`1[T].set_WorkDirectory  
错误描述：set WorkDirectory:Himall.Plugin.Payment.Alipay_WAP.Service 




 记录时间：2019-01-22 11:22:09,091 
日志级别：  INFO  
出错类：Himall.PaymentPlugin.PaymentBase`1[T].set_WorkDirectory  
错误描述：set WorkDirectory:Himall.Plugin.Payment.UnionPay.UnionPay 




 记录时间：2019-01-22 11:22:09,113 
日志级别：  INFO  
出错类：Himall.PaymentPlugin.PaymentBase`1[T].set_WorkDirectory  
错误描述：set WorkDirectory:Himall.Plugin.Payment.WeiXinPay.Service 




 记录时间：2019-01-22 11:22:09,134 
日志级别：  INFO  
出错类：Himall.PaymentPlugin.PaymentBase`1[T].set_WorkDirectory  
错误描述：set WorkDirectory:Himall.Plugin.Payment.WeiXinPay_App.Service 




 记录时间：2019-01-22 11:22:09,155 
日志级别：  INFO  
出错类：Himall.PaymentPlugin.PaymentBase`1[T].set_WorkDirectory  
错误描述：set WorkDirectory:Himall.Plugin.Payment.WeiXinPay_H5.Service 




 记录时间：2019-01-22 11:22:09,174 
日志级别：  INFO  
出错类：Himall.PaymentPlugin.PaymentBase`1[T].set_WorkDirectory  
错误描述：set WorkDirectory:Himall.Plugin.Payment.WeiXinPay_Native.WeiXinPay 




 记录时间：2019-01-22 11:22:09,196 
日志级别：  INFO  
出错类：Himall.PaymentPlugin.PaymentBase`1[T].set_WorkDirectory  
错误描述：set WorkDirectory:Himall.Plugin.Payment.WeiXinPay_O2OSmallProg.Service 




 记录时间：2019-01-22 11:22:09,214 
日志级别：  INFO  
出错类：Himall.PaymentPlugin.PaymentBase`1[T].set_WorkDirectory  
错误描述：set WorkDirectory:Himall.Plugin.Payment.WeiXinPay_SmallProg.Service 




 记录时间：2019-01-22 13:45:49,677 
日志级别：  INFO  
出错类：Himall.Web.MvcApplication.Application_End  
错误描述：2019-01-22 13:45:49 -  http://localhost:62443 




 记录时间：2019-01-22 13:46:07,244 
日志级别：  INFO  
出错类：Himall.PaymentPlugin.PaymentBase`1[T].set_WorkDirectory  
错误描述：set WorkDirectory:Himall.Plugin.Payment.Alipay.Service 




 记录时间：2019-01-22 13:46:07,254 
日志级别：  INFO  
出错类：Himall.PaymentPlugin.PaymentBase`1[T].set_WorkDirectory  
错误描述：set WorkDirectory:Himall.Plugin.Payment.Alipay_App.Service 




 记录时间：2019-01-22 13:46:07,267 
日志级别：  INFO  
出错类：Himall.PaymentPlugin.PaymentBase`1[T].set_WorkDirectory  
错误描述：set WorkDirectory:Himall.Plugin.Payment.Alipay_QRCode.Service 




 记录时间：2019-01-22 13:46:07,278 
日志级别：  INFO  
出错类：Himall.PaymentPlugin.PaymentBase`1[T].set_WorkDirectory  
错误描述：set WorkDirectory:Himall.Plugin.Payment.Alipay_WAP.Service 




 记录时间：2019-01-22 13:46:07,288 
日志级别：  INFO  
出错类：Himall.PaymentPlugin.PaymentBase`1[T].set_WorkDirectory  
错误描述：set WorkDirectory:Himall.Plugin.Payment.UnionPay.UnionPay 




 记录时间：2019-01-22 13:46:07,300 
日志级别：  INFO  
出错类：Himall.PaymentPlugin.PaymentBase`1[T].set_WorkDirectory  
错误描述：set WorkDirectory:Himall.Plugin.Payment.WeiXinPay.Service 




 记录时间：2019-01-22 13:46:07,319 
日志级别：  INFO  
出错类：Himall.PaymentPlugin.PaymentBase`1[T].set_WorkDirectory  
错误描述：set WorkDirectory:Himall.Plugin.Payment.WeiXinPay_App.Service 




 记录时间：2019-01-22 13:46:07,332 
日志级别：  INFO  
出错类：Himall.PaymentPlugin.PaymentBase`1[T].set_WorkDirectory  
错误描述：set WorkDirectory:Himall.Plugin.Payment.WeiXinPay_H5.Service 




 记录时间：2019-01-22 13:46:07,342 
日志级别：  INFO  
出错类：Himall.PaymentPlugin.PaymentBase`1[T].set_WorkDirectory  
错误描述：set WorkDirectory:Himall.Plugin.Payment.WeiXinPay_Native.WeiXinPay 




 记录时间：2019-01-22 13:46:07,354 
日志级别：  INFO  
出错类：Himall.PaymentPlugin.PaymentBase`1[T].set_WorkDirectory  
错误描述：set WorkDirectory:Himall.Plugin.Payment.WeiXinPay_O2OSmallProg.Service 




 记录时间：2019-01-22 13:46:07,368 
日志级别：  INFO  
出错类：Himall.PaymentPlugin.PaymentBase`1[T].set_WorkDirectory  
错误描述：set WorkDirectory:Himall.Plugin.Payment.WeiXinPay_SmallProg.Service 




 记录时间：2019-01-22 13:46:37,865 
日志级别：  INFO  
出错类：Himall.Web.MvcApplication.Application_End  
错误描述：2019-01-22 13:46:37 -  http://localhost:62443 




 记录时间：2019-01-22 13:46:52,953 
日志级别：  INFO  
出错类：Himall.PaymentPlugin.PaymentBase`1[T].set_WorkDirectory  
错误描述：set WorkDirectory:Himall.Plugin.Payment.Alipay.Service 




 记录时间：2019-01-22 13:46:52,972 
日志级别：  INFO  
出错类：Himall.PaymentPlugin.PaymentBase`1[T].set_WorkDirectory  
错误描述：set WorkDirectory:Himall.Plugin.Payment.Alipay_App.Service 




 记录时间：2019-01-22 13:46:53,110 
日志级别：  INFO  
出错类：Himall.PaymentPlugin.PaymentBase`1[T].set_WorkDirectory  
错误描述：set WorkDirectory:Himall.Plugin.Payment.Alipay_QRCode.Service 




 记录时间：2019-01-22 13:46:53,148 
日志级别：  INFO  
出错类：Himall.PaymentPlugin.PaymentBase`1[T].set_WorkDirectory  
错误描述：set WorkDirectory:Himall.Plugin.Payment.Alipay_WAP.Service 




 记录时间：2019-01-22 13:46:53,160 
日志级别：  INFO  
出错类：Himall.PaymentPlugin.PaymentBase`1[T].set_WorkDirectory  
错误描述：set WorkDirectory:Himall.Plugin.Payment.UnionPay.UnionPay 




 记录时间：2019-01-22 13:46:53,182 
日志级别：  INFO  
出错类：Himall.PaymentPlugin.PaymentBase`1[T].set_WorkDirectory  
错误描述：set WorkDirectory:Himall.Plugin.Payment.WeiXinPay.Service 




 记录时间：2019-01-22 13:46:53,214 
日志级别：  INFO  
出错类：Himall.PaymentPlugin.PaymentBase`1[T].set_WorkDirectory  
错误描述：set WorkDirectory:Himall.Plugin.Payment.WeiXinPay_App.Service 




 记录时间：2019-01-22 13:46:53,265 
日志级别：  INFO  
出错类：Himall.PaymentPlugin.PaymentBase`1[T].set_WorkDirectory  
错误描述：set WorkDirectory:Himall.Plugin.Payment.WeiXinPay_H5.Service 




 记录时间：2019-01-22 13:46:53,304 
日志级别：  INFO  
出错类：Himall.PaymentPlugin.PaymentBase`1[T].set_WorkDirectory  
错误描述：set WorkDirectory:Himall.Plugin.Payment.WeiXinPay_Native.WeiXinPay 




 记录时间：2019-01-22 13:46:53,370 
日志级别：  INFO  
出错类：Himall.PaymentPlugin.PaymentBase`1[T].set_WorkDirectory  
错误描述：set WorkDirectory:Himall.Plugin.Payment.WeiXinPay_O2OSmallProg.Service 




 记录时间：2019-01-22 13:46:53,381 
日志级别：  INFO  
出错类：Himall.PaymentPlugin.PaymentBase`1[T].set_WorkDirectory  
错误描述：set WorkDirectory:Himall.Plugin.Payment.WeiXinPay_SmallProg.Service 




 记录时间：2019-01-22 13:47:24,353 
日志级别：  INFO  
出错类：Himall.Web.MvcApplication.Application_End  
错误描述：2019-01-22 13:47:24 -  http://localhost:62443 




 记录时间：2019-01-22 14:00:26,262 
日志级别：  INFO  
出错类：Himall.Web.MvcApplication.Application_End  
错误描述：2019-01-22 14:00:26 -  http://localhost:62443 




 记录时间：2019-01-22 14:00:45,249 
日志级别：  INFO  
出错类：Himall.Web.MvcApplication.Application_End  
错误描述：2019-01-22 14:00:45 -  http://localhost:62443 




 记录时间：2019-01-22 14:01:03,655 
日志级别：  INFO  
出错类：Himall.Web.MvcApplication.Application_End  
错误描述：2019-01-22 14:01:03 -  http://localhost:62443 




 记录时间：2019-01-22 14:01:25,797 
日志级别：  INFO  
出错类：Himall.Web.MvcApplication.Application_End  
错误描述：2019-01-22 14:01:25 -  http://localhost:62443 




 记录时间：2019-01-22 14:01:46,329 
日志级别：  INFO  
出错类：Himall.Web.MvcApplication.Application_End  
错误描述：2019-01-22 14:01:46 -  http://localhost:62443 




 记录时间：2019-01-22 14:02:05,059 
日志级别：  INFO  
出错类：Himall.Web.MvcApplication.Application_End  
错误描述：2019-01-22 14:02:05 -  http://localhost:62443 




 记录时间：2019-01-22 14:02:22,018 
日志级别：  INFO  
出错类：Himall.Web.MvcApplication.Application_End  
错误描述：2019-01-22 14:02:22 -  http://localhost:62443 




 记录时间：2019-01-22 14:02:40,592 
日志级别：  INFO  
出错类：Himall.Web.MvcApplication.Application_End  
错误描述：2019-01-22 14:02:40 -  http://localhost:62443 




 记录时间：2019-01-22 14:02:47,266 
日志级别：  INFO  
出错类：Himall.Web.MvcApplication.Application_End  
错误描述：2019-01-22 14:02:47 -  http://localhost:62443 




 记录时间：2019-01-22 14:03:05,048 
日志级别：  INFO  
出错类：Himall.Web.MvcApplication.Application_End  
错误描述：2019-01-22 14:03:05 -  http://localhost:62443 




 记录时间：2019-01-22 14:03:19,888 
日志级别：  INFO  
出错类：Himall.Web.MvcApplication.Application_End  
错误描述：2019-01-22 14:03:19 -  http://localhost:62443 




 记录时间：2019-01-22 14:03:24,703 
日志级别：  INFO  
出错类：Himall.Web.MvcApplication.Application_End  
错误描述：2019-01-22 14:03:24 -  http://localhost:62443 




 记录时间：2019-01-22 14:03:43,192 
日志级别：  INFO  
出错类：Himall.Web.MvcApplication.Application_End  
错误描述：2019-01-22 14:03:43 -  http://localhost:62443 




 记录时间：2019-01-22 14:03:58,356 
日志级别：  INFO  
出错类：Himall.Web.MvcApplication.Application_End  
错误描述：2019-01-22 14:03:58 -  http://localhost:62443 




 记录时间：2019-01-22 14:04:13,191 
日志级别：  INFO  
出错类：Himall.Web.MvcApplication.Application_End  
错误描述：2019-01-22 14:04:13 -  http://localhost:62443 




 记录时间：2019-01-22 14:04:27,812 
日志级别：  INFO  
出错类：Himall.Web.MvcApplication.Application_End  
错误描述：2019-01-22 14:04:27 -  http://localhost:62443 




 记录时间：2019-01-22 14:04:42,057 
日志级别：  INFO  
出错类：Himall.Web.MvcApplication.Application_End  
错误描述：2019-01-22 14:04:42 -  http://localhost:62443 




 记录时间：2019-01-22 14:04:57,089 
日志级别：  INFO  
出错类：Himall.Web.MvcApplication.Application_End  
错误描述：2019-01-22 14:04:57 -  http://localhost:62443 




 记录时间：2019-01-22 14:05:11,170 
日志级别：  INFO  
出错类：Himall.Web.MvcApplication.Application_End  
错误描述：2019-01-22 14:05:11 -  http://localhost:62443 




 记录时间：2019-01-22 14:05:24,870 
日志级别：  INFO  
出错类：Himall.Web.MvcApplication.Application_End  
错误描述：2019-01-22 14:05:24 -  http://localhost:62443 




 记录时间：2019-01-22 14:05:39,170 
日志级别：  INFO  
出错类：Himall.Web.MvcApplication.Application_End  
错误描述：2019-01-22 14:05:39 -  http://localhost:62443 




 记录时间：2019-01-22 14:05:54,782 
日志级别：  INFO  
出错类：Himall.Web.MvcApplication.Application_End  
错误描述：2019-01-22 14:05:54 -  http://localhost:62443 




 记录时间：2019-01-22 14:06:08,887 
日志级别：  INFO  
出错类：Himall.Web.MvcApplication.Application_End  
错误描述：2019-01-22 14:06:08 -  http://localhost:62443 




 记录时间：2019-01-22 14:06:23,558 
日志级别：  INFO  
出错类：Himall.Web.MvcApplication.Application_End  
错误描述：2019-01-22 14:06:23 -  http://localhost:62443 




 记录时间：2019-01-22 14:06:39,233 
日志级别：  INFO  
出错类：Himall.Web.MvcApplication.Application_End  
错误描述：2019-01-22 14:06:39 -  http://localhost:62443 




 记录时间：2019-01-22 14:06:52,911 
日志级别：  INFO  
出错类：Himall.Web.MvcApplication.Application_End  
错误描述：2019-01-22 14:06:52 -  http://localhost:62443 




 记录时间：2019-01-22 14:07:07,011 
日志级别：  INFO  
出错类：Himall.Web.MvcApplication.Application_End  
错误描述：2019-01-22 14:07:07 -  http://localhost:62443 




 记录时间：2019-01-22 14:07:22,695 
日志级别：  INFO  
出错类：Himall.Web.MvcApplication.Application_End  
错误描述：2019-01-22 14:07:22 -  http://localhost:62443 




 记录时间：2019-01-22 14:07:36,621 
日志级别：  INFO  
出错类：Himall.Web.MvcApplication.Application_End  
错误描述：2019-01-22 14:07:36 -  http://localhost:62443 




 记录时间：2019-01-22 14:07:50,530 
日志级别：  INFO  
出错类：Himall.Web.MvcApplication.Application_End  
错误描述：2019-01-22 14:07:50 -  http://localhost:62443 




 记录时间：2019-01-22 14:08:05,349 
日志级别：  INFO  
出错类：Himall.Web.MvcApplication.Application_End  
错误描述：2019-01-22 14:08:05 -  http://localhost:62443 




 记录时间：2019-01-22 14:08:20,656 
日志级别：  INFO  
出错类：Himall.Web.MvcApplication.Application_End  
错误描述：2019-01-22 14:08:20 -  http://localhost:62443 




 记录时间：2019-01-22 14:08:35,949 
日志级别：  INFO  
出错类：Himall.Web.MvcApplication.Application_End  
错误描述：2019-01-22 14:08:35 -  http://localhost:62443 




 记录时间：2019-01-22 14:08:51,214 
日志级别：  INFO  
出错类：Himall.Web.MvcApplication.Application_End  
错误描述：2019-01-22 14:08:51 -  http://localhost:62443 




 记录时间：2019-01-22 14:09:06,420 
日志级别：  INFO  
出错类：Himall.Web.MvcApplication.Application_End  
错误描述：2019-01-22 14:09:06 -  http://localhost:62443 




 记录时间：2019-01-22 14:09:19,937 
日志级别：  INFO  
出错类：Himall.Web.MvcApplication.Application_End  
错误描述：2019-01-22 14:09:19 -  http://localhost:62443 




 记录时间：2019-01-22 14:09:33,664 
日志级别：  INFO  
出错类：Himall.Web.MvcApplication.Application_End  
错误描述：2019-01-22 14:09:33 -  http://localhost:62443 




 记录时间：2019-01-22 14:09:47,684 
日志级别：  INFO  
出错类：Himall.Web.MvcApplication.Application_End  
错误描述：2019-01-22 14:09:47 -  http://localhost:62443 




 记录时间：2019-01-22 14:10:02,541 
日志级别：  INFO  
出错类：Himall.Web.MvcApplication.Application_End  
错误描述：2019-01-22 14:10:02 -  http://localhost:62443 




 记录时间：2019-01-22 14:10:16,436 
日志级别：  INFO  
出错类：Himall.Web.MvcApplication.Application_End  
错误描述：2019-01-22 14:10:16 -  http://localhost:62443 




 记录时间：2019-01-22 14:10:31,703 
日志级别：  INFO  
出错类：Himall.Web.MvcApplication.Application_End  
错误描述：2019-01-22 14:10:31 -  http://localhost:62443 




 记录时间：2019-01-22 14:10:45,650 
日志级别：  INFO  
出错类：Himall.Web.MvcApplication.Application_End  
错误描述：2019-01-22 14:10:45 -  http://localhost:62443 




 记录时间：2019-01-22 14:10:58,058 
日志级别：  INFO  
出错类：Himall.Web.MvcApplication.Application_End  
错误描述：2019-01-22 14:10:58 -  http://localhost:62443 




 记录时间：2019-01-22 14:11:13,061 
日志级别：  INFO  
出错类：Himall.Web.MvcApplication.Application_End  
错误描述：2019-01-22 14:11:13 -  http://localhost:62443 




 记录时间：2019-01-22 14:11:24,206 
日志级别：  INFO  
出错类：Himall.Web.MvcApplication.Application_End  
错误描述：2019-01-22 14:11:24 -  http://localhost:62443 




 记录时间：2019-01-22 14:11:44,388 
日志级别：  INFO  
出错类：Himall.Web.MvcApplication.Application_End  
错误描述：2019-01-22 14:11:44 -  http://localhost:62443 




 记录时间：2019-01-22 14:40:33,962 
日志级别：  INFO  
出错类：Himall.PaymentPlugin.PaymentBase`1[T].set_WorkDirectory  
错误描述：set WorkDirectory:Himall.Plugin.Payment.Alipay.Service 




 记录时间：2019-01-22 14:40:33,997 
日志级别：  INFO  
出错类：Himall.PaymentPlugin.PaymentBase`1[T].set_WorkDirectory  
错误描述：set WorkDirectory:Himall.Plugin.Payment.Alipay_App.Service 




 记录时间：2019-01-22 14:40:34,018 
日志级别：  INFO  
出错类：Himall.PaymentPlugin.PaymentBase`1[T].set_WorkDirectory  
错误描述：set WorkDirectory:Himall.Plugin.Payment.Alipay_QRCode.Service 




 记录时间：2019-01-22 14:40:34,042 
日志级别：  INFO  
出错类：Himall.PaymentPlugin.PaymentBase`1[T].set_WorkDirectory  
错误描述：set WorkDirectory:Himall.Plugin.Payment.Alipay_WAP.Service 




 记录时间：2019-01-22 14:40:34,059 
日志级别：  INFO  
出错类：Himall.PaymentPlugin.PaymentBase`1[T].set_WorkDirectory  
错误描述：set WorkDirectory:Himall.Plugin.Payment.UnionPay.UnionPay 




 记录时间：2019-01-22 14:40:34,088 
日志级别：  INFO  
出错类：Himall.PaymentPlugin.PaymentBase`1[T].set_WorkDirectory  
错误描述：set WorkDirectory:Himall.Plugin.Payment.WeiXinPay.Service 




 记录时间：2019-01-22 14:40:34,116 
日志级别：  INFO  
出错类：Himall.PaymentPlugin.PaymentBase`1[T].set_WorkDirectory  
错误描述：set WorkDirectory:Himall.Plugin.Payment.WeiXinPay_App.Service 




 记录时间：2019-01-22 14:40:34,145 
日志级别：  INFO  
出错类：Himall.PaymentPlugin.PaymentBase`1[T].set_WorkDirectory  
错误描述：set WorkDirectory:Himall.Plugin.Payment.WeiXinPay_H5.Service 




 记录时间：2019-01-22 14:40:34,170 
日志级别：  INFO  
出错类：Himall.PaymentPlugin.PaymentBase`1[T].set_WorkDirectory  
错误描述：set WorkDirectory:Himall.Plugin.Payment.WeiXinPay_Native.WeiXinPay 




 记录时间：2019-01-22 14:40:34,207 
日志级别：  INFO  
出错类：Himall.PaymentPlugin.PaymentBase`1[T].set_WorkDirectory  
错误描述：set WorkDirectory:Himall.Plugin.Payment.WeiXinPay_O2OSmallProg.Service 




 记录时间：2019-01-22 14:40:34,233 
日志级别：  INFO  
出错类：Himall.PaymentPlugin.PaymentBase`1[T].set_WorkDirectory  
错误描述：set WorkDirectory:Himall.Plugin.Payment.WeiXinPay_SmallProg.Service 




 记录时间：2019-01-22 14:41:11,371 
日志级别：  INFO  
出错类：Quartz.Impl.StdSchedulerFactory  
错误描述：Default Quartz.NET properties loaded from embedded resource file 




 记录时间：2019-01-22 14:41:11,516 
日志级别：  INFO  
出错类：Quartz.Core.SchedulerSignalerImpl  
错误描述：Initialized Scheduler Signaller of type: Quartz.Core.SchedulerSignalerImpl 




 记录时间：2019-01-22 14:41:11,529 
日志级别：  INFO  
出错类：Quartz.Core.QuartzScheduler  
错误描述：Quartz Scheduler v.3.0.7.0 created. 




 记录时间：2019-01-22 14:41:11,531 
日志级别：  INFO  
出错类：Quartz.Simpl.RAMJobStore  
错误描述：RAMJobStore initialized. 




 记录时间：2019-01-22 14:41:11,542 
日志级别：  INFO  
出错类：Quartz.Core.QuartzScheduler  
错误描述：Scheduler meta-data: Quartz Scheduler (v3.0.7.0) 'DefaultQuartzScheduler' with instanceId 'NON_CLUSTERED'
  Scheduler class: 'Quartz.Core.QuartzScheduler' - running locally.
  NOT STARTED.
  Currently in standby mode.
  Number of jobs executed: 0
  Using thread pool 'Quartz.Simpl.DefaultThreadPool' - with 10 threads.
  Using job-store 'Quartz.Simpl.RAMJobStore' - which does not support persistence. and is not clustered.
 




 记录时间：2019-01-22 14:41:11,543 
日志级别：  INFO  
出错类：Quartz.Impl.StdSchedulerFactory  
错误描述：Quartz scheduler 'DefaultQuartzScheduler' initialized 




 记录时间：2019-01-22 14:41:11,544 
日志级别：  INFO  
出错类：Quartz.Impl.StdSchedulerFactory  
错误描述：Quartz scheduler version: 3.0.7.0 




 记录时间：2019-01-22 14:41:14,501 
日志级别：  INFO  
出错类：Quartz.Core.QuartzScheduler  
错误描述：Scheduler DefaultQuartzScheduler_$_NON_CLUSTERED started. 




 记录时间：2019-01-22 14:41:30,042 
日志级别：  INFO  
出错类：Quartz.Simpl.RAMJobStore  
错误描述：All triggers of Job group.job set to ERROR state. 




 记录时间：2019-01-22 14:45:39,537 
日志级别：  INFO  
出错类：Quartz.Impl.StdSchedulerFactory  
错误描述：Default Quartz.NET properties loaded from embedded resource file 




 记录时间：2019-01-22 14:53:34,078 
日志级别：  INFO  
出错类：Himall.Web.MvcApplication.Application_End  
错误描述：2019-01-22 14:53:34 -  http://localhost:62443 




 记录时间：2019-01-22 14:54:15,538 
日志级别：  INFO  
出错类：Himall.PaymentPlugin.PaymentBase`1[T].set_WorkDirectory  
错误描述：set WorkDirectory:Himall.Plugin.Payment.Alipay.Service 




 记录时间：2019-01-22 14:54:15,616 
日志级别：  INFO  
出错类：Himall.PaymentPlugin.PaymentBase`1[T].set_WorkDirectory  
错误描述：set WorkDirectory:Himall.Plugin.Payment.Alipay_App.Service 




 记录时间：2019-01-22 14:54:15,704 
日志级别：  INFO  
出错类：Himall.PaymentPlugin.PaymentBase`1[T].set_WorkDirectory  
错误描述：set WorkDirectory:Himall.Plugin.Payment.Alipay_QRCode.Service 




 记录时间：2019-01-22 14:54:15,816 
日志级别：  INFO  
出错类：Himall.PaymentPlugin.PaymentBase`1[T].set_WorkDirectory  
错误描述：set WorkDirectory:Himall.Plugin.Payment.Alipay_WAP.Service 




 记录时间：2019-01-22 14:54:15,948 
日志级别：  INFO  
出错类：Himall.PaymentPlugin.PaymentBase`1[T].set_WorkDirectory  
错误描述：set WorkDirectory:Himall.Plugin.Payment.UnionPay.UnionPay 




 记录时间：2019-01-22 14:54:16,077 
日志级别：  INFO  
出错类：Himall.PaymentPlugin.PaymentBase`1[T].set_WorkDirectory  
错误描述：set WorkDirectory:Himall.Plugin.Payment.WeiXinPay.Service 




 记录时间：2019-01-22 14:54:16,180 
日志级别：  INFO  
出错类：Himall.PaymentPlugin.PaymentBase`1[T].set_WorkDirectory  
错误描述：set WorkDirectory:Himall.Plugin.Payment.WeiXinPay_App.Service 




 记录时间：2019-01-22 14:54:16,333 
日志级别：  INFO  
出错类：Himall.PaymentPlugin.PaymentBase`1[T].set_WorkDirectory  
错误描述：set WorkDirectory:Himall.Plugin.Payment.WeiXinPay_H5.Service 




 记录时间：2019-01-22 14:54:16,410 
日志级别：  INFO  
出错类：Himall.PaymentPlugin.PaymentBase`1[T].set_WorkDirectory  
错误描述：set WorkDirectory:Himall.Plugin.Payment.WeiXinPay_Native.WeiXinPay 




 记录时间：2019-01-22 14:54:16,479 
日志级别：  INFO  
出错类：Himall.PaymentPlugin.PaymentBase`1[T].set_WorkDirectory  
错误描述：set WorkDirectory:Himall.Plugin.Payment.WeiXinPay_O2OSmallProg.Service 




 记录时间：2019-01-22 14:54:16,595 
日志级别：  INFO  
出错类：Himall.PaymentPlugin.PaymentBase`1[T].set_WorkDirectory  
错误描述：set WorkDirectory:Himall.Plugin.Payment.WeiXinPay_SmallProg.Service 




 记录时间：2019-01-22 14:55:04,328 
日志级别：  INFO  
出错类：Quartz.Impl.StdSchedulerFactory  
错误描述：Default Quartz.NET properties loaded from embedded resource file 




 记录时间：2019-01-22 14:55:04,500 
日志级别：  INFO  
出错类：Quartz.Core.SchedulerSignalerImpl  
错误描述：Initialized Scheduler Signaller of type: Quartz.Core.SchedulerSignalerImpl 




 记录时间：2019-01-22 14:55:04,519 
日志级别：  INFO  
出错类：Quartz.Core.QuartzScheduler  
错误描述：Quartz Scheduler v.3.0.7.0 created. 




 记录时间：2019-01-22 14:55:04,529 
日志级别：  INFO  
出错类：Quartz.Simpl.RAMJobStore  
错误描述：RAMJobStore initialized. 




 记录时间：2019-01-22 14:55:04,545 
日志级别：  INFO  
出错类：Quartz.Core.QuartzScheduler  
错误描述：Scheduler meta-data: Quartz Scheduler (v3.0.7.0) 'DefaultQuartzScheduler' with instanceId 'NON_CLUSTERED'
  Scheduler class: 'Quartz.Core.QuartzScheduler' - running locally.
  NOT STARTED.
  Currently in standby mode.
  Number of jobs executed: 0
  Using thread pool 'Quartz.Simpl.DefaultThreadPool' - with 10 threads.
  Using job-store 'Quartz.Simpl.RAMJobStore' - which does not support persistence. and is not clustered.
 




 记录时间：2019-01-22 14:55:04,547 
日志级别：  INFO  
出错类：Quartz.Impl.StdSchedulerFactory  
错误描述：Quartz scheduler 'DefaultQuartzScheduler' initialized 




 记录时间：2019-01-22 14:55:04,552 
日志级别：  INFO  
出错类：Quartz.Impl.StdSchedulerFactory  
错误描述：Quartz scheduler version: 3.0.7.0 




 记录时间：2019-01-22 14:55:07,231 
日志级别：  INFO  
出错类：Quartz.Core.QuartzScheduler  
错误描述：Scheduler DefaultQuartzScheduler_$_NON_CLUSTERED started. 




 记录时间：2019-01-22 14:55:30,053 
日志级别：  INFO  
出错类：Quartz.Simpl.RAMJobStore  
错误描述：All triggers of Job group.job set to ERROR state. 




 记录时间：2019-01-22 15:46:55,749 
日志级别：  INFO  
出错类：Himall.Web.MvcApplication.Application_End  
错误描述：2019-01-22 15:46:55 -  http://localhost:62443 




 记录时间：2019-01-22 15:48:45,244 
日志级别：  INFO  
出错类：Himall.PaymentPlugin.PaymentBase`1[T].set_WorkDirectory  
错误描述：set WorkDirectory:Himall.Plugin.Payment.Alipay.Service 




 记录时间：2019-01-22 15:48:45,284 
日志级别：  INFO  
出错类：Himall.PaymentPlugin.PaymentBase`1[T].set_WorkDirectory  
错误描述：set WorkDirectory:Himall.Plugin.Payment.Alipay_App.Service 




 记录时间：2019-01-22 15:48:45,389 
日志级别：  INFO  
出错类：Himall.PaymentPlugin.PaymentBase`1[T].set_WorkDirectory  
错误描述：set WorkDirectory:Himall.Plugin.Payment.Alipay_QRCode.Service 




 记录时间：2019-01-22 15:48:45,400 
日志级别：  INFO  
出错类：Himall.PaymentPlugin.PaymentBase`1[T].set_WorkDirectory  
错误描述：set WorkDirectory:Himall.Plugin.Payment.Alipay_WAP.Service 




 记录时间：2019-01-22 15:48:45,414 
日志级别：  INFO  
出错类：Himall.PaymentPlugin.PaymentBase`1[T].set_WorkDirectory  
错误描述：set WorkDirectory:Himall.Plugin.Payment.UnionPay.UnionPay 




 记录时间：2019-01-22 15:48:45,428 
日志级别：  INFO  
出错类：Himall.PaymentPlugin.PaymentBase`1[T].set_WorkDirectory  
错误描述：set WorkDirectory:Himall.Plugin.Payment.WeiXinPay.Service 




 记录时间：2019-01-22 15:48:45,440 
日志级别：  INFO  
出错类：Himall.PaymentPlugin.PaymentBase`1[T].set_WorkDirectory  
错误描述：set WorkDirectory:Himall.Plugin.Payment.WeiXinPay_App.Service 




 记录时间：2019-01-22 15:48:45,453 
日志级别：  INFO  
出错类：Himall.PaymentPlugin.PaymentBase`1[T].set_WorkDirectory  
错误描述：set WorkDirectory:Himall.Plugin.Payment.WeiXinPay_H5.Service 




 记录时间：2019-01-22 15:48:45,494 
日志级别：  INFO  
出错类：Himall.PaymentPlugin.PaymentBase`1[T].set_WorkDirectory  
错误描述：set WorkDirectory:Himall.Plugin.Payment.WeiXinPay_Native.WeiXinPay 




 记录时间：2019-01-22 15:48:45,506 
日志级别：  INFO  
出错类：Himall.PaymentPlugin.PaymentBase`1[T].set_WorkDirectory  
错误描述：set WorkDirectory:Himall.Plugin.Payment.WeiXinPay_O2OSmallProg.Service 




 记录时间：2019-01-22 15:48:45,516 
日志级别：  INFO  
出错类：Himall.PaymentPlugin.PaymentBase`1[T].set_WorkDirectory  
错误描述：set WorkDirectory:Himall.Plugin.Payment.WeiXinPay_SmallProg.Service 




 记录时间：2019-01-22 15:48:55,712 
日志级别：  INFO  
出错类：Himall.Web.MvcApplication.Application_End  
错误描述：2019-01-22 15:48:55 -  http://localhost:62443 




 记录时间：2019-01-22 15:49:06,778 
日志级别：  INFO  
出错类：Himall.PaymentPlugin.PaymentBase`1[T].set_WorkDirectory  
错误描述：set WorkDirectory:Himall.Plugin.Payment.Alipay.Service 




 记录时间：2019-01-22 15:49:06,817 
日志级别：  INFO  
出错类：Himall.PaymentPlugin.PaymentBase`1[T].set_WorkDirectory  
错误描述：set WorkDirectory:Himall.Plugin.Payment.Alipay_App.Service 




 记录时间：2019-01-22 15:49:06,848 
日志级别：  INFO  
出错类：Himall.PaymentPlugin.PaymentBase`1[T].set_WorkDirectory  
错误描述：set WorkDirectory:Himall.Plugin.Payment.Alipay_QRCode.Service 




 记录时间：2019-01-22 15:49:06,897 
日志级别：  INFO  
出错类：Himall.PaymentPlugin.PaymentBase`1[T].set_WorkDirectory  
错误描述：set WorkDirectory:Himall.Plugin.Payment.Alipay_WAP.Service 




 记录时间：2019-01-22 15:49:06,959 
日志级别：  INFO  
出错类：Himall.PaymentPlugin.PaymentBase`1[T].set_WorkDirectory  
错误描述：set WorkDirectory:Himall.Plugin.Payment.UnionPay.UnionPay 




 记录时间：2019-01-22 15:49:07,008 
日志级别：  INFO  
出错类：Himall.PaymentPlugin.PaymentBase`1[T].set_WorkDirectory  
错误描述：set WorkDirectory:Himall.Plugin.Payment.WeiXinPay.Service 




 记录时间：2019-01-22 15:49:07,033 
日志级别：  INFO  
出错类：Himall.PaymentPlugin.PaymentBase`1[T].set_WorkDirectory  
错误描述：set WorkDirectory:Himall.Plugin.Payment.WeiXinPay_App.Service 




 记录时间：2019-01-22 15:49:07,074 
日志级别：  INFO  
出错类：Himall.PaymentPlugin.PaymentBase`1[T].set_WorkDirectory  
错误描述：set WorkDirectory:Himall.Plugin.Payment.WeiXinPay_H5.Service 




 记录时间：2019-01-22 15:49:07,100 
日志级别：  INFO  
出错类：Himall.PaymentPlugin.PaymentBase`1[T].set_WorkDirectory  
错误描述：set WorkDirectory:Himall.Plugin.Payment.WeiXinPay_Native.WeiXinPay 




 记录时间：2019-01-22 15:49:07,136 
日志级别：  INFO  
出错类：Himall.PaymentPlugin.PaymentBase`1[T].set_WorkDirectory  
错误描述：set WorkDirectory:Himall.Plugin.Payment.WeiXinPay_O2OSmallProg.Service 




 记录时间：2019-01-22 15:49:07,166 
日志级别：  INFO  
出错类：Himall.PaymentPlugin.PaymentBase`1[T].set_WorkDirectory  
错误描述：set WorkDirectory:Himall.Plugin.Payment.WeiXinPay_SmallProg.Service 




 记录时间：2019-01-22 15:49:17,484 
日志级别：  INFO  
出错类：Himall.Web.MvcApplication.Application_End  
错误描述：2019-01-22 15:49:17 -  http://localhost:62443 




 记录时间：2019-01-22 15:49:27,934 
日志级别：  INFO  
出错类：Himall.PaymentPlugin.PaymentBase`1[T].set_WorkDirectory  
错误描述：set WorkDirectory:Himall.Plugin.Payment.Alipay.Service 




 记录时间：2019-01-22 15:49:27,945 
日志级别：  INFO  
出错类：Himall.PaymentPlugin.PaymentBase`1[T].set_WorkDirectory  
错误描述：set WorkDirectory:Himall.Plugin.Payment.Alipay_App.Service 




 记录时间：2019-01-22 15:49:27,954 
日志级别：  INFO  
出错类：Himall.PaymentPlugin.PaymentBase`1[T].set_WorkDirectory  
错误描述：set WorkDirectory:Himall.Plugin.Payment.Alipay_QRCode.Service 




 记录时间：2019-01-22 15:49:27,964 
日志级别：  INFO  
出错类：Himall.PaymentPlugin.PaymentBase`1[T].set_WorkDirectory  
错误描述：set WorkDirectory:Himall.Plugin.Payment.Alipay_WAP.Service 




 记录时间：2019-01-22 15:49:27,975 
日志级别：  INFO  
出错类：Himall.PaymentPlugin.PaymentBase`1[T].set_WorkDirectory  
错误描述：set WorkDirectory:Himall.Plugin.Payment.UnionPay.UnionPay 




 记录时间：2019-01-22 15:49:27,984 
日志级别：  INFO  
出错类：Himall.PaymentPlugin.PaymentBase`1[T].set_WorkDirectory  
错误描述：set WorkDirectory:Himall.Plugin.Payment.WeiXinPay.Service 




 记录时间：2019-01-22 15:49:27,995 
日志级别：  INFO  
出错类：Himall.PaymentPlugin.PaymentBase`1[T].set_WorkDirectory  
错误描述：set WorkDirectory:Himall.Plugin.Payment.WeiXinPay_App.Service 




 记录时间：2019-01-22 15:49:28,006 
日志级别：  INFO  
出错类：Himall.PaymentPlugin.PaymentBase`1[T].set_WorkDirectory  
错误描述：set WorkDirectory:Himall.Plugin.Payment.WeiXinPay_H5.Service 




 记录时间：2019-01-22 15:49:28,015 
日志级别：  INFO  
出错类：Himall.PaymentPlugin.PaymentBase`1[T].set_WorkDirectory  
错误描述：set WorkDirectory:Himall.Plugin.Payment.WeiXinPay_Native.WeiXinPay 




 记录时间：2019-01-22 15:49:28,025 
日志级别：  INFO  
出错类：Himall.PaymentPlugin.PaymentBase`1[T].set_WorkDirectory  
错误描述：set WorkDirectory:Himall.Plugin.Payment.WeiXinPay_O2OSmallProg.Service 




 记录时间：2019-01-22 15:49:28,034 
日志级别：  INFO  
出错类：Himall.PaymentPlugin.PaymentBase`1[T].set_WorkDirectory  
错误描述：set WorkDirectory:Himall.Plugin.Payment.WeiXinPay_SmallProg.Service 




 记录时间：2019-01-22 15:49:38,275 
日志级别：  INFO  
出错类：Himall.Web.MvcApplication.Application_End  
错误描述：2019-01-22 15:49:38 -  http://localhost:62443 




 记录时间：2019-01-22 15:49:48,103 
日志级别：  INFO  
出错类：Himall.PaymentPlugin.PaymentBase`1[T].set_WorkDirectory  
错误描述：set WorkDirectory:Himall.Plugin.Payment.Alipay.Service 




 记录时间：2019-01-22 15:49:48,115 
日志级别：  INFO  
出错类：Himall.PaymentPlugin.PaymentBase`1[T].set_WorkDirectory  
错误描述：set WorkDirectory:Himall.Plugin.Payment.Alipay_App.Service 




 记录时间：2019-01-22 15:49:48,132 
日志级别：  INFO  
出错类：Himall.PaymentPlugin.PaymentBase`1[T].set_WorkDirectory  
错误描述：set WorkDirectory:Himall.Plugin.Payment.Alipay_QRCode.Service 




 记录时间：2019-01-22 15:49:48,160 
日志级别：  INFO  
出错类：Himall.PaymentPlugin.PaymentBase`1[T].set_WorkDirectory  
错误描述：set WorkDirectory:Himall.Plugin.Payment.Alipay_WAP.Service 




 记录时间：2019-01-22 15:49:48,174 
日志级别：  INFO  
出错类：Himall.PaymentPlugin.PaymentBase`1[T].set_WorkDirectory  
错误描述：set WorkDirectory:Himall.Plugin.Payment.UnionPay.UnionPay 




 记录时间：2019-01-22 15:49:48,186 
日志级别：  INFO  
出错类：Himall.PaymentPlugin.PaymentBase`1[T].set_WorkDirectory  
错误描述：set WorkDirectory:Himall.Plugin.Payment.WeiXinPay.Service 




 记录时间：2019-01-22 15:49:48,198 
日志级别：  INFO  
出错类：Himall.PaymentPlugin.PaymentBase`1[T].set_WorkDirectory  
错误描述：set WorkDirectory:Himall.Plugin.Payment.WeiXinPay_App.Service 




 记录时间：2019-01-22 15:49:48,211 
日志级别：  INFO  
出错类：Himall.PaymentPlugin.PaymentBase`1[T].set_WorkDirectory  
错误描述：set WorkDirectory:Himall.Plugin.Payment.WeiXinPay_H5.Service 




 记录时间：2019-01-22 15:49:48,223 
日志级别：  INFO  
出错类：Himall.PaymentPlugin.PaymentBase`1[T].set_WorkDirectory  
错误描述：set WorkDirectory:Himall.Plugin.Payment.WeiXinPay_Native.WeiXinPay 




 记录时间：2019-01-22 15:49:48,231 
日志级别：  INFO  
出错类：Himall.PaymentPlugin.PaymentBase`1[T].set_WorkDirectory  
错误描述：set WorkDirectory:Himall.Plugin.Payment.WeiXinPay_O2OSmallProg.Service 




 记录时间：2019-01-22 15:49:48,242 
日志级别：  INFO  
出错类：Himall.PaymentPlugin.PaymentBase`1[T].set_WorkDirectory  
错误描述：set WorkDirectory:Himall.Plugin.Payment.WeiXinPay_SmallProg.Service 




 记录时间：2019-01-22 15:49:58,491 
日志级别：  INFO  
出错类：Himall.Web.MvcApplication.Application_End  
错误描述：2019-01-22 15:49:58 -  http://localhost:62443 




 记录时间：2019-01-22 15:50:10,986 
日志级别：  INFO  
出错类：Himall.PaymentPlugin.PaymentBase`1[T].set_WorkDirectory  
错误描述：set WorkDirectory:Himall.Plugin.Payment.Alipay.Service 




 记录时间：2019-01-22 15:50:11,017 
日志级别：  INFO  
出错类：Himall.PaymentPlugin.PaymentBase`1[T].set_WorkDirectory  
错误描述：set WorkDirectory:Himall.Plugin.Payment.Alipay_App.Service 




 记录时间：2019-01-22 15:50:11,030 
日志级别：  INFO  
出错类：Himall.PaymentPlugin.PaymentBase`1[T].set_WorkDirectory  
错误描述：set WorkDirectory:Himall.Plugin.Payment.Alipay_QRCode.Service 




 记录时间：2019-01-22 15:50:11,043 
日志级别：  INFO  
出错类：Himall.PaymentPlugin.PaymentBase`1[T].set_WorkDirectory  
错误描述：set WorkDirectory:Himall.Plugin.Payment.Alipay_WAP.Service 




 记录时间：2019-01-22 15:50:11,056 
日志级别：  INFO  
出错类：Himall.PaymentPlugin.PaymentBase`1[T].set_WorkDirectory  
错误描述：set WorkDirectory:Himall.Plugin.Payment.UnionPay.UnionPay 




 记录时间：2019-01-22 15:50:11,071 
日志级别：  INFO  
出错类：Himall.PaymentPlugin.PaymentBase`1[T].set_WorkDirectory  
错误描述：set WorkDirectory:Himall.Plugin.Payment.WeiXinPay.Service 




 记录时间：2019-01-22 15:50:11,081 
日志级别：  INFO  
出错类：Himall.PaymentPlugin.PaymentBase`1[T].set_WorkDirectory  
错误描述：set WorkDirectory:Himall.Plugin.Payment.WeiXinPay_App.Service 




 记录时间：2019-01-22 15:50:11,093 
日志级别：  INFO  
出错类：Himall.PaymentPlugin.PaymentBase`1[T].set_WorkDirectory  
错误描述：set WorkDirectory:Himall.Plugin.Payment.WeiXinPay_H5.Service 




 记录时间：2019-01-22 15:50:11,106 
日志级别：  INFO  
出错类：Himall.PaymentPlugin.PaymentBase`1[T].set_WorkDirectory  
错误描述：set WorkDirectory:Himall.Plugin.Payment.WeiXinPay_Native.WeiXinPay 




 记录时间：2019-01-22 15:50:11,115 
日志级别：  INFO  
出错类：Himall.PaymentPlugin.PaymentBase`1[T].set_WorkDirectory  
错误描述：set WorkDirectory:Himall.Plugin.Payment.WeiXinPay_O2OSmallProg.Service 




 记录时间：2019-01-22 15:50:11,130 
日志级别：  INFO  
出错类：Himall.PaymentPlugin.PaymentBase`1[T].set_WorkDirectory  
错误描述：set WorkDirectory:Himall.Plugin.Payment.WeiXinPay_SmallProg.Service 




 记录时间：2019-01-22 15:50:19,495 
日志级别：  INFO  
出错类：Himall.Web.MvcApplication.Application_End  
错误描述：2019-01-22 15:50:19 -  http://localhost:62443 




 记录时间：2019-01-22 15:51:50,414 
日志级别：  INFO  
出错类：Himall.PaymentPlugin.PaymentBase`1[T].set_WorkDirectory  
错误描述：set WorkDirectory:Himall.Plugin.Payment.Alipay.Service 




 记录时间：2019-01-22 15:51:50,583 
日志级别：  INFO  
出错类：Himall.PaymentPlugin.PaymentBase`1[T].set_WorkDirectory  
错误描述：set WorkDirectory:Himall.Plugin.Payment.Alipay_App.Service 




 记录时间：2019-01-22 15:51:50,657 
日志级别：  INFO  
出错类：Himall.PaymentPlugin.PaymentBase`1[T].set_WorkDirectory  
错误描述：set WorkDirectory:Himall.Plugin.Payment.Alipay_QRCode.Service 




 记录时间：2019-01-22 15:51:50,895 
日志级别：  INFO  
出错类：Himall.PaymentPlugin.PaymentBase`1[T].set_WorkDirectory  
错误描述：set WorkDirectory:Himall.Plugin.Payment.Alipay_WAP.Service 




 记录时间：2019-01-22 15:51:50,956 
日志级别：  INFO  
出错类：Himall.PaymentPlugin.PaymentBase`1[T].set_WorkDirectory  
错误描述：set WorkDirectory:Himall.Plugin.Payment.UnionPay.UnionPay 




 记录时间：2019-01-22 15:51:51,028 
日志级别：  INFO  
出错类：Himall.PaymentPlugin.PaymentBase`1[T].set_WorkDirectory  
错误描述：set WorkDirectory:Himall.Plugin.Payment.WeiXinPay.Service 




 记录时间：2019-01-22 15:51:51,059 
日志级别：  INFO  
出错类：Himall.PaymentPlugin.PaymentBase`1[T].set_WorkDirectory  
错误描述：set WorkDirectory:Himall.Plugin.Payment.WeiXinPay_App.Service 




 记录时间：2019-01-22 15:51:51,083 
日志级别：  INFO  
出错类：Himall.PaymentPlugin.PaymentBase`1[T].set_WorkDirectory  
错误描述：set WorkDirectory:Himall.Plugin.Payment.WeiXinPay_H5.Service 




 记录时间：2019-01-22 15:51:51,122 
日志级别：  INFO  
出错类：Himall.PaymentPlugin.PaymentBase`1[T].set_WorkDirectory  
错误描述：set WorkDirectory:Himall.Plugin.Payment.WeiXinPay_Native.WeiXinPay 




 记录时间：2019-01-22 15:51:51,194 
日志级别：  INFO  
出错类：Himall.PaymentPlugin.PaymentBase`1[T].set_WorkDirectory  
错误描述：set WorkDirectory:Himall.Plugin.Payment.WeiXinPay_O2OSmallProg.Service 




 记录时间：2019-01-22 15:51:51,248 
日志级别：  INFO  
出错类：Himall.PaymentPlugin.PaymentBase`1[T].set_WorkDirectory  
错误描述：set WorkDirectory:Himall.Plugin.Payment.WeiXinPay_SmallProg.Service 




 记录时间：2019-01-22 15:52:36,435 
日志级别：  INFO  
出错类：Himall.Web.MvcApplication.Application_End  
错误描述：2019-01-22 15:52:36 -  http://localhost:62443 




 记录时间：2019-01-22 15:52:45,802 
日志级别：  INFO  
出错类：Himall.PaymentPlugin.PaymentBase`1[T].set_WorkDirectory  
错误描述：set WorkDirectory:Himall.Plugin.Payment.Alipay.Service 




 记录时间：2019-01-22 15:52:45,818 
日志级别：  INFO  
出错类：Himall.PaymentPlugin.PaymentBase`1[T].set_WorkDirectory  
错误描述：set WorkDirectory:Himall.Plugin.Payment.Alipay_App.Service 




 记录时间：2019-01-22 15:52:45,832 
日志级别：  INFO  
出错类：Himall.PaymentPlugin.PaymentBase`1[T].set_WorkDirectory  
错误描述：set WorkDirectory:Himall.Plugin.Payment.Alipay_QRCode.Service 




 记录时间：2019-01-22 15:52:45,847 
日志级别：  INFO  
出错类：Himall.PaymentPlugin.PaymentBase`1[T].set_WorkDirectory  
错误描述：set WorkDirectory:Himall.Plugin.Payment.Alipay_WAP.Service 




 记录时间：2019-01-22 15:52:45,860 
日志级别：  INFO  
出错类：Himall.PaymentPlugin.PaymentBase`1[T].set_WorkDirectory  
错误描述：set WorkDirectory:Himall.Plugin.Payment.UnionPay.UnionPay 




 记录时间：2019-01-22 15:52:45,890 
日志级别：  INFO  
出错类：Himall.PaymentPlugin.PaymentBase`1[T].set_WorkDirectory  
错误描述：set WorkDirectory:Himall.Plugin.Payment.WeiXinPay.Service 




 记录时间：2019-01-22 15:52:45,930 
日志级别：  INFO  
出错类：Himall.PaymentPlugin.PaymentBase`1[T].set_WorkDirectory  
错误描述：set WorkDirectory:Himall.Plugin.Payment.WeiXinPay_App.Service 




 记录时间：2019-01-22 15:52:45,946 
日志级别：  INFO  
出错类：Himall.PaymentPlugin.PaymentBase`1[T].set_WorkDirectory  
错误描述：set WorkDirectory:Himall.Plugin.Payment.WeiXinPay_H5.Service 




 记录时间：2019-01-22 15:52:45,961 
日志级别：  INFO  
出错类：Himall.PaymentPlugin.PaymentBase`1[T].set_WorkDirectory  
错误描述：set WorkDirectory:Himall.Plugin.Payment.WeiXinPay_Native.WeiXinPay 




 记录时间：2019-01-22 15:52:45,975 
日志级别：  INFO  
出错类：Himall.PaymentPlugin.PaymentBase`1[T].set_WorkDirectory  
错误描述：set WorkDirectory:Himall.Plugin.Payment.WeiXinPay_O2OSmallProg.Service 




 记录时间：2019-01-22 15:52:45,989 
日志级别：  INFO  
出错类：Himall.PaymentPlugin.PaymentBase`1[T].set_WorkDirectory  
错误描述：set WorkDirectory:Himall.Plugin.Payment.WeiXinPay_SmallProg.Service 




 记录时间：2019-01-22 15:56:55,310 
日志级别：  INFO  
出错类：Himall.Web.MvcApplication.Application_End  
错误描述：2019-01-22 15:56:55 -  http://localhost:62443 




 记录时间：2019-01-22 16:03:49,323 
日志级别：  INFO  
出错类：Himall.PaymentPlugin.PaymentBase`1[T].set_WorkDirectory  
错误描述：set WorkDirectory:Himall.Plugin.Payment.Alipay.Service 




 记录时间：2019-01-22 16:03:49,365 
日志级别：  INFO  
出错类：Himall.PaymentPlugin.PaymentBase`1[T].set_WorkDirectory  
错误描述：set WorkDirectory:Himall.Plugin.Payment.Alipay_App.Service 




 记录时间：2019-01-22 16:03:49,412 
日志级别：  INFO  
出错类：Himall.PaymentPlugin.PaymentBase`1[T].set_WorkDirectory  
错误描述：set WorkDirectory:Himall.Plugin.Payment.Alipay_QRCode.Service 




 记录时间：2019-01-22 16:03:49,444 
日志级别：  INFO  
出错类：Himall.PaymentPlugin.PaymentBase`1[T].set_WorkDirectory  
错误描述：set WorkDirectory:Himall.Plugin.Payment.Alipay_WAP.Service 




 记录时间：2019-01-22 16:03:49,474 
日志级别：  INFO  
出错类：Himall.PaymentPlugin.PaymentBase`1[T].set_WorkDirectory  
错误描述：set WorkDirectory:Himall.Plugin.Payment.UnionPay.UnionPay 




 记录时间：2019-01-22 16:03:49,508 
日志级别：  INFO  
出错类：Himall.PaymentPlugin.PaymentBase`1[T].set_WorkDirectory  
错误描述：set WorkDirectory:Himall.Plugin.Payment.WeiXinPay.Service 




 记录时间：2019-01-22 16:03:49,545 
日志级别：  INFO  
出错类：Himall.PaymentPlugin.PaymentBase`1[T].set_WorkDirectory  
错误描述：set WorkDirectory:Himall.Plugin.Payment.WeiXinPay_App.Service 




 记录时间：2019-01-22 16:03:49,584 
日志级别：  INFO  
出错类：Himall.PaymentPlugin.PaymentBase`1[T].set_WorkDirectory  
错误描述：set WorkDirectory:Himall.Plugin.Payment.WeiXinPay_H5.Service 




 记录时间：2019-01-22 16:03:49,613 
日志级别：  INFO  
出错类：Himall.PaymentPlugin.PaymentBase`1[T].set_WorkDirectory  
错误描述：set WorkDirectory:Himall.Plugin.Payment.WeiXinPay_Native.WeiXinPay 




 记录时间：2019-01-22 16:03:49,649 
日志级别：  INFO  
出错类：Himall.PaymentPlugin.PaymentBase`1[T].set_WorkDirectory  
错误描述：set WorkDirectory:Himall.Plugin.Payment.WeiXinPay_O2OSmallProg.Service 




 记录时间：2019-01-22 16:03:49,710 
日志级别：  INFO  
出错类：Himall.PaymentPlugin.PaymentBase`1[T].set_WorkDirectory  
错误描述：set WorkDirectory:Himall.Plugin.Payment.WeiXinPay_SmallProg.Service 




 记录时间：2019-01-22 16:05:17,332 
日志级别：  INFO  
出错类：Himall.Web.MvcApplication.Application_End  
错误描述：2019-01-22 16:05:17 -  http://localhost:62443 




 记录时间：2019-01-22 16:06:13,375 
日志级别：  INFO  
出错类：Himall.PaymentPlugin.PaymentBase`1[T].set_WorkDirectory  
错误描述：set WorkDirectory:Himall.Plugin.Payment.Alipay.Service 




 记录时间：2019-01-22 16:06:13,412 
日志级别：  INFO  
出错类：Himall.PaymentPlugin.PaymentBase`1[T].set_WorkDirectory  
错误描述：set WorkDirectory:Himall.Plugin.Payment.Alipay_App.Service 




 记录时间：2019-01-22 16:06:13,446 
日志级别：  INFO  
出错类：Himall.PaymentPlugin.PaymentBase`1[T].set_WorkDirectory  
错误描述：set WorkDirectory:Himall.Plugin.Payment.Alipay_QRCode.Service 




 记录时间：2019-01-22 16:06:13,483 
日志级别：  INFO  
出错类：Himall.PaymentPlugin.PaymentBase`1[T].set_WorkDirectory  
错误描述：set WorkDirectory:Himall.Plugin.Payment.Alipay_WAP.Service 




 记录时间：2019-01-22 16:06:13,519 
日志级别：  INFO  
出错类：Himall.PaymentPlugin.PaymentBase`1[T].set_WorkDirectory  
错误描述：set WorkDirectory:Himall.Plugin.Payment.UnionPay.UnionPay 




 记录时间：2019-01-22 16:06:13,571 
日志级别：  INFO  
出错类：Himall.PaymentPlugin.PaymentBase`1[T].set_WorkDirectory  
错误描述：set WorkDirectory:Himall.Plugin.Payment.WeiXinPay.Service 




 记录时间：2019-01-22 16:06:13,618 
日志级别：  INFO  
出错类：Himall.PaymentPlugin.PaymentBase`1[T].set_WorkDirectory  
错误描述：set WorkDirectory:Himall.Plugin.Payment.WeiXinPay_App.Service 




 记录时间：2019-01-22 16:06:13,673 
日志级别：  INFO  
出错类：Himall.PaymentPlugin.PaymentBase`1[T].set_WorkDirectory  
错误描述：set WorkDirectory:Himall.Plugin.Payment.WeiXinPay_H5.Service 




 记录时间：2019-01-22 16:06:13,841 
日志级别：  INFO  
出错类：Himall.PaymentPlugin.PaymentBase`1[T].set_WorkDirectory  
错误描述：set WorkDirectory:Himall.Plugin.Payment.WeiXinPay_Native.WeiXinPay 




 记录时间：2019-01-22 16:06:13,917 
日志级别：  INFO  
出错类：Himall.PaymentPlugin.PaymentBase`1[T].set_WorkDirectory  
错误描述：set WorkDirectory:Himall.Plugin.Payment.WeiXinPay_O2OSmallProg.Service 




 记录时间：2019-01-22 16:06:13,991 
日志级别：  INFO  
出错类：Himall.PaymentPlugin.PaymentBase`1[T].set_WorkDirectory  
错误描述：set WorkDirectory:Himall.Plugin.Payment.WeiXinPay_SmallProg.Service 




 记录时间：2019-01-22 16:07:13,810 
日志级别：  INFO  
出错类：Quartz.Impl.StdSchedulerFactory  
错误描述：Default Quartz.NET properties loaded from embedded resource file 




 记录时间：2019-01-22 16:07:14,164 
日志级别：  INFO  
出错类：Quartz.Core.SchedulerSignalerImpl  
错误描述：Initialized Scheduler Signaller of type: Quartz.Core.SchedulerSignalerImpl 




 记录时间：2019-01-22 16:07:14,183 
日志级别：  INFO  
出错类：Quartz.Core.QuartzScheduler  
错误描述：Quartz Scheduler v.3.0.7.0 created. 




 记录时间：2019-01-22 16:07:14,186 
日志级别：  INFO  
出错类：Quartz.Simpl.RAMJobStore  
错误描述：RAMJobStore initialized. 




 记录时间：2019-01-22 16:07:14,230 
日志级别：  INFO  
出错类：Quartz.Core.QuartzScheduler  
错误描述：Scheduler meta-data: Quartz Scheduler (v3.0.7.0) 'DefaultQuartzScheduler' with instanceId 'NON_CLUSTERED'
  Scheduler class: 'Quartz.Core.QuartzScheduler' - running locally.
  NOT STARTED.
  Currently in standby mode.
  Number of jobs executed: 0
  Using thread pool 'Quartz.Simpl.DefaultThreadPool' - with 10 threads.
  Using job-store 'Quartz.Simpl.RAMJobStore' - which does not support persistence. and is not clustered.
 




 记录时间：2019-01-22 16:07:14,232 
日志级别：  INFO  
出错类：Quartz.Impl.StdSchedulerFactory  
错误描述：Quartz scheduler 'DefaultQuartzScheduler' initialized 




 记录时间：2019-01-22 16:07:14,270 
日志级别：  INFO  
出错类：Quartz.Impl.StdSchedulerFactory  
错误描述：Quartz scheduler version: 3.0.7.0 




 记录时间：2019-01-22 16:07:40,902 
日志级别：  INFO  
出错类：Quartz.Core.QuartzScheduler  
错误描述：Scheduler DefaultQuartzScheduler_$_NON_CLUSTERED started. 




 记录时间：2019-01-22 16:07:44,236 
日志级别：  INFO  
出错类：Quartz.Simpl.RAMJobStore  
错误描述：All triggers of Job group.job set to ERROR state. 




 记录时间：2019-01-22 16:24:01,906 
日志级别：  INFO  
出错类：Himall.Web.MvcApplication.Application_End  
错误描述：2019-01-22 16:24:01 -  http://localhost:62443 




 记录时间：2019-01-22 16:25:24,216 
日志级别：  INFO  
出错类：Himall.PaymentPlugin.PaymentBase`1[T].set_WorkDirectory  
错误描述：set WorkDirectory:Himall.Plugin.Payment.Alipay.Service 




 记录时间：2019-01-22 16:25:24,233 
日志级别：  INFO  
出错类：Himall.PaymentPlugin.PaymentBase`1[T].set_WorkDirectory  
错误描述：set WorkDirectory:Himall.Plugin.Payment.Alipay_App.Service 




 记录时间：2019-01-22 16:25:24,262 
日志级别：  INFO  
出错类：Himall.PaymentPlugin.PaymentBase`1[T].set_WorkDirectory  
错误描述：set WorkDirectory:Himall.Plugin.Payment.Alipay_QRCode.Service 




 记录时间：2019-01-22 16:25:24,279 
日志级别：  INFO  
出错类：Himall.PaymentPlugin.PaymentBase`1[T].set_WorkDirectory  
错误描述：set WorkDirectory:Himall.Plugin.Payment.Alipay_WAP.Service 




 记录时间：2019-01-22 16:25:24,297 
日志级别：  INFO  
出错类：Himall.PaymentPlugin.PaymentBase`1[T].set_WorkDirectory  
错误描述：set WorkDirectory:Himall.Plugin.Payment.UnionPay.UnionPay 




 记录时间：2019-01-22 16:25:24,348 
日志级别：  INFO  
出错类：Himall.PaymentPlugin.PaymentBase`1[T].set_WorkDirectory  
错误描述：set WorkDirectory:Himall.Plugin.Payment.WeiXinPay.Service 




 记录时间：2019-01-22 16:25:24,362 
日志级别：  INFO  
出错类：Himall.PaymentPlugin.PaymentBase`1[T].set_WorkDirectory  
错误描述：set WorkDirectory:Himall.Plugin.Payment.WeiXinPay_App.Service 




 记录时间：2019-01-22 16:25:24,391 
日志级别：  INFO  
出错类：Himall.PaymentPlugin.PaymentBase`1[T].set_WorkDirectory  
错误描述：set WorkDirectory:Himall.Plugin.Payment.WeiXinPay_H5.Service 




 记录时间：2019-01-22 16:25:24,408 
日志级别：  INFO  
出错类：Himall.PaymentPlugin.PaymentBase`1[T].set_WorkDirectory  
错误描述：set WorkDirectory:Himall.Plugin.Payment.WeiXinPay_Native.WeiXinPay 




 记录时间：2019-01-22 16:25:24,421 
日志级别：  INFO  
出错类：Himall.PaymentPlugin.PaymentBase`1[T].set_WorkDirectory  
错误描述：set WorkDirectory:Himall.Plugin.Payment.WeiXinPay_O2OSmallProg.Service 




 记录时间：2019-01-22 16:25:24,493 
日志级别：  INFO  
出错类：Himall.PaymentPlugin.PaymentBase`1[T].set_WorkDirectory  
错误描述：set WorkDirectory:Himall.Plugin.Payment.WeiXinPay_SmallProg.Service 




 记录时间：2019-01-22 16:30:32,580 
日志级别：  INFO  
出错类：Quartz.Impl.StdSchedulerFactory  
错误描述：Default Quartz.NET properties loaded from embedded resource file 




 记录时间：2019-01-22 16:30:32,838 
日志级别：  INFO  
出错类：Quartz.Core.SchedulerSignalerImpl  
错误描述：Initialized Scheduler Signaller of type: Quartz.Core.SchedulerSignalerImpl 




 记录时间：2019-01-22 16:30:32,857 
日志级别：  INFO  
出错类：Quartz.Core.QuartzScheduler  
错误描述：Quartz Scheduler v.3.0.7.0 created. 




 记录时间：2019-01-22 16:30:32,871 
日志级别：  INFO  
出错类：Quartz.Simpl.RAMJobStore  
错误描述：RAMJobStore initialized. 




 记录时间：2019-01-22 16:30:32,884 
日志级别：  INFO  
出错类：Quartz.Core.QuartzScheduler  
错误描述：Scheduler meta-data: Quartz Scheduler (v3.0.7.0) 'DefaultQuartzScheduler' with instanceId 'NON_CLUSTERED'
  Scheduler class: 'Quartz.Core.QuartzScheduler' - running locally.
  NOT STARTED.
  Currently in standby mode.
  Number of jobs executed: 0
  Using thread pool 'Quartz.Simpl.DefaultThreadPool' - with 10 threads.
  Using job-store 'Quartz.Simpl.RAMJobStore' - which does not support persistence. and is not clustered.
 




 记录时间：2019-01-22 16:30:32,886 
日志级别：  INFO  
出错类：Quartz.Impl.StdSchedulerFactory  
错误描述：Quartz scheduler 'DefaultQuartzScheduler' initialized 




 记录时间：2019-01-22 16:30:32,888 
日志级别：  INFO  
出错类：Quartz.Impl.StdSchedulerFactory  
错误描述：Quartz scheduler version: 3.0.7.0 




 记录时间：2019-01-22 16:30:37,468 
日志级别：  INFO  
出错类：Quartz.Core.QuartzScheduler  
错误描述：Scheduler DefaultQuartzScheduler_$_NON_CLUSTERED started. 




 记录时间：2019-01-22 16:32:06,453 
日志级别：  INFO  
出错类：Himall.PaymentPlugin.PaymentBase`1[T].set_WorkDirectory  
错误描述：set WorkDirectory:Himall.Plugin.Payment.Alipay.Service 




 记录时间：2019-01-22 16:32:06,493 
日志级别：  INFO  
出错类：Himall.PaymentPlugin.PaymentBase`1[T].set_WorkDirectory  
错误描述：set WorkDirectory:Himall.Plugin.Payment.Alipay_App.Service 




 记录时间：2019-01-22 16:32:06,536 
日志级别：  INFO  
出错类：Himall.PaymentPlugin.PaymentBase`1[T].set_WorkDirectory  
错误描述：set WorkDirectory:Himall.Plugin.Payment.Alipay_QRCode.Service 




 记录时间：2019-01-22 16:32:06,571 
日志级别：  INFO  
出错类：Himall.PaymentPlugin.PaymentBase`1[T].set_WorkDirectory  
错误描述：set WorkDirectory:Himall.Plugin.Payment.Alipay_WAP.Service 




 记录时间：2019-01-22 16:32:06,603 
日志级别：  INFO  
出错类：Himall.PaymentPlugin.PaymentBase`1[T].set_WorkDirectory  
错误描述：set WorkDirectory:Himall.Plugin.Payment.UnionPay.UnionPay 




 记录时间：2019-01-22 16:32:06,640 
日志级别：  INFO  
出错类：Himall.PaymentPlugin.PaymentBase`1[T].set_WorkDirectory  
错误描述：set WorkDirectory:Himall.Plugin.Payment.WeiXinPay.Service 




 记录时间：2019-01-22 16:32:06,680 
日志级别：  INFO  
出错类：Himall.PaymentPlugin.PaymentBase`1[T].set_WorkDirectory  
错误描述：set WorkDirectory:Himall.Plugin.Payment.WeiXinPay_App.Service 




 记录时间：2019-01-22 16:32:06,711 
日志级别：  INFO  
出错类：Himall.PaymentPlugin.PaymentBase`1[T].set_WorkDirectory  
错误描述：set WorkDirectory:Himall.Plugin.Payment.WeiXinPay_H5.Service 




 记录时间：2019-01-22 16:32:06,736 
日志级别：  INFO  
出错类：Himall.PaymentPlugin.PaymentBase`1[T].set_WorkDirectory  
错误描述：set WorkDirectory:Himall.Plugin.Payment.WeiXinPay_Native.WeiXinPay 




 记录时间：2019-01-22 16:32:06,770 
日志级别：  INFO  
出错类：Himall.PaymentPlugin.PaymentBase`1[T].set_WorkDirectory  
错误描述：set WorkDirectory:Himall.Plugin.Payment.WeiXinPay_O2OSmallProg.Service 




 记录时间：2019-01-22 16:32:06,808 
日志级别：  INFO  
出错类：Himall.PaymentPlugin.PaymentBase`1[T].set_WorkDirectory  
错误描述：set WorkDirectory:Himall.Plugin.Payment.WeiXinPay_SmallProg.Service 




 记录时间：2019-01-22 16:33:03,698 
日志级别：  INFO  
出错类：Quartz.Impl.StdSchedulerFactory  
错误描述：Default Quartz.NET properties loaded from embedded resource file 




 记录时间：2019-01-22 16:33:03,886 
日志级别：  INFO  
出错类：Quartz.Core.SchedulerSignalerImpl  
错误描述：Initialized Scheduler Signaller of type: Quartz.Core.SchedulerSignalerImpl 




 记录时间：2019-01-22 16:33:03,906 
日志级别：  INFO  
出错类：Quartz.Core.QuartzScheduler  
错误描述：Quartz Scheduler v.3.0.7.0 created. 




 记录时间：2019-01-22 16:33:03,918 
日志级别：  INFO  
出错类：Quartz.Simpl.RAMJobStore  
错误描述：RAMJobStore initialized. 




 记录时间：2019-01-22 16:33:03,939 
日志级别：  INFO  
出错类：Quartz.Core.QuartzScheduler  
错误描述：Scheduler meta-data: Quartz Scheduler (v3.0.7.0) 'DefaultQuartzScheduler' with instanceId 'NON_CLUSTERED'
  Scheduler class: 'Quartz.Core.QuartzScheduler' - running locally.
  NOT STARTED.
  Currently in standby mode.
  Number of jobs executed: 0
  Using thread pool 'Quartz.Simpl.DefaultThreadPool' - with 10 threads.
  Using job-store 'Quartz.Simpl.RAMJobStore' - which does not support persistence. and is not clustered.
 




 记录时间：2019-01-22 16:33:03,944 
日志级别：  INFO  
出错类：Quartz.Impl.StdSchedulerFactory  
错误描述：Quartz scheduler 'DefaultQuartzScheduler' initialized 




 记录时间：2019-01-22 16:33:03,948 
日志级别：  INFO  
出错类：Quartz.Impl.StdSchedulerFactory  
错误描述：Quartz scheduler version: 3.0.7.0 




 记录时间：2019-01-22 16:33:06,887 
日志级别：  INFO  
出错类：Quartz.Core.QuartzScheduler  
错误描述：Scheduler DefaultQuartzScheduler_$_NON_CLUSTERED started. 




 记录时间：2019-01-22 16:33:30,078 
日志级别：  INFO  
出错类：Quartz.Simpl.RAMJobStore  
错误描述：All triggers of Job group.job set to ERROR state. 




 记录时间：2019-01-22 16:38:25,570 
日志级别：  INFO  
出错类：Himall.Web.MvcApplication.Application_End  
错误描述：2019-01-22 16:38:25 -  http://localhost:62443 




 记录时间：2019-01-22 16:39:32,401 
日志级别：  INFO  
出错类：Himall.PaymentPlugin.PaymentBase`1[T].set_WorkDirectory  
错误描述：set WorkDirectory:Himall.Plugin.Payment.Alipay.Service 




 记录时间：2019-01-22 16:39:32,472 
日志级别：  INFO  
出错类：Himall.PaymentPlugin.PaymentBase`1[T].set_WorkDirectory  
错误描述：set WorkDirectory:Himall.Plugin.Payment.Alipay_App.Service 




 记录时间：2019-01-22 16:39:32,628 
日志级别：  INFO  
出错类：Himall.PaymentPlugin.PaymentBase`1[T].set_WorkDirectory  
错误描述：set WorkDirectory:Himall.Plugin.Payment.Alipay_QRCode.Service 




 记录时间：2019-01-22 16:39:32,837 
日志级别：  INFO  
出错类：Himall.PaymentPlugin.PaymentBase`1[T].set_WorkDirectory  
错误描述：set WorkDirectory:Himall.Plugin.Payment.Alipay_WAP.Service 




 记录时间：2019-01-22 16:39:32,931 
日志级别：  INFO  
出错类：Himall.PaymentPlugin.PaymentBase`1[T].set_WorkDirectory  
错误描述：set WorkDirectory:Himall.Plugin.Payment.UnionPay.UnionPay 




 记录时间：2019-01-22 16:39:32,983 
日志级别：  INFO  
出错类：Himall.PaymentPlugin.PaymentBase`1[T].set_WorkDirectory  
错误描述：set WorkDirectory:Himall.Plugin.Payment.WeiXinPay.Service 




 记录时间：2019-01-22 16:39:33,041 
日志级别：  INFO  
出错类：Himall.PaymentPlugin.PaymentBase`1[T].set_WorkDirectory  
错误描述：set WorkDirectory:Himall.Plugin.Payment.WeiXinPay_App.Service 




 记录时间：2019-01-22 16:39:33,102 
日志级别：  INFO  
出错类：Himall.PaymentPlugin.PaymentBase`1[T].set_WorkDirectory  
错误描述：set WorkDirectory:Himall.Plugin.Payment.WeiXinPay_H5.Service 




 记录时间：2019-01-22 16:39:33,148 
日志级别：  INFO  
出错类：Himall.PaymentPlugin.PaymentBase`1[T].set_WorkDirectory  
错误描述：set WorkDirectory:Himall.Plugin.Payment.WeiXinPay_Native.WeiXinPay 




 记录时间：2019-01-22 16:39:33,198 
日志级别：  INFO  
出错类：Himall.PaymentPlugin.PaymentBase`1[T].set_WorkDirectory  
错误描述：set WorkDirectory:Himall.Plugin.Payment.WeiXinPay_O2OSmallProg.Service 




 记录时间：2019-01-22 16:39:33,264 
日志级别：  INFO  
出错类：Himall.PaymentPlugin.PaymentBase`1[T].set_WorkDirectory  
错误描述：set WorkDirectory:Himall.Plugin.Payment.WeiXinPay_SmallProg.Service 




 记录时间：2019-01-22 16:40:33,383 
日志级别：  INFO  
出错类：Himall.Web.MvcApplication.Application_End  
错误描述：2019-01-22 16:40:33 -  http://localhost:62443 




 记录时间：2019-01-22 16:41:25,738 
日志级别：  INFO  
出错类：Himall.PaymentPlugin.PaymentBase`1[T].set_WorkDirectory  
错误描述：set WorkDirectory:Himall.Plugin.Payment.Alipay.Service 




 记录时间：2019-01-22 16:41:25,841 
日志级别：  INFO  
出错类：Himall.PaymentPlugin.PaymentBase`1[T].set_WorkDirectory  
错误描述：set WorkDirectory:Himall.Plugin.Payment.Alipay_App.Service 




 记录时间：2019-01-22 16:41:25,920 
日志级别：  INFO  
出错类：Himall.PaymentPlugin.PaymentBase`1[T].set_WorkDirectory  
错误描述：set WorkDirectory:Himall.Plugin.Payment.Alipay_QRCode.Service 




 记录时间：2019-01-22 16:41:25,991 
日志级别：  INFO  
出错类：Himall.PaymentPlugin.PaymentBase`1[T].set_WorkDirectory  
错误描述：set WorkDirectory:Himall.Plugin.Payment.Alipay_WAP.Service 




 记录时间：2019-01-22 16:41:26,024 
日志级别：  INFO  
出错类：Himall.PaymentPlugin.PaymentBase`1[T].set_WorkDirectory  
错误描述：set WorkDirectory:Himall.Plugin.Payment.UnionPay.UnionPay 




 记录时间：2019-01-22 16:41:26,061 
日志级别：  INFO  
出错类：Himall.PaymentPlugin.PaymentBase`1[T].set_WorkDirectory  
错误描述：set WorkDirectory:Himall.Plugin.Payment.WeiXinPay.Service 




 记录时间：2019-01-22 16:41:26,109 
日志级别：  INFO  
出错类：Himall.PaymentPlugin.PaymentBase`1[T].set_WorkDirectory  
错误描述：set WorkDirectory:Himall.Plugin.Payment.WeiXinPay_App.Service 




 记录时间：2019-01-22 16:41:26,167 
日志级别：  INFO  
出错类：Himall.PaymentPlugin.PaymentBase`1[T].set_WorkDirectory  
错误描述：set WorkDirectory:Himall.Plugin.Payment.WeiXinPay_H5.Service 




 记录时间：2019-01-22 16:41:26,213 
日志级别：  INFO  
出错类：Himall.PaymentPlugin.PaymentBase`1[T].set_WorkDirectory  
错误描述：set WorkDirectory:Himall.Plugin.Payment.WeiXinPay_Native.WeiXinPay 




 记录时间：2019-01-22 16:41:26,256 
日志级别：  INFO  
出错类：Himall.PaymentPlugin.PaymentBase`1[T].set_WorkDirectory  
错误描述：set WorkDirectory:Himall.Plugin.Payment.WeiXinPay_O2OSmallProg.Service 




 记录时间：2019-01-22 16:41:26,290 
日志级别：  INFO  
出错类：Himall.PaymentPlugin.PaymentBase`1[T].set_WorkDirectory  
错误描述：set WorkDirectory:Himall.Plugin.Payment.WeiXinPay_SmallProg.Service 




 记录时间：2019-01-22 16:45:41,077 
日志级别：  INFO  
出错类：Himall.Web.MvcApplication.Application_End  
错误描述：2019-01-22 16:45:41 -  http://localhost:62443 




 记录时间：2019-01-22 16:46:25,401 
日志级别：  INFO  
出错类：Himall.PaymentPlugin.PaymentBase`1[T].set_WorkDirectory  
错误描述：set WorkDirectory:Himall.Plugin.Payment.Alipay.Service 




 记录时间：2019-01-22 16:46:25,427 
日志级别：  INFO  
出错类：Himall.PaymentPlugin.PaymentBase`1[T].set_WorkDirectory  
错误描述：set WorkDirectory:Himall.Plugin.Payment.Alipay_App.Service 




 记录时间：2019-01-22 16:46:25,452 
日志级别：  INFO  
出错类：Himall.PaymentPlugin.PaymentBase`1[T].set_WorkDirectory  
错误描述：set WorkDirectory:Himall.Plugin.Payment.Alipay_QRCode.Service 




 记录时间：2019-01-22 16:46:25,514 
日志级别：  INFO  
出错类：Himall.PaymentPlugin.PaymentBase`1[T].set_WorkDirectory  
错误描述：set WorkDirectory:Himall.Plugin.Payment.Alipay_WAP.Service 




 记录时间：2019-01-22 16:46:25,539 
日志级别：  INFO  
出错类：Himall.PaymentPlugin.PaymentBase`1[T].set_WorkDirectory  
错误描述：set WorkDirectory:Himall.Plugin.Payment.UnionPay.UnionPay 




 记录时间：2019-01-22 16:46:25,571 
日志级别：  INFO  
出错类：Himall.PaymentPlugin.PaymentBase`1[T].set_WorkDirectory  
错误描述：set WorkDirectory:Himall.Plugin.Payment.WeiXinPay.Service 




 记录时间：2019-01-22 16:46:25,606 
日志级别：  INFO  
出错类：Himall.PaymentPlugin.PaymentBase`1[T].set_WorkDirectory  
错误描述：set WorkDirectory:Himall.Plugin.Payment.WeiXinPay_App.Service 




 记录时间：2019-01-22 16:46:25,650 
日志级别：  INFO  
出错类：Himall.PaymentPlugin.PaymentBase`1[T].set_WorkDirectory  
错误描述：set WorkDirectory:Himall.Plugin.Payment.WeiXinPay_H5.Service 




 记录时间：2019-01-22 16:46:25,679 
日志级别：  INFO  
出错类：Himall.PaymentPlugin.PaymentBase`1[T].set_WorkDirectory  
错误描述：set WorkDirectory:Himall.Plugin.Payment.WeiXinPay_Native.WeiXinPay 




 记录时间：2019-01-22 16:46:25,709 
日志级别：  INFO  
出错类：Himall.PaymentPlugin.PaymentBase`1[T].set_WorkDirectory  
错误描述：set WorkDirectory:Himall.Plugin.Payment.WeiXinPay_O2OSmallProg.Service 




 记录时间：2019-01-22 16:46:25,747 
日志级别：  INFO  
出错类：Himall.PaymentPlugin.PaymentBase`1[T].set_WorkDirectory  
错误描述：set WorkDirectory:Himall.Plugin.Payment.WeiXinPay_SmallProg.Service 




 记录时间：2019-01-22 17:13:02,690 
日志级别：  INFO  
出错类：Quartz.Impl.StdSchedulerFactory  
错误描述：Default Quartz.NET properties loaded from embedded resource file 




 记录时间：2019-01-22 17:13:03,099 
日志级别：  INFO  
出错类：Quartz.Core.SchedulerSignalerImpl  
错误描述：Initialized Scheduler Signaller of type: Quartz.Core.SchedulerSignalerImpl 




 记录时间：2019-01-22 17:13:03,111 
日志级别：  INFO  
出错类：Quartz.Core.QuartzScheduler  
错误描述：Quartz Scheduler v.3.0.7.0 created. 




 记录时间：2019-01-22 17:13:03,115 
日志级别：  INFO  
出错类：Quartz.Simpl.RAMJobStore  
错误描述：RAMJobStore initialized. 




 记录时间：2019-01-22 17:13:03,139 
日志级别：  INFO  
出错类：Quartz.Core.QuartzScheduler  
错误描述：Scheduler meta-data: Quartz Scheduler (v3.0.7.0) 'DefaultQuartzScheduler' with instanceId 'NON_CLUSTERED'
  Scheduler class: 'Quartz.Core.QuartzScheduler' - running locally.
  NOT STARTED.
  Currently in standby mode.
  Number of jobs executed: 0
  Using thread pool 'Quartz.Simpl.DefaultThreadPool' - with 10 threads.
  Using job-store 'Quartz.Simpl.RAMJobStore' - which does not support persistence. and is not clustered.
 




 记录时间：2019-01-22 17:13:03,140 
日志级别：  INFO  
出错类：Quartz.Impl.StdSchedulerFactory  
错误描述：Quartz scheduler 'DefaultQuartzScheduler' initialized 




 记录时间：2019-01-22 17:13:03,181 
日志级别：  INFO  
出错类：Quartz.Impl.StdSchedulerFactory  
错误描述：Quartz scheduler version: 3.0.7.0 




 记录时间：2019-01-22 17:13:03,450 
日志级别：  INFO  
出错类：Quartz.Core.QuartzScheduler  
错误描述：Scheduler DefaultQuartzScheduler_$_NON_CLUSTERED started. 




 记录时间：2019-01-22 17:13:30,061 
日志级别：  INFO  
出错类：Quartz.Simpl.RAMJobStore  
错误描述：All triggers of Job group.job set to ERROR state. 




 记录时间：2019-01-22 17:14:11,690 
日志级别：  INFO  
出错类：Quartz.Impl.StdSchedulerFactory  
错误描述：Default Quartz.NET properties loaded from embedded resource file 




 记录时间：2019-01-22 17:15:43,448 
日志级别：  INFO  
出错类：Quartz.Impl.StdSchedulerFactory  
错误描述：Default Quartz.NET properties loaded from embedded resource file 




 记录时间：2019-01-22 17:16:07,562 
日志级别：  INFO  
出错类：Quartz.Impl.StdSchedulerFactory  
错误描述：Default Quartz.NET properties loaded from embedded resource file 

