


 记录时间：2018-11-28 10:50:15,277 
日志级别：  ERROR 
出错类：Himall.Service.WXApiService.GetTicket  
错误描述：请求Ticket出错，强制刷新acess_token 

Senparc.Weixin.Exceptions.ErrorJsonResultException: 微信请求发生错误！错误代码：40013，说明：invalid appid hint: [xgZ6LA02053055]
   在 Senparc.Weixin.HttpUtility.Get.GetJson[T](String url, Encoding encoding)
   在 Senparc.Weixin.MP.CommonAPIs.CommonApi.GetToken(String appid, String secret, String grant_type)
   在 Senparc.Weixin.MP.CommonAPIs.AccessTokenContainer.GetTokenResult(String appId, Boolean getNewToken)
   在 Senparc.Weixin.MP.CommonAPIs.AccessTokenContainer.GetToken(String appId, Boolean getNewToken)
   在 Himall.Service.WXApiService.TryGetToken(String appId, String appSecret, Boolean getNewToken) 位置 E:\合作项目\mall\Himall3.0\src\Himall.Service\Weixin\WXApiService.cs:行号 139
   在 Himall.Service.WXApiService.GetTicket(String appid, String appsecret) 位置 E:\合作项目\mall\Himall3.0\src\Himall.Service\Weixin\WXApiService.cs:行号 92



 记录时间：2018-11-28 10:55:31,208 
日志级别：  ERROR 
出错类：Himall.Service.WXApiService.GetTicket  
错误描述：请求Ticket出错，强制刷新acess_token 

Senparc.Weixin.Exceptions.ErrorJsonResultException: 微信请求发生错误！错误代码：40013，说明：invalid appid hint: [yI9Hla05212067]
   在 Senparc.Weixin.HttpUtility.Get.GetJson[T](String url, Encoding encoding)
   在 Senparc.Weixin.MP.CommonAPIs.CommonApi.GetToken(String appid, String secret, String grant_type)
   在 Senparc.Weixin.MP.CommonAPIs.AccessTokenContainer.GetTokenResult(String appId, Boolean getNewToken)
   在 Senparc.Weixin.MP.CommonAPIs.AccessTokenContainer.GetToken(String appId, Boolean getNewToken)
   在 Himall.Service.WXApiService.TryGetToken(String appId, String appSecret, Boolean getNewToken) 位置 E:\合作项目\mall\Himall3.0\src\Himall.Service\Weixin\WXApiService.cs:行号 139
   在 Himall.Service.WXApiService.GetTicket(String appid, String appsecret) 位置 E:\合作项目\mall\Himall3.0\src\Himall.Service\Weixin\WXApiService.cs:行号 92



 记录时间：2018-11-28 10:56:08,007 
日志级别：  ERROR 
出错类：Himall.Service.WXApiService.GetTicket  
错误描述：请求Ticket出错，强制刷新acess_token 

Senparc.Weixin.Exceptions.ErrorJsonResultException: 微信请求发生错误！错误代码：40013，说明：invalid appid hint: [VV8N0557hb96]
   在 Senparc.Weixin.HttpUtility.Get.GetJson[T](String url, Encoding encoding)
   在 Senparc.Weixin.MP.CommonAPIs.CommonApi.GetToken(String appid, String secret, String grant_type)
   在 Senparc.Weixin.MP.CommonAPIs.AccessTokenContainer.GetTokenResult(String appId, Boolean getNewToken)
   在 Senparc.Weixin.MP.CommonAPIs.AccessTokenContainer.GetToken(String appId, Boolean getNewToken)
   在 Himall.Service.WXApiService.TryGetToken(String appId, String appSecret, Boolean getNewToken) 位置 E:\合作项目\mall\Himall3.0\src\Himall.Service\Weixin\WXApiService.cs:行号 139
   在 Himall.Service.WXApiService.GetTicket(String appid, String appsecret) 位置 E:\合作项目\mall\Himall3.0\src\Himall.Service\Weixin\WXApiService.cs:行号 92



 记录时间：2018-11-28 11:00:00,093 
日志级别：  ERROR 
出错类：Himall.Service.WXApiService.GetTicket  
错误描述：请求Ticket出错，强制刷新acess_token 

Senparc.Weixin.Exceptions.ErrorJsonResultException: 微信请求发生错误！错误代码：40013，说明：invalid appid hint: [hMjG8a07893612]
   在 Senparc.Weixin.HttpUtility.Get.GetJson[T](String url, Encoding encoding)
   在 Senparc.Weixin.MP.CommonAPIs.CommonApi.GetToken(String appid, String secret, String grant_type)
   在 Senparc.Weixin.MP.CommonAPIs.AccessTokenContainer.GetTokenResult(String appId, Boolean getNewToken)
   在 Senparc.Weixin.MP.CommonAPIs.AccessTokenContainer.GetToken(String appId, Boolean getNewToken)
   在 Himall.Service.WXApiService.TryGetToken(String appId, String appSecret, Boolean getNewToken) 位置 E:\合作项目\mall\Himall3.0\src\Himall.Service\Weixin\WXApiService.cs:行号 139
   在 Himall.Service.WXApiService.GetTicket(String appid, String appsecret) 位置 E:\合作项目\mall\Himall3.0\src\Himall.Service\Weixin\WXApiService.cs:行号 92



 记录时间：2018-11-28 11:05:38,490 
日志级别：  ERROR 
出错类：Himall.Service.WXApiService.GetTicket  
错误描述：请求Ticket出错，强制刷新acess_token 

Senparc.Weixin.Exceptions.ErrorJsonResultException: 微信请求发生错误！错误代码：40013，说明：invalid appid hint: [kXnfGa01283054]
   在 Senparc.Weixin.HttpUtility.Get.GetJson[T](String url, Encoding encoding)
   在 Senparc.Weixin.MP.CommonAPIs.CommonApi.GetToken(String appid, String secret, String grant_type)
   在 Senparc.Weixin.MP.CommonAPIs.AccessTokenContainer.GetTokenResult(String appId, Boolean getNewToken)
   在 Senparc.Weixin.MP.CommonAPIs.AccessTokenContainer.GetToken(String appId, Boolean getNewToken)
   在 Himall.Service.WXApiService.TryGetToken(String appId, String appSecret, Boolean getNewToken) 位置 E:\合作项目\mall\Himall3.0\src\Himall.Service\Weixin\WXApiService.cs:行号 139
   在 Himall.Service.WXApiService.GetTicket(String appid, String appsecret) 位置 E:\合作项目\mall\Himall3.0\src\Himall.Service\Weixin\WXApiService.cs:行号 92



 记录时间：2018-11-28 11:09:23,246 
日志级别：  ERROR 
出错类：Himall.Service.WXApiService.GetTicket  
错误描述：请求Ticket出错，强制刷新acess_token 

Senparc.Weixin.Exceptions.ErrorJsonResultException: 微信请求发生错误！错误代码：40013，说明：invalid appid hint: [muCNVA03522067]
   在 Senparc.Weixin.HttpUtility.Get.GetJson[T](String url, Encoding encoding)
   在 Senparc.Weixin.MP.CommonAPIs.CommonApi.GetToken(String appid, String secret, String grant_type)
   在 Senparc.Weixin.MP.CommonAPIs.AccessTokenContainer.GetTokenResult(String appId, Boolean getNewToken)
   在 Senparc.Weixin.MP.CommonAPIs.AccessTokenContainer.GetToken(String appId, Boolean getNewToken)
   在 Himall.Service.WXApiService.TryGetToken(String appId, String appSecret, Boolean getNewToken) 位置 E:\合作项目\mall\Himall3.0\src\Himall.Service\Weixin\WXApiService.cs:行号 139
   在 Himall.Service.WXApiService.GetTicket(String appid, String appsecret) 位置 E:\合作项目\mall\Himall3.0\src\Himall.Service\Weixin\WXApiService.cs:行号 92



 记录时间：2018-11-28 11:09:48,971 
日志级别：  ERROR 
出错类：Himall.Service.WXApiService.GetTicket  
错误描述：请求Ticket出错，强制刷新acess_token 

Senparc.Weixin.Exceptions.ErrorJsonResultException: 微信请求发生错误！错误代码：40013，说明：invalid appid hint: [bUXC6a0378hb10]
   在 Senparc.Weixin.HttpUtility.Get.GetJson[T](String url, Encoding encoding)
   在 Senparc.Weixin.MP.CommonAPIs.CommonApi.GetToken(String appid, String secret, String grant_type)
   在 Senparc.Weixin.MP.CommonAPIs.AccessTokenContainer.GetTokenResult(String appId, Boolean getNewToken)
   在 Senparc.Weixin.MP.CommonAPIs.AccessTokenContainer.GetToken(String appId, Boolean getNewToken)
   在 Himall.Service.WXApiService.TryGetToken(String appId, String appSecret, Boolean getNewToken) 位置 E:\合作项目\mall\Himall3.0\src\Himall.Service\Weixin\WXApiService.cs:行号 139
   在 Himall.Service.WXApiService.GetTicket(String appid, String appsecret) 位置 E:\合作项目\mall\Himall3.0\src\Himall.Service\Weixin\WXApiService.cs:行号 92



 记录时间：2018-11-28 11:11:37,888 
日志级别：  ERROR 
出错类：Himall.Service.WXApiService.GetTicket  
错误描述：请求Ticket出错，强制刷新acess_token 

Senparc.Weixin.Exceptions.ErrorJsonResultException: 微信请求发生错误！错误代码：40013，说明：invalid appid hint: [qsZ9iA0487hb92]
   在 Senparc.Weixin.HttpUtility.Get.GetJson[T](String url, Encoding encoding)
   在 Senparc.Weixin.MP.CommonAPIs.CommonApi.GetToken(String appid, String secret, String grant_type)
   在 Senparc.Weixin.MP.CommonAPIs.AccessTokenContainer.GetTokenResult(String appId, Boolean getNewToken)
   在 Senparc.Weixin.MP.CommonAPIs.AccessTokenContainer.GetToken(String appId, Boolean getNewToken)
   在 Himall.Service.WXApiService.TryGetToken(String appId, String appSecret, Boolean getNewToken) 位置 E:\合作项目\mall\Himall3.0\src\Himall.Service\Weixin\WXApiService.cs:行号 139
   在 Himall.Service.WXApiService.GetTicket(String appid, String appsecret) 位置 E:\合作项目\mall\Himall3.0\src\Himall.Service\Weixin\WXApiService.cs:行号 92



 记录时间：2018-11-28 11:12:46,488 
日志级别：  ERROR 
出错类：Himall.Service.WXApiService.GetTicket  
错误描述：请求Ticket出错，强制刷新acess_token 

Senparc.Weixin.Exceptions.ErrorJsonResultException: 微信请求发生错误！错误代码：40013，说明：invalid appid hint: [YfNavA0556hb96]
   在 Senparc.Weixin.HttpUtility.Get.GetJson[T](String url, Encoding encoding)
   在 Senparc.Weixin.MP.CommonAPIs.CommonApi.GetToken(String appid, String secret, String grant_type)
   在 Senparc.Weixin.MP.CommonAPIs.AccessTokenContainer.GetTokenResult(String appId, Boolean getNewToken)
   在 Senparc.Weixin.MP.CommonAPIs.AccessTokenContainer.GetToken(String appId, Boolean getNewToken)
   在 Himall.Service.WXApiService.TryGetToken(String appId, String appSecret, Boolean getNewToken) 位置 E:\合作项目\mall\Himall3.0\src\Himall.Service\Weixin\WXApiService.cs:行号 139
   在 Himall.Service.WXApiService.GetTicket(String appid, String appsecret) 位置 E:\合作项目\mall\Himall3.0\src\Himall.Service\Weixin\WXApiService.cs:行号 92



 记录时间：2018-11-28 14:00:46,627 
日志级别：  ERROR 
出错类：Himall.Service.WXApiService.GetTicket  
错误描述：请求Ticket出错，强制刷新acess_token 

Senparc.Weixin.Exceptions.ErrorJsonResultException: 微信请求发生错误！错误代码：40013，说明：invalid appid hint: [eBCmNA06361501]
   在 Senparc.Weixin.HttpUtility.Get.GetJson[T](String url, Encoding encoding)
   在 Senparc.Weixin.MP.CommonAPIs.CommonApi.GetToken(String appid, String secret, String grant_type)
   在 Senparc.Weixin.MP.CommonAPIs.AccessTokenContainer.GetTokenResult(String appId, Boolean getNewToken)
   在 Senparc.Weixin.MP.CommonAPIs.AccessTokenContainer.GetToken(String appId, Boolean getNewToken)
   在 Himall.Service.WXApiService.TryGetToken(String appId, String appSecret, Boolean getNewToken) 位置 E:\合作项目\mall\Himall3.0\src\Himall.Service\Weixin\WXApiService.cs:行号 139
   在 Himall.Service.WXApiService.GetTicket(String appid, String appsecret) 位置 E:\合作项目\mall\Himall3.0\src\Himall.Service\Weixin\WXApiService.cs:行号 92



 记录时间：2018-11-28 14:03:43,567 
日志级别：  ERROR 
出错类：Himall.Service.WXApiService.GetTicket  
错误描述：请求Ticket出错，强制刷新acess_token 

Senparc.Weixin.Exceptions.ErrorJsonResultException: 微信请求发生错误！错误代码：40013，说明：invalid appid hint: [D4QTCA08131466]
   在 Senparc.Weixin.HttpUtility.Get.GetJson[T](String url, Encoding encoding)
   在 Senparc.Weixin.MP.CommonAPIs.CommonApi.GetToken(String appid, String secret, String grant_type)
   在 Senparc.Weixin.MP.CommonAPIs.AccessTokenContainer.GetTokenResult(String appId, Boolean getNewToken)
   在 Senparc.Weixin.MP.CommonAPIs.AccessTokenContainer.GetToken(String appId, Boolean getNewToken)
   在 Himall.Service.WXApiService.TryGetToken(String appId, String appSecret, Boolean getNewToken) 位置 E:\合作项目\mall\Himall3.0\src\Himall.Service\Weixin\WXApiService.cs:行号 139
   在 Himall.Service.WXApiService.GetTicket(String appid, String appsecret) 位置 E:\合作项目\mall\Himall3.0\src\Himall.Service\Weixin\WXApiService.cs:行号 92



 记录时间：2018-11-28 14:05:15,788 
日志级别：  ERROR 
出错类：Himall.Service.WXApiService.GetTicket  
错误描述：请求Ticket出错，强制刷新acess_token 

Senparc.Weixin.Exceptions.ErrorJsonResultException: 微信请求发生错误！错误代码：40013，说明：invalid appid hint: [.zF4Va09053612]
   在 Senparc.Weixin.HttpUtility.Get.GetJson[T](String url, Encoding encoding)
   在 Senparc.Weixin.MP.CommonAPIs.CommonApi.GetToken(String appid, String secret, String grant_type)
   在 Senparc.Weixin.MP.CommonAPIs.AccessTokenContainer.GetTokenResult(String appId, Boolean getNewToken)
   在 Senparc.Weixin.MP.CommonAPIs.AccessTokenContainer.GetToken(String appId, Boolean getNewToken)
   在 Himall.Service.WXApiService.TryGetToken(String appId, String appSecret, Boolean getNewToken) 位置 E:\合作项目\mall\Himall3.0\src\Himall.Service\Weixin\WXApiService.cs:行号 139
   在 Himall.Service.WXApiService.GetTicket(String appid, String appsecret) 位置 E:\合作项目\mall\Himall3.0\src\Himall.Service\Weixin\WXApiService.cs:行号 92



 记录时间：2018-11-28 14:07:43,223 
日志级别：  ERROR 
出错类：Himall.Service.WXApiService.GetTicket  
错误描述：请求Ticket出错，强制刷新acess_token 

Senparc.Weixin.Exceptions.ErrorJsonResultException: 微信请求发生错误！错误代码：40013，说明：invalid appid hint: [Jpg3pA00522067]
   在 Senparc.Weixin.HttpUtility.Get.GetJson[T](String url, Encoding encoding)
   在 Senparc.Weixin.MP.CommonAPIs.CommonApi.GetToken(String appid, String secret, String grant_type)
   在 Senparc.Weixin.MP.CommonAPIs.AccessTokenContainer.GetTokenResult(String appId, Boolean getNewToken)
   在 Senparc.Weixin.MP.CommonAPIs.AccessTokenContainer.GetToken(String appId, Boolean getNewToken)
   在 Himall.Service.WXApiService.TryGetToken(String appId, String appSecret, Boolean getNewToken) 位置 E:\合作项目\mall\Himall3.0\src\Himall.Service\Weixin\WXApiService.cs:行号 139
   在 Himall.Service.WXApiService.GetTicket(String appid, String appsecret) 位置 E:\合作项目\mall\Himall3.0\src\Himall.Service\Weixin\WXApiService.cs:行号 92



 记录时间：2018-11-28 14:14:11,467 
日志级别：  ERROR 
出错类：Himall.Service.WXApiService.GetTicket  
错误描述：请求Ticket出错，强制刷新acess_token 

Senparc.Weixin.Exceptions.ErrorJsonResultException: 微信请求发生错误！错误代码：40013，说明：invalid appid hint: [h7fwMA04411501]
   在 Senparc.Weixin.HttpUtility.Get.GetJson[T](String url, Encoding encoding)
   在 Senparc.Weixin.MP.CommonAPIs.CommonApi.GetToken(String appid, String secret, String grant_type)
   在 Senparc.Weixin.MP.CommonAPIs.AccessTokenContainer.GetTokenResult(String appId, Boolean getNewToken)
   在 Senparc.Weixin.MP.CommonAPIs.AccessTokenContainer.GetToken(String appId, Boolean getNewToken)
   在 Himall.Service.WXApiService.TryGetToken(String appId, String appSecret, Boolean getNewToken) 位置 E:\合作项目\mall\Himall3.0\src\Himall.Service\Weixin\WXApiService.cs:行号 139
   在 Himall.Service.WXApiService.GetTicket(String appid, String appsecret) 位置 E:\合作项目\mall\Himall3.0\src\Himall.Service\Weixin\WXApiService.cs:行号 92



 记录时间：2018-11-28 14:18:37,797 
日志级别：  ERROR 
出错类：Himall.Service.WXApiService.GetTicket  
错误描述：请求Ticket出错，强制刷新acess_token 

Senparc.Weixin.Exceptions.ErrorJsonResultException: 微信请求发生错误！错误代码：40013，说明：invalid appid hint: [Ex_vaa0707hb10]
   在 Senparc.Weixin.HttpUtility.Get.GetJson[T](String url, Encoding encoding)
   在 Senparc.Weixin.MP.CommonAPIs.CommonApi.GetToken(String appid, String secret, String grant_type)
   在 Senparc.Weixin.MP.CommonAPIs.AccessTokenContainer.GetTokenResult(String appId, Boolean getNewToken)
   在 Senparc.Weixin.MP.CommonAPIs.AccessTokenContainer.GetToken(String appId, Boolean getNewToken)
   在 Himall.Service.WXApiService.TryGetToken(String appId, String appSecret, Boolean getNewToken) 位置 E:\合作项目\mall\Himall3.0\src\Himall.Service\Weixin\WXApiService.cs:行号 139
   在 Himall.Service.WXApiService.GetTicket(String appid, String appsecret) 位置 E:\合作项目\mall\Himall3.0\src\Himall.Service\Weixin\WXApiService.cs:行号 92



 记录时间：2018-11-28 14:56:34,508 
日志级别：  ERROR 
出错类：Himall.Service.WXApiService.GetTicket  
错误描述：请求Ticket出错，强制刷新acess_token 

Senparc.Weixin.Exceptions.ErrorJsonResultException: 微信请求发生错误！错误代码：40013，说明：invalid appid hint: [ao7Qga09842790]
   在 Senparc.Weixin.HttpUtility.Get.GetJson[T](String url, Encoding encoding)
   在 Senparc.Weixin.MP.CommonAPIs.CommonApi.GetToken(String appid, String secret, String grant_type)
   在 Senparc.Weixin.MP.CommonAPIs.AccessTokenContainer.GetTokenResult(String appId, Boolean getNewToken)
   在 Senparc.Weixin.MP.CommonAPIs.AccessTokenContainer.GetToken(String appId, Boolean getNewToken)
   在 Himall.Service.WXApiService.TryGetToken(String appId, String appSecret, Boolean getNewToken) 位置 E:\合作项目\mall\Himall3.0\src\Himall.Service\Weixin\WXApiService.cs:行号 139
   在 Himall.Service.WXApiService.GetTicket(String appid, String appsecret) 位置 E:\合作项目\mall\Himall3.0\src\Himall.Service\Weixin\WXApiService.cs:行号 92



 记录时间：2018-11-28 15:22:27,475 
日志级别：  ERROR 
出错类：Himall.Service.WXApiService.GetTicket  
错误描述：请求Ticket出错，强制刷新acess_token 

Senparc.Weixin.Exceptions.ErrorJsonResultException: 微信请求发生错误！错误代码：40013，说明：invalid appid hint: [jnbRIA0537hb10]
   在 Senparc.Weixin.HttpUtility.Get.GetJson[T](String url, Encoding encoding)
   在 Senparc.Weixin.MP.CommonAPIs.CommonApi.GetToken(String appid, String secret, String grant_type)
   在 Senparc.Weixin.MP.CommonAPIs.AccessTokenContainer.GetTokenResult(String appId, Boolean getNewToken)
   在 Senparc.Weixin.MP.CommonAPIs.AccessTokenContainer.GetToken(String appId, Boolean getNewToken)
   在 Himall.Service.WXApiService.TryGetToken(String appId, String appSecret, Boolean getNewToken) 位置 E:\合作项目\mall\Himall3.0\src\Himall.Service\Weixin\WXApiService.cs:行号 139
   在 Himall.Service.WXApiService.GetTicket(String appid, String appsecret) 位置 E:\合作项目\mall\Himall3.0\src\Himall.Service\Weixin\WXApiService.cs:行号 92



 记录时间：2018-11-28 15:28:36,977 
日志级别：  ERROR 
出错类：Himall.Service.WXApiService.GetTicket  
错误描述：请求Ticket出错，强制刷新acess_token 

Senparc.Weixin.Exceptions.ErrorJsonResultException: 微信请求发生错误！错误代码：40013，说明：invalid appid hint: [Tjy2609061527]
   在 Senparc.Weixin.HttpUtility.Get.GetJson[T](String url, Encoding encoding)
   在 Senparc.Weixin.MP.CommonAPIs.CommonApi.GetToken(String appid, String secret, String grant_type)
   在 Senparc.Weixin.MP.CommonAPIs.AccessTokenContainer.GetTokenResult(String appId, Boolean getNewToken)
   在 Senparc.Weixin.MP.CommonAPIs.AccessTokenContainer.GetToken(String appId, Boolean getNewToken)
   在 Himall.Service.WXApiService.TryGetToken(String appId, String appSecret, Boolean getNewToken) 位置 E:\合作项目\mall\Himall3.0\src\Himall.Service\Weixin\WXApiService.cs:行号 139
   在 Himall.Service.WXApiService.GetTicket(String appid, String appsecret) 位置 E:\合作项目\mall\Himall3.0\src\Himall.Service\Weixin\WXApiService.cs:行号 92



 记录时间：2018-11-28 15:38:21,009 
日志级别：  ERROR 
出错类：Himall.Service.WXApiService.GetTicket  
错误描述：请求Ticket出错，强制刷新acess_token 

Senparc.Weixin.Exceptions.ErrorJsonResultException: 微信请求发生错误！错误代码：40013，说明：invalid appid hint: [lBoeCa04902974]
   在 Senparc.Weixin.HttpUtility.Get.GetJson[T](String url, Encoding encoding)
   在 Senparc.Weixin.MP.CommonAPIs.CommonApi.GetToken(String appid, String secret, String grant_type)
   在 Senparc.Weixin.MP.CommonAPIs.AccessTokenContainer.GetTokenResult(String appId, Boolean getNewToken)
   在 Senparc.Weixin.MP.CommonAPIs.AccessTokenContainer.GetToken(String appId, Boolean getNewToken)
   在 Himall.Service.WXApiService.TryGetToken(String appId, String appSecret, Boolean getNewToken) 位置 E:\合作项目\mall\Himall3.0\src\Himall.Service\Weixin\WXApiService.cs:行号 139
   在 Himall.Service.WXApiService.GetTicket(String appid, String appsecret) 位置 E:\合作项目\mall\Himall3.0\src\Himall.Service\Weixin\WXApiService.cs:行号 92



 记录时间：2018-11-28 16:09:49,423 
日志级别：  ERROR 
出错类：Himall.Service.WXApiService.GetTicket  
错误描述：请求Ticket出错，强制刷新acess_token 

Senparc.Weixin.Exceptions.ErrorJsonResultException: 微信请求发生错误！错误代码：40013，说明：invalid appid hint: [2rQyqa0378hb92]
   在 Senparc.Weixin.HttpUtility.Get.GetJson[T](String url, Encoding encoding)
   在 Senparc.Weixin.MP.CommonAPIs.CommonApi.GetToken(String appid, String secret, String grant_type)
   在 Senparc.Weixin.MP.CommonAPIs.AccessTokenContainer.GetTokenResult(String appId, Boolean getNewToken)
   在 Senparc.Weixin.MP.CommonAPIs.AccessTokenContainer.GetToken(String appId, Boolean getNewToken)
   在 Himall.Service.WXApiService.TryGetToken(String appId, String appSecret, Boolean getNewToken) 位置 E:\合作项目\mall\Himall3.0\src\Himall.Service\Weixin\WXApiService.cs:行号 139
   在 Himall.Service.WXApiService.GetTicket(String appid, String appsecret) 位置 E:\合作项目\mall\Himall3.0\src\Himall.Service\Weixin\WXApiService.cs:行号 92



 记录时间：2018-11-28 16:24:55,701 
日志级别：  ERROR 
出错类：Himall.Service.WXApiService.GetTicket  
错误描述：请求Ticket出错，强制刷新acess_token 

Senparc.Weixin.Exceptions.ErrorJsonResultException: 微信请求发生错误！错误代码：40013，说明：invalid appid hint: [UmuxOA02852994]
   在 Senparc.Weixin.HttpUtility.Get.GetJson[T](String url, Encoding encoding)
   在 Senparc.Weixin.MP.CommonAPIs.CommonApi.GetToken(String appid, String secret, String grant_type)
   在 Senparc.Weixin.MP.CommonAPIs.AccessTokenContainer.GetTokenResult(String appId, Boolean getNewToken)
   在 Senparc.Weixin.MP.CommonAPIs.AccessTokenContainer.GetToken(String appId, Boolean getNewToken)
   在 Himall.Service.WXApiService.TryGetToken(String appId, String appSecret, Boolean getNewToken) 位置 E:\合作项目\mall\Himall3.0\src\Himall.Service\Weixin\WXApiService.cs:行号 139
   在 Himall.Service.WXApiService.GetTicket(String appid, String appsecret) 位置 E:\合作项目\mall\Himall3.0\src\Himall.Service\Weixin\WXApiService.cs:行号 92
