


 记录时间：2018-12-14 11:08:07,482 
日志级别：  ERROR 
出错类：Himall.Service.WXApiService.GetTicket  
错误描述：请求Ticket出错，强制刷新acess_token 

Senparc.Weixin.Exceptions.ErrorJsonResultException: 微信请求发生错误！错误代码：40013，说明：invalid appid hint: [YZuS06641533]
   在 Senparc.Weixin.HttpUtility.Get.GetJson[T](String url, Encoding encoding)
   在 Senparc.Weixin.MP.CommonAPIs.CommonApi.GetToken(String appid, String secret, String grant_type)
   在 Senparc.Weixin.MP.CommonAPIs.AccessTokenContainer.GetTokenResult(String appId, Boolean getNewToken)
   在 Senparc.Weixin.MP.CommonAPIs.AccessTokenContainer.GetToken(String appId, Boolean getNewToken)
   在 Himall.Service.WXApiService.TryGetToken(String appId, String appSecret, Boolean getNewToken) 位置 E:\合作项目\mall\Himall3.0\src\Himall.Service\Weixin\WXApiService.cs:行号 139
   在 Himall.Service.WXApiService.GetTicket(String appid, String appsecret) 位置 E:\合作项目\mall\Himall3.0\src\Himall.Service\Weixin\WXApiService.cs:行号 92



 记录时间：2018-12-14 11:08:34,743 
日志级别：  ERROR 
出错类：Himall.Service.WXApiService.GetTicket  
错误描述：请求Ticket出错，强制刷新acess_token 

Senparc.Weixin.Exceptions.ErrorJsonResultException: 微信请求发生错误！错误代码：40013，说明：invalid appid hint: [AwQzta06923054]
   在 Senparc.Weixin.HttpUtility.Get.GetJson[T](String url, Encoding encoding)
   在 Senparc.Weixin.MP.CommonAPIs.CommonApi.GetToken(String appid, String secret, String grant_type)
   在 Senparc.Weixin.MP.CommonAPIs.AccessTokenContainer.GetTokenResult(String appId, Boolean getNewToken)
   在 Senparc.Weixin.MP.CommonAPIs.AccessTokenContainer.GetToken(String appId, Boolean getNewToken)
   在 Himall.Service.WXApiService.TryGetToken(String appId, String appSecret, Boolean getNewToken) 位置 E:\合作项目\mall\Himall3.0\src\Himall.Service\Weixin\WXApiService.cs:行号 139
   在 Himall.Service.WXApiService.GetTicket(String appid, String appsecret) 位置 E:\合作项目\mall\Himall3.0\src\Himall.Service\Weixin\WXApiService.cs:行号 92



 记录时间：2018-12-14 11:09:00,868 
日志级别：  ERROR 
出错类：Himall.Web.Framework.BaseController.OnException  
错误描述：页面未捕获的异常：Area:Mobile,Controller:Product,Action:Details,id:Get:nojumpfg=1post: 

System.NullReferenceException: 未将对象引用设置到对象的实例。
   在 Himall.Web.Areas.Mobile.Controllers.ProductController.Details(Int64 id, Int64 partnerid, Int32 nojumpfg) 位置 E:\合作项目\mall\Himall3.0\src\Himall.Web\Areas\Mobile\Controllers\ProductController.cs:行号 307
   在 lambda_method(Closure , ControllerBase , Object[] )
   在 System.Web.Mvc.ActionMethodDispatcher.Execute(ControllerBase controller, Object[] parameters)
   在 System.Web.Mvc.ReflectedActionDescriptor.Execute(ControllerContext controllerContext, IDictionary`2 parameters)
   在 System.Web.Mvc.ControllerActionInvoker.InvokeActionMethod(ControllerContext controllerContext, ActionDescriptor actionDescriptor, IDictionary`2 parameters)
   在 System.Web.Mvc.Async.AsyncControllerActionInvoker.<BeginInvokeSynchronousActionMethod>b__39(IAsyncResult asyncResult, ActionInvocation innerInvokeState)
   在 System.Web.Mvc.Async.AsyncResultWrapper.WrappedAsyncResult`2.CallEndDelegate(IAsyncResult asyncResult)
   在 System.Web.Mvc.Async.AsyncResultWrapper.WrappedAsyncResultBase`1.End()
   在 System.Web.Mvc.Async.AsyncControllerActionInvoker.EndInvokeActionMethod(IAsyncResult asyncResult)
   在 System.Web.Mvc.Async.AsyncControllerActionInvoker.AsyncInvocationWithFilters.<InvokeActionMethodFilterAsynchronouslyRecursive>b__3d()
   在 System.Web.Mvc.Async.AsyncControllerActionInvoker.AsyncInvocationWithFilters.<>c__DisplayClass46.<InvokeActionMethodFilterAsynchronouslyRecursive>b__3f()
   在 System.Web.Mvc.Async.AsyncControllerActionInvoker.AsyncInvocationWithFilters.<>c__DisplayClass46.<InvokeActionMethodFilterAsynchronouslyRecursive>b__3f()
   在 System.Web.Mvc.Async.AsyncControllerActionInvoker.<>c__DisplayClass33.<BeginInvokeActionMethodWithFilters>b__32(IAsyncResult asyncResult)
   在 System.Web.Mvc.Async.AsyncResultWrapper.WrappedAsyncResult`1.CallEndDelegate(IAsyncResult asyncResult)
   在 System.Web.Mvc.Async.AsyncResultWrapper.WrappedAsyncResultBase`1.End()
   在 System.Web.Mvc.Async.AsyncControllerActionInvoker.EndInvokeActionMethodWithFilters(IAsyncResult asyncResult)
   在 System.Web.Mvc.Async.AsyncControllerActionInvoker.<>c__DisplayClass21.<>c__DisplayClass2b.<BeginInvokeAction>b__1c()
   在 System.Web.Mvc.Async.AsyncControllerActionInvoker.<>c__DisplayClass21.<BeginInvokeAction>b__1e(IAsyncResult asyncResult)



 记录时间：2018-12-14 11:09:23,122 
日志级别：  ERROR 
出错类：Himall.Service.WXApiService.GetTicket  
错误描述：请求Ticket出错，强制刷新acess_token 

Senparc.Weixin.Exceptions.ErrorJsonResultException: 微信请求发生错误！错误代码：40013，说明：invalid appid hint: [A5wDra07401512]
   在 Senparc.Weixin.HttpUtility.Get.GetJson[T](String url, Encoding encoding)
   在 Senparc.Weixin.MP.CommonAPIs.CommonApi.GetToken(String appid, String secret, String grant_type)
   在 Senparc.Weixin.MP.CommonAPIs.AccessTokenContainer.GetTokenResult(String appId, Boolean getNewToken)
   在 Senparc.Weixin.MP.CommonAPIs.AccessTokenContainer.GetToken(String appId, Boolean getNewToken)
   在 Himall.Service.WXApiService.TryGetToken(String appId, String appSecret, Boolean getNewToken) 位置 E:\合作项目\mall\Himall3.0\src\Himall.Service\Weixin\WXApiService.cs:行号 139
   在 Himall.Service.WXApiService.GetTicket(String appid, String appsecret) 位置 E:\合作项目\mall\Himall3.0\src\Himall.Service\Weixin\WXApiService.cs:行号 92



 记录时间：2018-12-14 11:10:24,774 
日志级别：  ERROR 
出错类：Himall.Service.WXApiService.GetTicket  
错误描述：请求Ticket出错，强制刷新acess_token 

Senparc.Weixin.Exceptions.ErrorJsonResultException: 微信请求发生错误！错误代码：40013，说明：invalid appid hint: [77BNSA0802hb10]
   在 Senparc.Weixin.HttpUtility.Get.GetJson[T](String url, Encoding encoding)
   在 Senparc.Weixin.MP.CommonAPIs.CommonApi.GetToken(String appid, String secret, String grant_type)
   在 Senparc.Weixin.MP.CommonAPIs.AccessTokenContainer.GetTokenResult(String appId, Boolean getNewToken)
   在 Senparc.Weixin.MP.CommonAPIs.AccessTokenContainer.GetToken(String appId, Boolean getNewToken)
   在 Himall.Service.WXApiService.TryGetToken(String appId, String appSecret, Boolean getNewToken) 位置 E:\合作项目\mall\Himall3.0\src\Himall.Service\Weixin\WXApiService.cs:行号 139
   在 Himall.Service.WXApiService.GetTicket(String appid, String appsecret) 位置 E:\合作项目\mall\Himall3.0\src\Himall.Service\Weixin\WXApiService.cs:行号 92



 记录时间：2018-12-14 11:10:33,292 
日志级别：  ERROR 
出错类：Himall.Service.WXApiService.GetTicket  
错误描述：请求Ticket出错，强制刷新acess_token 

Senparc.Weixin.Exceptions.ErrorJsonResultException: 微信请求发生错误！错误代码：40013，说明：invalid appid hint: [.uVILa0810hb97]
   在 Senparc.Weixin.HttpUtility.Get.GetJson[T](String url, Encoding encoding)
   在 Senparc.Weixin.MP.CommonAPIs.CommonApi.GetToken(String appid, String secret, String grant_type)
   在 Senparc.Weixin.MP.CommonAPIs.AccessTokenContainer.GetTokenResult(String appId, Boolean getNewToken)
   在 Senparc.Weixin.MP.CommonAPIs.AccessTokenContainer.GetToken(String appId, Boolean getNewToken)
   在 Himall.Service.WXApiService.TryGetToken(String appId, String appSecret, Boolean getNewToken) 位置 E:\合作项目\mall\Himall3.0\src\Himall.Service\Weixin\WXApiService.cs:行号 139
   在 Himall.Service.WXApiService.GetTicket(String appid, String appsecret) 位置 E:\合作项目\mall\Himall3.0\src\Himall.Service\Weixin\WXApiService.cs:行号 92



 记录时间：2018-12-14 12:51:56,899 
日志级别：  ERROR 
出错类：Himall.Web.Framework.BaseController.OnException  
错误描述：页面未捕获的异常：Area:Mobile,Controller:Login,Action:Skip,id:Get:post:MemberPhone=13271941320&checkcode=81540&openId=&serviceProvider=&realName=&nickName=&headimgurl=&appidtype=&unionid=&sex=&city=&province=&country= 

System.NullReferenceException: 未将对象引用设置到对象的实例。
   在 Himall.Web.Areas.Mobile.Controllers.LoginController.Skip(String MemberPhone, String checkcode, String serviceProvider, String openId, String nickName, String realName, String headimgurl, AppIdTypeEnum appidtype, String unionid, String sex, String city, String province) 位置 E:\合作项目\mall\Himall3.0\src\Himall.Web\Areas\Mobile\Controllers\LoginController.cs:行号 98
   在 lambda_method(Closure , ControllerBase , Object[] )
   在 System.Web.Mvc.ActionMethodDispatcher.Execute(ControllerBase controller, Object[] parameters)
   在 System.Web.Mvc.ReflectedActionDescriptor.Execute(ControllerContext controllerContext, IDictionary`2 parameters)
   在 System.Web.Mvc.ControllerActionInvoker.InvokeActionMethod(ControllerContext controllerContext, ActionDescriptor actionDescriptor, IDictionary`2 parameters)
   在 System.Web.Mvc.Async.AsyncControllerActionInvoker.<BeginInvokeSynchronousActionMethod>b__39(IAsyncResult asyncResult, ActionInvocation innerInvokeState)
   在 System.Web.Mvc.Async.AsyncResultWrapper.WrappedAsyncResult`2.CallEndDelegate(IAsyncResult asyncResult)
   在 System.Web.Mvc.Async.AsyncResultWrapper.WrappedAsyncResultBase`1.End()
   在 System.Web.Mvc.Async.AsyncControllerActionInvoker.EndInvokeActionMethod(IAsyncResult asyncResult)
   在 System.Web.Mvc.Async.AsyncControllerActionInvoker.AsyncInvocationWithFilters.<InvokeActionMethodFilterAsynchronouslyRecursive>b__3d()
   在 System.Web.Mvc.Async.AsyncControllerActionInvoker.AsyncInvocationWithFilters.<>c__DisplayClass46.<InvokeActionMethodFilterAsynchronouslyRecursive>b__3f()
   在 System.Web.Mvc.Async.AsyncControllerActionInvoker.AsyncInvocationWithFilters.<>c__DisplayClass46.<InvokeActionMethodFilterAsynchronouslyRecursive>b__3f()
   在 System.Web.Mvc.Async.AsyncControllerActionInvoker.<>c__DisplayClass33.<BeginInvokeActionMethodWithFilters>b__32(IAsyncResult asyncResult)
   在 System.Web.Mvc.Async.AsyncResultWrapper.WrappedAsyncResult`1.CallEndDelegate(IAsyncResult asyncResult)
   在 System.Web.Mvc.Async.AsyncResultWrapper.WrappedAsyncResultBase`1.End()
   在 System.Web.Mvc.Async.AsyncControllerActionInvoker.EndInvokeActionMethodWithFilters(IAsyncResult asyncResult)
   在 System.Web.Mvc.Async.AsyncControllerActionInvoker.<>c__DisplayClass21.<>c__DisplayClass2b.<BeginInvokeAction>b__1c()
   在 System.Web.Mvc.Async.AsyncControllerActionInvoker.<>c__DisplayClass21.<BeginInvokeAction>b__1e(IAsyncResult asyncResult)



 记录时间：2018-12-14 12:52:10,358 
日志级别：  ERROR 
出错类：Himall.Web.Framework.BaseController.OnException  
错误描述：页面未捕获的异常：Area:Mobile,Controller:Login,Action:Skip,id:Get:post:MemberPhone=13271941320&checkcode=81540&openId=&serviceProvider=&realName=&nickName=&headimgurl=&appidtype=&unionid=&sex=&city=&province=&country= 

System.NullReferenceException: 未将对象引用设置到对象的实例。
   在 Himall.Web.Areas.Mobile.Controllers.LoginController.Skip(String MemberPhone, String checkcode, String serviceProvider, String openId, String nickName, String realName, String headimgurl, AppIdTypeEnum appidtype, String unionid, String sex, String city, String province) 位置 E:\合作项目\mall\Himall3.0\src\Himall.Web\Areas\Mobile\Controllers\LoginController.cs:行号 98
   在 lambda_method(Closure , ControllerBase , Object[] )
   在 System.Web.Mvc.ActionMethodDispatcher.Execute(ControllerBase controller, Object[] parameters)
   在 System.Web.Mvc.ReflectedActionDescriptor.Execute(ControllerContext controllerContext, IDictionary`2 parameters)
   在 System.Web.Mvc.ControllerActionInvoker.InvokeActionMethod(ControllerContext controllerContext, ActionDescriptor actionDescriptor, IDictionary`2 parameters)
   在 System.Web.Mvc.Async.AsyncControllerActionInvoker.<BeginInvokeSynchronousActionMethod>b__39(IAsyncResult asyncResult, ActionInvocation innerInvokeState)
   在 System.Web.Mvc.Async.AsyncResultWrapper.WrappedAsyncResult`2.CallEndDelegate(IAsyncResult asyncResult)
   在 System.Web.Mvc.Async.AsyncResultWrapper.WrappedAsyncResultBase`1.End()
   在 System.Web.Mvc.Async.AsyncControllerActionInvoker.EndInvokeActionMethod(IAsyncResult asyncResult)
   在 System.Web.Mvc.Async.AsyncControllerActionInvoker.AsyncInvocationWithFilters.<InvokeActionMethodFilterAsynchronouslyRecursive>b__3d()
   在 System.Web.Mvc.Async.AsyncControllerActionInvoker.AsyncInvocationWithFilters.<>c__DisplayClass46.<InvokeActionMethodFilterAsynchronouslyRecursive>b__3f()
   在 System.Web.Mvc.Async.AsyncControllerActionInvoker.AsyncInvocationWithFilters.<>c__DisplayClass46.<InvokeActionMethodFilterAsynchronouslyRecursive>b__3f()
   在 System.Web.Mvc.Async.AsyncControllerActionInvoker.<>c__DisplayClass33.<BeginInvokeActionMethodWithFilters>b__32(IAsyncResult asyncResult)
   在 System.Web.Mvc.Async.AsyncResultWrapper.WrappedAsyncResult`1.CallEndDelegate(IAsyncResult asyncResult)
   在 System.Web.Mvc.Async.AsyncResultWrapper.WrappedAsyncResultBase`1.End()
   在 System.Web.Mvc.Async.AsyncControllerActionInvoker.EndInvokeActionMethodWithFilters(IAsyncResult asyncResult)
   在 System.Web.Mvc.Async.AsyncControllerActionInvoker.<>c__DisplayClass21.<>c__DisplayClass2b.<BeginInvokeAction>b__1c()
   在 System.Web.Mvc.Async.AsyncControllerActionInvoker.<>c__DisplayClass21.<BeginInvokeAction>b__1e(IAsyncResult asyncResult)



 记录时间：2018-12-14 13:43:07,528 
日志级别：  ERROR 
出错类：Himall.Service.WXApiService.GetTicket  
错误描述：请求Ticket出错，强制刷新acess_token 

Senparc.Weixin.Exceptions.ErrorJsonResultException: 微信请求发生错误！错误代码：40013，说明：invalid appid hint: [9UjQ4a0964b101]
   在 Senparc.Weixin.HttpUtility.Get.GetJson[T](String url, Encoding encoding)
   在 Senparc.Weixin.MP.CommonAPIs.CommonApi.GetToken(String appid, String secret, String grant_type)
   在 Senparc.Weixin.MP.CommonAPIs.AccessTokenContainer.GetTokenResult(String appId, Boolean getNewToken)
   在 Senparc.Weixin.MP.CommonAPIs.AccessTokenContainer.GetToken(String appId, Boolean getNewToken)
   在 Himall.Service.WXApiService.TryGetToken(String appId, String appSecret, Boolean getNewToken) 位置 E:\合作项目\mall\Himall3.0\src\Himall.Service\Weixin\WXApiService.cs:行号 139
   在 Himall.Service.WXApiService.GetTicket(String appid, String appsecret) 位置 E:\合作项目\mall\Himall3.0\src\Himall.Service\Weixin\WXApiService.cs:行号 92



 记录时间：2018-12-14 13:45:27,417 
日志级别：  ERROR 
出错类：Himall.Service.WXApiService.GetTicket  
错误描述：请求Ticket出错，强制刷新acess_token 

Senparc.Weixin.Exceptions.ErrorJsonResultException: 微信请求发生错误！错误代码：40013，说明：invalid appid hint: [DO9Hqa01043055]
   在 Senparc.Weixin.HttpUtility.Get.GetJson[T](String url, Encoding encoding)
   在 Senparc.Weixin.MP.CommonAPIs.CommonApi.GetToken(String appid, String secret, String grant_type)
   在 Senparc.Weixin.MP.CommonAPIs.AccessTokenContainer.GetTokenResult(String appId, Boolean getNewToken)
   在 Senparc.Weixin.MP.CommonAPIs.AccessTokenContainer.GetToken(String appId, Boolean getNewToken)
   在 Himall.Service.WXApiService.TryGetToken(String appId, String appSecret, Boolean getNewToken) 位置 E:\合作项目\mall\Himall3.0\src\Himall.Service\Weixin\WXApiService.cs:行号 139
   在 Himall.Service.WXApiService.GetTicket(String appid, String appsecret) 位置 E:\合作项目\mall\Himall3.0\src\Himall.Service\Weixin\WXApiService.cs:行号 92



 记录时间：2018-12-14 13:46:13,799 
日志级别：  ERROR 
出错类：Himall.Service.WXApiService.GetTicket  
错误描述：请求Ticket出错，强制刷新acess_token 

Senparc.Weixin.Exceptions.ErrorJsonResultException: 微信请求发生错误！错误代码：40013，说明：invalid appid hint: [2tfQ7a01501480]
   在 Senparc.Weixin.HttpUtility.Get.GetJson[T](String url, Encoding encoding)
   在 Senparc.Weixin.MP.CommonAPIs.CommonApi.GetToken(String appid, String secret, String grant_type)
   在 Senparc.Weixin.MP.CommonAPIs.AccessTokenContainer.GetTokenResult(String appId, Boolean getNewToken)
   在 Senparc.Weixin.MP.CommonAPIs.AccessTokenContainer.GetToken(String appId, Boolean getNewToken)
   在 Himall.Service.WXApiService.TryGetToken(String appId, String appSecret, Boolean getNewToken) 位置 E:\合作项目\mall\Himall3.0\src\Himall.Service\Weixin\WXApiService.cs:行号 139
   在 Himall.Service.WXApiService.GetTicket(String appid, String appsecret) 位置 E:\合作项目\mall\Himall3.0\src\Himall.Service\Weixin\WXApiService.cs:行号 92



 记录时间：2018-12-14 13:46:50,108 
日志级别：  ERROR 
出错类：Himall.Service.WXApiService.GetTicket  
错误描述：请求Ticket出错，强制刷新acess_token 

Senparc.Weixin.Exceptions.ErrorJsonResultException: 微信请求发生错误！错误代码：40013，说明：invalid appid hint: [kqLyba0187b101]
   在 Senparc.Weixin.HttpUtility.Get.GetJson[T](String url, Encoding encoding)
   在 Senparc.Weixin.MP.CommonAPIs.CommonApi.GetToken(String appid, String secret, String grant_type)
   在 Senparc.Weixin.MP.CommonAPIs.AccessTokenContainer.GetTokenResult(String appId, Boolean getNewToken)
   在 Senparc.Weixin.MP.CommonAPIs.AccessTokenContainer.GetToken(String appId, Boolean getNewToken)
   在 Himall.Service.WXApiService.TryGetToken(String appId, String appSecret, Boolean getNewToken) 位置 E:\合作项目\mall\Himall3.0\src\Himall.Service\Weixin\WXApiService.cs:行号 139
   在 Himall.Service.WXApiService.GetTicket(String appid, String appsecret) 位置 E:\合作项目\mall\Himall3.0\src\Himall.Service\Weixin\WXApiService.cs:行号 92



 记录时间：2018-12-14 13:48:30,669 
日志级别：  ERROR 
出错类：Himall.Service.WXApiService.GetTicket  
错误描述：请求Ticket出错，强制刷新acess_token 

Senparc.Weixin.Exceptions.ErrorJsonResultException: 微信请求发生错误！错误代码：40013，说明：invalid appid hint: [kVkGpa02872974]
   在 Senparc.Weixin.HttpUtility.Get.GetJson[T](String url, Encoding encoding)
   在 Senparc.Weixin.MP.CommonAPIs.CommonApi.GetToken(String appid, String secret, String grant_type)
   在 Senparc.Weixin.MP.CommonAPIs.AccessTokenContainer.GetTokenResult(String appId, Boolean getNewToken)
   在 Senparc.Weixin.MP.CommonAPIs.AccessTokenContainer.GetToken(String appId, Boolean getNewToken)
   在 Himall.Service.WXApiService.TryGetToken(String appId, String appSecret, Boolean getNewToken) 位置 E:\合作项目\mall\Himall3.0\src\Himall.Service\Weixin\WXApiService.cs:行号 139
   在 Himall.Service.WXApiService.GetTicket(String appid, String appsecret) 位置 E:\合作项目\mall\Himall3.0\src\Himall.Service\Weixin\WXApiService.cs:行号 92



 记录时间：2018-12-14 13:56:15,512 
日志级别：  ERROR 
出错类：Himall.Service.WXApiService.GetTicket  
错误描述：请求Ticket出错，强制刷新acess_token 

Senparc.Weixin.Exceptions.ErrorJsonResultException: 微信请求发生错误！错误代码：40013，说明：invalid appid hint: [8vDtja07522994]
   在 Senparc.Weixin.HttpUtility.Get.GetJson[T](String url, Encoding encoding)
   在 Senparc.Weixin.MP.CommonAPIs.CommonApi.GetToken(String appid, String secret, String grant_type)
   在 Senparc.Weixin.MP.CommonAPIs.AccessTokenContainer.GetTokenResult(String appId, Boolean getNewToken)
   在 Senparc.Weixin.MP.CommonAPIs.AccessTokenContainer.GetToken(String appId, Boolean getNewToken)
   在 Himall.Service.WXApiService.TryGetToken(String appId, String appSecret, Boolean getNewToken) 位置 E:\合作项目\mall\Himall3.0\src\Himall.Service\Weixin\WXApiService.cs:行号 139
   在 Himall.Service.WXApiService.GetTicket(String appid, String appsecret) 位置 E:\合作项目\mall\Himall3.0\src\Himall.Service\Weixin\WXApiService.cs:行号 92



 记录时间：2018-12-14 13:56:37,994 
日志级别：  ERROR 
出错类：Himall.Service.WXApiService.GetTicket  
错误描述：请求Ticket出错，强制刷新acess_token 

Senparc.Weixin.Exceptions.ErrorJsonResultException: 微信请求发生错误！错误代码：40013，说明：invalid appid hint: [FI3H9a07753054]
   在 Senparc.Weixin.HttpUtility.Get.GetJson[T](String url, Encoding encoding)
   在 Senparc.Weixin.MP.CommonAPIs.CommonApi.GetToken(String appid, String secret, String grant_type)
   在 Senparc.Weixin.MP.CommonAPIs.AccessTokenContainer.GetTokenResult(String appId, Boolean getNewToken)
   在 Senparc.Weixin.MP.CommonAPIs.AccessTokenContainer.GetToken(String appId, Boolean getNewToken)
   在 Himall.Service.WXApiService.TryGetToken(String appId, String appSecret, Boolean getNewToken) 位置 E:\合作项目\mall\Himall3.0\src\Himall.Service\Weixin\WXApiService.cs:行号 139
   在 Himall.Service.WXApiService.GetTicket(String appid, String appsecret) 位置 E:\合作项目\mall\Himall3.0\src\Himall.Service\Weixin\WXApiService.cs:行号 92



 记录时间：2018-12-14 14:02:59,094 
日志级别：  ERROR 
出错类：Himall.Service.WXApiService.GetTicket  
错误描述：请求Ticket出错，强制刷新acess_token 

Senparc.Weixin.Exceptions.ErrorJsonResultException: 微信请求发生错误！错误代码：40013，说明：invalid appid hint: [xxVG_a01562994]
   在 Senparc.Weixin.HttpUtility.Get.GetJson[T](String url, Encoding encoding)
   在 Senparc.Weixin.MP.CommonAPIs.CommonApi.GetToken(String appid, String secret, String grant_type)
   在 Senparc.Weixin.MP.CommonAPIs.AccessTokenContainer.GetTokenResult(String appId, Boolean getNewToken)
   在 Senparc.Weixin.MP.CommonAPIs.AccessTokenContainer.GetToken(String appId, Boolean getNewToken)
   在 Himall.Service.WXApiService.TryGetToken(String appId, String appSecret, Boolean getNewToken) 位置 E:\合作项目\mall\Himall3.0\src\Himall.Service\Weixin\WXApiService.cs:行号 139
   在 Himall.Service.WXApiService.GetTicket(String appid, String appsecret) 位置 E:\合作项目\mall\Himall3.0\src\Himall.Service\Weixin\WXApiService.cs:行号 92



 记录时间：2018-12-14 14:16:17,478 
日志级别：  ERROR 
出错类：Himall.Service.WXApiService.GetTicket  
错误描述：请求Ticket出错，强制刷新acess_token 

Senparc.Weixin.Exceptions.ErrorJsonResultException: 微信请求发生错误！错误代码：40013，说明：invalid appid hint: [jw0LIA09541466]
   在 Senparc.Weixin.HttpUtility.Get.GetJson[T](String url, Encoding encoding)
   在 Senparc.Weixin.MP.CommonAPIs.CommonApi.GetToken(String appid, String secret, String grant_type)
   在 Senparc.Weixin.MP.CommonAPIs.AccessTokenContainer.GetTokenResult(String appId, Boolean getNewToken)
   在 Senparc.Weixin.MP.CommonAPIs.AccessTokenContainer.GetToken(String appId, Boolean getNewToken)
   在 Himall.Service.WXApiService.TryGetToken(String appId, String appSecret, Boolean getNewToken) 位置 E:\合作项目\mall\Himall3.0\src\Himall.Service\Weixin\WXApiService.cs:行号 139
   在 Himall.Service.WXApiService.GetTicket(String appid, String appsecret) 位置 E:\合作项目\mall\Himall3.0\src\Himall.Service\Weixin\WXApiService.cs:行号 92



 记录时间：2018-12-14 14:24:18,186 
日志级别：  ERROR 
出错类：Himall.Service.WXApiService.GetTicket  
错误描述：请求Ticket出错，强制刷新acess_token 

Senparc.Weixin.Exceptions.ErrorJsonResultException: 微信请求发生错误！错误代码：40013，说明：invalid appid hint: [F304353054]
   在 Senparc.Weixin.HttpUtility.Get.GetJson[T](String url, Encoding encoding)
   在 Senparc.Weixin.MP.CommonAPIs.CommonApi.GetToken(String appid, String secret, String grant_type)
   在 Senparc.Weixin.MP.CommonAPIs.AccessTokenContainer.GetTokenResult(String appId, Boolean getNewToken)
   在 Senparc.Weixin.MP.CommonAPIs.AccessTokenContainer.GetToken(String appId, Boolean getNewToken)
   在 Himall.Service.WXApiService.TryGetToken(String appId, String appSecret, Boolean getNewToken) 位置 E:\合作项目\mall\Himall3.0\src\Himall.Service\Weixin\WXApiService.cs:行号 139
   在 Himall.Service.WXApiService.GetTicket(String appid, String appsecret) 位置 E:\合作项目\mall\Himall3.0\src\Himall.Service\Weixin\WXApiService.cs:行号 92



 记录时间：2018-12-14 14:27:33,737 
日志级别：  ERROR 
出错类：Himall.Service.WXApiService.GetTicket  
错误描述：请求Ticket出错，强制刷新acess_token 

Senparc.Weixin.Exceptions.ErrorJsonResultException: 微信请求发生错误！错误代码：40013，说明：invalid appid hint: [ojIiTA06301480]
   在 Senparc.Weixin.HttpUtility.Get.GetJson[T](String url, Encoding encoding)
   在 Senparc.Weixin.MP.CommonAPIs.CommonApi.GetToken(String appid, String secret, String grant_type)
   在 Senparc.Weixin.MP.CommonAPIs.AccessTokenContainer.GetTokenResult(String appId, Boolean getNewToken)
   在 Senparc.Weixin.MP.CommonAPIs.AccessTokenContainer.GetToken(String appId, Boolean getNewToken)
   在 Himall.Service.WXApiService.TryGetToken(String appId, String appSecret, Boolean getNewToken) 位置 E:\合作项目\mall\Himall3.0\src\Himall.Service\Weixin\WXApiService.cs:行号 139
   在 Himall.Service.WXApiService.GetTicket(String appid, String appsecret) 位置 E:\合作项目\mall\Himall3.0\src\Himall.Service\Weixin\WXApiService.cs:行号 92



 记录时间：2018-12-14 14:31:11,060 
日志级别：  ERROR 
出错类：Himall.Service.WXApiService.GetTicket  
错误描述：请求Ticket出错，强制刷新acess_token 

Senparc.Weixin.Exceptions.ErrorJsonResultException: 微信请求发生错误！错误代码：40013，说明：invalid appid hint: [mrb9BA0848hb96]
   在 Senparc.Weixin.HttpUtility.Get.GetJson[T](String url, Encoding encoding)
   在 Senparc.Weixin.MP.CommonAPIs.CommonApi.GetToken(String appid, String secret, String grant_type)
   在 Senparc.Weixin.MP.CommonAPIs.AccessTokenContainer.GetTokenResult(String appId, Boolean getNewToken)
   在 Senparc.Weixin.MP.CommonAPIs.AccessTokenContainer.GetToken(String appId, Boolean getNewToken)
   在 Himall.Service.WXApiService.TryGetToken(String appId, String appSecret, Boolean getNewToken) 位置 E:\合作项目\mall\Himall3.0\src\Himall.Service\Weixin\WXApiService.cs:行号 139
   在 Himall.Service.WXApiService.GetTicket(String appid, String appsecret) 位置 E:\合作项目\mall\Himall3.0\src\Himall.Service\Weixin\WXApiService.cs:行号 92



 记录时间：2018-12-14 14:37:11,971 
日志级别：  ERROR 
出错类：Himall.Service.WXApiService.GetTicket  
错误描述：请求Ticket出错，强制刷新acess_token 

Senparc.Weixin.Exceptions.ErrorJsonResultException: 微信请求发生错误！错误代码：40013，说明：invalid appid hint: [fhmkOa02092994]
   在 Senparc.Weixin.HttpUtility.Get.GetJson[T](String url, Encoding encoding)
   在 Senparc.Weixin.MP.CommonAPIs.CommonApi.GetToken(String appid, String secret, String grant_type)
   在 Senparc.Weixin.MP.CommonAPIs.AccessTokenContainer.GetTokenResult(String appId, Boolean getNewToken)
   在 Senparc.Weixin.MP.CommonAPIs.AccessTokenContainer.GetToken(String appId, Boolean getNewToken)
   在 Himall.Service.WXApiService.TryGetToken(String appId, String appSecret, Boolean getNewToken) 位置 E:\合作项目\mall\Himall3.0\src\Himall.Service\Weixin\WXApiService.cs:行号 139
   在 Himall.Service.WXApiService.GetTicket(String appid, String appsecret) 位置 E:\合作项目\mall\Himall3.0\src\Himall.Service\Weixin\WXApiService.cs:行号 92



 记录时间：2018-12-14 14:37:57,793 
日志级别：  ERROR 
出错类：Himall.Service.WXApiService.GetTicket  
错误描述：请求Ticket出错，强制刷新acess_token 

Senparc.Weixin.Exceptions.ErrorJsonResultException: 微信请求发生错误！错误代码：40013，说明：invalid appid hint: [Mcvv4a02542994]
   在 Senparc.Weixin.HttpUtility.Get.GetJson[T](String url, Encoding encoding)
   在 Senparc.Weixin.MP.CommonAPIs.CommonApi.GetToken(String appid, String secret, String grant_type)
   在 Senparc.Weixin.MP.CommonAPIs.AccessTokenContainer.GetTokenResult(String appId, Boolean getNewToken)
   在 Senparc.Weixin.MP.CommonAPIs.AccessTokenContainer.GetToken(String appId, Boolean getNewToken)
   在 Himall.Service.WXApiService.TryGetToken(String appId, String appSecret, Boolean getNewToken) 位置 E:\合作项目\mall\Himall3.0\src\Himall.Service\Weixin\WXApiService.cs:行号 139
   在 Himall.Service.WXApiService.GetTicket(String appid, String appsecret) 位置 E:\合作项目\mall\Himall3.0\src\Himall.Service\Weixin\WXApiService.cs:行号 92



 记录时间：2018-12-14 14:39:04,041 
日志级别：  ERROR 
出错类：Himall.Service.WXApiService.GetTicket  
错误描述：请求Ticket出错，强制刷新acess_token 

Senparc.Weixin.Exceptions.ErrorJsonResultException: 微信请求发生错误！错误代码：40013，说明：invalid appid hint: [kazeNa03212994]
   在 Senparc.Weixin.HttpUtility.Get.GetJson[T](String url, Encoding encoding)
   在 Senparc.Weixin.MP.CommonAPIs.CommonApi.GetToken(String appid, String secret, String grant_type)
   在 Senparc.Weixin.MP.CommonAPIs.AccessTokenContainer.GetTokenResult(String appId, Boolean getNewToken)
   在 Senparc.Weixin.MP.CommonAPIs.AccessTokenContainer.GetToken(String appId, Boolean getNewToken)
   在 Himall.Service.WXApiService.TryGetToken(String appId, String appSecret, Boolean getNewToken) 位置 E:\合作项目\mall\Himall3.0\src\Himall.Service\Weixin\WXApiService.cs:行号 139
   在 Himall.Service.WXApiService.GetTicket(String appid, String appsecret) 位置 E:\合作项目\mall\Himall3.0\src\Himall.Service\Weixin\WXApiService.cs:行号 92



 记录时间：2018-12-14 14:42:06,291 
日志级别：  ERROR 
出错类：Himall.Service.WXApiService.GetTicket  
错误描述：请求Ticket出错，强制刷新acess_token 

Senparc.Weixin.Exceptions.ErrorJsonResultException: 微信请求发生错误！错误代码：40013，说明：invalid appid hint: [fdkTRA05033055]
   在 Senparc.Weixin.HttpUtility.Get.GetJson[T](String url, Encoding encoding)
   在 Senparc.Weixin.MP.CommonAPIs.CommonApi.GetToken(String appid, String secret, String grant_type)
   在 Senparc.Weixin.MP.CommonAPIs.AccessTokenContainer.GetTokenResult(String appId, Boolean getNewToken)
   在 Senparc.Weixin.MP.CommonAPIs.AccessTokenContainer.GetToken(String appId, Boolean getNewToken)
   在 Himall.Service.WXApiService.TryGetToken(String appId, String appSecret, Boolean getNewToken) 位置 E:\合作项目\mall\Himall3.0\src\Himall.Service\Weixin\WXApiService.cs:行号 139
   在 Himall.Service.WXApiService.GetTicket(String appid, String appsecret) 位置 E:\合作项目\mall\Himall3.0\src\Himall.Service\Weixin\WXApiService.cs:行号 92



 记录时间：2018-12-14 14:45:06,674 
日志级别：  ERROR 
出错类：Himall.Service.WXApiService.GetTicket  
错误描述：请求Ticket出错，强制刷新acess_token 

Senparc.Weixin.Exceptions.ErrorJsonResultException: 微信请求发生错误！错误代码：40013，说明：invalid appid hint: [5T0kZa0683hb92]
   在 Senparc.Weixin.HttpUtility.Get.GetJson[T](String url, Encoding encoding)
   在 Senparc.Weixin.MP.CommonAPIs.CommonApi.GetToken(String appid, String secret, String grant_type)
   在 Senparc.Weixin.MP.CommonAPIs.AccessTokenContainer.GetTokenResult(String appId, Boolean getNewToken)
   在 Senparc.Weixin.MP.CommonAPIs.AccessTokenContainer.GetToken(String appId, Boolean getNewToken)
   在 Himall.Service.WXApiService.TryGetToken(String appId, String appSecret, Boolean getNewToken) 位置 E:\合作项目\mall\Himall3.0\src\Himall.Service\Weixin\WXApiService.cs:行号 139
   在 Himall.Service.WXApiService.GetTicket(String appid, String appsecret) 位置 E:\合作项目\mall\Himall3.0\src\Himall.Service\Weixin\WXApiService.cs:行号 92



 记录时间：2018-12-14 14:50:01,046 
日志级别：  ERROR 
出错类：Himall.Service.WXApiService.GetTicket  
错误描述：请求Ticket出错，强制刷新acess_token 

Senparc.Weixin.Exceptions.ErrorJsonResultException: 微信请求发生错误！错误代码：40013，说明：invalid appid hint: [UBqM_09783055]
   在 Senparc.Weixin.HttpUtility.Get.GetJson[T](String url, Encoding encoding)
   在 Senparc.Weixin.MP.CommonAPIs.CommonApi.GetToken(String appid, String secret, String grant_type)
   在 Senparc.Weixin.MP.CommonAPIs.AccessTokenContainer.GetTokenResult(String appId, Boolean getNewToken)
   在 Senparc.Weixin.MP.CommonAPIs.AccessTokenContainer.GetToken(String appId, Boolean getNewToken)
   在 Himall.Service.WXApiService.TryGetToken(String appId, String appSecret, Boolean getNewToken) 位置 E:\合作项目\mall\Himall3.0\src\Himall.Service\Weixin\WXApiService.cs:行号 139
   在 Himall.Service.WXApiService.GetTicket(String appid, String appsecret) 位置 E:\合作项目\mall\Himall3.0\src\Himall.Service\Weixin\WXApiService.cs:行号 92



 记录时间：2018-12-14 14:59:39,989 
日志级别：  ERROR 
出错类：Himall.Service.WXApiService.GetTicket  
错误描述：请求Ticket出错，强制刷新acess_token 

Senparc.Weixin.Exceptions.ErrorJsonResultException: 微信请求发生错误！错误代码：40013，说明：invalid appid hint: [H55qbA0557hb92]
   在 Senparc.Weixin.HttpUtility.Get.GetJson[T](String url, Encoding encoding)
   在 Senparc.Weixin.MP.CommonAPIs.CommonApi.GetToken(String appid, String secret, String grant_type)
   在 Senparc.Weixin.MP.CommonAPIs.AccessTokenContainer.GetTokenResult(String appId, Boolean getNewToken)
   在 Senparc.Weixin.MP.CommonAPIs.AccessTokenContainer.GetToken(String appId, Boolean getNewToken)
   在 Himall.Service.WXApiService.TryGetToken(String appId, String appSecret, Boolean getNewToken) 位置 E:\合作项目\mall\Himall3.0\src\Himall.Service\Weixin\WXApiService.cs:行号 139
   在 Himall.Service.WXApiService.GetTicket(String appid, String appsecret) 位置 E:\合作项目\mall\Himall3.0\src\Himall.Service\Weixin\WXApiService.cs:行号 92



 记录时间：2018-12-14 15:00:24,950 
日志级别：  ERROR 
出错类：Himall.Service.WXApiService.GetTicket  
错误描述：请求Ticket出错，强制刷新acess_token 

Senparc.Weixin.Exceptions.ErrorJsonResultException: 微信请求发生错误！错误代码：40013，说明：invalid appid hint: [LDAgXa06022067]
   在 Senparc.Weixin.HttpUtility.Get.GetJson[T](String url, Encoding encoding)
   在 Senparc.Weixin.MP.CommonAPIs.CommonApi.GetToken(String appid, String secret, String grant_type)
   在 Senparc.Weixin.MP.CommonAPIs.AccessTokenContainer.GetTokenResult(String appId, Boolean getNewToken)
   在 Senparc.Weixin.MP.CommonAPIs.AccessTokenContainer.GetToken(String appId, Boolean getNewToken)
   在 Himall.Service.WXApiService.TryGetToken(String appId, String appSecret, Boolean getNewToken) 位置 E:\合作项目\mall\Himall3.0\src\Himall.Service\Weixin\WXApiService.cs:行号 139
   在 Himall.Service.WXApiService.GetTicket(String appid, String appsecret) 位置 E:\合作项目\mall\Himall3.0\src\Himall.Service\Weixin\WXApiService.cs:行号 92
