


 记录时间：2018-12-28 15:34:11,288 
日志级别：  ERROR 
出错类：Himall.Web.Framework.BaseController.OnException  
错误描述：页面未捕获的异常：Area:Web,Controller:Login,Action:GetOAuthList,id:Get:_=1545982395918post: 

System.Data.Entity.Core.EntityCommandExecutionException: 执行命令定义时出错。有关详细信息，请参阅内部异常。 ---> MySql.Data.MySqlClient.MySqlException: Timeout expired.  The timeout period elapsed prior to completion of the operation or the server is not responding. ---> System.TimeoutException: Timeout in IO operation
   在 MySql.Data.MySqlClient.TimedStream.StopTimer()
   在 MySql.Data.MySqlClient.TimedStream.Read(Byte[] buffer, Int32 offset, Int32 count)
   在 System.IO.BufferedStream.Read(Byte[] array, Int32 offset, Int32 count)
   在 MySql.Data.MySqlClient.MySqlStream.ReadFully(Stream stream, Byte[] buffer, Int32 offset, Int32 count)
   在 MySql.Data.MySqlClient.MySqlStream.LoadPacket()
   在 MySql.Data.MySqlClient.MySqlStream.ReadPacket()
   在 MySql.Data.MySqlClient.NativeDriver.GetResult(Int32& affectedRow, Int64& insertedId)
   在 MySql.Data.MySqlClient.Driver.GetResult(Int32 statementId, Int32& affectedRows, Int64& insertedId)
   在 MySql.Data.MySqlClient.Driver.NextResult(Int32 statementId, Boolean force)
   在 MySql.Data.MySqlClient.MySqlDataReader.NextResult()
   在 MySql.Data.MySqlClient.MySqlCommand.ExecuteReader(CommandBehavior behavior)
   --- 内部异常堆栈跟踪的结尾 ---
   在 MySql.Data.MySqlClient.ExceptionInterceptor.Throw(Exception exception)
   在 MySql.Data.MySqlClient.MySqlConnection.Throw(Exception ex)
   在 MySql.Data.MySqlClient.MySqlConnection.HandleTimeoutOrThreadAbort(Exception ex)
   在 MySql.Data.MySqlClient.MySqlCommand.ExecuteReader(CommandBehavior behavior)
   在 MySql.Data.Entity.EFMySqlCommand.ExecuteDbDataReader(CommandBehavior behavior)
   在 System.Data.Common.DbCommand.ExecuteReader(CommandBehavior behavior)
   在 System.Data.Entity.Infrastructure.Interception.DbCommandDispatcher.<Reader>b__c(DbCommand t, DbCommandInterceptionContext`1 c)
   在 System.Data.Entity.Infrastructure.Interception.InternalDispatcher`1.Dispatch[TTarget,TInterceptionContext,TResult](TTarget target, Func`3 operation, TInterceptionContext interceptionContext, Action`3 executing, Action`3 executed)
   在 System.Data.Entity.Infrastructure.Interception.DbCommandDispatcher.Reader(DbCommand command, DbCommandInterceptionContext interceptionContext)
   在 System.Data.Entity.Internal.InterceptableDbCommand.ExecuteDbDataReader(CommandBehavior behavior)
   在 System.Data.Common.DbCommand.ExecuteReader(CommandBehavior behavior)
   在 System.Data.Entity.Core.EntityClient.Internal.EntityCommandDefinition.ExecuteStoreCommands(EntityCommand entityCommand, CommandBehavior behavior)
   --- 内部异常堆栈跟踪的结尾 ---
   在 System.Data.Entity.Core.EntityClient.Internal.EntityCommandDefinition.ExecuteStoreCommands(EntityCommand entityCommand, CommandBehavior behavior)
   在 System.Data.Entity.Core.Objects.Internal.ObjectQueryExecutionPlan.Execute[TResultType](ObjectContext context, ObjectParameterCollection parameterValues)
   在 System.Data.Entity.Core.Objects.ObjectQuery`1.<>c__DisplayClass7.<GetResults>b__6()
   在 System.Data.Entity.Core.Objects.ObjectContext.ExecuteInTransaction[T](Func`1 func, IDbExecutionStrategy executionStrategy, Boolean startLocalTransaction, Boolean releaseConnectionOnSuccess)
   在 System.Data.Entity.Core.Objects.ObjectQuery`1.<>c__DisplayClass7.<GetResults>b__5()
   在 System.Data.Entity.Infrastructure.DefaultExecutionStrategy.Execute[TResult](Func`1 operation)
   在 System.Data.Entity.Core.Objects.ObjectQuery`1.GetResults(Nullable`1 forMergeOption)
   在 System.Data.Entity.Core.Objects.ObjectQuery`1.<System.Collections.Generic.IEnumerable<T>.GetEnumerator>b__0()
   在 System.Data.Entity.Internal.LazyEnumerator`1.MoveNext()
   在 System.Linq.Buffer`1..ctor(IEnumerable`1 source)
   在 System.Linq.Enumerable.ToArray[TSource](IEnumerable`1 source)
   在 Himall.Service.SiteSettingService.GetSiteSettings() 位置 E:\合作项目\长生树\mall\Himall3.0\src\Himall.Service\System\SiteSettingService.cs:行号 27
   在 Himall.Application.SiteSettingApplication.GetSiteSettings() 位置 E:\合作项目\长生树\mall\Himall3.0\src\Himall.Application\SiteSettingApplication.cs:行号 23
   在 Himall.Web.Framework.BaseController.get_CurrentSiteSetting() 位置 E:\合作项目\长生树\mall\Himall3.0\src\Himall.Web.Framework\BaseControllers\BaseController.cs:行号 401
   在 Himall.Web.Framework.BaseController.OnAuthorization(AuthorizationContext filterContext) 位置 E:\合作项目\长生树\mall\Himall3.0\src\Himall.Web.Framework\BaseControllers\BaseController.cs:行号 579
   在 System.Web.Mvc.Controller.System.Web.Mvc.IAuthorizationFilter.OnAuthorization(AuthorizationContext filterContext)
   在 System.Web.Mvc.ControllerActionInvoker.InvokeAuthorizationFilters(ControllerContext controllerContext, IList`1 filters, ActionDescriptor actionDescriptor)
   在 System.Web.Mvc.Async.AsyncControllerActionInvoker.<>c__DisplayClass21.<BeginInvokeAction>b__19(AsyncCallback asyncCallback, Object asyncState)



 记录时间：2018-12-28 15:34:11,353 
日志级别：  ERROR 
出错类：Himall.Web.Framework.BaseController.OnException  
错误描述：页面未捕获的异常：Area:Web,Controller:Login,Action:GetOAuthList,id:Get:_=1545982395918post: 

System.InvalidOperationException: 此请求已被阻止，因为当用在 GET 请求中时，会将敏感信息透漏给第三方网站。若要允许 GET 请求，请将 JsonRequestBehavior 设置为 AllowGet。
   在 System.Web.Mvc.JsonResult.ExecuteResult(ControllerContext context)
   在 System.Web.Mvc.ControllerActionInvoker.InvokeActionResult(ControllerContext controllerContext, ActionResult actionResult)
   在 System.Web.Mvc.Async.AsyncControllerActionInvoker.<>c__DisplayClass21.<>c__DisplayClass2d.<BeginInvokeAction>b__1d()
   在 System.Web.Mvc.Async.AsyncControllerActionInvoker.<>c__DisplayClass21.<BeginInvokeAction>b__1e(IAsyncResult asyncResult)



 记录时间：2018-12-28 15:47:37,029 
日志级别：  ERROR 
出错类：Himall.Web.Framework.BaseController.OnException  
错误描述：页面未捕获的异常：Area:Admin,Controller:OrderRefund,Action:ConfirmRefund,id:Get:post:refundId=261&managerRemark= 

System.NotSupportedException: LINQ to Entities 不识别方法“Himall.Model.OrderPayInfo LastOrDefault[OrderPayInfo](System.Linq.IQueryable`1[Himall.Model.OrderPayInfo], System.Linq.Expressions.Expression`1[System.Func`2[Himall.Model.OrderPayInfo,System.Boolean]])”，因此该方法无法转换为存储表达式。
   在 System.Data.Entity.Core.Objects.ELinq.ExpressionConverter.MethodCallTranslator.DefaultTranslator.Translate(ExpressionConverter parent, MethodCallExpression call)
   在 System.Data.Entity.Core.Objects.ELinq.ExpressionConverter.MethodCallTranslator.TypedTranslate(ExpressionConverter parent, MethodCallExpression linq)
   在 System.Data.Entity.Core.Objects.ELinq.ExpressionConverter.TypedTranslator`1.Translate(ExpressionConverter parent, Expression linq)
   在 System.Data.Entity.Core.Objects.ELinq.ExpressionConverter.TranslateExpression(Expression linq)
   在 System.Data.Entity.Core.Objects.ELinq.ExpressionConverter.Convert()
   在 System.Data.Entity.Core.Objects.ELinq.ELinqQueryState.GetExecutionPlan(Nullable`1 forMergeOption)
   在 System.Data.Entity.Core.Objects.ObjectQuery`1.<>c__DisplayClass7.<GetResults>b__6()
   在 System.Data.Entity.Core.Objects.ObjectContext.ExecuteInTransaction[T](Func`1 func, IDbExecutionStrategy executionStrategy, Boolean startLocalTransaction, Boolean releaseConnectionOnSuccess)
   在 System.Data.Entity.Core.Objects.ObjectQuery`1.<>c__DisplayClass7.<GetResults>b__5()
   在 System.Data.Entity.Infrastructure.DefaultExecutionStrategy.Execute[TResult](Func`1 operation)
   在 System.Data.Entity.Core.Objects.ObjectQuery`1.GetResults(Nullable`1 forMergeOption)
   在 System.Data.Entity.Core.Objects.ObjectQuery`1.<System.Collections.Generic.IEnumerable<T>.GetEnumerator>b__0()
   在 System.Data.Entity.Internal.LazyEnumerator`1.MoveNext()
   在 System.Linq.Enumerable.Single[TSource](IEnumerable`1 source)
   在 System.Data.Entity.Core.Objects.ELinq.ObjectQueryProvider.<GetElementFunction>b__3[TResult](IEnumerable`1 sequence)
   在 System.Data.Entity.Core.Objects.ELinq.ObjectQueryProvider.ExecuteSingle[TResult](IEnumerable`1 query, Expression queryRoot)
   在 System.Data.Entity.Core.Objects.ELinq.ObjectQueryProvider.System.Linq.IQueryProvider.Execute[TResult](Expression expression)
   在 System.Data.Entity.Internal.Linq.DbQueryProvider.Execute[TResult](Expression expression)
   在 System.Linq.Queryable.LastOrDefault[TSource](IQueryable`1 source, Expression`1 predicate)
   在 Himall.Service.RefundService.RefundBackOut(OrderRefundInfo refund, String notifyurl) 位置 E:\合作项目\长生树\mall\Himall3.0\src\Himall.Service\Order\RefundService.cs:行号 238
   在 Himall.Service.RefundService.ConfirmRefund(Int64 refundId, String managerRemark, String managerName, String notifyurl) 位置 E:\合作项目\长生树\mall\Himall3.0\src\Himall.Service\Order\RefundService.cs:行号 934
   在 Himall.Web.Areas.Admin.Controllers.OrderRefundController.ConfirmRefund(Int64 refundId, String managerRemark) 位置 E:\合作项目\长生树\mall\Himall3.0\src\Himall.Web\Areas\Admin\Controllers\OrderRefundController.cs:行号 195
   在 lambda_method(Closure , ControllerBase , Object[] )
   在 System.Web.Mvc.ActionMethodDispatcher.Execute(ControllerBase controller, Object[] parameters)
   在 System.Web.Mvc.ReflectedActionDescriptor.Execute(ControllerContext controllerContext, IDictionary`2 parameters)
   在 System.Web.Mvc.ControllerActionInvoker.InvokeActionMethod(ControllerContext controllerContext, ActionDescriptor actionDescriptor, IDictionary`2 parameters)
   在 System.Web.Mvc.Async.AsyncControllerActionInvoker.<BeginInvokeSynchronousActionMethod>b__39(IAsyncResult asyncResult, ActionInvocation innerInvokeState)
   在 System.Web.Mvc.Async.AsyncResultWrapper.WrappedAsyncResult`2.CallEndDelegate(IAsyncResult asyncResult)
   在 System.Web.Mvc.Async.AsyncResultWrapper.WrappedAsyncResultBase`1.End()
   在 System.Web.Mvc.Async.AsyncControllerActionInvoker.EndInvokeActionMethod(IAsyncResult asyncResult)
   在 System.Web.Mvc.Async.AsyncControllerActionInvoker.AsyncInvocationWithFilters.<InvokeActionMethodFilterAsynchronouslyRecursive>b__3d()
   在 System.Web.Mvc.Async.AsyncControllerActionInvoker.AsyncInvocationWithFilters.<>c__DisplayClass46.<InvokeActionMethodFilterAsynchronouslyRecursive>b__3f()
   在 System.Web.Mvc.Async.AsyncControllerActionInvoker.AsyncInvocationWithFilters.<>c__DisplayClass46.<InvokeActionMethodFilterAsynchronouslyRecursive>b__3f()
   在 System.Web.Mvc.Async.AsyncControllerActionInvoker.<>c__DisplayClass33.<BeginInvokeActionMethodWithFilters>b__32(IAsyncResult asyncResult)
   在 System.Web.Mvc.Async.AsyncResultWrapper.WrappedAsyncResult`1.CallEndDelegate(IAsyncResult asyncResult)
   在 System.Web.Mvc.Async.AsyncResultWrapper.WrappedAsyncResultBase`1.End()
   在 System.Web.Mvc.Async.AsyncControllerActionInvoker.EndInvokeActionMethodWithFilters(IAsyncResult asyncResult)
   在 System.Web.Mvc.Async.AsyncControllerActionInvoker.<>c__DisplayClass21.<>c__DisplayClass2b.<BeginInvokeAction>b__1c()
   在 System.Web.Mvc.Async.AsyncControllerActionInvoker.<>c__DisplayClass21.<BeginInvokeAction>b__1e(IAsyncResult asyncResult)



 记录时间：2018-12-28 15:53:31,918 
日志级别：  ERROR 
出错类：Himall.Web.Framework.BaseController.OnException  
错误描述：页面未捕获的异常：Area:Admin,Controller:OrderRefund,Action:ConfirmRefund,id:Get:post:refundId=261&managerRemark= 

System.NotSupportedException: LINQ to Entities 不识别方法“Himall.Model.OrderPayInfo LastOrDefault[OrderPayInfo](System.Linq.IQueryable`1[Himall.Model.OrderPayInfo], System.Linq.Expressions.Expression`1[System.Func`2[Himall.Model.OrderPayInfo,System.Boolean]])”，因此该方法无法转换为存储表达式。
   在 System.Data.Entity.Core.Objects.ELinq.ExpressionConverter.MethodCallTranslator.DefaultTranslator.Translate(ExpressionConverter parent, MethodCallExpression call)
   在 System.Data.Entity.Core.Objects.ELinq.ExpressionConverter.MethodCallTranslator.TypedTranslate(ExpressionConverter parent, MethodCallExpression linq)
   在 System.Data.Entity.Core.Objects.ELinq.ExpressionConverter.TypedTranslator`1.Translate(ExpressionConverter parent, Expression linq)
   在 System.Data.Entity.Core.Objects.ELinq.ExpressionConverter.TranslateExpression(Expression linq)
   在 System.Data.Entity.Core.Objects.ELinq.ExpressionConverter.Convert()
   在 System.Data.Entity.Core.Objects.ELinq.ELinqQueryState.GetExecutionPlan(Nullable`1 forMergeOption)
   在 System.Data.Entity.Core.Objects.ObjectQuery`1.<>c__DisplayClass7.<GetResults>b__6()
   在 System.Data.Entity.Core.Objects.ObjectContext.ExecuteInTransaction[T](Func`1 func, IDbExecutionStrategy executionStrategy, Boolean startLocalTransaction, Boolean releaseConnectionOnSuccess)
   在 System.Data.Entity.Core.Objects.ObjectQuery`1.<>c__DisplayClass7.<GetResults>b__5()
   在 System.Data.Entity.Infrastructure.DefaultExecutionStrategy.Execute[TResult](Func`1 operation)
   在 System.Data.Entity.Core.Objects.ObjectQuery`1.GetResults(Nullable`1 forMergeOption)
   在 System.Data.Entity.Core.Objects.ObjectQuery`1.<System.Collections.Generic.IEnumerable<T>.GetEnumerator>b__0()
   在 System.Data.Entity.Internal.LazyEnumerator`1.MoveNext()
   在 System.Linq.Enumerable.Single[TSource](IEnumerable`1 source)
   在 System.Data.Entity.Core.Objects.ELinq.ObjectQueryProvider.<GetElementFunction>b__3[TResult](IEnumerable`1 sequence)
   在 System.Data.Entity.Core.Objects.ELinq.ObjectQueryProvider.ExecuteSingle[TResult](IEnumerable`1 query, Expression queryRoot)
   在 System.Data.Entity.Core.Objects.ELinq.ObjectQueryProvider.System.Linq.IQueryProvider.Execute[TResult](Expression expression)
   在 System.Data.Entity.Internal.Linq.DbQueryProvider.Execute[TResult](Expression expression)
   在 System.Linq.Queryable.LastOrDefault[TSource](IQueryable`1 source, Expression`1 predicate)
   在 Himall.Service.RefundService.RefundBackOut(OrderRefundInfo refund, String notifyurl) 位置 E:\合作项目\长生树\mall\Himall3.0\src\Himall.Service\Order\RefundService.cs:行号 238
   在 Himall.Service.RefundService.ConfirmRefund(Int64 refundId, String managerRemark, String managerName, String notifyurl) 位置 E:\合作项目\长生树\mall\Himall3.0\src\Himall.Service\Order\RefundService.cs:行号 934
   在 Himall.Web.Areas.Admin.Controllers.OrderRefundController.ConfirmRefund(Int64 refundId, String managerRemark) 位置 E:\合作项目\长生树\mall\Himall3.0\src\Himall.Web\Areas\Admin\Controllers\OrderRefundController.cs:行号 195
   在 lambda_method(Closure , ControllerBase , Object[] )
   在 System.Web.Mvc.ActionMethodDispatcher.Execute(ControllerBase controller, Object[] parameters)
   在 System.Web.Mvc.ReflectedActionDescriptor.Execute(ControllerContext controllerContext, IDictionary`2 parameters)
   在 System.Web.Mvc.ControllerActionInvoker.InvokeActionMethod(ControllerContext controllerContext, ActionDescriptor actionDescriptor, IDictionary`2 parameters)
   在 System.Web.Mvc.Async.AsyncControllerActionInvoker.<BeginInvokeSynchronousActionMethod>b__39(IAsyncResult asyncResult, ActionInvocation innerInvokeState)
   在 System.Web.Mvc.Async.AsyncResultWrapper.WrappedAsyncResult`2.CallEndDelegate(IAsyncResult asyncResult)
   在 System.Web.Mvc.Async.AsyncResultWrapper.WrappedAsyncResultBase`1.End()
   在 System.Web.Mvc.Async.AsyncControllerActionInvoker.EndInvokeActionMethod(IAsyncResult asyncResult)
   在 System.Web.Mvc.Async.AsyncControllerActionInvoker.AsyncInvocationWithFilters.<InvokeActionMethodFilterAsynchronouslyRecursive>b__3d()
   在 System.Web.Mvc.Async.AsyncControllerActionInvoker.AsyncInvocationWithFilters.<>c__DisplayClass46.<InvokeActionMethodFilterAsynchronouslyRecursive>b__3f()
   在 System.Web.Mvc.Async.AsyncControllerActionInvoker.AsyncInvocationWithFilters.<>c__DisplayClass46.<InvokeActionMethodFilterAsynchronouslyRecursive>b__3f()
   在 System.Web.Mvc.Async.AsyncControllerActionInvoker.<>c__DisplayClass33.<BeginInvokeActionMethodWithFilters>b__32(IAsyncResult asyncResult)
   在 System.Web.Mvc.Async.AsyncResultWrapper.WrappedAsyncResult`1.CallEndDelegate(IAsyncResult asyncResult)
   在 System.Web.Mvc.Async.AsyncResultWrapper.WrappedAsyncResultBase`1.End()
   在 System.Web.Mvc.Async.AsyncControllerActionInvoker.EndInvokeActionMethodWithFilters(IAsyncResult asyncResult)
   在 System.Web.Mvc.Async.AsyncControllerActionInvoker.<>c__DisplayClass21.<>c__DisplayClass2b.<BeginInvokeAction>b__1c()
   在 System.Web.Mvc.Async.AsyncControllerActionInvoker.<>c__DisplayClass21.<BeginInvokeAction>b__1e(IAsyncResult asyncResult)
