


 记录时间：2018-12-03 09:16:24,125 
日志级别：  ERROR 
出错类：Himall.Service.WXApiService.GetTicket  
错误描述：请求Ticket出错，强制刷新acess_token 

Senparc.Weixin.Exceptions.ErrorJsonResultException: 微信请求发生错误！错误代码：40013，说明：invalid appid hint: [rKbpAa05683055]
   在 Senparc.Weixin.HttpUtility.Get.GetJson[T](String url, Encoding encoding)
   在 Senparc.Weixin.MP.CommonAPIs.CommonApi.GetToken(String appid, String secret, String grant_type)
   在 Senparc.Weixin.MP.CommonAPIs.AccessTokenContainer.GetTokenResult(String appId, Boolean getNewToken)
   在 Senparc.Weixin.MP.CommonAPIs.AccessTokenContainer.GetToken(String appId, Boolean getNewToken)
   在 Himall.Service.WXApiService.TryGetToken(String appId, String appSecret, Boolean getNewToken) 位置 E:\合作项目\mall\Himall3.0\src\Himall.Service\Weixin\WXApiService.cs:行号 139
   在 Himall.Service.WXApiService.GetTicket(String appid, String appsecret) 位置 E:\合作项目\mall\Himall3.0\src\Himall.Service\Weixin\WXApiService.cs:行号 92



 记录时间：2018-12-03 09:16:57,977 
日志级别：  ERROR 
出错类：Himall.Service.WXApiService.GetTicket  
错误描述：请求Ticket出错，强制刷新acess_token 

Senparc.Weixin.Exceptions.ErrorJsonResultException: 微信请求发生错误！错误代码：40013，说明：invalid appid hint: [lkmJya06023612]
   在 Senparc.Weixin.HttpUtility.Get.GetJson[T](String url, Encoding encoding)
   在 Senparc.Weixin.MP.CommonAPIs.CommonApi.GetToken(String appid, String secret, String grant_type)
   在 Senparc.Weixin.MP.CommonAPIs.AccessTokenContainer.GetTokenResult(String appId, Boolean getNewToken)
   在 Senparc.Weixin.MP.CommonAPIs.AccessTokenContainer.GetToken(String appId, Boolean getNewToken)
   在 Himall.Service.WXApiService.TryGetToken(String appId, String appSecret, Boolean getNewToken) 位置 E:\合作项目\mall\Himall3.0\src\Himall.Service\Weixin\WXApiService.cs:行号 139
   在 Himall.Service.WXApiService.GetTicket(String appid, String appsecret) 位置 E:\合作项目\mall\Himall3.0\src\Himall.Service\Weixin\WXApiService.cs:行号 92



 记录时间：2018-12-03 09:20:18,151 
日志级别：  ERROR 
出错类：Himall.Service.WXApiService.GetTicket  
错误描述：请求Ticket出错，强制刷新acess_token 

Senparc.Weixin.Exceptions.ErrorJsonResultException: 微信请求发生错误！错误代码：40013，说明：invalid appid hint: [ITlnaa0802hb96]
   在 Senparc.Weixin.HttpUtility.Get.GetJson[T](String url, Encoding encoding)
   在 Senparc.Weixin.MP.CommonAPIs.CommonApi.GetToken(String appid, String secret, String grant_type)
   在 Senparc.Weixin.MP.CommonAPIs.AccessTokenContainer.GetTokenResult(String appId, Boolean getNewToken)
   在 Senparc.Weixin.MP.CommonAPIs.AccessTokenContainer.GetToken(String appId, Boolean getNewToken)
   在 Himall.Service.WXApiService.TryGetToken(String appId, String appSecret, Boolean getNewToken) 位置 E:\合作项目\mall\Himall3.0\src\Himall.Service\Weixin\WXApiService.cs:行号 139
   在 Himall.Service.WXApiService.GetTicket(String appid, String appsecret) 位置 E:\合作项目\mall\Himall3.0\src\Himall.Service\Weixin\WXApiService.cs:行号 92



 记录时间：2018-12-03 09:29:57,925 
日志级别：  ERROR 
出错类：Himall.Web.Framework.BaseController.OnException  
错误描述：页面未捕获的异常：Area:Web,Controller:home,Action:Index,id:Get:post: 

System.Data.Entity.Core.EntityException: 基础提供程序在 Open 上失败。 ---> MySql.Data.MySqlClient.MySqlException: Unable to connect to any of the specified MySQL hosts.
   在 MySql.Data.MySqlClient.NativeDriver.Open()
   在 MySql.Data.MySqlClient.Driver.Open()
   在 MySql.Data.MySqlClient.Driver.Create(MySqlConnectionStringBuilder settings)
   在 MySql.Data.MySqlClient.MySqlPool.CreateNewPooledConnection()
   在 MySql.Data.MySqlClient.MySqlPool.GetPooledConnection()
   在 MySql.Data.MySqlClient.MySqlPool.TryToGetDriver()
   在 MySql.Data.MySqlClient.MySqlPool.GetConnection()
   在 MySql.Data.MySqlClient.MySqlConnection.Open()
   在 System.Data.Entity.Infrastructure.Interception.DbConnectionDispatcher.<Open>b__36(DbConnection t, DbConnectionInterceptionContext c)
   在 System.Data.Entity.Infrastructure.Interception.InternalDispatcher`1.Dispatch[TTarget,TInterceptionContext](TTarget target, Action`2 operation, TInterceptionContext interceptionContext, Action`3 executing, Action`3 executed)
   在 System.Data.Entity.Infrastructure.Interception.DbConnectionDispatcher.Open(DbConnection connection, DbInterceptionContext interceptionContext)
   在 System.Data.Entity.Core.EntityClient.EntityConnection.<Open>b__2()
   在 System.Data.Entity.Infrastructure.DefaultExecutionStrategy.Execute(Action operation)
   在 System.Data.Entity.Core.EntityClient.EntityConnection.Open()
   --- 内部异常堆栈跟踪的结尾 ---
   在 System.Data.Entity.Core.EntityClient.EntityConnection.Open()
   在 System.Data.Entity.Core.Objects.ObjectContext.EnsureConnection(Boolean shouldMonitorTransactions)
   在 System.Data.Entity.Core.Objects.ObjectContext.ExecuteInTransaction[T](Func`1 func, IDbExecutionStrategy executionStrategy, Boolean startLocalTransaction, Boolean releaseConnectionOnSuccess)
   在 System.Data.Entity.Core.Objects.ObjectQuery`1.<>c__DisplayClass7.<GetResults>b__5()
   在 System.Data.Entity.Infrastructure.DefaultExecutionStrategy.Execute[TResult](Func`1 operation)
   在 System.Data.Entity.Core.Objects.ObjectQuery`1.GetResults(Nullable`1 forMergeOption)
   在 System.Data.Entity.Core.Objects.ObjectQuery`1.<System.Collections.Generic.IEnumerable<T>.GetEnumerator>b__0()
   在 System.Data.Entity.Internal.LazyEnumerator`1.MoveNext()
   在 System.Linq.Buffer`1..ctor(IEnumerable`1 source)
   在 System.Linq.Enumerable.ToArray[TSource](IEnumerable`1 source)
   在 Himall.Service.SiteSettingService.GetSiteSettings() 位置 E:\合作项目\mall\Himall3.0\src\Himall.Service\System\SiteSettingService.cs:行号 27
   在 Himall.Application.SiteSettingApplication.GetSiteSettings() 位置 E:\合作项目\mall\Himall3.0\src\Himall.Application\SiteSettingApplication.cs:行号 23
   在 Himall.Web.Framework.BaseController.get_CurrentSiteSetting() 位置 E:\合作项目\mall\Himall3.0\src\Himall.Web.Framework\BaseControllers\BaseController.cs:行号 401
   在 Himall.Web.Framework.BaseController.OnAuthorization(AuthorizationContext filterContext) 位置 E:\合作项目\mall\Himall3.0\src\Himall.Web.Framework\BaseControllers\BaseController.cs:行号 579
   在 System.Web.Mvc.Controller.System.Web.Mvc.IAuthorizationFilter.OnAuthorization(AuthorizationContext filterContext)
   在 System.Web.Mvc.ControllerActionInvoker.InvokeAuthorizationFilters(ControllerContext controllerContext, IList`1 filters, ActionDescriptor actionDescriptor)
   在 System.Web.Mvc.Async.AsyncControllerActionInvoker.<>c__DisplayClass21.<BeginInvokeAction>b__19(AsyncCallback asyncCallback, Object asyncState)



 记录时间：2018-12-03 10:05:19,352 
日志级别：  ERROR 
出错类：Himall.Service.WXApiService.GetTicket  
错误描述：请求Ticket出错，强制刷新acess_token 

Senparc.Weixin.Exceptions.ErrorJsonResultException: 微信请求发生错误！错误代码：40013，说明：invalid appid hint: [vYE9Qa0504hb97]
   在 Senparc.Weixin.HttpUtility.Get.GetJson[T](String url, Encoding encoding)
   在 Senparc.Weixin.MP.CommonAPIs.CommonApi.GetToken(String appid, String secret, String grant_type)
   在 Senparc.Weixin.MP.CommonAPIs.AccessTokenContainer.GetTokenResult(String appId, Boolean getNewToken)
   在 Senparc.Weixin.MP.CommonAPIs.AccessTokenContainer.GetToken(String appId, Boolean getNewToken)
   在 Himall.Service.WXApiService.TryGetToken(String appId, String appSecret, Boolean getNewToken) 位置 E:\合作项目\mall\Himall3.0\src\Himall.Service\Weixin\WXApiService.cs:行号 139
   在 Himall.Service.WXApiService.GetTicket(String appid, String appsecret) 位置 E:\合作项目\mall\Himall3.0\src\Himall.Service\Weixin\WXApiService.cs:行号 92



 记录时间：2018-12-03 14:39:25,175 
日志级别：  ERROR 
出错类：Himall.Web.Framework.BaseController.OnException  
错误描述：页面未捕获的异常：Area:Mobile,Controller:Login,Action:Skip,id:Get:post:openId=&serviceProvider=&realName=&nickName=&headimgurl=&appidtype=&unionid=&sex=&city=&province=&country=&MemberPhone=13272818371&checkcode=111 

System.ArgumentNullException: 值不能为 null。
参数名: unionid and openId
   在 Himall.Service.MemberService.QuickRegister(String username, String realName, String nickName, String serviceProvider, String openId, String unionid, String sex, String headImage, AppIdTypeEnum appidtype, String unionopenid, String city, String province) 位置 E:\合作项目\mall\Himall3.0\src\Himall.Service\Member\MemberService.cs:行号 1253
   在 Himall.Web.Areas.Mobile.Controllers.LoginController.Skip(String MemberPhone, String checkcode, String serviceProvider, String openId, String nickName, String realName, String headimgurl, AppIdTypeEnum appidtype, String unionid, String sex, String city, String province) 位置 E:\合作项目\mall\Himall3.0\src\Himall.Web\Areas\Mobile\Controllers\LoginController.cs:行号 89
   在 lambda_method(Closure , ControllerBase , Object[] )
   在 System.Web.Mvc.ActionMethodDispatcher.Execute(ControllerBase controller, Object[] parameters)
   在 System.Web.Mvc.ReflectedActionDescriptor.Execute(ControllerContext controllerContext, IDictionary`2 parameters)
   在 System.Web.Mvc.ControllerActionInvoker.InvokeActionMethod(ControllerContext controllerContext, ActionDescriptor actionDescriptor, IDictionary`2 parameters)
   在 System.Web.Mvc.Async.AsyncControllerActionInvoker.<BeginInvokeSynchronousActionMethod>b__39(IAsyncResult asyncResult, ActionInvocation innerInvokeState)
   在 System.Web.Mvc.Async.AsyncResultWrapper.WrappedAsyncResult`2.CallEndDelegate(IAsyncResult asyncResult)
   在 System.Web.Mvc.Async.AsyncResultWrapper.WrappedAsyncResultBase`1.End()
   在 System.Web.Mvc.Async.AsyncControllerActionInvoker.EndInvokeActionMethod(IAsyncResult asyncResult)
   在 System.Web.Mvc.Async.AsyncControllerActionInvoker.AsyncInvocationWithFilters.<InvokeActionMethodFilterAsynchronouslyRecursive>b__3d()
   在 System.Web.Mvc.Async.AsyncControllerActionInvoker.AsyncInvocationWithFilters.<>c__DisplayClass46.<InvokeActionMethodFilterAsynchronouslyRecursive>b__3f()
   在 System.Web.Mvc.Async.AsyncControllerActionInvoker.AsyncInvocationWithFilters.<>c__DisplayClass46.<InvokeActionMethodFilterAsynchronouslyRecursive>b__3f()
   在 System.Web.Mvc.Async.AsyncControllerActionInvoker.<>c__DisplayClass33.<BeginInvokeActionMethodWithFilters>b__32(IAsyncResult asyncResult)
   在 System.Web.Mvc.Async.AsyncResultWrapper.WrappedAsyncResult`1.CallEndDelegate(IAsyncResult asyncResult)
   在 System.Web.Mvc.Async.AsyncResultWrapper.WrappedAsyncResultBase`1.End()
   在 System.Web.Mvc.Async.AsyncControllerActionInvoker.EndInvokeActionMethodWithFilters(IAsyncResult asyncResult)
   在 System.Web.Mvc.Async.AsyncControllerActionInvoker.<>c__DisplayClass21.<>c__DisplayClass2b.<BeginInvokeAction>b__1c()
   在 System.Web.Mvc.Async.AsyncControllerActionInvoker.<>c__DisplayClass21.<BeginInvokeAction>b__1e(IAsyncResult asyncResult)



 记录时间：2018-12-03 14:49:09,151 
日志级别：  ERROR 
出错类：Himall.Web.Framework.BaseController.OnException  
错误描述：页面未捕获的异常：Area:Mobile,Controller:Login,Action:Skip,id:Get:post:openId=&serviceProvider=&realName=&nickName=&headimgurl=&appidtype=&unionid=&sex=&city=&province=&country=&MemberPhone=13272818371&checkcode=111 

System.NullReferenceException: 未将对象引用设置到对象的实例。
   在 Himall.Web.Areas.Mobile.Controllers.LoginController.CheckCode(String code, String destination) 位置 E:\合作项目\mall\Himall3.0\src\Himall.Web\Areas\Mobile\Controllers\LoginController.cs:行号 317
   在 Himall.Web.Areas.Mobile.Controllers.LoginController.Skip(String MemberPhone, String checkcode, String serviceProvider, String openId, String nickName, String realName, String headimgurl, AppIdTypeEnum appidtype, String unionid, String sex, String city, String province) 位置 E:\合作项目\mall\Himall3.0\src\Himall.Web\Areas\Mobile\Controllers\LoginController.cs:行号 74
   在 lambda_method(Closure , ControllerBase , Object[] )
   在 System.Web.Mvc.ActionMethodDispatcher.Execute(ControllerBase controller, Object[] parameters)
   在 System.Web.Mvc.ReflectedActionDescriptor.Execute(ControllerContext controllerContext, IDictionary`2 parameters)
   在 System.Web.Mvc.ControllerActionInvoker.InvokeActionMethod(ControllerContext controllerContext, ActionDescriptor actionDescriptor, IDictionary`2 parameters)
   在 System.Web.Mvc.Async.AsyncControllerActionInvoker.<BeginInvokeSynchronousActionMethod>b__39(IAsyncResult asyncResult, ActionInvocation innerInvokeState)
   在 System.Web.Mvc.Async.AsyncResultWrapper.WrappedAsyncResult`2.CallEndDelegate(IAsyncResult asyncResult)
   在 System.Web.Mvc.Async.AsyncResultWrapper.WrappedAsyncResultBase`1.End()
   在 System.Web.Mvc.Async.AsyncControllerActionInvoker.EndInvokeActionMethod(IAsyncResult asyncResult)
   在 System.Web.Mvc.Async.AsyncControllerActionInvoker.AsyncInvocationWithFilters.<InvokeActionMethodFilterAsynchronouslyRecursive>b__3d()
   在 System.Web.Mvc.Async.AsyncControllerActionInvoker.AsyncInvocationWithFilters.<>c__DisplayClass46.<InvokeActionMethodFilterAsynchronouslyRecursive>b__3f()
   在 System.Web.Mvc.Async.AsyncControllerActionInvoker.AsyncInvocationWithFilters.<>c__DisplayClass46.<InvokeActionMethodFilterAsynchronouslyRecursive>b__3f()
   在 System.Web.Mvc.Async.AsyncControllerActionInvoker.<>c__DisplayClass33.<BeginInvokeActionMethodWithFilters>b__32(IAsyncResult asyncResult)
   在 System.Web.Mvc.Async.AsyncResultWrapper.WrappedAsyncResult`1.CallEndDelegate(IAsyncResult asyncResult)
   在 System.Web.Mvc.Async.AsyncResultWrapper.WrappedAsyncResultBase`1.End()
   在 System.Web.Mvc.Async.AsyncControllerActionInvoker.EndInvokeActionMethodWithFilters(IAsyncResult asyncResult)
   在 System.Web.Mvc.Async.AsyncControllerActionInvoker.<>c__DisplayClass21.<>c__DisplayClass2b.<BeginInvokeAction>b__1c()
   在 System.Web.Mvc.Async.AsyncControllerActionInvoker.<>c__DisplayClass21.<BeginInvokeAction>b__1e(IAsyncResult asyncResult)



 记录时间：2018-12-03 14:52:51,182 
日志级别：  ERROR 
出错类：Himall.Web.Framework.BaseController.OnException  
错误描述：页面未捕获的异常：Area:Mobile,Controller:Login,Action:SendCode,id:Get:post:destination=13272818371&pluginId=Himall.Plugin.Message.SMS 

System.NullReferenceException: 未将对象引用设置到对象的实例。
   在 Himall.Web.Areas.Mobile.Controllers.LoginController.SendCode(String pluginId, String destination, Boolean checkBind) 位置 E:\合作项目\mall\Himall3.0\src\Himall.Web\Areas\Mobile\Controllers\LoginController.cs:行号 48
   在 lambda_method(Closure , ControllerBase , Object[] )
   在 System.Web.Mvc.ActionMethodDispatcher.Execute(ControllerBase controller, Object[] parameters)
   在 System.Web.Mvc.ReflectedActionDescriptor.Execute(ControllerContext controllerContext, IDictionary`2 parameters)
   在 System.Web.Mvc.ControllerActionInvoker.InvokeActionMethod(ControllerContext controllerContext, ActionDescriptor actionDescriptor, IDictionary`2 parameters)
   在 System.Web.Mvc.Async.AsyncControllerActionInvoker.<BeginInvokeSynchronousActionMethod>b__39(IAsyncResult asyncResult, ActionInvocation innerInvokeState)
   在 System.Web.Mvc.Async.AsyncResultWrapper.WrappedAsyncResult`2.CallEndDelegate(IAsyncResult asyncResult)
   在 System.Web.Mvc.Async.AsyncResultWrapper.WrappedAsyncResultBase`1.End()
   在 System.Web.Mvc.Async.AsyncControllerActionInvoker.EndInvokeActionMethod(IAsyncResult asyncResult)
   在 System.Web.Mvc.Async.AsyncControllerActionInvoker.AsyncInvocationWithFilters.<InvokeActionMethodFilterAsynchronouslyRecursive>b__3d()
   在 System.Web.Mvc.Async.AsyncControllerActionInvoker.AsyncInvocationWithFilters.<>c__DisplayClass46.<InvokeActionMethodFilterAsynchronouslyRecursive>b__3f()
   在 System.Web.Mvc.Async.AsyncControllerActionInvoker.AsyncInvocationWithFilters.<>c__DisplayClass46.<InvokeActionMethodFilterAsynchronouslyRecursive>b__3f()
   在 System.Web.Mvc.Async.AsyncControllerActionInvoker.<>c__DisplayClass33.<BeginInvokeActionMethodWithFilters>b__32(IAsyncResult asyncResult)
   在 System.Web.Mvc.Async.AsyncResultWrapper.WrappedAsyncResult`1.CallEndDelegate(IAsyncResult asyncResult)
   在 System.Web.Mvc.Async.AsyncResultWrapper.WrappedAsyncResultBase`1.End()
   在 System.Web.Mvc.Async.AsyncControllerActionInvoker.EndInvokeActionMethodWithFilters(IAsyncResult asyncResult)
   在 System.Web.Mvc.Async.AsyncControllerActionInvoker.<>c__DisplayClass21.<>c__DisplayClass2b.<BeginInvokeAction>b__1c()
   在 System.Web.Mvc.Async.AsyncControllerActionInvoker.<>c__DisplayClass21.<BeginInvokeAction>b__1e(IAsyncResult asyncResult)



 记录时间：2018-12-03 16:17:49,330 
日志级别：  ERROR 
出错类：Himall.Service.WXApiService.GetTicket  
错误描述：请求Ticket出错，强制刷新acess_token 

Senparc.Weixin.Exceptions.ErrorJsonResultException: 微信请求发生错误！错误代码：40013，说明：invalid appid hint: [ZfFp_a0853b101]
   在 Senparc.Weixin.HttpUtility.Get.GetJson[T](String url, Encoding encoding)
   在 Senparc.Weixin.MP.CommonAPIs.CommonApi.GetToken(String appid, String secret, String grant_type)
   在 Senparc.Weixin.MP.CommonAPIs.AccessTokenContainer.GetTokenResult(String appId, Boolean getNewToken)
   在 Senparc.Weixin.MP.CommonAPIs.AccessTokenContainer.GetToken(String appId, Boolean getNewToken)
   在 Himall.Service.WXApiService.TryGetToken(String appId, String appSecret, Boolean getNewToken) 位置 E:\合作项目\mall\Himall3.0\src\Himall.Service\Weixin\WXApiService.cs:行号 139
   在 Himall.Service.WXApiService.GetTicket(String appid, String appsecret) 位置 E:\合作项目\mall\Himall3.0\src\Himall.Service\Weixin\WXApiService.cs:行号 92



 记录时间：2018-12-03 16:57:00,493 
日志级别：  ERROR 
出错类：Himall.Web.Framework.BaseController.OnException  
错误描述：页面未捕获的异常：Area:Mobile,Controller:product,Action:detail,id:Get:post: 

System.Net.WebException: 请求被中止: 操作超时。
   在 System.Net.WebClient.DownloadDataInternal(Uri address, WebRequest& request)
   在 System.Net.WebClient.DownloadData(Uri address)
   在 System.Net.WebClient.DownloadData(String address)
   在 Himall.Application.ProductManagerApplication.CreatWAPHtml(Int64 productId) 位置 E:\合作项目\mall\Himall3.0\src\Himall.Application\ProductManagerApplication.cs:行号 178
   在 Himall.Application.ProductManagerApplication.RefreshWAPLocalProductHtml(Int64 productId, String htmlUrl, String targetFilename) 位置 E:\合作项目\mall\Himall3.0\src\Himall.Application\ProductManagerApplication.cs:行号 267
   在 Himall.Application.ProductManagerApplication.GetWAPHtml(Int64 productId) 位置 E:\合作项目\mall\Himall3.0\src\Himall.Application\ProductManagerApplication.cs:行号 229
   在 Himall.Web.Areas.Mobile.Controllers.ProductController.Detail(String id, Int64 partnerid, Int32 nojumpfg) 位置 E:\合作项目\mall\Himall3.0\src\Himall.Web\Areas\Mobile\Controllers\ProductController.cs:行号 218
   在 lambda_method(Closure , ControllerBase , Object[] )
   在 System.Web.Mvc.ActionMethodDispatcher.Execute(ControllerBase controller, Object[] parameters)
   在 System.Web.Mvc.ReflectedActionDescriptor.Execute(ControllerContext controllerContext, IDictionary`2 parameters)
   在 System.Web.Mvc.ControllerActionInvoker.InvokeActionMethod(ControllerContext controllerContext, ActionDescriptor actionDescriptor, IDictionary`2 parameters)
   在 System.Web.Mvc.Async.AsyncControllerActionInvoker.<BeginInvokeSynchronousActionMethod>b__39(IAsyncResult asyncResult, ActionInvocation innerInvokeState)
   在 System.Web.Mvc.Async.AsyncResultWrapper.WrappedAsyncResult`2.CallEndDelegate(IAsyncResult asyncResult)
   在 System.Web.Mvc.Async.AsyncResultWrapper.WrappedAsyncResultBase`1.End()
   在 System.Web.Mvc.Async.AsyncControllerActionInvoker.EndInvokeActionMethod(IAsyncResult asyncResult)
   在 System.Web.Mvc.Async.AsyncControllerActionInvoker.AsyncInvocationWithFilters.<InvokeActionMethodFilterAsynchronouslyRecursive>b__3d()
   在 System.Web.Mvc.Async.AsyncControllerActionInvoker.AsyncInvocationWithFilters.<>c__DisplayClass46.<InvokeActionMethodFilterAsynchronouslyRecursive>b__3f()
   在 System.Web.Mvc.Async.AsyncControllerActionInvoker.AsyncInvocationWithFilters.<>c__DisplayClass46.<InvokeActionMethodFilterAsynchronouslyRecursive>b__3f()
   在 System.Web.Mvc.Async.AsyncControllerActionInvoker.<>c__DisplayClass33.<BeginInvokeActionMethodWithFilters>b__32(IAsyncResult asyncResult)
   在 System.Web.Mvc.Async.AsyncResultWrapper.WrappedAsyncResult`1.CallEndDelegate(IAsyncResult asyncResult)
   在 System.Web.Mvc.Async.AsyncResultWrapper.WrappedAsyncResultBase`1.End()
   在 System.Web.Mvc.Async.AsyncControllerActionInvoker.EndInvokeActionMethodWithFilters(IAsyncResult asyncResult)
   在 System.Web.Mvc.Async.AsyncControllerActionInvoker.<>c__DisplayClass21.<>c__DisplayClass2b.<BeginInvokeAction>b__1c()
   在 System.Web.Mvc.Async.AsyncControllerActionInvoker.<>c__DisplayClass21.<BeginInvokeAction>b__1e(IAsyncResult asyncResult)
