


 记录时间：2019-01-02 11:23:41,823 
日志级别：  ERROR 
出错类：Himall.Web.Framework.BaseController.OnException  
错误描述：页面未捕获的异常：Area:Mobile,Controller:Product,Action:Details,id:Get:nojumpfg=1post: 

System.NullReferenceException: 未将对象引用设置到对象的实例。
   在 Himall.Web.Areas.Mobile.Controllers.ProductController.Details(Int64 id, Int64 partnerid, Int32 nojumpfg) 位置 E:\合作项目\长生树\mall\Himall3.0\src\Himall.Web\Areas\Mobile\Controllers\ProductController.cs:行号 307
   在 lambda_method(Closure , ControllerBase , Object[] )
   在 System.Web.Mvc.ActionMethodDispatcher.Execute(ControllerBase controller, Object[] parameters)
   在 System.Web.Mvc.ReflectedActionDescriptor.Execute(ControllerContext controllerContext, IDictionary`2 parameters)
   在 System.Web.Mvc.ControllerActionInvoker.InvokeActionMethod(ControllerContext controllerContext, ActionDescriptor actionDescriptor, IDictionary`2 parameters)
   在 System.Web.Mvc.Async.AsyncControllerActionInvoker.<BeginInvokeSynchronousActionMethod>b__39(IAsyncResult asyncResult, ActionInvocation innerInvokeState)
   在 System.Web.Mvc.Async.AsyncResultWrapper.WrappedAsyncResult`2.CallEndDelegate(IAsyncResult asyncResult)
   在 System.Web.Mvc.Async.AsyncResultWrapper.WrappedAsyncResultBase`1.End()
   在 System.Web.Mvc.Async.AsyncControllerActionInvoker.EndInvokeActionMethod(IAsyncResult asyncResult)
   在 System.Web.Mvc.Async.AsyncControllerActionInvoker.AsyncInvocationWithFilters.<InvokeActionMethodFilterAsynchronouslyRecursive>b__3d()
   在 System.Web.Mvc.Async.AsyncControllerActionInvoker.AsyncInvocationWithFilters.<>c__DisplayClass46.<InvokeActionMethodFilterAsynchronouslyRecursive>b__3f()
   在 System.Web.Mvc.Async.AsyncControllerActionInvoker.AsyncInvocationWithFilters.<>c__DisplayClass46.<InvokeActionMethodFilterAsynchronouslyRecursive>b__3f()
   在 System.Web.Mvc.Async.AsyncControllerActionInvoker.<>c__DisplayClass33.<BeginInvokeActionMethodWithFilters>b__32(IAsyncResult asyncResult)
   在 System.Web.Mvc.Async.AsyncResultWrapper.WrappedAsyncResult`1.CallEndDelegate(IAsyncResult asyncResult)
   在 System.Web.Mvc.Async.AsyncResultWrapper.WrappedAsyncResultBase`1.End()
   在 System.Web.Mvc.Async.AsyncControllerActionInvoker.EndInvokeActionMethodWithFilters(IAsyncResult asyncResult)
   在 System.Web.Mvc.Async.AsyncControllerActionInvoker.<>c__DisplayClass21.<>c__DisplayClass2b.<BeginInvokeAction>b__1c()
   在 System.Web.Mvc.Async.AsyncControllerActionInvoker.<>c__DisplayClass21.<BeginInvokeAction>b__1e(IAsyncResult asyncResult)



 记录时间：2019-01-02 11:24:32,722 
日志级别：  ERROR 
出错类：Himall.Web.Framework.BaseController.OnException  
错误描述：页面未捕获的异常：Area:Mobile,Controller:Product,Action:Details,id:Get:nojumpfg=1post: 

System.NullReferenceException: 未将对象引用设置到对象的实例。
   在 Himall.Web.Areas.Mobile.Controllers.ProductController.Details(Int64 id, Int64 partnerid, Int32 nojumpfg) 位置 E:\合作项目\长生树\mall\Himall3.0\src\Himall.Web\Areas\Mobile\Controllers\ProductController.cs:行号 307
   在 lambda_method(Closure , ControllerBase , Object[] )
   在 System.Web.Mvc.ActionMethodDispatcher.Execute(ControllerBase controller, Object[] parameters)
   在 System.Web.Mvc.ReflectedActionDescriptor.Execute(ControllerContext controllerContext, IDictionary`2 parameters)
   在 System.Web.Mvc.ControllerActionInvoker.InvokeActionMethod(ControllerContext controllerContext, ActionDescriptor actionDescriptor, IDictionary`2 parameters)
   在 System.Web.Mvc.Async.AsyncControllerActionInvoker.<BeginInvokeSynchronousActionMethod>b__39(IAsyncResult asyncResult, ActionInvocation innerInvokeState)
   在 System.Web.Mvc.Async.AsyncResultWrapper.WrappedAsyncResult`2.CallEndDelegate(IAsyncResult asyncResult)
   在 System.Web.Mvc.Async.AsyncResultWrapper.WrappedAsyncResultBase`1.End()
   在 System.Web.Mvc.Async.AsyncControllerActionInvoker.EndInvokeActionMethod(IAsyncResult asyncResult)
   在 System.Web.Mvc.Async.AsyncControllerActionInvoker.AsyncInvocationWithFilters.<InvokeActionMethodFilterAsynchronouslyRecursive>b__3d()
   在 System.Web.Mvc.Async.AsyncControllerActionInvoker.AsyncInvocationWithFilters.<>c__DisplayClass46.<InvokeActionMethodFilterAsynchronouslyRecursive>b__3f()
   在 System.Web.Mvc.Async.AsyncControllerActionInvoker.AsyncInvocationWithFilters.<>c__DisplayClass46.<InvokeActionMethodFilterAsynchronouslyRecursive>b__3f()
   在 System.Web.Mvc.Async.AsyncControllerActionInvoker.<>c__DisplayClass33.<BeginInvokeActionMethodWithFilters>b__32(IAsyncResult asyncResult)
   在 System.Web.Mvc.Async.AsyncResultWrapper.WrappedAsyncResult`1.CallEndDelegate(IAsyncResult asyncResult)
   在 System.Web.Mvc.Async.AsyncResultWrapper.WrappedAsyncResultBase`1.End()
   在 System.Web.Mvc.Async.AsyncControllerActionInvoker.EndInvokeActionMethodWithFilters(IAsyncResult asyncResult)
   在 System.Web.Mvc.Async.AsyncControllerActionInvoker.<>c__DisplayClass21.<>c__DisplayClass2b.<BeginInvokeAction>b__1c()
   在 System.Web.Mvc.Async.AsyncControllerActionInvoker.<>c__DisplayClass21.<BeginInvokeAction>b__1e(IAsyncResult asyncResult)



 记录时间：2019-01-02 11:26:10,959 
日志级别：  ERROR 
出错类：Himall.Web.Areas.Mobile.Controllers.PaymentController.Pay  
错误描述：支付页面加载支付插件出错： 

System.ApplicationException: 预支付失败：JSAPI支付必须传openid
   在 Himall.Plugin.Payment.WeiXinPay.Service.GetRequestUrl(String returnUrl, String notifyUrl, String orderId, Decimal totalFee, String productInfo, String openId)
   在 Himall.Web.Areas.Mobile.Controllers.PaymentController.Pay(String pmtid, String ids) 位置 E:\合作项目\长生树\mall\Himall3.0\src\Himall.Web\Areas\Mobile\Controllers\PaymentController.cs:行号 175



 记录时间：2019-01-02 11:26:45,834 
日志级别：  ERROR 
出错类：Himall.Web.Areas.Mobile.Controllers.PaymentController.Pay  
错误描述：支付页面加载支付插件出错： 

System.Collections.Generic.KeyNotFoundException: 给定关键字不在字典中。
   在 System.Collections.Generic.Dictionary`2.get_Item(TKey key)
   在 Himall.Plugin.Payment.Alipay_WAP.Service.GetRequestUrl(String returnUrl, String notifyUrl, String orderId, Decimal totalFee, String productInfo, String openId)
   在 Himall.Web.Areas.Mobile.Controllers.PaymentController.Pay(String pmtid, String ids) 位置 E:\合作项目\长生树\mall\Himall3.0\src\Himall.Web\Areas\Mobile\Controllers\PaymentController.cs:行号 175



 记录时间：2019-01-02 11:32:17,193 
日志级别：  ERROR 
出错类：Himall.Web.Areas.Mobile.Controllers.PaymentController.Pay  
错误描述：支付页面加载支付插件出错： 

System.ApplicationException: 预支付失败：JSAPI支付必须传openid
   在 Himall.Plugin.Payment.WeiXinPay.Service.GetRequestUrl(String returnUrl, String notifyUrl, String orderId, Decimal totalFee, String productInfo, String openId)
   在 Himall.Web.Areas.Mobile.Controllers.PaymentController.Pay(String pmtid, String ids) 位置 E:\合作项目\长生树\mall\Himall3.0\src\Himall.Web\Areas\Mobile\Controllers\PaymentController.cs:行号 175
